\BOOKMARK [1][-]{section.1}{Introduction}{}% 1
\BOOKMARK [2][-]{subsection.1.1}{Agenda and Links to Recordings}{section.1}% 2
\BOOKMARK [2][-]{subsection.1.2}{Prerequisites: References to Relational Algebra and SQL}{section.1}% 3
\BOOKMARK [3][-]{subsubsection.1.2.1}{Relational Algebra}{subsection.1.2}% 4
\BOOKMARK [3][-]{subsubsection.1.2.2}{SQL}{subsection.1.2}% 5
\BOOKMARK [2][-]{subsection.1.3}{Books}{section.1}% 6
\BOOKMARK [1][-]{section.2}{Transactional Systems}{}% 7
\BOOKMARK [1][-]{section.3}{Concurrency Control}{}% 8
\BOOKMARK [2][-]{subsection.3.1}{Anomalies}{section.3}% 9
\BOOKMARK [3][-]{subsubsection.3.1.1}{Lost Update}{subsection.3.1}% 10
\BOOKMARK [3][-]{subsubsection.3.1.2}{Dirty Read}{subsection.3.1}% 11
\BOOKMARK [3][-]{subsubsection.3.1.3}{Nonrepeatable Read}{subsection.3.1}% 12
\BOOKMARK [3][-]{subsubsection.3.1.4}{Phantom Update}{subsection.3.1}% 13
\BOOKMARK [3][-]{subsubsection.3.1.5}{Phantom Insert}{subsection.3.1}% 14
\BOOKMARK [2][-]{subsection.3.2}{Principles of Concurrency Control}{section.3}% 15
\BOOKMARK [3][-]{subsubsection.3.2.1}{Serializable schedule}{subsection.3.2}% 16
\BOOKMARK [3][-]{subsubsection.3.2.2}{View-serializability}{subsection.3.2}% 17
\BOOKMARK [3][-]{subsubsection.3.2.3}{Conflict-serializability}{subsection.3.2}% 18
\BOOKMARK [3][-]{subsubsection.3.2.4}{Testing conflict-serializability}{subsection.3.2}% 19
\BOOKMARK [2][-]{subsection.3.3}{Concurrency control based on locking}{section.3}% 20
\BOOKMARK [3][-]{subsubsection.3.3.1}{Locking}{subsection.3.3}% 21
\BOOKMARK [3][-]{subsubsection.3.3.2}{2PL}{subsection.3.3}% 22
\BOOKMARK [3][-]{subsubsection.3.3.3}{Strict 2PL}{subsection.3.3}% 23
\BOOKMARK [3][-]{subsubsection.3.3.4}{Isolation Levels in SQL:1999 \(and JDBC\)}{subsection.3.3}% 24
\BOOKMARK [3][-]{subsubsection.3.3.5}{Deadlock}{subsection.3.3}% 25
\BOOKMARK [3][-]{subsubsection.3.3.6}{Deadlock detection}{subsection.3.3}% 26
\BOOKMARK [3][-]{subsubsection.3.3.7}{Obermark's algorithm}{subsection.3.3}% 27
\BOOKMARK [3][-]{subsubsection.3.3.8}{Update lock}{subsection.3.3}% 28
\BOOKMARK [3][-]{subsubsection.3.3.9}{Hierarchical locking}{subsection.3.3}% 29
\BOOKMARK [2][-]{subsection.3.4}{Concurrency control based on timestamps}{section.3}% 30
\BOOKMARK [3][-]{subsubsection.3.4.1}{Timestamps in distributed systems}{subsection.3.4}% 31
\BOOKMARK [3][-]{subsubsection.3.4.2}{Timestamp principles}{subsection.3.4}% 32
\BOOKMARK [3][-]{subsubsection.3.4.3}{Thomas Rule}{subsection.3.4}% 33
\BOOKMARK [3][-]{subsubsection.3.4.4}{Multiversion concurrency control}{subsection.3.4}% 34
\BOOKMARK [1][-]{section.4}{Physical data structures and query optimization}{}% 35
\BOOKMARK [2][-]{subsection.4.1}{Data Access and Cost Model}{section.4}% 36
\BOOKMARK [3][-]{subsubsection.4.1.1}{Main and secondry memory}{subsection.4.1}% 37
\BOOKMARK [3][-]{subsubsection.4.1.2}{DBMS and file system}{subsection.4.1}% 38
\BOOKMARK [2][-]{subsection.4.2}{Physical access structures}{section.4}% 39
\BOOKMARK [3][-]{subsubsection.4.2.1}{Blocks and tuples}{subsection.4.2}% 40
\BOOKMARK [3][-]{subsubsection.4.2.2}{Page manager primitives}{subsection.4.2}% 41
\BOOKMARK [3][-]{subsubsection.4.2.3}{Sequential access structures}{subsection.4.2}% 42
\BOOKMARK [3][-]{subsubsection.4.2.4}{Hash-based access structures}{subsection.4.2}% 43
\BOOKMARK [3][-]{subsubsection.4.2.5}{Tree-Based access structures}{subsection.4.2}% 44
