This is pdfTeX, Version 3.14159265-2.6-1.40.20 (TeX Live 2019/W32TeX) (preloaded format=pdflatex 2020.3.12)  28 MAR 2020 04:09
entering extended mode
 restricted \write18 enabled.
 file:line:error style messages enabled.
 %&-line parsing enabled.
**"c:/Users/enric/Desktop/NOTES/analisi 2/master/master.tex"
(c:/Users/enric/Desktop/NOTES/analisi 2/master/master.tex
LaTeX2e <2020-02-02> patch level 5
L3 programming layer <2020-02-25> (c:/texlive/2019/texmf-dist/tex/latex/base/report.cls
Document Class: report 2019/12/20 v1.4l Standard LaTeX document class
(c:/texlive/2019/texmf-dist/tex/latex/base/size10.clo
File: size10.clo 2019/12/20 v1.4l Standard LaTeX file (size option)
)
\c@part=\count167
\c@chapter=\count168
\c@section=\count169
\c@subsection=\count170
\c@subsubsection=\count171
\c@paragraph=\count172
\c@subparagraph=\count173
\c@figure=\count174
\c@table=\count175
\abovecaptionskip=\skip47
\belowcaptionskip=\skip48
\bibindent=\dimen134
) (c:\Users\enric\Desktop\NOTES\analisi 2\master/../preamble/preamble.tex (c:/texlive/2019/texmf-dist/tex/latex/amsmath/amsmath.sty
Package: amsmath 2020/01/20 v2.17e AMS math features
\@mathmargin=\skip49

For additional information on amsmath, use the `?' option.
(c:/texlive/2019/texmf-dist/tex/latex/amsmath/amstext.sty
Package: amstext 2000/06/29 v2.01 AMS text
 (c:/texlive/2019/texmf-dist/tex/latex/amsmath/amsgen.sty
File: amsgen.sty 1999/11/30 v2.0 generic functions
\@emptytoks=\toks15
\ex@=\dimen135
)) (c:/texlive/2019/texmf-dist/tex/latex/amsmath/amsbsy.sty
Package: amsbsy 1999/11/29 v1.2d Bold Symbols
\pmbraise@=\dimen136
) (c:/texlive/2019/texmf-dist/tex/latex/amsmath/amsopn.sty
Package: amsopn 2016/03/08 v2.02 operator names
)
\inf@bad=\count176
LaTeX Info: Redefining \frac on input line 227.
\uproot@=\count177
\leftroot@=\count178
LaTeX Info: Redefining \overline on input line 389.
\classnum@=\count179
\DOTSCASE@=\count180
LaTeX Info: Redefining \ldots on input line 486.
LaTeX Info: Redefining \dots on input line 489.
LaTeX Info: Redefining \cdots on input line 610.
\Mathstrutbox@=\box45
\strutbox@=\box46
\big@size=\dimen137
LaTeX Font Info:    Redeclaring font encoding OML on input line 733.
LaTeX Font Info:    Redeclaring font encoding OMS on input line 734.
\macc@depth=\count181
\c@MaxMatrixCols=\count182
\dotsspace@=\muskip16
\c@parentequation=\count183
\dspbrk@lvl=\count184
\tag@help=\toks16
\row@=\count185
\column@=\count186
\maxfields@=\count187
\andhelp@=\toks17
\eqnshift@=\dimen138
\alignsep@=\dimen139
\tagshift@=\dimen140
\tagwidth@=\dimen141
\totwidth@=\dimen142
\lineht@=\dimen143
\@envbody=\toks18
\multlinegap=\skip50
\multlinetaggap=\skip51
\mathdisplay@stack=\toks19
LaTeX Info: Redefining \[ on input line 2859.
LaTeX Info: Redefining \] on input line 2860.
) (c:/texlive/2019/texmf-dist/tex/latex/amsfonts/amssymb.sty
Package: amssymb 2013/01/14 v3.01 AMS font symbols
 (c:/texlive/2019/texmf-dist/tex/latex/amsfonts/amsfonts.sty
Package: amsfonts 2013/01/14 v3.01 Basic AMSFonts support
\symAMSa=\mathgroup4
\symAMSb=\mathgroup5
LaTeX Font Info:    Redeclaring math symbol \hbar on input line 98.
LaTeX Font Info:    Overwriting math alphabet `\mathfrak' in version `bold'
(Font)                  U/euf/m/n --> U/euf/b/n on input line 106.
)) (c:/texlive/2019/texmf-dist/tex/latex/graphics/graphicx.sty
Package: graphicx 2019/11/30 v1.2a Enhanced LaTeX Graphics (DPC,SPQR)
 (c:/texlive/2019/texmf-dist/tex/latex/graphics/keyval.sty
Package: keyval 2014/10/28 v1.15 key=value parser (DPC)
\KV@toks@=\toks20
) (c:/texlive/2019/texmf-dist/tex/latex/graphics/graphics.sty
Package: graphics 2019/11/30 v1.4a Standard LaTeX Graphics (DPC,SPQR)
 (c:/texlive/2019/texmf-dist/tex/latex/graphics/trig.sty
Package: trig 2016/01/03 v1.10 sin cos tan (DPC)
) (c:/texlive/2019/texmf-dist/tex/latex/graphics-cfg/graphics.cfg
File: graphics.cfg 2016/06/04 v1.11 sample graphics configuration
)
Package graphics Info: Driver file: pdftex.def on input line 105.
 (c:/texlive/2019/texmf-dist/tex/latex/graphics-def/pdftex.def
File: pdftex.def 2018/01/08 v1.0l Graphics/color driver for pdftex
))
\Gin@req@height=\dimen144
\Gin@req@width=\dimen145
) (c:/texlive/2019/texmf-dist/tex/generic/babel/babel.sty
Package: babel 2020/02/28 3.41 The Babel package
 (c:/texlive/2019/texmf-dist/tex/generic/babel/switch.def
File: switch.def 2020/02/28 3.41 Babel switching mechanism
) (c:/texlive/2019/texmf-dist/tex/generic/babel-italian/italian.ldf
Language: italian 2019/11/16 v.1.4.03 Italian support for the babel system
 (c:/texlive/2019/texmf-dist/tex/generic/babel/babel.def
File: babel.def 2020/02/28 3.41 Babel common definitions
\babel@savecnt=\count188
\U@D=\dimen146
 (c:/texlive/2019/texmf-dist/tex/generic/babel/txtbabel.def)
\bbl@readstream=\read2
\bbl@dirlevel=\count189
)
\it@lettering=\count190
\it@doublequoteactive=\count191
\it@ISOcompliance=\count192
)) (c:/texlive/2019/texmf-dist/tex/latex/etoolbox/etoolbox.sty
Package: etoolbox 2019/09/21 v2.5h e-TeX tools for LaTeX (JAW)
\etb@tempcnta=\count193
) (c:/texlive/2019/texmf-dist/tex/latex/import/import.sty
Package: import 2020/01/22  v 6.0
) (c:/texlive/2019/texmf-dist/tex/latex/xifthen/xifthen.sty
Package: xifthen 2015/11/05 v1.4.0 Extended ifthen features
 (c:/texlive/2019/texmf-dist/tex/latex/tools/calc.sty
Package: calc 2017/05/25 v4.3 Infix arithmetic (KKT,FJ)
\calc@Acount=\count194
\calc@Bcount=\count195
\calc@Adimen=\dimen147
\calc@Bdimen=\dimen148
\calc@Askip=\skip52
\calc@Bskip=\skip53
LaTeX Info: Redefining \setlength on input line 80.
LaTeX Info: Redefining \addtolength on input line 81.
\calc@Ccount=\count196
\calc@Cskip=\skip54
) (c:/texlive/2019/texmf-dist/tex/latex/base/ifthen.sty
Package: ifthen 2014/09/29 v1.1c Standard LaTeX ifthen package (DPC)
) (c:/texlive/2019/texmf-dist/tex/latex/ifmtarg/ifmtarg.sty
Package: ifmtarg 2018/04/16 v1.2b check for an empty argument
)) (c:/texlive/2019/texmf-dist/tex/latex/pdfpages/pdfpages.sty
Package: pdfpages 2020/01/28 v0.5q Insert pages of external PDF documents (AM)
 (c:/texlive/2019/texmf-dist/tex/latex/eso-pic/eso-pic.sty
Package: eso-pic 2018/04/12 v2.0h eso-pic (RN)
 (c:/texlive/2019/texmf-dist/tex/generic/atbegshi/atbegshi.sty
Package: atbegshi 2019/12/05 v1.19 At begin shipout hook (HO)
 (c:/texlive/2019/texmf-dist/tex/generic/infwarerr/infwarerr.sty
Package: infwarerr 2019/12/03 v1.5 Providing info/warning/error messages (HO)
) (c:/texlive/2019/texmf-dist/tex/generic/ltxcmds/ltxcmds.sty
Package: ltxcmds 2019/12/15 v1.24 LaTeX kernel commands for general use (HO)
) (c:/texlive/2019/texmf-dist/tex/generic/iftex/iftex.sty
Package: iftex 2019/11/07 v1.0c TeX engine tests
)) (c:/texlive/2019/texmf-dist/tex/latex/xcolor/xcolor.sty
Package: xcolor 2016/05/11 v2.12 LaTeX color extensions (UK)
 (c:/texlive/2019/texmf-dist/tex/latex/graphics-cfg/color.cfg
File: color.cfg 2016/01/02 v1.6 sample color configuration
)
Package xcolor Info: Driver file: pdftex.def on input line 225.
Package xcolor Info: Model `cmy' substituted by `cmy0' on input line 1348.
Package xcolor Info: Model `hsb' substituted by `rgb' on input line 1352.
Package xcolor Info: Model `RGB' extended on input line 1364.
Package xcolor Info: Model `HTML' substituted by `rgb' on input line 1366.
Package xcolor Info: Model `Hsb' substituted by `hsb' on input line 1367.
Package xcolor Info: Model `tHsb' substituted by `hsb' on input line 1368.
Package xcolor Info: Model `HSB' substituted by `hsb' on input line 1369.
Package xcolor Info: Model `Gray' substituted by `gray' on input line 1370.
Package xcolor Info: Model `wave' substituted by `hsb' on input line 1371.
))
\AM@pagewidth=\dimen149
\AM@pageheight=\dimen150
 (c:/texlive/2019/texmf-dist/tex/latex/pdfpages/pppdftex.def
File: pppdftex.def 2020/01/28 v0.5q Pdfpages driver for pdfTeX (AM)
)
\AM@pagebox=\box47
\AM@global@opts=\toks21
\AM@pagecnt=\count197
\AM@toc@title=\toks22
\c@AM@survey=\count198
\AM@templatesizebox=\box48
) (c:/texlive/2019/texmf-dist/tex/latex/transparent/transparent.sty
Package: transparent 2019/11/29 v1.4 Transparency via pdfTeX's color stack (HO)
 (c:/texlive/2019/texmf-dist/tex/latex/auxhook/auxhook.sty
Package: auxhook 2019-12-17 v1.6 Hooks for auxiliary files (HO)
)) (c:/texlive/2019/texmf-dist/tex/latex/geometry/geometry.sty
Package: geometry 2020/01/02 v5.9 Page Geometry
 (c:/texlive/2019/texmf-dist/tex/generic/iftex/ifvtex.sty
Package: ifvtex 2019/10/25 v1.7 ifvtex legacy package. Use iftex instead.
)
\Gm@cnth=\count199
\Gm@cntv=\count266
\c@Gm@tempcnt=\count267
\Gm@bindingoffset=\dimen151
\Gm@wd@mp=\dimen152
\Gm@odd@mp=\dimen153
\Gm@even@mp=\dimen154
\Gm@layoutwidth=\dimen155
\Gm@layoutheight=\dimen156
\Gm@layouthoffset=\dimen157
\Gm@layoutvoffset=\dimen158
\Gm@dimlist=\toks23
) (c:/texlive/2019/texmf-dist/tex/latex/tcolorbox/tcolorbox.sty
Package: tcolorbox 2019/11/15 version 4.22 text color boxes
 (c:/texlive/2019/texmf-dist/tex/latex/pgf/basiclayer/pgf.sty (c:/texlive/2019/texmf-dist/tex/latex/pgf/utilities/pgfrcs.sty (c:/texlive/2019/texmf-dist/tex/generic/pgf/utilities/pgfutil-common.tex
\pgfutil@everybye=\toks24
\pgfutil@tempdima=\dimen159
\pgfutil@tempdimb=\dimen160
 (c:/texlive/2019/texmf-dist/tex/generic/pgf/utilities/pgfutil-common-lists.tex)) (c:/texlive/2019/texmf-dist/tex/generic/pgf/utilities/pgfutil-latex.def
\pgfutil@abb=\box49
 (c:/texlive/2019/texmf-dist/tex/latex/ms/everyshi.sty
Package: everyshi 2001/05/15 v3.00 EveryShipout Package (MS)
)) (c:/texlive/2019/texmf-dist/tex/generic/pgf/utilities/pgfrcs.code.tex (c:/texlive/2019/texmf-dist/tex/generic/pgf/pgf.revision.tex)
Package: pgfrcs 2020/01/08 v3.1.5b (3.1.5b)
))
Package: pgf 2020/01/08 v3.1.5b (3.1.5b)
 (c:/texlive/2019/texmf-dist/tex/latex/pgf/basiclayer/pgfcore.sty (c:/texlive/2019/texmf-dist/tex/latex/pgf/systemlayer/pgfsys.sty (c:/texlive/2019/texmf-dist/tex/generic/pgf/systemlayer/pgfsys.code.tex
Package: pgfsys 2020/01/08 v3.1.5b (3.1.5b)
 (c:/texlive/2019/texmf-dist/tex/generic/pgf/utilities/pgfkeys.code.tex
\pgfkeys@pathtoks=\toks25
\pgfkeys@temptoks=\toks26
 (c:/texlive/2019/texmf-dist/tex/generic/pgf/utilities/pgfkeysfiltered.code.tex
\pgfkeys@tmptoks=\toks27
))
\pgf@x=\dimen161
\pgf@y=\dimen162
\pgf@xa=\dimen163
\pgf@ya=\dimen164
\pgf@xb=\dimen165
\pgf@yb=\dimen166
\pgf@xc=\dimen167
\pgf@yc=\dimen168
\pgf@xd=\dimen169
\pgf@yd=\dimen170
\w@pgf@writea=\write3
\r@pgf@reada=\read3
\c@pgf@counta=\count268
\c@pgf@countb=\count269
\c@pgf@countc=\count270
\c@pgf@countd=\count271
\t@pgf@toka=\toks28
\t@pgf@tokb=\toks29
\t@pgf@tokc=\toks30
\pgf@sys@id@count=\count272
 (c:/texlive/2019/texmf-dist/tex/generic/pgf/systemlayer/pgf.cfg
File: pgf.cfg 2020/01/08 v3.1.5b (3.1.5b)
)
Driver file for pgf: pgfsys-pdftex.def
 (c:/texlive/2019/texmf-dist/tex/generic/pgf/systemlayer/pgfsys-pdftex.def
File: pgfsys-pdftex.def 2020/01/08 v3.1.5b (3.1.5b)
 (c:/texlive/2019/texmf-dist/tex/generic/pgf/systemlayer/pgfsys-common-pdf.def
File: pgfsys-common-pdf.def 2020/01/08 v3.1.5b (3.1.5b)
))) (c:/texlive/2019/texmf-dist/tex/generic/pgf/systemlayer/pgfsyssoftpath.code.tex
File: pgfsyssoftpath.code.tex 2020/01/08 v3.1.5b (3.1.5b)
\pgfsyssoftpath@smallbuffer@items=\count273
\pgfsyssoftpath@bigbuffer@items=\count274
) (c:/texlive/2019/texmf-dist/tex/generic/pgf/systemlayer/pgfsysprotocol.code.tex
File: pgfsysprotocol.code.tex 2020/01/08 v3.1.5b (3.1.5b)
)) (c:/texlive/2019/texmf-dist/tex/generic/pgf/basiclayer/pgfcore.code.tex
Package: pgfcore 2020/01/08 v3.1.5b (3.1.5b)
 (c:/texlive/2019/texmf-dist/tex/generic/pgf/math/pgfmath.code.tex (c:/texlive/2019/texmf-dist/tex/generic/pgf/math/pgfmathcalc.code.tex (c:/texlive/2019/texmf-dist/tex/generic/pgf/math/pgfmathutil.code.tex) (c:/texlive/2019/texmf-dist/tex/generic/pgf/math/pgfmathparser.code.tex
\pgfmath@dimen=\dimen171
\pgfmath@count=\count275
\pgfmath@box=\box50
\pgfmath@toks=\toks31
\pgfmath@stack@operand=\toks32
\pgfmath@stack@operation=\toks33
) (c:/texlive/2019/texmf-dist/tex/generic/pgf/math/pgfmathfunctions.code.tex (c:/texlive/2019/texmf-dist/tex/generic/pgf/math/pgfmathfunctions.basic.code.tex) (c:/texlive/2019/texmf-dist/tex/generic/pgf/math/pgfmathfunctions.trigonometric.code.tex) (c:/texlive/2019/texmf-dist/tex/generic/pgf/math/pgfmathfunctions.random.code.tex) (c:/texlive/2019/texmf-dist/tex/generic/pgf/math/pgfmathfunctions.comparison.code.tex) (c:/texlive/2019/texmf-dist/tex/generic/pgf/math/pgfmathfunctions.base.code.tex) (c:/texlive/2019/texmf-dist/tex/generic/pgf/math/pgfmathfunctions.round.code.tex) (c:/texlive/2019/texmf-dist/tex/generic/pgf/math/pgfmathfunctions.misc.code.tex) (c:/texlive/2019/texmf-dist/tex/generic/pgf/math/pgfmathfunctions.integerarithmetics.code.tex))) (c:/texlive/2019/texmf-dist/tex/generic/pgf/math/pgfmathfloat.code.tex
\c@pgfmathroundto@lastzeros=\count276
)) (c:/texlive/2019/texmf-dist/tex/generic/pgf/math/pgfint.code.tex) (c:/texlive/2019/texmf-dist/tex/generic/pgf/basiclayer/pgfcorepoints.code.tex
File: pgfcorepoints.code.tex 2020/01/08 v3.1.5b (3.1.5b)
\pgf@picminx=\dimen172
\pgf@picmaxx=\dimen173
\pgf@picminy=\dimen174
\pgf@picmaxy=\dimen175
\pgf@pathminx=\dimen176
\pgf@pathmaxx=\dimen177
\pgf@pathminy=\dimen178
\pgf@pathmaxy=\dimen179
\pgf@xx=\dimen180
\pgf@xy=\dimen181
\pgf@yx=\dimen182
\pgf@yy=\dimen183
\pgf@zx=\dimen184
\pgf@zy=\dimen185
) (c:/texlive/2019/texmf-dist/tex/generic/pgf/basiclayer/pgfcorepathconstruct.code.tex
File: pgfcorepathconstruct.code.tex 2020/01/08 v3.1.5b (3.1.5b)
\pgf@path@lastx=\dimen186
\pgf@path@lasty=\dimen187
) (c:/texlive/2019/texmf-dist/tex/generic/pgf/basiclayer/pgfcorepathusage.code.tex
File: pgfcorepathusage.code.tex 2020/01/08 v3.1.5b (3.1.5b)
\pgf@shorten@end@additional=\dimen188
\pgf@shorten@start@additional=\dimen189
) (c:/texlive/2019/texmf-dist/tex/generic/pgf/basiclayer/pgfcorescopes.code.tex
File: pgfcorescopes.code.tex 2020/01/08 v3.1.5b (3.1.5b)
\pgfpic=\box51
\pgf@hbox=\box52
\pgf@layerbox@main=\box53
\pgf@picture@serial@count=\count277
) (c:/texlive/2019/texmf-dist/tex/generic/pgf/basiclayer/pgfcoregraphicstate.code.tex
File: pgfcoregraphicstate.code.tex 2020/01/08 v3.1.5b (3.1.5b)
\pgflinewidth=\dimen190
) (c:/texlive/2019/texmf-dist/tex/generic/pgf/basiclayer/pgfcoretransformations.code.tex
File: pgfcoretransformations.code.tex 2020/01/08 v3.1.5b (3.1.5b)
\pgf@pt@x=\dimen191
\pgf@pt@y=\dimen192
\pgf@pt@temp=\dimen193
) (c:/texlive/2019/texmf-dist/tex/generic/pgf/basiclayer/pgfcorequick.code.tex
File: pgfcorequick.code.tex 2020/01/08 v3.1.5b (3.1.5b)
) (c:/texlive/2019/texmf-dist/tex/generic/pgf/basiclayer/pgfcoreobjects.code.tex
File: pgfcoreobjects.code.tex 2020/01/08 v3.1.5b (3.1.5b)
) (c:/texlive/2019/texmf-dist/tex/generic/pgf/basiclayer/pgfcorepathprocessing.code.tex
File: pgfcorepathprocessing.code.tex 2020/01/08 v3.1.5b (3.1.5b)
) (c:/texlive/2019/texmf-dist/tex/generic/pgf/basiclayer/pgfcorearrows.code.tex
File: pgfcorearrows.code.tex 2020/01/08 v3.1.5b (3.1.5b)
\pgfarrowsep=\dimen194
) (c:/texlive/2019/texmf-dist/tex/generic/pgf/basiclayer/pgfcoreshade.code.tex
File: pgfcoreshade.code.tex 2020/01/08 v3.1.5b (3.1.5b)
\pgf@max=\dimen195
\pgf@sys@shading@range@num=\count278
\pgf@shadingcount=\count279
) (c:/texlive/2019/texmf-dist/tex/generic/pgf/basiclayer/pgfcoreimage.code.tex
File: pgfcoreimage.code.tex 2020/01/08 v3.1.5b (3.1.5b)
 (c:/texlive/2019/texmf-dist/tex/generic/pgf/basiclayer/pgfcoreexternal.code.tex
File: pgfcoreexternal.code.tex 2020/01/08 v3.1.5b (3.1.5b)
\pgfexternal@startupbox=\box54
)) (c:/texlive/2019/texmf-dist/tex/generic/pgf/basiclayer/pgfcorelayers.code.tex
File: pgfcorelayers.code.tex 2020/01/08 v3.1.5b (3.1.5b)
) (c:/texlive/2019/texmf-dist/tex/generic/pgf/basiclayer/pgfcoretransparency.code.tex
File: pgfcoretransparency.code.tex 2020/01/08 v3.1.5b (3.1.5b)
) (c:/texlive/2019/texmf-dist/tex/generic/pgf/basiclayer/pgfcorepatterns.code.tex
File: pgfcorepatterns.code.tex 2020/01/08 v3.1.5b (3.1.5b)
) (c:/texlive/2019/texmf-dist/tex/generic/pgf/basiclayer/pgfcorerdf.code.tex
File: pgfcorerdf.code.tex 2020/01/08 v3.1.5b (3.1.5b)
))) (c:/texlive/2019/texmf-dist/tex/generic/pgf/modules/pgfmoduleshapes.code.tex
File: pgfmoduleshapes.code.tex 2020/01/08 v3.1.5b (3.1.5b)
\pgfnodeparttextbox=\box55
) (c:/texlive/2019/texmf-dist/tex/generic/pgf/modules/pgfmoduleplot.code.tex
File: pgfmoduleplot.code.tex 2020/01/08 v3.1.5b (3.1.5b)
) (c:/texlive/2019/texmf-dist/tex/latex/pgf/compatibility/pgfcomp-version-0-65.sty
Package: pgfcomp-version-0-65 2020/01/08 v3.1.5b (3.1.5b)
\pgf@nodesepstart=\dimen196
\pgf@nodesepend=\dimen197
) (c:/texlive/2019/texmf-dist/tex/latex/pgf/compatibility/pgfcomp-version-1-18.sty
Package: pgfcomp-version-1-18 2020/01/08 v3.1.5b (3.1.5b)
)) (c:/texlive/2019/texmf-dist/tex/latex/tools/verbatim.sty
Package: verbatim 2019/11/10 v1.5r LaTeX2e package for verbatim enhancements
\every@verbatim=\toks34
\verbatim@line=\toks35
\verbatim@in@stream=\read4
) (c:/texlive/2019/texmf-dist/tex/latex/environ/environ.sty
Package: environ 2014/05/04 v0.3 A new way to define environments
 (c:/texlive/2019/texmf-dist/tex/latex/trimspaces/trimspaces.sty
Package: trimspaces 2009/09/17 v1.1 Trim spaces around a token list
))
\tcb@titlebox=\box56
\tcb@upperbox=\box57
\tcb@lowerbox=\box58
\tcb@phantombox=\box59
\c@tcbbreakpart=\count280
\c@tcblayer=\count281
\tcolorbox@number=\count282
\tcb@temp=\box60
\tcb@temp=\box61
\tcb@temp=\box62
\tcb@temp=\box63
\tcb@out=\write4
\tcb@record@out=\write5
)) (c:/texlive/2019/texmf-dist/tex/latex/l3backend/l3backend-pdfmode.def
File: l3backend-pdfmode.def 2020-02-23 L3 backend support: PDF mode
\l__kernel_color_stack_int=\count283
\l__pdf_internal_box=\box64
)

LaTeX Warning: Unused global option(s):
    [9pt].

(c:\Users\enric\Desktop\NOTES\analisi 2\master/master.aux)
\openout1 = `master.aux'.

LaTeX Font Info:    Checking defaults for OML/cmm/m/it on input line 3.
LaTeX Font Info:    ... okay on input line 3.
LaTeX Font Info:    Checking defaults for OMS/cmsy/m/n on input line 3.
LaTeX Font Info:    ... okay on input line 3.
LaTeX Font Info:    Checking defaults for OT1/cmr/m/n on input line 3.
LaTeX Font Info:    ... okay on input line 3.
LaTeX Font Info:    Checking defaults for T1/cmr/m/n on input line 3.
LaTeX Font Info:    ... okay on input line 3.
LaTeX Font Info:    Checking defaults for TS1/cmr/m/n on input line 3.
LaTeX Font Info:    ... okay on input line 3.
LaTeX Font Info:    Checking defaults for OMX/cmex/m/n on input line 3.
LaTeX Font Info:    ... okay on input line 3.
LaTeX Font Info:    Checking defaults for U/cmr/m/n on input line 3.
LaTeX Font Info:    ... okay on input line 3.
 (c:/texlive/2019/texmf-dist/tex/context/base/mkii/supp-pdf.mkii
[Loading MPS to PDF converter (version 2006.09.02).]
\scratchcounter=\count284
\scratchdimen=\dimen198
\scratchbox=\box65
\nofMPsegments=\count285
\nofMParguments=\count286
\everyMPshowfont=\toks36
\MPscratchCnt=\count287
\MPscratchDim=\dimen199
\MPnumerator=\count288
\makeMPintoPDFobject=\count289
\everyMPtoPDFconversion=\toks37
) (c:/texlive/2019/texmf-dist/tex/latex/epstopdf-pkg/epstopdf-base.sty
Package: epstopdf-base 2020-01-24 v2.11 Base part for package epstopdf
Package epstopdf-base Info: Redefining graphics rule for `.eps' on input line 485.
 (c:/texlive/2019/texmf-dist/tex/latex/latexconfig/epstopdf-sys.cfg
File: epstopdf-sys.cfg 2010/07/13 v1.3 Configuration of (r)epstopdf for TeX Live
))
LaTeX Info: Redefining \it@ocap on input line 3.
LaTeX Info: Redefining \it@ccap on input line 3.


File italian.ldf warning: 
italian.ldf    With OT1 encoding guillemets are poorly faked
italian.ldf    Use T1 encoding
italian.ldf    or specify a font with command \CaporaliFrom
italian.ldf    See the documentation concerning the babel-italian typesetting 
italian.ldf    on input line 3.

\AtBeginShipoutBox=\box66
(c:/texlive/2019/texmf-dist/tex/latex/pdflscape/pdflscape.sty
Package: pdflscape 2019/12/05 v0.12 Display of landscape pages in PDF (HO)
 (c:/texlive/2019/texmf-dist/tex/latex/graphics/lscape.sty
Package: lscape 2000/10/22 v3.01 Landscape Pages (DPC)
)
Package pdflscape Info: Auto-detected driver: pdftex on input line 81.
)
*geometry* driver: auto-detecting
*geometry* detected driver: pdftex
*geometry* verbose mode - [ preamble ] result:
* driver: pdftex
* paper: a4paper
* layout: <same size as paper>
* layoutoffset:(h,v)=(0.0pt,0.0pt)
* modes: 
* h-part:(L,W,R)=(99.58464pt, 423.94608pt, 73.97716pt)
* v-part:(T,H,B)=(73.97716pt, 728.39056pt, 42.67912pt)
* \paperwidth=597.50787pt
* \paperheight=845.04684pt
* \textwidth=423.94608pt
* \textheight=728.39056pt
* \oddsidemargin=27.31465pt
* \evensidemargin=27.31465pt
* \topmargin=-35.29283pt
* \headheight=12.0pt
* \headsep=25.0pt
* \topskip=10.0pt
* \footskip=30.0pt
* \marginparwidth=57.0pt
* \marginparsep=11.0pt
* \columnsep=10.0pt
* \skip\footins=9.0pt plus 4.0pt minus 2.0pt
* \hoffset=0.0pt
* \voffset=0.0pt
* \mag=1000
* \@twocolumnfalse
* \@twosidefalse
* \@mparswitchfalse
* \@reversemarginfalse
* (1in=72.27pt=25.4mm, 1cm=28.453pt)

ABD: EveryShipout initializing macros
LaTeX Font Info:    Trying to load font information for U+msa on input line 4.
 (c:/texlive/2019/texmf-dist/tex/latex/amsfonts/umsa.fd
File: umsa.fd 2013/01/14 v3.01 AMS symbols A
)
LaTeX Font Info:    Trying to load font information for U+msb on input line 4.
 (c:/texlive/2019/texmf-dist/tex/latex/amsfonts/umsb.fd
File: umsb.fd 2013/01/14 v3.01 AMS symbols B
) [1

{c:/texlive/2019/texmf-var/fonts/map/pdftex/updmap/pdftex.map}] (c:\Users\enric\Desktop\NOTES\analisi 2\master/../capitolo0/capitolo0c.tex
Overfull \hbox (54.79594pt too wide) detected at line 48
\OML/cmm/m/it/10 Sh\OT1/cmr/m/n/10 (\OML/cmm/m/it/10 SettCh\OT1/cmr/m/n/10 (\OML/cmm/m/it/10 a\OT1/cmr/m/n/10 )) = []    \OML/cmm/m/it/10 ottenuta da \OT1/cmr/m/n/10 [\OML/cmm/m/it/10 Ch[]\OT1/cmr/m/n/10 (\OML/cmm/m/it/10 x\OT1/cmr/m/n/10 ) \OMS/cmsy/m/n/10 ^^@ \OML/cmm/m/it/10 Sh[]\OT1/cmr/m/n/10 (\OML/cmm/m/it/10 x\OT1/cmr/m/n/10 ) = 1] \OMS/cmsy/m/n/10 ! \OT1/cmr/m/n/10 [\OML/cmm/m/it/10 Sh\OT1/cmr/m/n/10 (\OML/cmm/m/it/10 x\OT1/cmr/m/n/10 ) = []] \OMS/cmsy/m/n/10 ! \OT1/cmr/m/n/10 [\OML/cmm/m/it/10 x \OT1/cmr/m/n/10 = \OML/cmm/m/it/10 SettCh\OT1/cmr/m/n/10 (\OML/cmm/m/it/10 a\OT1/cmr/m/n/10 )]
 []


Overfull \hbox (53.64177pt too wide) detected at line 51
\OML/cmm/m/it/10 Ch\OT1/cmr/m/n/10 (\OML/cmm/m/it/10 SettSh\OT1/cmr/m/n/10 (\OML/cmm/m/it/10 a\OT1/cmr/m/n/10 )) = []    \OML/cmm/m/it/10 ottenuta da \OT1/cmr/m/n/10 [\OML/cmm/m/it/10 Ch[]\OT1/cmr/m/n/10 (\OML/cmm/m/it/10 x\OT1/cmr/m/n/10 ) \OMS/cmsy/m/n/10 ^^@ \OML/cmm/m/it/10 Sh[]\OT1/cmr/m/n/10 (\OML/cmm/m/it/10 x\OT1/cmr/m/n/10 ) = 1] \OMS/cmsy/m/n/10 ! \OT1/cmr/m/n/10 [\OML/cmm/m/it/10 Ch\OT1/cmr/m/n/10 (\OML/cmm/m/it/10 x\OT1/cmr/m/n/10 ) = []] \OMS/cmsy/m/n/10 ! \OT1/cmr/m/n/10 [\OML/cmm/m/it/10 x \OT1/cmr/m/n/10 = \OML/cmm/m/it/10 SettSh\OT1/cmr/m/n/10 (\OML/cmm/m/it/10 a\OT1/cmr/m/n/10 )]
 []

<../capitolo0/trigonometria.PNG, id=11, 510.40688pt x 484.05844pt>
File: ../capitolo0/trigonometria.PNG Graphic file (type png)
<use ../capitolo0/trigonometria.PNG>
Package pdftex.def Info: ../capitolo0/trigonometria.PNG  used on input line 89.
(pdftex.def)             Requested size: 301.1261pt x 285.592pt.

LaTeX Warning: `!h' float specifier changed to `!ht'.

[1]
<../capitolo0/asintotici.PNG, id=25, 809.27344pt x 296.60812pt>
File: ../capitolo0/asintotici.PNG Graphic file (type png)
<use ../capitolo0/asintotici.PNG>
Package pdftex.def Info: ../capitolo0/asintotici.PNG  used on input line 94.
(pdftex.def)             Requested size: 423.94608pt x 155.38214pt.
 [2 <../capitolo0/trigonometria.PNG> <../capitolo0/asintotici.PNG>]
<../capitolo0/derivate1.PNG, id=31, 533.74406pt x 697.10437pt>
File: ../capitolo0/derivate1.PNG Graphic file (type png)
<use ../capitolo0/derivate1.PNG>
Package pdftex.def Info: ../capitolo0/derivate1.PNG  used on input line 99.
(pdftex.def)             Requested size: 423.94608pt x 553.71667pt.
 [3 <../capitolo0/derivate1.PNG>]
<../capitolo0/derivate2.PNG, id=36, 531.48563pt x 360.59718pt>
File: ../capitolo0/derivate2.PNG Graphic file (type png)
<use ../capitolo0/derivate2.PNG>
Package pdftex.def Info: ../capitolo0/derivate2.PNG  used on input line 103.
(pdftex.def)             Requested size: 423.94608pt x 287.64178pt.
 [4 <../capitolo0/derivate2.PNG>]
<../capitolo0/mclaurin.PNG, id=41, 499.8675pt x 648.92438pt>
File: ../capitolo0/mclaurin.PNG Graphic file (type png)
<use ../capitolo0/mclaurin.PNG>
Package pdftex.def Info: ../capitolo0/mclaurin.PNG  used on input line 108.
(pdftex.def)             Requested size: 423.94608pt x 550.38031pt.
) [5 <../capitolo0/mclaurin.PNG>] (c:\Users\enric\Desktop\NOTES\analisi 2\master/../capitolo0/capitolo0a.tex [6]
Underfull \hbox (badness 10000) in paragraph at lines 65--73

 []


Underfull \hbox (badness 10000) in paragraph at lines 65--73

 []


Underfull \hbox (badness 10000) in paragraph at lines 65--73

 []

LaTeX Font Info:    Trying to load font information for TS1+cmss on input line 74.
(c:/texlive/2019/texmf-dist/tex/latex/base/ts1cmss.fd
File: ts1cmss.fd 2019/12/16 v2.5j Standard LaTeX font definitions
)
Underfull \hbox (badness 10000) in paragraph at lines 77--80

 []


Underfull \hbox (badness 10000) in paragraph at lines 88--91

 []


Underfull \hbox (badness 10000) in paragraph at lines 99--104

 []


Underfull \hbox (badness 10000) in paragraph at lines 99--104

 []


Underfull \hbox (badness 10000) in paragraph at lines 106--119

 []


Underfull \hbox (badness 10000) in paragraph at lines 106--119

 []


Underfull \hbox (badness 10000) in paragraph at lines 106--119

 []


Underfull \hbox (badness 10000) in paragraph at lines 106--119

 []

[7]) [8] (c:\Users\enric\Desktop\NOTES\analisi 2\master/../capitolo0/capitolo0b.tex [9]
Overfull \hbox (62.67398pt too wide) detected at line 80
[] \OML/cmm/m/it/10 sin[]\OT1/cmr/m/n/10 (\OML/cmm/m/it/10 x\OT1/cmr/m/n/10 )\OML/cmm/m/it/10 dx \OT1/cmr/m/n/10 = [\OML/cmm/m/it/10 integrato una volta per parti e sostituzione con cos[]\OT1/cmr/m/n/10 (\OML/cmm/m/it/10 x\OT1/cmr/m/n/10 ) + \OML/cmm/m/it/10 sin[]\OT1/cmr/m/n/10 (\OML/cmm/m/it/10 x\OT1/cmr/m/n/10 ) = 1] = [](\OML/cmm/m/it/10 x \OMS/cmsy/m/n/10 ^^@ \OML/cmm/m/it/10 sin\OT1/cmr/m/n/10 (\OML/cmm/m/it/10 x\OT1/cmr/m/n/10 )\OML/cmm/m/it/10 cos\OT1/cmr/m/n/10 (\OML/cmm/m/it/10 x\OT1/cmr/m/n/10 )) + \OML/cmm/m/it/10 c
 []


Overfull \hbox (62.40129pt too wide) detected at line 83
[] \OML/cmm/m/it/10 cos[]\OT1/cmr/m/n/10 (\OML/cmm/m/it/10 x\OT1/cmr/m/n/10 )\OML/cmm/m/it/10 dx \OT1/cmr/m/n/10 = [\OML/cmm/m/it/10 integrato una volta per parti e sostituzione con cos[]\OT1/cmr/m/n/10 (\OML/cmm/m/it/10 x\OT1/cmr/m/n/10 ) + \OML/cmm/m/it/10 sin[]\OT1/cmr/m/n/10 (\OML/cmm/m/it/10 x\OT1/cmr/m/n/10 ) = 1] = [](\OML/cmm/m/it/10 x \OT1/cmr/m/n/10 + \OML/cmm/m/it/10 sin\OT1/cmr/m/n/10 (\OML/cmm/m/it/10 x\OT1/cmr/m/n/10 )\OML/cmm/m/it/10 cos\OT1/cmr/m/n/10 (\OML/cmm/m/it/10 x\OT1/cmr/m/n/10 )) + \OML/cmm/m/it/10 c
 []


Overfull \hbox (40.08517pt too wide) detected at line 92
[] \OML/cmm/m/it/10 Sh[]\OT1/cmr/m/n/10 (\OML/cmm/m/it/10 x\OT1/cmr/m/n/10 )\OML/cmm/m/it/10 dx \OT1/cmr/m/n/10 = [\OML/cmm/m/it/10 integrato una volta per parti e sostituzione con Ch[]\OT1/cmr/m/n/10 (\OML/cmm/m/it/10 x\OT1/cmr/m/n/10 ) \OMS/cmsy/m/n/10 ^^@ \OML/cmm/m/it/10 Sh[]\OT1/cmr/m/n/10 (\OML/cmm/m/it/10 x\OT1/cmr/m/n/10 ) = 1] = [](\OML/cmm/m/it/10 Sh\OT1/cmr/m/n/10 (2\OML/cmm/m/it/10 x\OT1/cmr/m/n/10 ) \OMS/cmsy/m/n/10 ^^@ \OT1/cmr/m/n/10 2\OML/cmm/m/it/10 x\OT1/cmr/m/n/10 ) + \OML/cmm/m/it/10 c
 []


Overfull \hbox (58.35646pt too wide) detected at line 95
[] \OML/cmm/m/it/10 Ch[]\OT1/cmr/m/n/10 (\OML/cmm/m/it/10 x\OT1/cmr/m/n/10 )\OML/cmm/m/it/10 dx \OT1/cmr/m/n/10 = [\OML/cmm/m/it/10 integrato una volta per parti e sostituzione con Ch[]\OT1/cmr/m/n/10 (\OML/cmm/m/it/10 x\OT1/cmr/m/n/10 ) \OMS/cmsy/m/n/10 ^^@ \OML/cmm/m/it/10 Sh[]\OT1/cmr/m/n/10 (\OML/cmm/m/it/10 x\OT1/cmr/m/n/10 ) = 1] = [](\OML/cmm/m/it/10 x \OT1/cmr/m/n/10 + \OML/cmm/m/it/10 Sh\OT1/cmr/m/n/10 (\OML/cmm/m/it/10 x\OT1/cmr/m/n/10 )\OML/cmm/m/it/10 Ch\OT1/cmr/m/n/10 (\OML/cmm/m/it/10 x\OT1/cmr/m/n/10 )) + \OML/cmm/m/it/10 c
 []

[10] [11] [12] [13]
Overfull \hbox (14.84547pt too wide) detected at line 338
[] \OML/cmm/m/it/10 R\OT1/cmr/m/n/10 (\OML/cmm/m/it/10 x\OT1/cmr/m/n/10 )[]\OML/cmm/m/it/10 dx \OT1/cmr/m/n/10 = [\OML/cmm/m/it/10 x \OT1/cmr/m/n/10 = \OML/cmm/m/it/10 a \OMS/cmsy/m/n/10 ^^A \OML/cmm/m/it/10 sin\OT1/cmr/m/n/10 (\OML/cmm/m/it/10 t\OT1/cmr/m/n/10 )\OML/cmm/m/it/10 ; dx \OT1/cmr/m/n/10 = \OML/cmm/m/it/10 a \OMS/cmsy/m/n/10 ^^A \OML/cmm/m/it/10 cos\OT1/cmr/m/n/10 (\OML/cmm/m/it/10 t\OT1/cmr/m/n/10 )\OML/cmm/m/it/10 dt\OT1/cmr/m/n/10 ] = [] []\OML/cmm/m/it/10 dx \OT1/cmr/m/n/10 = [] \OMS/cmsy/m/n/10 j\OML/cmm/m/it/10 a \OMS/cmsy/m/n/10 ^^A \OML/cmm/m/it/10 cos\OT1/cmr/m/n/10 (\OML/cmm/m/it/10 t\OT1/cmr/m/n/10 )\OMS/cmsy/m/n/10 j\OML/cmm/m/it/10 dx
 []


Overfull \hbox (0.11873pt too wide) detected at line 344
[] \OML/cmm/m/it/10 R\OT1/cmr/m/n/10 (\OML/cmm/m/it/10 x\OT1/cmr/m/n/10 )[] = [\OML/cmm/m/it/10 x \OT1/cmr/m/n/10 = \OML/cmm/m/it/10 a \OMS/cmsy/m/n/10 ^^A \OML/cmm/m/it/10 Ch\OT1/cmr/m/n/10 (\OML/cmm/m/it/10 t\OT1/cmr/m/n/10 )\OML/cmm/m/it/10 ; dx \OT1/cmr/m/n/10 = \OML/cmm/m/it/10 a \OMS/cmsy/m/n/10 ^^A \OML/cmm/m/it/10 Sh\OT1/cmr/m/n/10 (\OML/cmm/m/it/10 t\OT1/cmr/m/n/10 )\OML/cmm/m/it/10 dt\OT1/cmr/m/n/10 ] = [] []\OML/cmm/m/it/10 dx \OT1/cmr/m/n/10 = [] \OMS/cmsy/m/n/10 j\OML/cmm/m/it/10 a \OMS/cmsy/m/n/10 ^^A \OML/cmm/m/it/10 Sh\OT1/cmr/m/n/10 (\OML/cmm/m/it/10 t\OT1/cmr/m/n/10 )\OMS/cmsy/m/n/10 j\OML/cmm/m/it/10 dx
 []

[14] [15] [16] [17]) [18] (c:\Users\enric\Desktop\NOTES\analisi 2\master/../capitolo2/capitolo2.tex [19]
Underfull \hbox (badness 10000) in paragraph at lines 96--99

 []

[20]
Underfull \hbox (badness 10000) in paragraph at lines 128--130

 []


Underfull \hbox (badness 10000) in paragraph at lines 162--175

 []


Underfull \hbox (badness 10000) in paragraph at lines 186--189

 []

[21]
Underfull \hbox (badness 10000) in paragraph at lines 220--229

 []


Underfull \hbox (badness 10000) in paragraph at lines 248--252

 []

[22]
Underfull \hbox (badness 10000) in paragraph at lines 262--264

 []


Underfull \hbox (badness 10000) in paragraph at lines 268--280

 []


Overfull \hbox (15.0pt too wide) in paragraph at lines 281--282
[][] 
 []

[23]
Overfull \hbox (15.0pt too wide) in paragraph at lines 323--324
[][] 
 []


Underfull \hbox (badness 10000) in paragraph at lines 330--336

 []


Underfull \hbox (badness 10000) in paragraph at lines 349--355

 []


Underfull \hbox (badness 10000) in paragraph at lines 349--355

 []

[24]
Underfull \hbox (badness 10000) in paragraph at lines 371--375

 []


Underfull \hbox (badness 10000) in paragraph at lines 399--404

 []

[25]
Overfull \hbox (15.0pt too wide) in paragraph at lines 426--429
[][]
 []

)
Underfull \hbox (badness 10000) in paragraph at lines 440--14

 []

[26] [27] (c:\Users\enric\Desktop\NOTES\analisi 2\master/../capitolo3/capitolo3.tex
Overfull \hbox (15.0pt too wide) in paragraph at lines 12--13
[][] 
 []


Overfull \hbox (15.0pt too wide) in paragraph at lines 35--36
[][] 
 []

[28] [29]
Underfull \hbox (badness 10000) in paragraph at lines 120--123

 []


Overfull \hbox (15.0pt too wide) in paragraph at lines 130--131
[][] 
 []

[30]
Overfull \hbox (15.0pt too wide) in paragraph at lines 164--165
[][] 
 []

[31]
Underfull \hbox (badness 10000) in paragraph at lines 198--202

 []


Underfull \hbox (badness 10000) in paragraph at lines 210--216

 []


Underfull \hbox (badness 10000) in paragraph at lines 217--218

 []


Underfull \hbox (badness 10000) in paragraph at lines 222--226

 []


Overfull \hbox (15.0pt too wide) in paragraph at lines 227--228
[][] 
 []

[32]
Underfull \hbox (badness 10000) in paragraph at lines 244--245

 []


Overfull \hbox (15.0pt too wide) in paragraph at lines 256--257
[][] 
 []


Underfull \hbox (badness 10000) in paragraph at lines 265--269

 []

[33]
Overfull \hbox (15.0pt too wide) in paragraph at lines 287--288
[][] 
 []

[34]
Underfull \hbox (badness 10000) in paragraph at lines 341--343

 []


Underfull \hbox (badness 10000) in paragraph at lines 372--373

 []

[35]
Underfull \hbox (badness 10000) in paragraph at lines 404--405

 []

[36]
Overfull \hbox (15.0pt too wide) in paragraph at lines 435--436
[][] 
 []


Underfull \hbox (badness 10000) in paragraph at lines 445--448

 []


Overfull \hbox (15.0pt too wide) in paragraph at lines 449--450
[][] 
 []


Underfull \hbox (badness 10000) in paragraph at lines 451--458

 []

[37]
Overfull \hbox (15.0pt too wide) in paragraph at lines 471--472
[][] 
 []


Underfull \hbox (badness 10000) in paragraph at lines 515--524

 []

[38]
Overfull \hbox (15.0pt too wide) in paragraph at lines 559--560
[][] 
 []

[39]
Overfull \hbox (15.0pt too wide) in paragraph at lines 601--602
[][] 
 []

[40] [41]
Overfull \hbox (15.0pt too wide) in paragraph at lines 669--670
[][] 
 []


Underfull \hbox (badness 10000) in paragraph at lines 676--677

 []


Underfull \hbox (badness 10000) in paragraph at lines 681--683

 []


Underfull \hbox (badness 10000) in paragraph at lines 688--690

 []


Underfull \hbox (badness 10000) in paragraph at lines 705--707

 []

[42]
Underfull \hbox (badness 10000) in paragraph at lines 732--733

 []

)
Underfull \hbox (badness 10000) in paragraph at lines 734--17

 []

[43] (c:\Users\enric\Desktop\NOTES\analisi 2\master/../capitolo5/capitolo5.tex
Underfull \hbox (badness 10000) in paragraph at lines 4--5

 []


LaTeX Warning: Command \O invalid in math mode on input line 16.


Underfull \hbox (badness 10000) in paragraph at lines 27--29

 []


Underfull \hbox (badness 10000) in paragraph at lines 25--29

 []


Underfull \hbox (badness 10000) in paragraph at lines 52--54

 []


Underfull \hbox (badness 10000) in paragraph at lines 40--54

 []

[44]
Overfull \hbox (15.0pt too wide) in paragraph at lines 55--56
[][] 
 []


Overfull \hbox (15.0pt too wide) in paragraph at lines 76--77
[][] 
 []


Underfull \hbox (badness 10000) in paragraph at lines 95--99

 []

[45]
Underfull \hbox (badness 10000) in paragraph at lines 107--111

 []


Underfull \hbox (badness 10000) in paragraph at lines 130--133

 []


Underfull \hbox (badness 10000) in paragraph at lines 159--161

 []

[46]
Underfull \hbox (badness 10000) in paragraph at lines 172--174

 []


Overfull \hbox (15.0pt too wide) in paragraph at lines 162--174
[][] 
 []


Overfull \hbox (15.0pt too wide) in paragraph at lines 175--176
[][] 
 []

[47]
Overfull \hbox (15.0pt too wide) in paragraph at lines 270--273
[][] 
 []


Underfull \hbox (badness 10000) in paragraph at lines 270--273

 []


Overfull \hbox (15.0pt too wide) in paragraph at lines 274--280
[][] 
 []


Underfull \hbox (badness 10000) in paragraph at lines 274--280

 []

[48]
Overfull \hbox (15.0pt too wide) in paragraph at lines 281--284
[][] 
 []


Overfull \hbox (15.0pt too wide) in paragraph at lines 285--301
[][] 
 []


Underfull \hbox (badness 10000) in paragraph at lines 285--301

 []


Overfull \hbox (15.0pt too wide) in paragraph at lines 302--322
[][] 
 []


Underfull \hbox (badness 10000) in paragraph at lines 302--322

 []


Overfull \hbox (15.0pt too wide) in paragraph at lines 323--325
[][] 
 []

[49]
Underfull \hbox (badness 10000) in paragraph at lines 329--343

 []

) [50] (c:\Users\enric\Desktop\NOTES\analisi 2\master/../capitolo4/capitolo4.tex
Underfull \hbox (badness 10000) in paragraph at lines 22--26

 []


Underfull \hbox (badness 10000) in paragraph at lines 32--36

 []


Underfull \hbox (badness 10000) in paragraph at lines 53--57

 []

[51]
Underfull \hbox (badness 10000) in paragraph at lines 59--76

 []


Underfull \hbox (badness 10000) in paragraph at lines 59--76

 []


Underfull \hbox (badness 10000) in paragraph at lines 59--76

 []


Underfull \hbox (badness 10000) in paragraph at lines 77--82

 []


Underfull \hbox (badness 10000) in paragraph at lines 77--82

 []

[52]
Underfull \hbox (badness 10000) in paragraph at lines 155--159

 []

[53]
Overfull \hbox (15.0pt too wide) in paragraph at lines 198--199
[][] 
 []


Underfull \hbox (badness 10000) in paragraph at lines 207--212

 []

[54]
Underfull \hbox (badness 10000) in paragraph at lines 214--220

 []


Underfull \hbox (badness 10000) in paragraph at lines 235--242

 []


Underfull \hbox (badness 10000) in paragraph at lines 235--242

 []


Underfull \hbox (badness 10000) in paragraph at lines 248--254

 []


Underfull \hbox (badness 10000) in paragraph at lines 248--254

 []


Underfull \hbox (badness 10000) in paragraph at lines 256--261

 []

[55]
Underfull \hbox (badness 10000) in paragraph at lines 267--272

 []


Underfull \hbox (badness 10000) in paragraph at lines 284--289

 []


Underfull \hbox (badness 10000) in paragraph at lines 303--308

 []

[56]
Underfull \hbox (badness 10000) in paragraph at lines 371--375

 []

)
Underfull \hbox (badness 10000) in paragraph at lines 376--23

 []

[57] (c:\Users\enric\Desktop\NOTES\analisi 2\master/../capitolo6/capitolo6.tex
Underfull \hbox (badness 10000) in paragraph at lines 7--14

 []


Underfull \hbox (badness 10000) in paragraph at lines 7--14

 []


Underfull \hbox (badness 10000) in paragraph at lines 66--73

 []

[58]
Underfull \hbox (badness 10000) in paragraph at lines 89--95

 []


Underfull \hbox (badness 10000) in paragraph at lines 89--95

 []


Underfull \hbox (badness 10000) in paragraph at lines 89--95

 []


Underfull \hbox (badness 10000) in paragraph at lines 97--101

 []


Underfull \hbox (badness 10000) in paragraph at lines 103--110

 []


Underfull \hbox (badness 10000) in paragraph at lines 103--110

 []


Underfull \hbox (badness 10000) in paragraph at lines 112--117

 []

[59] [60]
Underfull \hbox (badness 10000) in paragraph at lines 185--189

 []


Underfull \hbox (badness 10000) in paragraph at lines 190--196

 []


Underfull \hbox (badness 10000) in paragraph at lines 190--196

 []


Underfull \hbox (badness 10000) in paragraph at lines 215--219

 []


Underfull \hbox (badness 10000) in paragraph at lines 225--230

 []

[61]
Overfull \hbox (3.10513pt too wide) in paragraph at lines 236--237
[]\OT1/cmss/m/n/10 una su-per-fi-cie $\OT1/cmr/m/n/10 ^^F$ \OT1/cmss/m/n/10 del-lo spa-zio $\U/msb/m/n/10 R[]$ \OT1/cmss/m/n/10 espres-sa in for-ma pa-ra-me-tri-ca: $[]\OT1/cmr/m/n/10 (\OML/cmm/m/it/10 u; v\OT1/cmr/m/n/10 ) = (\OML/cmm/m/it/10 x\OT1/cmr/m/n/10 (\OML/cmm/m/it/10 u; v\OT1/cmr/m/n/10 )\OML/cmm/m/it/10 ; y\OT1/cmr/m/n/10 (\OML/cmm/m/it/10 u; v\OT1/cmr/m/n/10 )\OML/cmm/m/it/10 ; z\OT1/cmr/m/n/10 (\OML/cmm/m/it/10 u; v\OT1/cmr/m/n/10 ))$ 
 []


Underfull \hbox (badness 10000) in paragraph at lines 253--258

 []


Underfull \hbox (badness 10000) in paragraph at lines 259--264

 []


Underfull \hbox (badness 10000) in paragraph at lines 266--272

 []

) [62] (c:\Users\enric\Desktop\NOTES\analisi 2\master/../capitolo7/capitolo7.tex
Underfull \hbox (badness 10000) in paragraph at lines 10--14

 []


Underfull \hbox (badness 10000) in paragraph at lines 16--21

 []


Underfull \hbox (badness 10000) in paragraph at lines 23--27

 []


Underfull \hbox (badness 10000) in paragraph at lines 29--38

 []


Underfull \hbox (badness 10000) in paragraph at lines 29--38

 []


Underfull \hbox (badness 10000) in paragraph at lines 29--38

 []


Underfull \hbox (badness 10000) in paragraph at lines 44--48

 []

[63]
Underfull \hbox (badness 10000) in paragraph at lines 78--80

 []


Underfull \hbox (badness 10000) in paragraph at lines 91--102

 []


Underfull \hbox (badness 10000) in paragraph at lines 91--102

 []

[64] [65]
Overfull \hbox (36.06573pt too wide) detected at line 190
[]\OT1/cmr/m/n/10 (\OMS/cmsy/m/n/10 j\OML/cmm/m/it/10 []\OMS/cmsy/m/n/10 j \OT1/cmr/m/n/10 + \OMS/cmsy/m/n/10 j\OML/cmm/m/it/10 ^^L[]\OMS/cmsy/m/n/10 j\OT1/cmr/m/n/10 ) \OML/cmm/m/it/10 < \OMS/cmsy/m/n/10 1 ) []\OT1/cmr/m/n/10 [0\OML/cmm/m/it/10 ; \OT1/cmr/m/n/10 2\OML/cmm/m/it/10 ^^Y\OT1/cmr/m/n/10 ] \OMS/cmsy/m/n/10 ) [] ) []
 []


Underfull \hbox (badness 10000) in paragraph at lines 190--194

 []


Underfull \hbox (badness 10000) in paragraph at lines 196--200

 []

[66]
Underfull \hbox (badness 10000) in paragraph at lines 211--215

 []


Overfull \hbox (8.11311pt too wide) in paragraph at lines 224--230
\OT1/cmss/m/n/10 Gli $\OML/cmm/m/it/10 a[]$ \OT1/cmss/m/n/10 e $\OML/cmm/m/it/10 b[]$ \OT1/cmss/m/n/10 ven-go-no chia-ma-ti \OT1/cmss/bx/n/10 coef-fi-cien-ti di Fou-rier \OT1/cmss/m/n/10 di $\OML/cmm/m/it/10 f$\OT1/cmss/m/n/10 , men-tre la se-rie $\OML/cmm/m/it/10 f\OT1/cmr/m/n/10 (\OML/cmm/m/it/10 x\OT1/cmr/m/n/10 ) = [] + [][](\OML/cmm/m/it/10 a[]cos\OT1/cmr/m/n/10 (\OML/cmm/m/it/10 nx\OT1/cmr/m/n/10 ) +
 []


Underfull \hbox (badness 10000) in paragraph at lines 224--230

 []


Underfull \hbox (badness 10000) in paragraph at lines 224--230

 []


Underfull \hbox (badness 10000) in paragraph at lines 236--241

 []


Underfull \hbox (badness 10000) in paragraph at lines 247--252

 []


Underfull \hbox (badness 10000) in paragraph at lines 254--257

 []


Underfull \hbox (badness 10000) in paragraph at lines 254--257

 []


Underfull \hbox (badness 10000) in paragraph at lines 262--271

 []


Underfull \hbox (badness 10000) in paragraph at lines 262--271

 []


Underfull \hbox (badness 10000) in paragraph at lines 262--271

 []

[67] [68] [69] [70])
Underfull \hbox (badness 10000) in paragraph at lines 435--29

 []

[71] (c:\Users\enric\Desktop\NOTES\analisi 2\master/../capitolo1/capitolo1.tex [72]
Underfull \hbox (badness 10000) in paragraph at lines 72--75

 []


Overfull \hbox (15.0pt too wide) in paragraph at lines 76--77
[][] 
 []


Underfull \hbox (badness 10000) in paragraph at lines 103--112

 []

[73]
Underfull \hbox (badness 10000) in paragraph at lines 138--139

 []


Overfull \hbox (15.0pt too wide) in paragraph at lines 135--139
[][] 
 []


Underfull \hbox (badness 10000) in paragraph at lines 135--139

 []


Overfull \hbox (15.0pt too wide) in paragraph at lines 140--141
[][] 
 []


Underfull \hbox (badness 10000) in paragraph at lines 145--151

 []


Underfull \hbox (badness 10000) in paragraph at lines 145--151

 []


Underfull \hbox (badness 10000) in paragraph at lines 159--168

 []

[74]
Underfull \hbox (badness 10000) in paragraph at lines 180--185

 []


Underfull \hbox (badness 10000) in paragraph at lines 189--196

 []


Underfull \hbox (badness 10000) in paragraph at lines 213--216

 []


Underfull \hbox (badness 10000) in paragraph at lines 201--216

 []


Underfull \hbox (badness 10000) in paragraph at lines 201--216

 []


Overfull \hbox (15.0pt too wide) in paragraph at lines 217--218
[][] 
 []


Underfull \hbox (badness 10000) in paragraph at lines 219--229

 []

[75]
Overfull \hbox (15.0pt too wide) in paragraph at lines 251--252
[][] 
 []

[76]
Underfull \hbox (badness 10000) in paragraph at lines 353--358

 []

[77]
Underfull \hbox (badness 10000) in paragraph at lines 359--361

 []


Underfull \hbox (badness 10000) in paragraph at lines 359--361

 []

[78]
<../img/eqdiff2.PNG, id=288, 686.565pt x 484.05844pt>
File: ../img/eqdiff2.PNG Graphic file (type png)
<use ../img/eqdiff2.PNG>
Package pdftex.def Info: ../img/eqdiff2.PNG  used on input line 437.
(pdftex.def)             Requested size: 355.92633pt x 250.93842pt.
<../img/eqdiff2(1).PNG, id=289, 688.82344pt x 467.49657pt>
File: ../img/eqdiff2(1).PNG Graphic file (type png)
<use ../img/eqdiff2(1).PNG>
Package pdftex.def Info: ../img/eqdiff2(1).PNG  used on input line 440.
(pdftex.def)             Requested size: 369.74138pt x 250.93842pt.

Underfull \hbox (badness 10000) in paragraph at lines 433--442

 []

[79]
Overfull \hbox (15.0pt too wide) in paragraph at lines 443--444
[][] 
 []


Underfull \hbox (badness 10000) in paragraph at lines 447--449

 []


Underfull \hbox (badness 10000) in paragraph at lines 454--465

 []


Underfull \hbox (badness 10000) in paragraph at lines 454--465

 []


Underfull \hbox (badness 10000) in paragraph at lines 454--465

 []


Underfull \hbox (badness 10000) in paragraph at lines 454--465

 []

[80 <../img/eqdiff2.png> <../img/eqdiff2(1).png>]
Underfull \hbox (badness 10000) in paragraph at lines 481--489

 []


Underfull \hbox (badness 10000) in paragraph at lines 481--489

 []


Underfull \hbox (badness 10000) in paragraph at lines 481--489

 []


Underfull \hbox (badness 10000) in paragraph at lines 496--501

 []


Underfull \hbox (badness 10000) in paragraph at lines 521--526

 []


Underfull \hbox (badness 10000) in paragraph at lines 521--526

 []

[81]
Underfull \hbox (badness 10000) in paragraph at lines 533--536

 []

) [82] (c:\Users\enric\Desktop\NOTES\analisi 2\master/master.aux) ) 
Here is how much of TeX's memory you used:
 14709 strings out of 480994
 279405 string characters out of 5916032
 523271 words of memory out of 5000000
 29869 multiletter control sequences out of 15000+600000
 541730 words of font info for 60 fonts, out of 8000000 for 9000
 1141 hyphenation exceptions out of 8191
 62i,13n,77p,1013b,530s stack positions out of 5000i,500n,10000p,200000b,80000s
{c:/texlive/2019/texmf-dist/fonts/enc/dvips/cm-super/cm-super-ts1.enc}<c:/texlive/2019/texmf-dist/fonts/type1/public/amsfonts/cm/cmex10.pfb><c:/texlive/2019/texmf-dist/fonts/type1/public/amsfonts/cmextra/cmex7.pfb><c:/texlive/2019/texmf-dist/fonts/type1/public/amsfonts/cm/cmmi10.pfb><c:/texlive/2019/texmf-dist/fonts/type1/public/amsfonts/cm/cmmi12.pfb><c:/texlive/2019/texmf-dist/fonts/type1/public/amsfonts/cm/cmmi5.pfb><c:/texlive/2019/texmf-dist/fonts/type1/public/amsfonts/cm/cmmi7.pfb><c:/texlive/2019/texmf-dist/fonts/type1/public/amsfonts/cm/cmmi8.pfb><c:/texlive/2019/texmf-dist/fonts/type1/public/amsfonts/cm/cmr10.pfb><c:/texlive/2019/texmf-dist/fonts/type1/public/amsfonts/cm/cmr12.pfb><c:/texlive/2019/texmf-dist/fonts/type1/public/amsfonts/cm/cmr5.pfb><c:/texlive/2019/texmf-dist/fonts/type1/public/amsfonts/cm/cmr7.pfb><c:/texlive/2019/texmf-dist/fonts/type1/public/amsfonts/cm/cmss10.pfb><c:/texlive/2019/texmf-dist/fonts/type1/public/amsfonts/cm/cmss12.pfb><c:/texlive/2019/texmf-dist/fonts/type1/public/amsfonts/cm/cmss17.pfb><c:/texlive/2019/texmf-dist/fonts/type1/public/amsfonts/cm/cmssbx10.pfb><c:/texlive/2019/texmf-dist/fonts/type1/public/amsfonts/cm/cmsy10.pfb><c:/texlive/2019/texmf-dist/fonts/type1/public/amsfonts/cm/cmsy5.pfb><c:/texlive/2019/texmf-dist/fonts/type1/public/amsfonts/cm/cmsy7.pfb><c:/texlive/2019/texmf-dist/fonts/type1/public/amsfonts/symbols/msbm10.pfb><c:/texlive/2019/texmf-dist/fonts/type1/public/cm-super/sfss1000.pfb>
Output written on "c:\Users\enric\Desktop\NOTES\analisi 2\master/master.pdf" (83 pages, 1373516 bytes).
PDF statistics:
 370 PDF objects out of 1000 (max. 8388607)
 250 compressed objects within 3 object streams
 0 named destinations out of 1000 (max. 500000)
 48 words of extra memory for PDF output out of 10000 (max. 10000000)

