\BOOKMARK [1][-]{section.1}{Ripasso}{}% 1
\BOOKMARK [2][-]{subsection.1.1}{Trigonometria}{section.1}% 2
\BOOKMARK [2][-]{subsection.1.2}{Asintotici}{section.1}% 3
\BOOKMARK [2][-]{subsection.1.3}{Derivate}{section.1}% 4
\BOOKMARK [2][-]{subsection.1.4}{Sviluppi}{section.1}% 5
\BOOKMARK [1][-]{section.2}{Serie \(analisi I\)}{}% 6
\BOOKMARK [2][-]{subsection.2.1}{Serie notevoli}{section.2}% 7
\BOOKMARK [3][-]{subsubsection.2.1.1}{serie geometrica}{subsection.2.1}% 8
\BOOKMARK [3][-]{subsubsection.2.1.2}{serie armonica}{subsection.2.1}% 9
\BOOKMARK [3][-]{subsubsection.2.1.3}{serie armonica generalizzata}{subsection.2.1}% 10
\BOOKMARK [3][-]{subsubsection.2.1.4}{serie di mengoli}{subsection.2.1}% 11
\BOOKMARK [3][-]{subsubsection.2.1.5}{numero e}{subsection.2.1}% 12
\BOOKMARK [3][-]{subsubsection.2.1.6}{sviluppi di Taylor delle funzioni elementari}{subsection.2.1}% 13
\BOOKMARK [2][-]{subsection.2.2}{Criteri e teoremi}{section.2}% 14
\BOOKMARK [1][-]{section.3}{Serie di funzioni \(analisi II\)}{}% 15
\BOOKMARK [2][-]{subsection.3.1}{Serie di potenze}{section.3}% 16
\BOOKMARK [3][-]{subsubsection.3.1.1}{Nel campo complesso}{subsection.3.1}% 17
\BOOKMARK [3][-]{subsubsection.3.1.2}{Nel campo reale}{subsection.3.1}% 18
\BOOKMARK [3][-]{subsubsection.3.1.3}{Serie di Taylor / MacLaurin}{subsection.3.1}% 19
\BOOKMARK [2][-]{subsection.3.2}{Serie di Fourier}{section.3}% 20
\BOOKMARK [3][-]{subsubsection.3.2.1}{Forma trigonometrica}{subsection.3.2}% 21
\BOOKMARK [3][-]{subsubsection.3.2.2}{Funzioni con periodi diversi da 2}{subsection.3.2}% 22
\BOOKMARK [3][-]{subsubsection.3.2.3}{Forma esponenziale complessa}{subsection.3.2}% 23
\BOOKMARK [2][-]{subsection.3.3}{Note sugli esercizi}{section.3}% 24
\BOOKMARK [3][-]{subsubsection.3.3.1}{Serie di potenze nel campo reale}{subsection.3.3}% 25
\BOOKMARK [3][-]{subsubsection.3.3.2}{Convergenza uniforme per serie di potenza}{subsection.3.3}% 26
\BOOKMARK [3][-]{subsubsection.3.3.3}{Sviuluppabilit\340 in serie di Fourier}{subsection.3.3}% 27
\BOOKMARK [3][-]{subsubsection.3.3.4}{Calcolo delle serie di Fourier per funzioni 2-periodiche}{subsection.3.3}% 28
\BOOKMARK [3][-]{subsubsection.3.3.5}{Semplificazioni nel calcolo delle serie di Fourier per funzioni pari e dispari}{subsection.3.3}% 29
\BOOKMARK [3][-]{subsubsection.3.3.6}{Riassunto dei criteri per la convergenza della serie di Fourier F}{subsection.3.3}% 30
\BOOKMARK [3][-]{subsubsection.3.3.7}{Armoniche}{subsection.3.3}% 31
\BOOKMARK [1][-]{section.4}{Funzioni R Rn \("Funzioni di una variabile a valori vettoriali", "Curve nel piano e nello spazio"\)}{}% 32
\BOOKMARK [2][-]{subsection.4.1}{Introduzione alle funzioni R Rn}{section.4}% 33
\BOOKMARK [3][-]{subsubsection.4.1.1}{Definizioni e terminologia}{subsection.4.1}% 34
\BOOKMARK [3][-]{subsubsection.4.1.2}{Calcolo differenziale per funzioni R Rn}{subsection.4.1}% 35
\BOOKMARK [3][-]{subsubsection.4.1.3}{Calcolo integrale per funzioni R Rn}{subsection.4.1}% 36
\BOOKMARK [2][-]{subsection.4.2}{Lunghezza di un arco di curva}{section.4}% 37
\BOOKMARK [3][-]{subsubsection.4.2.1}{Curve rettificabili e lunghezza}{subsection.4.2}% 38
\BOOKMARK [3][-]{subsubsection.4.2.2}{Riparametrizzazioni e parametro arco \(o ascissa curvilinea\)}{subsection.4.2}% 39
\BOOKMARK [2][-]{subsection.4.3}{Integrali di linea \(di prima specie\)}{section.4}% 40
\BOOKMARK [2][-]{subsection.4.4}{Note sugli esercizi}{section.4}% 41
\BOOKMARK [3][-]{subsubsection.4.4.1}{Ripasso sul calcolo vettoriale}{subsection.4.4}% 42
\BOOKMARK [3][-]{subsubsection.4.4.2}{Propriet\340 delle curve}{subsection.4.4}% 43
\BOOKMARK [3][-]{subsubsection.4.4.3}{Equazioni di grafici di funzioni}{subsection.4.4}% 44
\BOOKMARK [3][-]{subsubsection.4.4.4}{Rappresentazioni di equazioni in forma polare}{subsection.4.4}% 45
\BOOKMARK [3][-]{subsubsection.4.4.5}{Rappresetnazioni di coniche in forma polare}{subsection.4.4}% 46
\BOOKMARK [3][-]{subsubsection.4.4.6}{Equazione di una retta passante per due punti}{subsection.4.4}% 47
\BOOKMARK [3][-]{subsubsection.4.4.7}{Equazione della retta tangente a una curva r\(t\) = \(x\(t\), y\(t\)\) in un punto t0}{subsection.4.4}% 48
\BOOKMARK [3][-]{subsubsection.4.4.8}{Equazione della circonferenza}{subsection.4.4}% 49
\BOOKMARK [3][-]{subsubsection.4.4.9}{Equazione dell'ellisse}{subsection.4.4}% 50
\BOOKMARK [3][-]{subsubsection.4.4.10}{Interpretazione geometrica degli integrali di prima specie}{subsection.4.4}% 51
\BOOKMARK [3][-]{subsubsection.4.4.11}{Integrali di linea di seconda specie}{subsection.4.4}% 52
\BOOKMARK [1][-]{section.5}{Funzioni Rn R \("Calcolo differenziale per funzioni reali di pi\371 variabili", "Funzioni reali di pi\371 variabili"\)}{}% 53
\BOOKMARK [2][-]{subsection.5.1}{Topologia in Rn e propriet\340 delle funzioni continue}{section.5}% 54
\BOOKMARK [2][-]{subsection.5.2}{Calcolo di limiti in pi\371 variabili}{section.5}% 55
\BOOKMARK [3][-]{subsubsection.5.2.1}{Non esistenza del limite}{subsection.5.2}% 56
\BOOKMARK [3][-]{subsubsection.5.2.2}{Uso di maggiorazioni con funzioni radiali per provare l'esistenza del limite}{subsection.5.2}% 57
\BOOKMARK [3][-]{subsubsection.5.2.3}{Note sugli esercizi per il calcolo di limiti}{subsection.5.2}% 58
\BOOKMARK [2][-]{subsection.5.3}{Continuit\340 di una funzione in pi\371 variabili}{section.5}% 59
\BOOKMARK [2][-]{subsection.5.4}{Derivate parziali, piano tangente, differenziale}{section.5}% 60
\BOOKMARK [3][-]{subsubsection.5.4.1}{Derivata parziale}{subsection.5.4}% 61
\BOOKMARK [3][-]{subsubsection.5.4.2}{Calcolo delle derivate}{subsection.5.4}% 62
\BOOKMARK [3][-]{subsubsection.5.4.3}{Piano tangente}{subsection.5.4}% 63
\BOOKMARK [3][-]{subsubsection.5.4.4}{Differenziabilit\340 e approssimazione lineare}{subsection.5.4}% 64
\BOOKMARK [3][-]{subsubsection.5.4.5}{Verifica della differenziabilit\340}{subsection.5.4}% 65
\BOOKMARK [3][-]{subsubsection.5.4.6}{Derivate direzionali}{subsection.5.4}% 66
\BOOKMARK [3][-]{subsubsection.5.4.7}{Riepilogo}{subsection.5.4}% 67
\BOOKMARK [3][-]{subsubsection.5.4.8}{Gradiente di una funzione radiale}{subsection.5.4}% 68
\BOOKMARK [3][-]{subsubsection.5.4.9}{Criterio di continuit\340 e differenziabilit\340 per funzioni radiali}{subsection.5.4}% 69
\BOOKMARK [3][-]{subsubsection.5.4.10}{Funzioni omogenee}{subsection.5.4}% 70
\BOOKMARK [3][-]{subsubsection.5.4.11}{Equazione del trasporto}{subsection.5.4}% 71
\BOOKMARK [2][-]{subsection.5.5}{Derivate di ordine superiore e approssimazioni successive}{section.5}% 72
\BOOKMARK [3][-]{subsubsection.5.5.1}{Derivate di ordine superiore}{subsection.5.5}% 73
\BOOKMARK [2][-]{subsection.5.6}{Differenziale secondo, matrice hessiana, formula di Taylor al secondo ordine}{section.5}% 74
\BOOKMARK [2][-]{subsection.5.7}{Ottimizzazione, estremi liberi}{section.5}% 75
\BOOKMARK [3][-]{subsubsection.5.7.1}{Generalit\340 sui problemi di ottimizzazione}{subsection.5.7}% 76
\BOOKMARK [3][-]{subsubsection.5.7.2}{Estremi liberi, condizioni necessarie del prim'ordine}{subsection.5.7}% 77
\BOOKMARK [3][-]{subsubsection.5.7.3}{Forme quadratiche, classificazione}{subsection.5.7}% 78
\BOOKMARK [3][-]{subsubsection.5.7.4}{Forme quadratiche, test degli autovalori}{subsection.5.7}% 79
\BOOKMARK [3][-]{subsubsection.5.7.5}{Studio della natura dei punti critici}{subsection.5.7}% 80
\BOOKMARK [2][-]{subsection.5.8}{Ottimizzazione. Estremi vincolanti}{section.5}% 81
\BOOKMARK [3][-]{subsubsection.5.8.1}{Vincoli di uguaglianza e moltiplicatori di Lagrange. Funzioni di due variabili}{subsection.5.8}% 82
\BOOKMARK [3][-]{subsubsection.5.8.2}{Moltiplicatore di Lagrange. Il caso generale}{subsection.5.8}% 83
\BOOKMARK [3][-]{subsubsection.5.8.3}{Metodo dei moltiplicatori di Lagrange \(dal libro di Gazzola\)}{subsection.5.8}% 84
\BOOKMARK [3][-]{subsubsection.5.8.4}{Il metodo delle restrizioni}{subsection.5.8}% 85
\BOOKMARK [2][-]{subsection.5.9}{Funzioni convesse di n variabili}{section.5}% 86
\BOOKMARK [3][-]{subsubsection.5.9.1}{Generalit\340 sulle funzioni convesse}{subsection.5.9}% 87
\BOOKMARK [3][-]{subsubsection.5.9.2}{Ottimizzazione di funzioni convesse e concave}{subsection.5.9}% 88
\BOOKMARK [2][-]{subsection.5.10}{Funzioni definite implicitamente}{section.5}% 89
\BOOKMARK [3][-]{subsubsection.5.10.1}{Funzione implicita di una variabile}{subsection.5.10}% 90
\BOOKMARK [3][-]{subsubsection.5.10.2}{Note sugli esercizi}{subsection.5.10}% 91
\BOOKMARK [1][-]{section.6}{Integrali}{}% 92
\BOOKMARK [2][-]{subsection.6.1}{Teorema fondamentale del calcolo integrale:}{section.6}% 93
\BOOKMARK [2][-]{subsection.6.2}{Propriet\340 degli integrali:}{section.6}% 94
\BOOKMARK [2][-]{subsection.6.3}{Integrali fondamentali:}{section.6}% 95
\BOOKMARK [2][-]{subsection.6.4}{Integrali notevoli:}{section.6}% 96
\BOOKMARK [2][-]{subsection.6.5}{Integrali riconducibili:}{section.6}% 97
\BOOKMARK [2][-]{subsection.6.6}{Integrazione per sostituzione:}{section.6}% 98
\BOOKMARK [2][-]{subsection.6.7}{Integrazione delle funzioni razionali:}{section.6}% 99
\BOOKMARK [2][-]{subsection.6.8}{Funzioni razionali di ex}{section.6}% 100
\BOOKMARK [2][-]{subsection.6.9}{Integrazione per parti:}{section.6}% 101
\BOOKMARK [2][-]{subsection.6.10}{integrazione delle funzioni trigonometriche}{section.6}% 102
\BOOKMARK [2][-]{subsection.6.11}{Integrazione delle funzioni irrazzionali}{section.6}% 103
\BOOKMARK [2][-]{subsection.6.12}{Simmetrie e valori assoluti nel calcolo di integrali definiti}{section.6}% 104
\BOOKMARK [2][-]{subsection.6.13}{Osservazione. Integrale generalizzato di una funzioen dispari su un intervallo simmetrico}{section.6}% 105
\BOOKMARK [2][-]{subsection.6.14}{INTEGRALI GENERALIZZATI}{section.6}% 106
\BOOKMARK [2][-]{subsection.6.15}{Integrazione di funzioni non limitate}{section.6}% 107
\BOOKMARK [2][-]{subsection.6.16}{Criteri di integrabilit\340 al finito}{section.6}% 108
\BOOKMARK [2][-]{subsection.6.17}{Integrazione su intervalli illimitati}{section.6}% 109
\BOOKMARK [2][-]{subsection.6.18}{Criteri di integrabilit\340 all'infinito}{section.6}% 110
\BOOKMARK [2][-]{subsection.6.19}{Osservazione. Ordine di annullamento di una funzione derivabile.}{section.6}% 111
\BOOKMARK [2][-]{subsection.6.20}{Integrali generalizzati notevoli}{section.6}% 112
\BOOKMARK [2][-]{subsection.6.21}{FUNZIONI INTEGRALI}{section.6}% 113
\BOOKMARK [1][-]{section.7}{Calcolo integrale per funzioni di pi\371 variabili}{}% 114
\BOOKMARK [2][-]{subsection.7.1}{Integrali doppi}{section.7}% 115
\BOOKMARK [3][-]{subsubsection.7.1.1}{Integrale su una regione semplice}{subsection.7.1}% 116
\BOOKMARK [3][-]{subsubsection.7.1.2}{Baricentro e momento d'inerzia con gli integrali doppi}{subsection.7.1}% 117
\BOOKMARK [3][-]{subsubsection.7.1.3}{Cambi di variabili negli integrali doppi}{subsection.7.1}% 118
\BOOKMARK [3][-]{subsubsection.7.1.4}{Cambio di variabili in coordinate polari}{subsection.7.1}% 119
\BOOKMARK [2][-]{subsection.7.2}{Integrali impropri}{section.7}% 120
\BOOKMARK [2][-]{subsection.7.3}{Integrali tripli}{section.7}% 121
\BOOKMARK [3][-]{subsubsection.7.3.1}{Integrazione per fili}{subsection.7.3}% 122
\BOOKMARK [3][-]{subsubsection.7.3.2}{Integrazione per strati}{subsection.7.3}% 123
\BOOKMARK [3][-]{subsubsection.7.3.3}{Cambi di variabili negli integrali tripli}{subsection.7.3}% 124
\BOOKMARK [3][-]{subsubsection.7.3.4}{Coordinate cilindriche}{subsection.7.3}% 125
\BOOKMARK [3][-]{subsubsection.7.3.5}{Coordinate sferiche}{subsection.7.3}% 126
\BOOKMARK [2][-]{subsection.7.4}{Note sugli esercizi}{section.7}% 127
\BOOKMARK [1][-]{section.8}{Calcolo differenziale per funzioni di pi\371 variabili a valori vettoriali \(BRAMANTI\)}{}% 128
\BOOKMARK [2][-]{subsection.8.1}{Funzioni di pi\371 variabili a valori vettoriali: generalit\340}{section.8}% 129
\BOOKMARK [3][-]{subsubsection.8.1.1}{Superfici in forma parametrica}{subsection.8.1}% 130
\BOOKMARK [3][-]{subsubsection.8.1.2}{Trasformazioni di coordinate}{subsection.8.1}% 131
\BOOKMARK [3][-]{subsubsection.8.1.3}{Campi vettoriali}{subsection.8.1}% 132
\BOOKMARK [2][-]{subsection.8.2}{Limiti, continuit\340 e differenziabilit\340 per funzioni :Rn Rm}{section.8}% 133
\BOOKMARK [2][-]{subsection.8.3}{Superfici regolari in forma parametrica}{section.8}% 134
\BOOKMARK [3][-]{subsubsection.8.3.1}{Superfici cartesiane \(grafico di funzioni di due variabili\)}{subsection.8.3}% 135
\BOOKMARK [3][-]{subsubsection.8.3.2}{Superfici di rotazione}{subsection.8.3}% 136
\BOOKMARK [2][-]{subsection.8.4}{Variet\340 k-dimenzionali in Rn e funzioni definite implicitamente}{section.8}% 137
\BOOKMARK [3][-]{subsubsection.8.4.1}{Variet\340 k-dimensionali in Rn in forma parametrica}{subsection.8.4}% 138
\BOOKMARK [3][-]{subsubsection.8.4.2}{Funzioni implicite definite da sistemi di equazioni}{subsection.8.4}% 139
\BOOKMARK [3][-]{subsubsection.8.4.3}{Variet\340 k-dimensionali in Rn in forma implicita}{subsection.8.4}% 140
\BOOKMARK [2][-]{subsection.8.5}{Trasformazioni di coordinate e loro inversione}{section.8}% 141
\BOOKMARK [3][-]{subsubsection.8.5.1}{Il teorema della funzione inversa}{subsection.8.5}% 142
\BOOKMARK [3][-]{subsubsection.8.5.2}{Trasformazione di operatori differenziali}{subsection.8.5}% 143
\BOOKMARK [2][-]{subsection.8.6}{Note sugli esercizi}{section.8}% 144
\BOOKMARK [1][-]{section.9}{Funzioni di pi\371 variabili a valori vettoriali \(GAZZOLA\)}{}% 145
\BOOKMARK [2][-]{subsection.9.1}{Campi vettoriali}{section.9}% 146
\BOOKMARK [2][-]{subsection.9.2}{Lavoro di un campo vettoriale}{section.9}% 147
\BOOKMARK [3][-]{subsubsection.9.2.1}{Forme differenziali lineari}{subsection.9.2}% 148
\BOOKMARK [2][-]{subsection.9.3}{Flusso e Teorema della divergenza}{section.9}% 149
\BOOKMARK [3][-]{subsubsection.9.3.1}{Flusso}{subsection.9.3}% 150
\BOOKMARK [3][-]{subsubsection.9.3.2}{Teorema della divergenza}{subsection.9.3}% 151
\BOOKMARK [1][-]{section.10}{Equazioni differenziali}{}% 152
\BOOKMARK [2][-]{subsection.10.1}{Modelli differenziali}{section.10}% 153
\BOOKMARK [2][-]{subsection.10.2}{Equazioni del primo ordine}{section.10}% 154
\BOOKMARK [3][-]{subsubsection.10.2.1}{Generalit\340}{subsection.10.2}% 155
\BOOKMARK [3][-]{subsubsection.10.2.2}{Equazioni a variabili separabili}{subsection.10.2}% 156
\BOOKMARK [3][-]{subsubsection.10.2.3}{Equazioni lineari del prim'ordine}{subsection.10.2}% 157
\BOOKMARK [3][-]{subsubsection.10.2.4}{Note sugli esercizi}{subsection.10.2}% 158
\BOOKMARK [3][-]{subsubsection.10.2.5}{Equazione di Bernoulli}{subsection.10.2}% 159
\BOOKMARK [3][-]{subsubsection.10.2.6}{Prolungamento delle soluzioni}{subsection.10.2}% 160
\BOOKMARK [2][-]{subsection.10.3}{Equazioni lineari del secondo ordine}{section.10}% 161
\BOOKMARK [3][-]{subsubsection.10.3.1}{Spazi di funzioni}{subsection.10.3}% 162
\BOOKMARK [3][-]{subsubsection.10.3.2}{Generalit\340 sulle equazioni lineari. Problema di Cauchy}{subsection.10.3}% 163
\BOOKMARK [3][-]{subsubsection.10.3.3}{La struttura dell'integrale generale}{subsection.10.3}% 164
\BOOKMARK [3][-]{subsubsection.10.3.4}{Equazioni omogenee a coefficienti costanti}{subsection.10.3}% 165
\BOOKMARK [3][-]{subsubsection.10.3.5}{Equazioni completa a coefficienti costanti}{subsection.10.3}% 166
\BOOKMARK [3][-]{subsubsection.10.3.6}{metodo di somiglianza}{subsection.10.3}% 167
\BOOKMARK [3][-]{subsubsection.10.3.7}{Metodo di sovrapposizione}{subsection.10.3}% 168
\BOOKMARK [3][-]{subsubsection.10.3.8}{Metodo di variazione delle costanti}{subsection.10.3}% 169
\BOOKMARK [3][-]{subsubsection.10.3.9}{Note sugli esercizi}{subsection.10.3}% 170
\BOOKMARK [3][-]{subsubsection.10.3.10}{Equazione di Eulero}{subsection.10.3}% 171
\BOOKMARK [2][-]{subsection.10.4}{Sistemi lineari omogenei}{section.10}% 172
\BOOKMARK [2][-]{subsection.10.5}{Diagonalizzazione di una matrice}{section.10}% 173
