This is pdfTeX, Version 3.14159265-2.6-1.40.20 (TeX Live 2019/W32TeX) (preloaded format=pdflatex 2019.10.4)  19 JUL 2020 02:15
entering extended mode
 restricted \write18 enabled.
 file:line:error style messages enabled.
 %&-line parsing enabled.
**"c:/Users/Federico/Desktop/NOTES/FONDAMENTI DI AUTOMATICA/master/master.tex"
(c:/Users/Federico/Desktop/NOTES/FONDAMENTI DI AUTOMATICA/master/master.tex
LaTeX2e <2018-12-01>
(c:/texlive/2019/texmf-dist/tex/latex/base/article.cls
Document Class: article 2018/09/03 v1.4i Standard LaTeX document class
(c:/texlive/2019/texmf-dist/tex/latex/base/size10.clo
File: size10.clo 2018/09/03 v1.4i Standard LaTeX file (size option)
)
\c@part=\count80
\c@section=\count81
\c@subsection=\count82
\c@subsubsection=\count83
\c@paragraph=\count84
\c@subparagraph=\count85
\c@figure=\count86
\c@table=\count87
\abovecaptionskip=\skip41
\belowcaptionskip=\skip42
\bibindent=\dimen102
) (c:/Users/Federico/Desktop/NOTES/FONDAMENTI DI AUTOMATICA/master/../../preamble/preamble.tex (c:/texlive/2019/texmf-dist/tex/latex/amsmath/amsmath.sty
Package: amsmath 2018/12/01 v2.17b AMS math features
\@mathmargin=\skip43

For additional information on amsmath, use the `?' option.
(c:/texlive/2019/texmf-dist/tex/latex/amsmath/amstext.sty
Package: amstext 2000/06/29 v2.01 AMS text
 (c:/texlive/2019/texmf-dist/tex/latex/amsmath/amsgen.sty
File: amsgen.sty 1999/11/30 v2.0 generic functions
\@emptytoks=\toks14
\ex@=\dimen103
)) (c:/texlive/2019/texmf-dist/tex/latex/amsmath/amsbsy.sty
Package: amsbsy 1999/11/29 v1.2d Bold Symbols
\pmbraise@=\dimen104
) (c:/texlive/2019/texmf-dist/tex/latex/amsmath/amsopn.sty
Package: amsopn 2016/03/08 v2.02 operator names
)
\inf@bad=\count88
LaTeX Info: Redefining \frac on input line 223.
\uproot@=\count89
\leftroot@=\count90
LaTeX Info: Redefining \overline on input line 385.
\classnum@=\count91
\DOTSCASE@=\count92
LaTeX Info: Redefining \ldots on input line 482.
LaTeX Info: Redefining \dots on input line 485.
LaTeX Info: Redefining \cdots on input line 606.
\Mathstrutbox@=\box27
\strutbox@=\box28
\big@size=\dimen105
LaTeX Font Info:    Redeclaring font encoding OML on input line 729.
LaTeX Font Info:    Redeclaring font encoding OMS on input line 730.
\macc@depth=\count93
\c@MaxMatrixCols=\count94
\dotsspace@=\muskip10
\c@parentequation=\count95
\dspbrk@lvl=\count96
\tag@help=\toks15
\row@=\count97
\column@=\count98
\maxfields@=\count99
\andhelp@=\toks16
\eqnshift@=\dimen106
\alignsep@=\dimen107
\tagshift@=\dimen108
\tagwidth@=\dimen109
\totwidth@=\dimen110
\lineht@=\dimen111
\@envbody=\toks17
\multlinegap=\skip44
\multlinetaggap=\skip45
\mathdisplay@stack=\toks18
LaTeX Info: Redefining \[ on input line 2844.
LaTeX Info: Redefining \] on input line 2845.
) (c:/texlive/2019/texmf-dist/tex/latex/amsfonts/amssymb.sty
Package: amssymb 2013/01/14 v3.01 AMS font symbols
 (c:/texlive/2019/texmf-dist/tex/latex/amsfonts/amsfonts.sty
Package: amsfonts 2013/01/14 v3.01 Basic AMSFonts support
\symAMSa=\mathgroup4
\symAMSb=\mathgroup5
LaTeX Font Info:    Overwriting math alphabet `\mathfrak' in version `bold'
(Font)                  U/euf/m/n --> U/euf/b/n on input line 106.
)) (c:/texlive/2019/texmf-dist/tex/latex/graphics/graphicx.sty
Package: graphicx 2017/06/01 v1.1a Enhanced LaTeX Graphics (DPC,SPQR)
 (c:/texlive/2019/texmf-dist/tex/latex/graphics/keyval.sty
Package: keyval 2014/10/28 v1.15 key=value parser (DPC)
\KV@toks@=\toks19
) (c:/texlive/2019/texmf-dist/tex/latex/graphics/graphics.sty
Package: graphics 2017/06/25 v1.2c Standard LaTeX Graphics (DPC,SPQR)
 (c:/texlive/2019/texmf-dist/tex/latex/graphics/trig.sty
Package: trig 2016/01/03 v1.10 sin cos tan (DPC)
) (c:/texlive/2019/texmf-dist/tex/latex/graphics-cfg/graphics.cfg
File: graphics.cfg 2016/06/04 v1.11 sample graphics configuration
)
Package graphics Info: Driver file: pdftex.def on input line 99.
 (c:/texlive/2019/texmf-dist/tex/latex/graphics-def/pdftex.def
File: pdftex.def 2018/01/08 v1.0l Graphics/color driver for pdftex
))
\Gin@req@height=\dimen112
\Gin@req@width=\dimen113
) (c:/texlive/2019/texmf-dist/tex/generic/babel/babel.sty
Package: babel 2019/09/27 3.34 The Babel package
 (c:/texlive/2019/texmf-dist/tex/generic/babel/switch.def
File: switch.def 2019/09/27 3.34 Babel switching mechanism
) (c:/texlive/2019/texmf-dist/tex/generic/babel-italian/italian.ldf
Language: italian 2019/01/05 v.1.4.01 Italian support for the babel system
 (c:/texlive/2019/texmf-dist/tex/generic/babel/babel.def
File: babel.def 2019/09/27 3.34 Babel common definitions
\babel@savecnt=\count100
\U@D=\dimen114
 (c:/texlive/2019/texmf-dist/tex/generic/babel/txtbabel.def)
\bbl@dirlevel=\count101
)
\it@lettering=\count102
\it@doublequoteactive=\count103
\it@ISOcompliance=\count104
)) (c:/texlive/2019/texmf-dist/tex/latex/etoolbox/etoolbox.sty
Package: etoolbox 2019/09/21 v2.5h e-TeX tools for LaTeX (JAW)
\etb@tempcnta=\count105
) (c:/texlive/2019/texmf-dist/tex/latex/import/import.sty
Package: import 2009/03/23  v 5.1
) (c:/texlive/2019/texmf-dist/tex/latex/xifthen/xifthen.sty
Package: xifthen 2015/11/05 v1.4.0 Extended ifthen features
 (c:/texlive/2019/texmf-dist/tex/latex/tools/calc.sty
Package: calc 2017/05/25 v4.3 Infix arithmetic (KKT,FJ)
\calc@Acount=\count106
\calc@Bcount=\count107
\calc@Adimen=\dimen115
\calc@Bdimen=\dimen116
\calc@Askip=\skip46
\calc@Bskip=\skip47
LaTeX Info: Redefining \setlength on input line 80.
LaTeX Info: Redefining \addtolength on input line 81.
\calc@Ccount=\count108
\calc@Cskip=\skip48
) (c:/texlive/2019/texmf-dist/tex/latex/base/ifthen.sty
Package: ifthen 2014/09/29 v1.1c Standard LaTeX ifthen package (DPC)
) (c:/texlive/2019/texmf-dist/tex/latex/ifmtarg/ifmtarg.sty
Package: ifmtarg 2018/04/16 v1.2b check for an empty argument
)) (c:/texlive/2019/texmf-dist/tex/latex/pdfpages/pdfpages.sty
Package: pdfpages 2019/09/21 v0.5n Insert pages of external PDF documents (AM)
 (c:/texlive/2019/texmf-dist/tex/latex/eso-pic/eso-pic.sty
Package: eso-pic 2018/04/12 v2.0h eso-pic (RN)
 (c:/texlive/2019/texmf-dist/tex/generic/oberdiek/atbegshi.sty
Package: atbegshi 2016/06/09 v1.18 At begin shipout hook (HO)
 (c:/texlive/2019/texmf-dist/tex/generic/oberdiek/infwarerr.sty
Package: infwarerr 2016/05/16 v1.4 Providing info/warning/error messages (HO)
) (c:/texlive/2019/texmf-dist/tex/generic/oberdiek/ltxcmds.sty
Package: ltxcmds 2016/05/16 v1.23 LaTeX kernel commands for general use (HO)
) (c:/texlive/2019/texmf-dist/tex/generic/oberdiek/ifpdf.sty
Package: ifpdf 2018/09/07 v3.3 Provides the ifpdf switch
)) (c:/texlive/2019/texmf-dist/tex/latex/xcolor/xcolor.sty
Package: xcolor 2016/05/11 v2.12 LaTeX color extensions (UK)
 (c:/texlive/2019/texmf-dist/tex/latex/graphics-cfg/color.cfg
File: color.cfg 2016/01/02 v1.6 sample color configuration
)
Package xcolor Info: Driver file: pdftex.def on input line 225.
Package xcolor Info: Model `cmy' substituted by `cmy0' on input line 1348.
Package xcolor Info: Model `hsb' substituted by `rgb' on input line 1352.
Package xcolor Info: Model `RGB' extended on input line 1364.
Package xcolor Info: Model `HTML' substituted by `rgb' on input line 1366.
Package xcolor Info: Model `Hsb' substituted by `hsb' on input line 1367.
Package xcolor Info: Model `tHsb' substituted by `hsb' on input line 1368.
Package xcolor Info: Model `HSB' substituted by `hsb' on input line 1369.
Package xcolor Info: Model `Gray' substituted by `gray' on input line 1370.
Package xcolor Info: Model `wave' substituted by `hsb' on input line 1371.
))
\AM@pagewidth=\dimen117
\AM@pageheight=\dimen118
 (c:/texlive/2019/texmf-dist/tex/latex/pdfpages/pppdftex.def
File: pppdftex.def 2019/09/21 v0.5n Pdfpages driver for pdfTeX (AM)
)
\AM@pagebox=\box29
\AM@global@opts=\toks20
\AM@toc@title=\toks21
\c@AM@survey=\count109
\AM@templatesizebox=\box30
) (c:/texlive/2019/texmf-dist/tex/latex/oberdiek/transparent.sty
Package: transparent 2018/11/18 v1.3 Transparency via pdfTeX's color stack (HO)
 (c:/texlive/2019/texmf-dist/tex/latex/oberdiek/auxhook.sty
Package: auxhook 2016/05/16 v1.4 Hooks for auxiliary files (HO)
)) (c:/texlive/2019/texmf-dist/tex/latex/cancel/cancel.sty
Package: cancel 2013/04/12 v2.2 Cancel math terms
) (c:/texlive/2019/texmf-dist/tex/latex/geometry/geometry.sty
Package: geometry 2018/04/16 v5.8 Page Geometry
 (c:/texlive/2019/texmf-dist/tex/generic/oberdiek/ifvtex.sty
Package: ifvtex 2016/05/16 v1.6 Detect VTeX and its facilities (HO)
Package ifvtex Info: VTeX not detected.
) (c:/texlive/2019/texmf-dist/tex/generic/ifxetex/ifxetex.sty
Package: ifxetex 2010/09/12 v0.6 Provides ifxetex conditional
)
\Gm@cnth=\count110
\Gm@cntv=\count111
\c@Gm@tempcnt=\count112
\Gm@bindingoffset=\dimen119
\Gm@wd@mp=\dimen120
\Gm@odd@mp=\dimen121
\Gm@even@mp=\dimen122
\Gm@layoutwidth=\dimen123
\Gm@layoutheight=\dimen124
\Gm@layouthoffset=\dimen125
\Gm@layoutvoffset=\dimen126
\Gm@dimlist=\toks22
) (c:/texlive/2019/texmf-dist/tex/latex/tcolorbox/tcolorbox.sty
Package: tcolorbox 2019/09/19 version 4.21 text color boxes
 (c:/texlive/2019/texmf-dist/tex/latex/pgf/basiclayer/pgf.sty (c:/texlive/2019/texmf-dist/tex/latex/pgf/utilities/pgfrcs.sty (c:/texlive/2019/texmf-dist/tex/generic/pgf/utilities/pgfutil-common.tex
\pgfutil@everybye=\toks23
\pgfutil@tempdima=\dimen127
\pgfutil@tempdimb=\dimen128
 (c:/texlive/2019/texmf-dist/tex/generic/pgf/utilities/pgfutil-common-lists.tex)) (c:/texlive/2019/texmf-dist/tex/generic/pgf/utilities/pgfutil-latex.def
\pgfutil@abb=\box31
 (c:/texlive/2019/texmf-dist/tex/latex/ms/everyshi.sty
Package: everyshi 2001/05/15 v3.00 EveryShipout Package (MS)
)) (c:/texlive/2019/texmf-dist/tex/generic/pgf/utilities/pgfrcs.code.tex (c:/texlive/2019/texmf-dist/tex/generic/pgf/pgf.revision.tex)
Package: pgfrcs 2019/08/03 v3.1.4b (3.1.4b)
))
Package: pgf 2019/08/03 v3.1.4b (3.1.4b)
 (c:/texlive/2019/texmf-dist/tex/latex/pgf/basiclayer/pgfcore.sty (c:/texlive/2019/texmf-dist/tex/latex/pgf/systemlayer/pgfsys.sty (c:/texlive/2019/texmf-dist/tex/generic/pgf/systemlayer/pgfsys.code.tex
Package: pgfsys 2019/08/03 v3.1.4b (3.1.4b)
 (c:/texlive/2019/texmf-dist/tex/generic/pgf/utilities/pgfkeys.code.tex
\pgfkeys@pathtoks=\toks24
\pgfkeys@temptoks=\toks25
 (c:/texlive/2019/texmf-dist/tex/generic/pgf/utilities/pgfkeysfiltered.code.tex
\pgfkeys@tmptoks=\toks26
))
\pgf@x=\dimen129
\pgf@y=\dimen130
\pgf@xa=\dimen131
\pgf@ya=\dimen132
\pgf@xb=\dimen133
\pgf@yb=\dimen134
\pgf@xc=\dimen135
\pgf@yc=\dimen136
\pgf@xd=\dimen137
\pgf@yd=\dimen138
\w@pgf@writea=\write3
\r@pgf@reada=\read1
\c@pgf@counta=\count113
\c@pgf@countb=\count114
\c@pgf@countc=\count115
\c@pgf@countd=\count116
\t@pgf@toka=\toks27
\t@pgf@tokb=\toks28
\t@pgf@tokc=\toks29
\pgf@sys@id@count=\count117
 (c:/texlive/2019/texmf-dist/tex/generic/pgf/systemlayer/pgf.cfg
File: pgf.cfg 2019/08/03 v3.1.4b (3.1.4b)
)
Driver file for pgf: pgfsys-pdftex.def
 (c:/texlive/2019/texmf-dist/tex/generic/pgf/systemlayer/pgfsys-pdftex.def
File: pgfsys-pdftex.def 2019/08/03 v3.1.4b (3.1.4b)
 (c:/texlive/2019/texmf-dist/tex/generic/pgf/systemlayer/pgfsys-common-pdf.def
File: pgfsys-common-pdf.def 2019/08/03 v3.1.4b (3.1.4b)
))) (c:/texlive/2019/texmf-dist/tex/generic/pgf/systemlayer/pgfsyssoftpath.code.tex
File: pgfsyssoftpath.code.tex 2019/08/03 v3.1.4b (3.1.4b)
\pgfsyssoftpath@smallbuffer@items=\count118
\pgfsyssoftpath@bigbuffer@items=\count119
) (c:/texlive/2019/texmf-dist/tex/generic/pgf/systemlayer/pgfsysprotocol.code.tex
File: pgfsysprotocol.code.tex 2019/08/03 v3.1.4b (3.1.4b)
)) (c:/texlive/2019/texmf-dist/tex/generic/pgf/basiclayer/pgfcore.code.tex
Package: pgfcore 2019/08/03 v3.1.4b (3.1.4b)
 (c:/texlive/2019/texmf-dist/tex/generic/pgf/math/pgfmath.code.tex (c:/texlive/2019/texmf-dist/tex/generic/pgf/math/pgfmathcalc.code.tex (c:/texlive/2019/texmf-dist/tex/generic/pgf/math/pgfmathutil.code.tex) (c:/texlive/2019/texmf-dist/tex/generic/pgf/math/pgfmathparser.code.tex
\pgfmath@dimen=\dimen139
\pgfmath@count=\count120
\pgfmath@box=\box32
\pgfmath@toks=\toks30
\pgfmath@stack@operand=\toks31
\pgfmath@stack@operation=\toks32
) (c:/texlive/2019/texmf-dist/tex/generic/pgf/math/pgfmathfunctions.code.tex (c:/texlive/2019/texmf-dist/tex/generic/pgf/math/pgfmathfunctions.basic.code.tex) (c:/texlive/2019/texmf-dist/tex/generic/pgf/math/pgfmathfunctions.trigonometric.code.tex) (c:/texlive/2019/texmf-dist/tex/generic/pgf/math/pgfmathfunctions.random.code.tex) (c:/texlive/2019/texmf-dist/tex/generic/pgf/math/pgfmathfunctions.comparison.code.tex) (c:/texlive/2019/texmf-dist/tex/generic/pgf/math/pgfmathfunctions.base.code.tex) (c:/texlive/2019/texmf-dist/tex/generic/pgf/math/pgfmathfunctions.round.code.tex) (c:/texlive/2019/texmf-dist/tex/generic/pgf/math/pgfmathfunctions.misc.code.tex) (c:/texlive/2019/texmf-dist/tex/generic/pgf/math/pgfmathfunctions.integerarithmetics.code.tex))) (c:/texlive/2019/texmf-dist/tex/generic/pgf/math/pgfmathfloat.code.tex
\c@pgfmathroundto@lastzeros=\count121
)) (c:/texlive/2019/texmf-dist/tex/generic/pgf/math/pgfint.code.tex) (c:/texlive/2019/texmf-dist/tex/generic/pgf/basiclayer/pgfcorepoints.code.tex
File: pgfcorepoints.code.tex 2019/08/03 v3.1.4b (3.1.4b)
\pgf@picminx=\dimen140
\pgf@picmaxx=\dimen141
\pgf@picminy=\dimen142
\pgf@picmaxy=\dimen143
\pgf@pathminx=\dimen144
\pgf@pathmaxx=\dimen145
\pgf@pathminy=\dimen146
\pgf@pathmaxy=\dimen147
\pgf@xx=\dimen148
\pgf@xy=\dimen149
\pgf@yx=\dimen150
\pgf@yy=\dimen151
\pgf@zx=\dimen152
\pgf@zy=\dimen153
) (c:/texlive/2019/texmf-dist/tex/generic/pgf/basiclayer/pgfcorepathconstruct.code.tex
File: pgfcorepathconstruct.code.tex 2019/08/03 v3.1.4b (3.1.4b)
\pgf@path@lastx=\dimen154
\pgf@path@lasty=\dimen155
) (c:/texlive/2019/texmf-dist/tex/generic/pgf/basiclayer/pgfcorepathusage.code.tex
File: pgfcorepathusage.code.tex 2019/08/03 v3.1.4b (3.1.4b)
\pgf@shorten@end@additional=\dimen156
\pgf@shorten@start@additional=\dimen157
) (c:/texlive/2019/texmf-dist/tex/generic/pgf/basiclayer/pgfcorescopes.code.tex
File: pgfcorescopes.code.tex 2019/08/03 v3.1.4b (3.1.4b)
\pgfpic=\box33
\pgf@hbox=\box34
\pgf@layerbox@main=\box35
\pgf@picture@serial@count=\count122
) (c:/texlive/2019/texmf-dist/tex/generic/pgf/basiclayer/pgfcoregraphicstate.code.tex
File: pgfcoregraphicstate.code.tex 2019/08/03 v3.1.4b (3.1.4b)
\pgflinewidth=\dimen158
) (c:/texlive/2019/texmf-dist/tex/generic/pgf/basiclayer/pgfcoretransformations.code.tex
File: pgfcoretransformations.code.tex 2019/08/03 v3.1.4b (3.1.4b)
\pgf@pt@x=\dimen159
\pgf@pt@y=\dimen160
\pgf@pt@temp=\dimen161
) (c:/texlive/2019/texmf-dist/tex/generic/pgf/basiclayer/pgfcorequick.code.tex
File: pgfcorequick.code.tex 2019/08/03 v3.1.4b (3.1.4b)
) (c:/texlive/2019/texmf-dist/tex/generic/pgf/basiclayer/pgfcoreobjects.code.tex
File: pgfcoreobjects.code.tex 2019/08/03 v3.1.4b (3.1.4b)
) (c:/texlive/2019/texmf-dist/tex/generic/pgf/basiclayer/pgfcorepathprocessing.code.tex
File: pgfcorepathprocessing.code.tex 2019/08/03 v3.1.4b (3.1.4b)
) (c:/texlive/2019/texmf-dist/tex/generic/pgf/basiclayer/pgfcorearrows.code.tex
File: pgfcorearrows.code.tex 2019/08/03 v3.1.4b (3.1.4b)
\pgfarrowsep=\dimen162
) (c:/texlive/2019/texmf-dist/tex/generic/pgf/basiclayer/pgfcoreshade.code.tex
File: pgfcoreshade.code.tex 2019/08/03 v3.1.4b (3.1.4b)
\pgf@max=\dimen163
\pgf@sys@shading@range@num=\count123
\pgf@shadingcount=\count124
) (c:/texlive/2019/texmf-dist/tex/generic/pgf/basiclayer/pgfcoreimage.code.tex
File: pgfcoreimage.code.tex 2019/08/03 v3.1.4b (3.1.4b)
 (c:/texlive/2019/texmf-dist/tex/generic/pgf/basiclayer/pgfcoreexternal.code.tex
File: pgfcoreexternal.code.tex 2019/08/03 v3.1.4b (3.1.4b)
\pgfexternal@startupbox=\box36
)) (c:/texlive/2019/texmf-dist/tex/generic/pgf/basiclayer/pgfcorelayers.code.tex
File: pgfcorelayers.code.tex 2019/08/03 v3.1.4b (3.1.4b)
) (c:/texlive/2019/texmf-dist/tex/generic/pgf/basiclayer/pgfcoretransparency.code.tex
File: pgfcoretransparency.code.tex 2019/08/03 v3.1.4b (3.1.4b)
) (c:/texlive/2019/texmf-dist/tex/generic/pgf/basiclayer/pgfcorepatterns.code.tex
File: pgfcorepatterns.code.tex 2019/08/03 v3.1.4b (3.1.4b)
) (c:/texlive/2019/texmf-dist/tex/generic/pgf/basiclayer/pgfcorerdf.code.tex
File: pgfcorerdf.code.tex 2019/08/03 v3.1.4b (3.1.4b)
))) (c:/texlive/2019/texmf-dist/tex/generic/pgf/modules/pgfmoduleshapes.code.tex
File: pgfmoduleshapes.code.tex 2019/08/03 v3.1.4b (3.1.4b)
\pgfnodeparttextbox=\box37
) (c:/texlive/2019/texmf-dist/tex/generic/pgf/modules/pgfmoduleplot.code.tex
File: pgfmoduleplot.code.tex 2019/08/03 v3.1.4b (3.1.4b)
) (c:/texlive/2019/texmf-dist/tex/latex/pgf/compatibility/pgfcomp-version-0-65.sty
Package: pgfcomp-version-0-65 2019/08/03 v3.1.4b (3.1.4b)
\pgf@nodesepstart=\dimen164
\pgf@nodesepend=\dimen165
) (c:/texlive/2019/texmf-dist/tex/latex/pgf/compatibility/pgfcomp-version-1-18.sty
Package: pgfcomp-version-1-18 2019/08/03 v3.1.4b (3.1.4b)
)) (c:/texlive/2019/texmf-dist/tex/latex/tools/verbatim.sty
Package: verbatim 2014/10/28 v1.5q LaTeX2e package for verbatim enhancements
\every@verbatim=\toks33
\verbatim@line=\toks34
\verbatim@in@stream=\read2
) (c:/texlive/2019/texmf-dist/tex/latex/environ/environ.sty
Package: environ 2014/05/04 v0.3 A new way to define environments
 (c:/texlive/2019/texmf-dist/tex/latex/trimspaces/trimspaces.sty
Package: trimspaces 2009/09/17 v1.1 Trim spaces around a token list
))
\tcb@titlebox=\box38
\tcb@upperbox=\box39
\tcb@lowerbox=\box40
\tcb@phantombox=\box41
\c@tcbbreakpart=\count125
\c@tcblayer=\count126
\tcolorbox@number=\count127
\tcb@temp=\box42
\tcb@temp=\box43
\tcb@temp=\box44
\tcb@temp=\box45
\tcb@out=\write4
\tcb@record@out=\write5
) (c:/texlive/2019/texmf-dist/tex/latex/hyperref/hyperref.sty
Package: hyperref 2019/09/12 v6.88i Hypertext links for LaTeX
 (c:/texlive/2019/texmf-dist/tex/generic/oberdiek/hobsub-hyperref.sty
Package: hobsub-hyperref 2016/05/16 v1.14 Bundle oberdiek, subset hyperref (HO)
 (c:/texlive/2019/texmf-dist/tex/generic/oberdiek/hobsub-generic.sty
Package: hobsub-generic 2016/05/16 v1.14 Bundle oberdiek, subset generic (HO)
Package: hobsub 2016/05/16 v1.14 Construct package bundles (HO)
Package hobsub Info: Skipping package `infwarerr' (already loaded).
Package hobsub Info: Skipping package `ltxcmds' (already loaded).
Package: ifluatex 2016/05/16 v1.4 Provides the ifluatex switch (HO)
Package ifluatex Info: LuaTeX not detected.
Package hobsub Info: Skipping package `ifvtex' (already loaded).
Package: intcalc 2016/05/16 v1.2 Expandable calculations with integers (HO)
Package hobsub Info: Skipping package `ifpdf' (already loaded).
Package: etexcmds 2016/05/16 v1.6 Avoid name clashes with e-TeX commands (HO)
Package: kvsetkeys 2016/05/16 v1.17 Key value parser (HO)
Package: kvdefinekeys 2016/05/16 v1.4 Define keys (HO)
Package: pdftexcmds 2019/07/25 v0.30 Utility functions of pdfTeX for LuaTeX (HO)
Package pdftexcmds Info: LuaTeX not detected.
Package pdftexcmds Info: \pdf@primitive is available.
Package pdftexcmds Info: \pdf@ifprimitive is available.
Package pdftexcmds Info: \pdfdraftmode found.
Package: pdfescape 2016/05/16 v1.14 Implements pdfTeX's escape features (HO)
Package: bigintcalc 2016/05/16 v1.4 Expandable calculations on big integers (HO)
Package: bitset 2016/05/16 v1.2 Handle bit-vector datatype (HO)
Package: uniquecounter 2016/05/16 v1.3 Provide unlimited unique counter (HO)
)
Package hobsub Info: Skipping package `hobsub' (already loaded).
Package: letltxmacro 2016/05/16 v1.5 Let assignment for LaTeX macros (HO)
Package: hopatch 2016/05/16 v1.3 Wrapper for package hooks (HO)
Package: xcolor-patch 2016/05/16 xcolor patch
Package: atveryend 2016/05/16 v1.9 Hooks at the very end of document (HO)
Package hobsub Info: Skipping package `atbegshi' (already loaded).
Package: refcount 2016/05/16 v3.5 Data extraction from label references (HO)
Package: hycolor 2016/05/16 v1.8 Color options for hyperref/bookmark (HO)
) (c:/texlive/2019/texmf-dist/tex/latex/oberdiek/kvoptions.sty
Package: kvoptions 2016/05/16 v3.12 Key value format for package options (HO)
)
\@linkdim=\dimen166
\Hy@linkcounter=\count128
\Hy@pagecounter=\count129
 (c:/texlive/2019/texmf-dist/tex/latex/hyperref/pd1enc.def
File: pd1enc.def 2019/09/12 v6.88i Hyperref: PDFDocEncoding definition (HO)
Now handling font encoding PD1 ...
... no UTF-8 mapping file for font encoding PD1
)
\Hy@SavedSpaceFactor=\count130
 (c:/texlive/2019/texmf-dist/tex/latex/latexconfig/hyperref.cfg
File: hyperref.cfg 2002/06/06 v1.2 hyperref configuration of TeXLive
)
Package hyperref Info: Hyper figures OFF on input line 4550.
Package hyperref Info: Link nesting OFF on input line 4555.
Package hyperref Info: Hyper index ON on input line 4558.
Package hyperref Info: Plain pages OFF on input line 4565.
Package hyperref Info: Backreferencing OFF on input line 4570.
Package hyperref Info: Implicit mode ON; LaTeX internals redefined.
Package hyperref Info: Bookmarks ON on input line 4803.
\c@Hy@tempcnt=\count131
 (c:/texlive/2019/texmf-dist/tex/latex/url/url.sty
\Urlmuskip=\muskip11
Package: url 2013/09/16  ver 3.4  Verb mode for urls, etc.
)
LaTeX Info: Redefining \url on input line 5156.
\XeTeXLinkMargin=\dimen167
\Fld@menulength=\count132
\Field@Width=\dimen168
\Fld@charsize=\dimen169
Package hyperref Info: Hyper figures OFF on input line 6411.
Package hyperref Info: Link nesting OFF on input line 6416.
Package hyperref Info: Hyper index ON on input line 6419.
Package hyperref Info: backreferencing OFF on input line 6426.
Package hyperref Info: Link coloring OFF on input line 6431.
Package hyperref Info: Link coloring with OCG OFF on input line 6436.
Package hyperref Info: PDF/A mode OFF on input line 6441.
LaTeX Info: Redefining \ref on input line 6481.
LaTeX Info: Redefining \pageref on input line 6485.
\Hy@abspage=\count133
\c@Item=\count134
\c@Hfootnote=\count135
)
Package hyperref Info: Driver (autodetected): hpdftex.
 (c:/texlive/2019/texmf-dist/tex/latex/hyperref/hpdftex.def
File: hpdftex.def 2019/09/12 v6.88i Hyperref driver for pdfTeX
\Fld@listcount=\count136
\c@bookmark@seq@number=\count137
 (c:/texlive/2019/texmf-dist/tex/latex/oberdiek/rerunfilecheck.sty
Package: rerunfilecheck 2016/05/16 v1.8 Rerun checks for auxiliary files (HO)
Package uniquecounter Info: New unique counter `rerunfilecheck' on input line 282.
)
\Hy@SectionHShift=\skip49
) (c:/texlive/2019/texmf-dist/tex/latex/base/makeidx.sty
Package: makeidx 2014/09/29 v1.0m Standard LaTeX package
) (c:/texlive/2019/texmf-dist/tex/latex/soul/soul.sty
Package: soul 2003/11/17 v2.4 letterspacing/underlining (mf)
\SOUL@word=\toks35
\SOUL@lasttoken=\toks36
\SOUL@cmds=\toks37
\SOUL@buffer=\toks38
\SOUL@token=\toks39
\SOUL@spaceskip=\skip50
\SOUL@ttwidth=\dimen170
\SOUL@uldp=\dimen171
\SOUL@ulht=\dimen172
)
\@indexfile=\write6
\openout6 = `master.idx'.


Writing index file master.idx
)

LaTeX Warning: Unused global option(s):
    [9pt].

(c:/Users/Federico/Desktop/NOTES/FONDAMENTI DI AUTOMATICA/master/master.aux)
\openout1 = `master.aux'.

LaTeX Font Info:    Checking defaults for OML/cmm/m/it on input line 4.
LaTeX Font Info:    ... okay on input line 4.
LaTeX Font Info:    Checking defaults for T1/cmr/m/n on input line 4.
LaTeX Font Info:    ... okay on input line 4.
LaTeX Font Info:    Checking defaults for OT1/cmr/m/n on input line 4.
LaTeX Font Info:    ... okay on input line 4.
LaTeX Font Info:    Checking defaults for OMS/cmsy/m/n on input line 4.
LaTeX Font Info:    ... okay on input line 4.
LaTeX Font Info:    Checking defaults for OMX/cmex/m/n on input line 4.
LaTeX Font Info:    ... okay on input line 4.
LaTeX Font Info:    Checking defaults for U/cmr/m/n on input line 4.
LaTeX Font Info:    ... okay on input line 4.
LaTeX Font Info:    Checking defaults for PD1/pdf/m/n on input line 4.
LaTeX Font Info:    ... okay on input line 4.
 (c:/texlive/2019/texmf-dist/tex/context/base/mkii/supp-pdf.mkii
[Loading MPS to PDF converter (version 2006.09.02).]
\scratchcounter=\count138
\scratchdimen=\dimen173
\scratchbox=\box46
\nofMPsegments=\count139
\nofMParguments=\count140
\everyMPshowfont=\toks40
\MPscratchCnt=\count141
\MPscratchDim=\dimen174
\MPnumerator=\count142
\makeMPintoPDFobject=\count143
\everyMPtoPDFconversion=\toks41
) (c:/texlive/2019/texmf-dist/tex/latex/oberdiek/epstopdf-base.sty
Package: epstopdf-base 2016/05/15 v2.6 Base part for package epstopdf
 (c:/texlive/2019/texmf-dist/tex/latex/oberdiek/grfext.sty
Package: grfext 2016/05/16 v1.2 Manage graphics extensions (HO)
)
Package epstopdf-base Info: Redefining graphics rule for `.eps' on input line 438.
Package grfext Info: Graphics extension search list:
(grfext)             [.pdf,.png,.jpg,.mps,.jpeg,.jbig2,.jb2,.PDF,.PNG,.JPG,.JPEG,.JBIG2,.JB2,.eps]
(grfext)             \AppendGraphicsExtensions on input line 456.
 (c:/texlive/2019/texmf-dist/tex/latex/latexconfig/epstopdf-sys.cfg
File: epstopdf-sys.cfg 2010/07/13 v1.3 Configuration of (r)epstopdf for TeX Live
))
LaTeX Info: Redefining \it@ocap on input line 4.
LaTeX Info: Redefining \it@ccap on input line 4.


File italian.ldf warning: 
italian.ldf    With OT1 encoding guillemets are poorly faked
italian.ldf    Use T1 encoding
italian.ldf    or specify a font with command \CaporaliFrom
italian.ldf    See the documentation concerning the babel-italian typesetting 
italian.ldf    on input line 4.

\AtBeginShipoutBox=\box47
(c:/texlive/2019/texmf-dist/tex/latex/oberdiek/pdflscape.sty
Package: pdflscape 2016/05/14 v0.11 Display of landscape pages in PDF (HO)
 (c:/texlive/2019/texmf-dist/tex/latex/graphics/lscape.sty
Package: lscape 2000/10/22 v3.01 Landscape Pages (DPC)
)
Package pdflscape Info: Auto-detected driver: pdftex on input line 81.
)
*geometry* driver: auto-detecting
*geometry* detected driver: pdftex
*geometry* verbose mode - [ preamble ] result:
* driver: pdftex
* paper: a4paper
* layout: <same size as paper>
* layoutoffset:(h,v)=(0.0pt,0.0pt)
* modes: 
* h-part:(L,W,R)=(99.58464pt, 423.94608pt, 73.97716pt)
* v-part:(T,H,B)=(73.97716pt, 728.39056pt, 42.67912pt)
* \paperwidth=597.50787pt
* \paperheight=845.04684pt
* \textwidth=423.94608pt
* \textheight=728.39056pt
* \oddsidemargin=27.31465pt
* \evensidemargin=27.31465pt
* \topmargin=-35.29283pt
* \headheight=12.0pt
* \headsep=25.0pt
* \topskip=10.0pt
* \footskip=30.0pt
* \marginparwidth=57.0pt
* \marginparsep=11.0pt
* \columnsep=10.0pt
* \skip\footins=9.0pt plus 4.0pt minus 2.0pt
* \hoffset=0.0pt
* \voffset=0.0pt
* \mag=1000
* \@twocolumnfalse
* \@twosidefalse
* \@mparswitchfalse
* \@reversemarginfalse
* (1in=72.27pt=25.4mm, 1cm=28.453pt)

ABD: EveryShipout initializing macros
Package hyperref Info: Link coloring OFF on input line 4.
 (c:/texlive/2019/texmf-dist/tex/latex/hyperref/nameref.sty
Package: nameref 2019/09/12 v2.45 Cross-referencing by name of section
 (c:/texlive/2019/texmf-dist/tex/generic/oberdiek/gettitlestring.sty
Package: gettitlestring 2016/05/16 v1.5 Cleanup title references (HO)
)
\c@section@level=\count144
)
LaTeX Info: Redefining \ref on input line 4.
LaTeX Info: Redefining \pageref on input line 4.
LaTeX Info: Redefining \nameref on input line 4.
 (c:/Users/Federico/Desktop/NOTES/FONDAMENTI DI AUTOMATICA/master/master.out) (c:/Users/Federico/Desktop/NOTES/FONDAMENTI DI AUTOMATICA/master/master.out)
\@outlinefile=\write7
\openout7 = `master.out'.

LaTeX Font Info:    Try loading font information for U+msa on input line 6.
 (c:/texlive/2019/texmf-dist/tex/latex/amsfonts/umsa.fd
File: umsa.fd 2013/01/14 v3.01 AMS symbols A
)
LaTeX Font Info:    Try loading font information for U+msb on input line 6.
 (c:/texlive/2019/texmf-dist/tex/latex/amsfonts/umsb.fd
File: umsb.fd 2013/01/14 v3.01 AMS symbols B
) (c:/Users/Federico/Desktop/NOTES/FONDAMENTI DI AUTOMATICA/master/master.toc [1

{c:/texlive/2019/texmf-var/fonts/map/pdftex/updmap/pdftex.map}] [2])
\tf@toc=\write8
\openout8 = `master.toc'.

 [3] (c:/Users/Federico/Desktop/NOTES/FONDAMENTI DI AUTOMATICA/master/../lezione1/lezione1.tex [4]
<../lezione1/img1.PNG, id=722, 261.22594pt x 144.54pt>
File: ../lezione1/img1.PNG Graphic file (type png)
<use ../lezione1/img1.PNG>
Package pdftex.def Info: ../lezione1/img1.PNG  used on input line 44.
(pdftex.def)             Requested size: 154.26544pt x 85.35826pt.
<../lezione1/img2.PNG, id=724, 349.305pt x 137.7647pt>
File: ../lezione1/img2.PNG Graphic file (type png)
<use ../lezione1/img2.PNG>
Package pdftex.def Info: ../lezione1/img2.PNG  used on input line 56.
(pdftex.def)             Requested size: 216.43361pt x 85.35826pt.

Underfull \hbox (badness 10000) in paragraph at lines 58--61

 []

<../lezione1/img3.PNG, id=725, 368.87813pt x 160.34906pt>
File: ../lezione1/img3.PNG Graphic file (type png)
<use ../lezione1/img3.PNG>
Package pdftex.def Info: ../lezione1/img3.PNG  used on input line 64.
(pdftex.def)             Requested size: 196.36565pt x 85.35826pt.
<../lezione1/img4.PNG, id=726, 350.81062pt x 209.28188pt>
File: ../lezione1/img4.PNG Graphic file (type png)
<use ../lezione1/img4.PNG>
Package pdftex.def Info: ../lezione1/img4.PNG  used on input line 73.
(pdftex.def)             Requested size: 143.0785pt x 85.35826pt.
[5 <../lezione1/img1.PNG> <../lezione1/img2.PNG> <../lezione1/img3.PNG>]
<../lezione1/img5.PNG, id=735, 370.38374pt x 240.14719pt>
File: ../lezione1/img5.PNG Graphic file (type png)
<use ../lezione1/img5.PNG>
Package pdftex.def Info: ../lezione1/img5.PNG  used on input line 82.
(pdftex.def)             Requested size: 131.64821pt x 85.35826pt.
<../lezione1/img6.PNG, id=736, 372.64218pt x 179.92218pt>
File: ../lezione1/img6.PNG Graphic file (type png)
<use ../lezione1/img6.PNG>
Package pdftex.def Info: ../lezione1/img6.PNG  used on input line 89.
(pdftex.def)             Requested size: 176.7908pt x 85.35826pt.

Underfull \hbox (badness 10000) in paragraph at lines 97--103

 []


Underfull \hbox (badness 10000) in paragraph at lines 97--103

 []

[6 <../lezione1/img4.PNG> <../lezione1/img5.PNG> <../lezione1/img6.PNG>]
Underfull \hbox (badness 10000) in paragraph at lines 105--113

 []

LaTeX Font Info:    Try loading font information for OMS+cmss on input line 114.
LaTeX Font Info:    No file OMScmss.fd. on input line 114.

LaTeX Font Warning: Font shape `OMS/cmss/m/n' undefined
(Font)              using `OMS/cmsy/m/n' instead
(Font)              for symbol `textbullet' on input line 114.


Underfull \hbox (badness 10000) in paragraph at lines 118--127

 []


Underfull \hbox (badness 10000) in paragraph at lines 118--127

 []


Underfull \hbox (badness 10000) in paragraph at lines 118--127

 []

<../lezione1/img7.PNG, id=744, 545.03625pt x 325.215pt>
File: ../lezione1/img7.PNG Graphic file (type png)
<use ../lezione1/img7.PNG>
Package pdftex.def Info: ../lezione1/img7.PNG  used on input line 128.
(pdftex.def)             Requested size: 143.05336pt x 85.35826pt.
) (c:/Users/Federico/Desktop/NOTES/FONDAMENTI DI AUTOMATICA/master/../lezione2/lezione2.tex [7 <../lezione1/img7.PNG>]
<../lezione2/img1.PNG, id=758, 255.95625pt x 142.28156pt>
File: ../lezione2/img1.PNG Graphic file (type png)
<use ../lezione2/img1.PNG>
Package pdftex.def Info: ../lezione2/img1.PNG  used on input line 8.
(pdftex.def)             Requested size: 153.5593pt x 85.35826pt.

Underfull \hbox (badness 10000) in paragraph at lines 10--15

 []


Underfull \hbox (badness 10000) in paragraph at lines 10--15

 []

<../lezione2/img2.PNG, id=759, 338.76563pt x 182.18062pt>
File: ../lezione2/img2.PNG Graphic file (type png)
<use ../lezione2/img2.PNG>
Package pdftex.def Info: ../lezione2/img2.PNG  used on input line 19.
(pdftex.def)             Requested size: 158.72362pt x 85.35826pt.

Underfull \hbox (badness 10000) in paragraph at lines 21--27

 []

<../lezione2/img3.PNG, id=760, 444.15938pt x 179.16937pt>
File: ../lezione2/img3.PNG Graphic file (type png)
<use ../lezione2/img3.PNG>
Package pdftex.def Info: ../lezione2/img3.PNG  used on input line 28.
(pdftex.def)             Requested size: 211.6014pt x 85.35826pt.

Underfull \hbox (badness 10000) in paragraph at lines 30--36

 []

<../lezione2/img4.PNG, id=761, 387.69844pt x 177.66376pt>
File: ../lezione2/img4.PNG Graphic file (type png)
<use ../lezione2/img4.PNG>
Package pdftex.def Info: ../lezione2/img4.PNG  used on input line 37.
(pdftex.def)             Requested size: 186.2706pt x 85.35826pt.
[8 <../lezione2/img1.PNG> <../lezione2/img2.PNG> <../lezione2/img3.PNG>]
Underfull \hbox (badness 10000) in paragraph at lines 39--48

 []


Underfull \hbox (badness 10000) in paragraph at lines 39--48

 []

<../lezione2/img5.PNG, id=769, 599.99156pt x 209.28188pt>
File: ../lezione2/img5.PNG Graphic file (type png)
<use ../lezione2/img5.PNG>
Package pdftex.def Info: ../lezione2/img5.PNG  used on input line 49.
(pdftex.def)             Requested size: 244.70726pt x 85.35826pt.

Underfull \hbox (badness 10000) in paragraph at lines 51--65

 []


Underfull \hbox (badness 10000) in paragraph at lines 51--65

 []


Underfull \hbox (badness 10000) in paragraph at lines 51--65

 []

[9 <../lezione2/img4.PNG> <../lezione2/img5.PNG>]
Underfull \hbox (badness 10000) in paragraph at lines 72--76

 []


Underfull \hbox (badness 10000) in paragraph at lines 81--84

 []


Underfull \hbox (badness 10000) in paragraph at lines 100--108

 []


Underfull \hbox (badness 10000) in paragraph at lines 100--108

 []


Underfull \hbox (badness 10000) in paragraph at lines 100--108

 []

[10]
Underfull \hbox (badness 10000) in paragraph at lines 122--126

 []


Underfull \hbox (badness 10000) in paragraph at lines 143--147

 []


Underfull \hbox (badness 10000) in paragraph at lines 143--147

 []


Underfull \hbox (badness 10000) in paragraph at lines 155--163

 []


Underfull \hbox (badness 10000) in paragraph at lines 169--175

 []

<../lezione2/img6.PNG, id=781, 396.7322pt x 278.54062pt>
File: ../lezione2/img6.PNG Graphic file (type png)
<use ../lezione2/img6.PNG>
Package pdftex.def Info: ../lezione2/img6.PNG  used on input line 176.
(pdftex.def)             Requested size: 202.63342pt x 142.26378pt.
[11]
Underfull \hbox (badness 10000) in paragraph at lines 202--204

 []


Underfull \hbox (badness 10000) in paragraph at lines 210--218

 []


Underfull \hbox (badness 10000) in paragraph at lines 210--218

 []


Underfull \hbox (badness 10000) in paragraph at lines 210--218

 []


Overfull \hbox (6.3289pt too wide) detected at line 224
[] \OMS/cmss/m/n/10 ! [] 
 []

[12 <../lezione2/img6.PNG>]
Underfull \hbox (badness 10000) in paragraph at lines 236--242

 []

) (c:/Users/Federico/Desktop/NOTES/FONDAMENTI DI AUTOMATICA/master/../lezione3/lezione3.tex
Underfull \hbox (badness 10000) in paragraph at lines 244--3

 []


Underfull \hbox (badness 10000) in paragraph at lines 244--3

 []


Underfull \hbox (badness 10000) in paragraph at lines 244--3

 []


Underfull \hbox (badness 10000) in paragraph at lines 244--3

 []


Underfull \hbox (badness 10000) in paragraph at lines 244--3

 []

[13]
Underfull \hbox (badness 10000) in paragraph at lines 4--9

 []


Underfull \hbox (badness 10000) in paragraph at lines 4--9

 []


Underfull \hbox (badness 10000) in paragraph at lines 38--42

 []

[14]
Underfull \hbox (badness 10000) in paragraph at lines 61--65

 []


Underfull \hbox (badness 10000) in paragraph at lines 66--77

 []


Underfull \hbox (badness 10000) in paragraph at lines 66--77

 []


Underfull \hbox (badness 10000) in paragraph at lines 66--77

 []


Underfull \hbox (badness 10000) in paragraph at lines 66--77

 []


Underfull \hbox (badness 10000) in paragraph at lines 66--77

 []


Underfull \hbox (badness 10000) in paragraph at lines 107--124

 []

[15] [16]
Underfull \hbox (badness 10000) in paragraph at lines 140--141

 []


Underfull \hbox (badness 10000) in paragraph at lines 146--155

 []


Underfull \hbox (badness 10000) in paragraph at lines 165--176

 []


Underfull \hbox (badness 10000) in paragraph at lines 165--176

 []


Underfull \hbox (badness 10000) in paragraph at lines 165--176

 []


Underfull \hbox (badness 10000) in paragraph at lines 165--176

 []

[17]
Underfull \hbox (badness 10000) in paragraph at lines 200--203

 []


Underfull \hbox (badness 10000) in paragraph at lines 216--231

 []


Underfull \hbox (badness 10000) in paragraph at lines 232--235

 []

[18]) (c:/Users/Federico/Desktop/NOTES/FONDAMENTI DI AUTOMATICA/master/../lezione4/lezione4.tex [19]
Underfull \hbox (badness 10000) in paragraph at lines 12--16

 []


Underfull \hbox (badness 10000) in paragraph at lines 35--39

 []


Underfull \hbox (badness 10000) in paragraph at lines 57--61

 []


Package hyperref Warning: Token not allowed in a PDF string (PDFDocEncoding):
(hyperref)                removing `math shift' on input line 61.


Package hyperref Warning: Token not allowed in a PDF string (PDFDocEncoding):
(hyperref)                removing `math shift' on input line 61.

[20]
<../lezione4/img1.PNG, id=831, 624.08156pt x 371.13657pt>
File: ../lezione4/img1.PNG Graphic file (type png)
<use ../lezione4/img1.PNG>
Package pdftex.def Info: ../lezione4/img1.PNG  used on input line 72.
(pdftex.def)             Requested size: 334.91354pt x 199.16928pt.

Underfull \hbox (badness 10000) in paragraph at lines 74--77

 []

[21 <../lezione4/img1.PNG>]
Underfull \hbox (badness 10000) in paragraph at lines 84--91

 []


Underfull \hbox (badness 10000) in paragraph at lines 84--91

 []

<../lezione4/img2.PNG, id=839, 697.10437pt x 149.8097pt>
File: ../lezione4/img2.PNG Graphic file (type png)
<use ../lezione4/img2.PNG>
Package pdftex.def Info: ../lezione4/img2.PNG  used on input line 92.
(pdftex.def)             Requested size: 397.2047pt x 85.35826pt.
[22 <../lezione4/img2.PNG>]
Underfull \hbox (badness 10000) in paragraph at lines 125--129

 []


Underfull \hbox (badness 10000) in paragraph at lines 131--144

 []


Underfull \hbox (badness 10000) in paragraph at lines 131--144

 []


Underfull \hbox (badness 10000) in paragraph at lines 131--144

 []


Underfull \hbox (badness 10000) in paragraph at lines 131--144

 []


Underfull \hbox (badness 10000) in paragraph at lines 131--144

 []


Underfull \hbox (badness 10000) in paragraph at lines 152--156

 []


Underfull \hbox (badness 10000) in paragraph at lines 176--183

 []


Underfull \hbox (badness 10000) in paragraph at lines 176--183

 []


Underfull \hbox (badness 10000) in paragraph at lines 176--183

 []

[23]
Underfull \hbox (badness 10000) in paragraph at lines 201--204

 []


Overfull \hbox (72.04585pt too wide) in paragraph at lines 207--213
[]\OT1/cmss/m/n/10 Tutti gli au-to-va-lo-ri di $\OML/cmm/m/it/10 A$ \OT1/cmss/m/n/10 han-no $\OML/cmm/m/it/10 Re \OMS/cmss/m/n/10 ^^T \OT1/cmr/m/n/10 0$ \OT1/cmss/m/n/10 e ne esi-ste al-me-no uno con $\OML/cmm/m/it/10 Re \OT1/cmr/m/n/10 = 0$ $=[]\OMS/cmss/m/n/10 )$ $[]$\OT1/cmss/m/n/10 . 
 []


Underfull \hbox (badness 10000) in paragraph at lines 230--235

 []


Underfull \hbox (badness 10000) in paragraph at lines 230--235

 []

[24]
Underfull \hbox (badness 10000) in paragraph at lines 244--248

 []


Underfull \hbox (badness 10000) in paragraph at lines 249--252

 []

) (c:/Users/Federico/Desktop/NOTES/FONDAMENTI DI AUTOMATICA/master/../lezione5/lezione5.tex
Underfull \hbox (badness 10000) in paragraph at lines 258--5

 []


Underfull \hbox (badness 10000) in paragraph at lines 258--5

 []


Underfull \hbox (badness 10000) in paragraph at lines 6--17

 []


Underfull \hbox (badness 10000) in paragraph at lines 6--17

 []


Underfull \hbox (badness 10000) in paragraph at lines 6--17

 []

[25]
Underfull \hbox (badness 10000) in paragraph at lines 18--21

 []


Underfull \hbox (badness 10000) in paragraph at lines 25--29

 []


Underfull \hbox (badness 10000) in paragraph at lines 69--72

 []

[26]
Underfull \hbox (badness 10000) in paragraph at lines 93--102

 []


Underfull \hbox (badness 10000) in paragraph at lines 93--102

 []

[27]
Underfull \hbox (badness 10000) in paragraph at lines 127--130

 []

<../lezione5/img1.PNG, id=873, 844.65562pt x 413.29407pt>
File: ../lezione5/img1.PNG Graphic file (type png)
<use ../lezione5/img1.PNG>
Package pdftex.def Info: ../lezione5/img1.PNG  used on input line 131.
(pdftex.def)             Requested size: 348.90161pt x 170.71652pt.

Underfull \hbox (badness 10000) in paragraph at lines 133--138

 []


Underfull \hbox (badness 10000) in paragraph at lines 133--138

 []


Underfull \hbox (badness 10000) in paragraph at lines 152--156

 []

[28 <../lezione5/img1.PNG>]
Underfull \hbox (badness 10000) in paragraph at lines 165--176

 []


Underfull \hbox (badness 10000) in paragraph at lines 165--176

 []


Underfull \hbox (badness 10000) in paragraph at lines 165--176

 []


Underfull \hbox (badness 10000) in paragraph at lines 165--176

 []


Underfull \hbox (badness 10000) in paragraph at lines 182--187

 []

[29]
Underfull \hbox (badness 10000) in paragraph at lines 189--197

 []

<../lezione5/img2.PNG, id=884, 560.0925pt x 207.77625pt>
File: ../lezione5/img2.PNG Graphic file (type png)
<use ../lezione5/img2.PNG>
Package pdftex.def Info: ../lezione5/img2.PNG  used on input line 198.
(pdftex.def)             Requested size: 230.09236pt x 85.35826pt.

Underfull \hbox (badness 10000) in paragraph at lines 206--210

 []


Overfull \hbox (24.75977pt too wide) detected at line 212
\OMS/cmss/m/n/10 L\OT1/cmr/m/n/10 [\OML/cmm/m/it/10 e[]sca\OT1/cmr/m/n/10 (\OML/cmm/m/it/10 t\OT1/cmr/m/n/10 )] = [][] \OML/cmm/m/it/10 e[]e[]dt \OT1/cmr/m/n/10 = [][] \OML/cmm/m/it/10 e[]dt \OT1/cmr/m/n/10 = [][] = []   [] 
 []


Underfull \hbox (badness 10000) in paragraph at lines 223--227

 []

[30 <../lezione5/img2.PNG>]) (c:/Users/Federico/Desktop/NOTES/FONDAMENTI DI AUTOMATICA/master/../lezione6/lezione6.tex
Underfull \hbox (badness 10000) in paragraph at lines 6--10

 []


Underfull \hbox (badness 10000) in paragraph at lines 30--36

 []


Underfull \hbox (badness 10000) in paragraph at lines 30--36

 []

[31]
Underfull \hbox (badness 10000) in paragraph at lines 45--52

 []


Underfull \hbox (badness 10000) in paragraph at lines 45--52

 []


Underfull \hbox (badness 10000) in paragraph at lines 45--52

 []


Underfull \hbox (badness 10000) in paragraph at lines 66--72

 []


Underfull \hbox (badness 10000) in paragraph at lines 74--80

 []


Underfull \hbox (badness 10000) in paragraph at lines 74--80

 []

[32]
Underfull \hbox (badness 10000) in paragraph at lines 101--107

 []


Underfull \hbox (badness 10000) in paragraph at lines 101--107

 []


Underfull \hbox (badness 10000) in paragraph at lines 129--135

 []

<../lezione6/img1.PNG, id=900, 325.96782pt x 152.82094pt>
File: ../lezione6/img1.PNG Graphic file (type png)
<use ../lezione6/img1.PNG>
Package pdftex.def Info: ../lezione6/img1.PNG  used on input line 136.
(pdftex.def)             Requested size: 182.0682pt x 85.35826pt.

Underfull \hbox (badness 10000) in paragraph at lines 138--140

 []

[33 <../lezione6/img1.PNG>]
Underfull \hbox (badness 10000) in paragraph at lines 183--187

 []


Underfull \hbox (badness 10000) in paragraph at lines 199--206

 []


Underfull \hbox (badness 10000) in paragraph at lines 199--206

 []


Underfull \hbox (badness 10000) in paragraph at lines 199--206

 []


Underfull \hbox (badness 10000) in paragraph at lines 214--218

 []

[34]
Underfull \hbox (badness 10000) in paragraph at lines 224--228

 []


Underfull \hbox (badness 10000) in paragraph at lines 236--243

 []


Underfull \hbox (badness 10000) in paragraph at lines 245--252

 []


Underfull \hbox (badness 10000) in paragraph at lines 245--252

 []

[35]) (c:/Users/Federico/Desktop/NOTES/FONDAMENTI DI AUTOMATICA/master/../lezione7/lezione7.tex [36] [37]
Underfull \hbox (badness 10000) in paragraph at lines 87--90

 []

<../lezione7/img1.PNG, id=925, 537.50812pt x 212.29312pt>
File: ../lezione7/img1.PNG Graphic file (type png)
<use ../lezione7/img1.PNG>
Package pdftex.def Info: ../lezione7/img1.PNG  used on input line 154.
(pdftex.def)             Requested size: 216.12306pt x 85.35826pt.
[38]
Underfull \hbox (badness 10000) in paragraph at lines 156--162

 []


Underfull \hbox (badness 10000) in paragraph at lines 193--197

 []

[39 <../lezione7/img1.PNG>]
Underfull \hbox (badness 10000) in paragraph at lines 230--247

 []


Underfull \hbox (badness 10000) in paragraph at lines 230--247

 []


Underfull \hbox (badness 10000) in paragraph at lines 230--247

 []


Underfull \hbox (badness 10000) in paragraph at lines 230--247

 []


Underfull \hbox (badness 10000) in paragraph at lines 230--247

 []

<../lezione7/img2.PNG, id=936, 810.77907pt x 170.13562pt>
File: ../lezione7/img2.PNG Graphic file (type png)
<use ../lezione7/img2.PNG>
Package pdftex.def Info: ../lezione7/img2.PNG  used on input line 248.
(pdftex.def)             Requested size: 406.77415pt x 85.35826pt.
) (c:/Users/Federico/Desktop/NOTES/FONDAMENTI DI AUTOMATICA/master/../lezione10/lezione10b.tex [40 <../lezione7/img2.PNG>]
Underfull \hbox (badness 10000) in paragraph at lines 14--18

 []


Underfull \hbox (badness 10000) in paragraph at lines 19--23

 []


Underfull \hbox (badness 10000) in paragraph at lines 36--41

 []


Overfull \hbox (35.55002pt too wide) detected at line 47
\OML/cmm/m/it/10 e[] \OT1/cmr/m/n/10 = \OML/cmm/m/it/10 I \OT1/cmr/m/n/10 + \OML/cmm/m/it/10 A\OT1/cmr/m/n/10 (\OML/cmm/m/it/10 t \OMS/cmss/m/n/10 ^^@ \OML/cmm/m/it/10 ^^\\OT1/cmr/m/n/10 ) + [] + [] + [] +  []  []
 []

[41]
Underfull \hbox (badness 10000) in paragraph at lines 59--63

 []


Underfull \hbox (badness 10000) in paragraph at lines 102--106

 []

[42]
<../lezione10/img1.PNG, id=951, 301.8778pt x 216.05719pt>
File: ../lezione10/img1.PNG Graphic file (type png)
<use ../lezione10/img1.PNG>
Package pdftex.def Info: ../lezione10/img1.PNG  used on input line 138.
(pdftex.def)             Requested size: 119.26114pt x 85.35826pt.

Underfull \hbox (badness 10000) in paragraph at lines 149--153

 []


Underfull \hbox (badness 10000) in paragraph at lines 159--163

 []


Underfull \hbox (badness 10000) in paragraph at lines 171--174

 []

[43 <../lezione10/img1.PNG>]
Underfull \hbox (badness 10000) in paragraph at lines 194--196

 []


Underfull \hbox (badness 10000) in paragraph at lines 216--221

 []

[44]
Underfull \hbox (badness 10000) in paragraph at lines 230--236

 []


Underfull \hbox (badness 10000) in paragraph at lines 230--236

 []


Underfull \hbox (badness 10000) in paragraph at lines 238--243

 []

[45]
Underfull \hbox (badness 10000) in paragraph at lines 308--312

 []

) (c:/Users/Federico/Desktop/NOTES/FONDAMENTI DI AUTOMATICA/master/../lezione11/lezione11.tex
Underfull \hbox (badness 10000) in paragraph at lines 343--7

 []


Underfull \hbox (badness 10000) in paragraph at lines 343--7

 []


Underfull \hbox (badness 10000) in paragraph at lines 15--23

 []


Underfull \hbox (badness 10000) in paragraph at lines 15--23

 []


Underfull \hbox (badness 10000) in paragraph at lines 15--23

 []

[46]
Underfull \hbox (badness 10000) in paragraph at lines 51--58

 []


Underfull \hbox (badness 10000) in paragraph at lines 51--58

 []

[47]
Underfull \hbox (badness 10000) in paragraph at lines 61--64

 []

<../lezione11/img1.PNG, id=975, 635.37375pt x 251.43938pt>
File: ../lezione11/img1.PNG Graphic file (type png)
<use ../lezione11/img1.PNG>
Package pdftex.def Info: ../lezione11/img1.PNG  used on input line 65.
(pdftex.def)             Requested size: 215.69458pt x 85.35826pt.

Underfull \hbox (badness 10000) in paragraph at lines 67--71

 []

<../lezione11/img2.PNG, id=976, 402.75468pt x 179.16937pt>
File: ../lezione11/img2.PNG Graphic file (type png)
<use ../lezione11/img2.PNG>
Package pdftex.def Info: ../lezione11/img2.PNG  used on input line 72.
(pdftex.def)             Requested size: 191.87584pt x 85.35826pt.
<../lezione11/img3.PNG, id=977, 448.67625pt x 112.16907pt>
File: ../lezione11/img3.PNG Graphic file (type png)
<use ../lezione11/img3.PNG>
Package pdftex.def Info: ../lezione11/img3.PNG  used on input line 87.
(pdftex.def)             Requested size: 341.4425pt x 85.35826pt.

Underfull \hbox (badness 10000) in paragraph at lines 96--101

 []

[48 <../lezione11/img1.PNG> <../lezione11/img2.PNG> <../lezione11/img3.PNG>]
<../lezione11/img4.PNG, id=985, 313.9228pt x 147.55125pt>
File: ../lezione11/img4.PNG Graphic file (type png)
<use ../lezione11/img4.PNG>
Package pdftex.def Info: ../lezione11/img4.PNG  used on input line 151.
(pdftex.def)             Requested size: 181.60591pt x 85.35826pt.
 [49 <../lezione11/img4.PNG>]
<../lezione11/img5.PNG, id=992, 654.19406pt x 290.58563pt>
File: ../lezione11/img5.PNG Graphic file (type png)
<use ../lezione11/img5.PNG>
Package pdftex.def Info: ../lezione11/img5.PNG  used on input line 205.
(pdftex.def)             Requested size: 320.2784pt x 142.26378pt.
 [50 <../lezione11/img5.PNG>]
Underfull \hbox (badness 10000) in paragraph at lines 225--229

 []

) (c:/Users/Federico/Desktop/NOTES/FONDAMENTI DI AUTOMATICA/master/../lezione12/lezione12.tex [51]
Underfull \hbox (badness 10000) in paragraph at lines 6--12

 []


Underfull \hbox (badness 10000) in paragraph at lines 19--28

 []


Underfull \hbox (badness 10000) in paragraph at lines 19--28

 []

[52] [53]
Underfull \hbox (badness 10000) in paragraph at lines 65--72

 []


Underfull \hbox (badness 10000) in paragraph at lines 76--82

 []


Underfull \hbox (badness 10000) in paragraph at lines 76--82

 []


Underfull \hbox (badness 10000) in paragraph at lines 99--103

 []

[54]
Underfull \hbox (badness 10000) in paragraph at lines 122--125

 []

[55]
<../lezione12/img1.PNG, id=1021, 817.55438pt x 330.48468pt>
File: ../lezione12/img1.PNG Graphic file (type png)
<use ../lezione12/img1.PNG>
Package pdftex.def Info: ../lezione12/img1.PNG  used on input line 137.
(pdftex.def)             Requested size: 211.16194pt x 85.35826pt.

Underfull \hbox (badness 10000) in paragraph at lines 139--143

 []

<../lezione12/img2.PNG, id=1022, 596.98032pt x 210.7875pt>
File: ../lezione12/img2.PNG Graphic file (type png)
<use ../lezione12/img2.PNG>
Package pdftex.def Info: ../lezione12/img2.PNG  used on input line 147.
(pdftex.def)             Requested size: 241.74837pt x 85.35826pt.

Underfull \hbox (badness 10000) in paragraph at lines 149--157

 []


Underfull \hbox (badness 10000) in paragraph at lines 149--157

 []


Underfull \hbox (badness 10000) in paragraph at lines 149--157

 []

<../lezione12/img3.PNG, id=1023, 536.0025pt x 144.54pt>
File: ../lezione12/img3.PNG Graphic file (type png)
<use ../lezione12/img3.PNG>
Package pdftex.def Info: ../lezione12/img3.PNG  used on input line 160.
(pdftex.def)             Requested size: 316.53317pt x 85.35826pt.
[56 <../lezione12/img1.PNG> <../lezione12/img2.PNG> <../lezione12/img3.PNG>]
Underfull \hbox (badness 10000) in paragraph at lines 176--182

 []


Underfull \hbox (badness 10000) in paragraph at lines 176--182

 []


Underfull \hbox (badness 10000) in paragraph at lines 187--193

 []


Underfull \hbox (badness 10000) in paragraph at lines 198--202

 []


Package hyperref Warning: Token not allowed in a PDF string (PDFDocEncoding):
(hyperref)                removing `math shift' on input line 208.


Package hyperref Warning: Token not allowed in a PDF string (PDFDocEncoding):
(hyperref)                removing `subscript' on input line 208.


Package hyperref Warning: Token not allowed in a PDF string (PDFDocEncoding):
(hyperref)                removing `math shift' on input line 208.


Underfull \hbox (badness 10000) in paragraph at lines 211--220

 []

[57]
<../lezione12/img4.PNG, id=1035, 511.9125pt x 227.34938pt>
File: ../lezione12/img4.PNG Graphic file (type png)
<use ../lezione12/img4.PNG>
Package pdftex.def Info: ../lezione12/img4.PNG  used on input line 221.
(pdftex.def)             Requested size: 192.20105pt x 85.35826pt.

Underfull \hbox (badness 10000) in paragraph at lines 223--226

 []

<../lezione12/img5.PNG, id=1036, 447.92343pt x 179.16937pt>
File: ../lezione12/img5.PNG Graphic file (type png)
<use ../lezione12/img5.PNG>
Package pdftex.def Info: ../lezione12/img5.PNG  used on input line 227.
(pdftex.def)             Requested size: 213.39464pt x 85.35826pt.
) (c:/Users/Federico/Desktop/NOTES/FONDAMENTI DI AUTOMATICA/master/../lezione13/lezione13.tex
Underfull \hbox (badness 10000) in paragraph at lines 4--10

 []

<../lezione13/img1.PNG, id=1038, 982.42032pt x 220.57407pt>
File: ../lezione13/img1.PNG Graphic file (type png)
<use ../lezione13/img1.PNG>
Package pdftex.def Info: ../lezione13/img1.PNG  used on input line 11.
(pdftex.def)             Requested size: 380.17427pt x 85.35826pt.

Underfull \hbox (badness 10000) in paragraph at lines 13--16

 []


Underfull \hbox (badness 10000) in paragraph at lines 13--16

 []

[58 <../lezione12/img4.PNG> <../lezione12/img5.PNG> <../lezione13/img1.PNG>]
<../lezione13/img2.PNG, id=1046, 1011.78pt x 180.675pt>
File: ../lezione13/img2.PNG Graphic file (type png)
<use ../lezione13/img2.PNG>
Package pdftex.def Info: ../lezione13/img2.PNG  used on input line 37.
(pdftex.def)             Requested size: 318.66606pt x 56.9055pt.

Underfull \hbox (badness 10000) in paragraph at lines 39--41

 []

<../lezione13/img3.PNG, id=1047, 1014.79124pt x 246.1697pt>
File: ../lezione13/img3.PNG Graphic file (type png)
<use ../lezione13/img3.PNG>
Package pdftex.def Info: ../lezione13/img3.PNG  used on input line 42.
(pdftex.def)             Requested size: 351.86859pt x 85.35826pt.

Underfull \hbox (badness 10000) in paragraph at lines 44--47

 []

<../lezione13/img4.PNG, id=1048, 453.94594pt x 420.82219pt>
File: ../lezione13/img4.PNG Graphic file (type png)
<use ../lezione13/img4.PNG>
Package pdftex.def Info: ../lezione13/img4.PNG  used on input line 59.
(pdftex.def)             Requested size: 184.15187pt x 170.71652pt.
[59 <../lezione13/img2.PNG> <../lezione13/img3.PNG>]
Underfull \hbox (badness 10000) in paragraph at lines 61--70

 []


Underfull \hbox (badness 10000) in paragraph at lines 61--70

 []


Underfull \hbox (badness 10000) in paragraph at lines 61--70

 []

<../lezione13/img5.PNG, id=1055, 330.48468pt x 314.67563pt>
File: ../lezione13/img5.PNG Graphic file (type png)
<use ../lezione13/img5.PNG>
Package pdftex.def Info: ../lezione13/img5.PNG  used on input line 71.
(pdftex.def)             Requested size: 179.29112pt x 170.71652pt.

Underfull \hbox (badness 10000) in paragraph at lines 73--78

 []


Underfull \hbox (badness 10000) in paragraph at lines 73--78

 []

<../lezione13/img6.PNG, id=1056, 1035.11719pt x 403.5075pt>
File: ../lezione13/img6.PNG Graphic file (type png)
<use ../lezione13/img6.PNG>
Package pdftex.def Info: ../lezione13/img6.PNG  used on input line 79.
(pdftex.def)             Requested size: 291.9631pt x 113.81102pt.
[60 <../lezione13/img4.PNG> <../lezione13/img5.PNG>]
Underfull \hbox (badness 10000) in paragraph at lines 81--84

 []

<../lezione13/img7.PNG, id=1063, 1054.6903pt x 297.36093pt>
File: ../lezione13/img7.PNG Graphic file (type png)
<use ../lezione13/img7.PNG>
Package pdftex.def Info: ../lezione13/img7.PNG  used on input line 85.
(pdftex.def)             Requested size: 302.74635pt x 85.35826pt.

Underfull \hbox (badness 10000) in paragraph at lines 91--94

 []


Underfull \hbox (badness 10000) in paragraph at lines 96--101

 []

<../lezione13/img8.PNG, id=1064, 901.86937pt x 572.1375pt>
File: ../lezione13/img8.PNG Graphic file (type png)
<use ../lezione13/img8.PNG>
Package pdftex.def Info: ../lezione13/img8.PNG  used on input line 102.
(pdftex.def)             Requested size: 313.95259pt x 199.16928pt.
[61 <../lezione13/img6.PNG> <../lezione13/img7.PNG> <../lezione13/img8.PNG>]
Underfull \hbox (badness 10000) in paragraph at lines 111--116

 []


Underfull \hbox (badness 10000) in paragraph at lines 111--116

 []

<../lezione13/img9.PNG, id=1073, 901.86937pt x 522.45187pt>
File: ../lezione13/img9.PNG Graphic file (type png)
<use ../lezione13/img9.PNG>
Package pdftex.def Info: ../lezione13/img9.PNG  used on input line 117.
(pdftex.def)             Requested size: 343.81483pt x 199.16928pt.

Underfull \hbox (badness 10000) in paragraph at lines 126--129

 []


Underfull \hbox (badness 10000) in paragraph at lines 130--133

 []

[62 <../lezione13/img9.PNG>]
Underfull \hbox (badness 10000) in paragraph at lines 156--160

 []


Underfull \hbox (badness 10000) in paragraph at lines 167--171

 []

<../lezione13/img10.PNG, id=1079, 857.45343pt x 553.31718pt>
File: ../lezione13/img10.PNG Graphic file (type png)
<use ../lezione13/img10.PNG>
Package pdftex.def Info: ../lezione13/img10.PNG  used on input line 172.
(pdftex.def)             Requested size: 308.64374pt x 199.16928pt.
[63]) [64 <../lezione13/img10.PNG>] (c:/Users/Federico/Desktop/NOTES/FONDAMENTI DI AUTOMATICA/master/../lezione18/lezione18.tex) (c:/Users/Federico/Desktop/NOTES/FONDAMENTI DI AUTOMATICA/master/../lezione19/lezione19.tex)
Underfull \hbox (badness 10000) in paragraph at lines 1--28

 []

[65] (c:/Users/Federico/Desktop/NOTES/FONDAMENTI DI AUTOMATICA/master/../lezione8/lezione8.tex
Underfull \hbox (badness 10000) in paragraph at lines 2--7

 []

<../lezione8/img1.PNG, id=1101, 727.21687pt x 253.69781pt>
File: ../lezione8/img1.PNG Graphic file (type png)
<use ../lezione8/img1.PNG>
Package pdftex.def Info: ../lezione8/img1.PNG  used on input line 44.
(pdftex.def)             Requested size: 244.67609pt x 85.35826pt.
) (c:/Users/Federico/Desktop/NOTES/FONDAMENTI DI AUTOMATICA/master/../lezione9/lezione9.tex [66 <../lezione8/img1.PNG>]
Underfull \hbox (badness 10000) in paragraph at lines 2--7

 []


Underfull \hbox (badness 10000) in paragraph at lines 17--26

 []

[67]
Underfull \hbox (badness 10000) in paragraph at lines 56--68

 []


Underfull \hbox (badness 10000) in paragraph at lines 56--68

 []


Underfull \hbox (badness 10000) in paragraph at lines 56--68

 []


Underfull \hbox (badness 10000) in paragraph at lines 101--104

 []

) (c:/Users/Federico/Desktop/NOTES/FONDAMENTI DI AUTOMATICA/master/../lezione10/lezione10a.tex
Underfull \hbox (badness 10000) in paragraph at lines 2--7

 []

[68]) (c:/Users/Federico/Desktop/NOTES/FONDAMENTI DI AUTOMATICA/master/../lezione14/lezione14.tex
Underfull \hbox (badness 10000) in paragraph at lines 2--7

 []


Underfull \hbox (badness 10000) in paragraph at lines 12--15

 []

) (c:/Users/Federico/Desktop/NOTES/FONDAMENTI DI AUTOMATICA/master/../lezione15/lezione15.tex
Underfull \hbox (badness 10000) in paragraph at lines 2--7

 []

) (c:/Users/Federico/Desktop/NOTES/FONDAMENTI DI AUTOMATICA/master/../lezione16/lezione16.tex
Underfull \hbox (badness 10000) in paragraph at lines 2--7

 []

[69]) (c:/Users/Federico/Desktop/NOTES/FONDAMENTI DI AUTOMATICA/master/../lezione17/lezione17.tex
Underfull \hbox (badness 10000) in paragraph at lines 2--7

 []


Underfull \hbox (badness 10000) in paragraph at lines 12--15

 []

<../lezione17/img1.PNG, id=1132, 885.3075pt x 393.72093pt>
File: ../lezione17/img1.PNG Graphic file (type png)
<use ../lezione17/img1.PNG>
Package pdftex.def Info: ../lezione17/img1.PNG  used on input line 22.
(pdftex.def)             Requested size: 319.88571pt x 142.26378pt.
[70 <../lezione17/img1.PNG>]
Underfull \hbox (badness 10000) in paragraph at lines 30--33

 []


Underfull \hbox (badness 10000) in paragraph at lines 39--47

 []


Underfull \hbox (badness 10000) in paragraph at lines 39--47

 []

<../lezione17/img2.PNG, id=1139, 986.18437pt x 534.49687pt>
File: ../lezione17/img2.PNG Graphic file (type png)
<use ../lezione17/img2.PNG>
Package pdftex.def Info: ../lezione17/img2.PNG  used on input line 48.
(pdftex.def)             Requested size: 367.4858pt x 199.16928pt.
[71 <../lezione17/img2.PNG>]) [72]
Package atveryend Info: Empty hook `BeforeClearDocument' on input line 39.
Package atveryend Info: Empty hook `AfterLastShipout' on input line 39.
 (c:/Users/Federico/Desktop/NOTES/FONDAMENTI DI AUTOMATICA/master/master.aux)
Package atveryend Info: Executing hook `AtVeryEndDocument' on input line 39.
Package atveryend Info: Executing hook `AtEndAfterFileList' on input line 39.
Package rerunfilecheck Info: File `master.out' has not changed.
(rerunfilecheck)             Checksum: E5D367A8EA8EC51F57A993D0ADA70E01;11275.


LaTeX Font Warning: Some font shapes were not available, defaults substituted.

 ) 
Here is how much of TeX's memory you used:
 18382 strings out of 492609
 337980 string characters out of 6132818
 430133 words of memory out of 5000000
 21622 multiletter control sequences out of 15000+600000
 13466 words of font info for 52 fonts, out of 8000000 for 9000
 1141 hyphenation exceptions out of 8191
 56i,17n,73p,1493b,539s stack positions out of 5000i,500n,10000p,200000b,80000s
<c:/texlive/2019/texmf-dist/fonts/type1/public/amsfonts/cm/cmex10.pfb><c:/texlive/2019/texmf-dist/fonts/type1/public/amsfonts/cm/cmmi10.pfb><c:/texlive/2019/texmf-dist/fonts/type1/public/amsfonts/cm/cmmi12.pfb><c:/texlive/2019/texmf-dist/fonts/type1/public/amsfonts/cm/cmmi5.pfb><c:/texlive/2019/texmf-dist/fonts/type1/public/amsfonts/cm/cmmi7.pfb><c:/texlive/2019/texmf-dist/fonts/type1/public/amsfonts/cm/cmr10.pfb><c:/texlive/2019/texmf-dist/fonts/type1/public/amsfonts/cm/cmr12.pfb><c:/texlive/2019/texmf-dist/fonts/type1/public/amsfonts/cm/cmr5.pfb><c:/texlive/2019/texmf-dist/fonts/type1/public/amsfonts/cm/cmr7.pfb><c:/texlive/2019/texmf-dist/fonts/type1/public/amsfonts/cm/cmss10.pfb><c:/texlive/2019/texmf-dist/fonts/type1/public/amsfonts/cm/cmss12.pfb><c:/texlive/2019/texmf-dist/fonts/type1/public/amsfonts/cm/cmss17.pfb><c:/texlive/2019/texmf-dist/fonts/type1/public/amsfonts/cm/cmss8.pfb><c:/texlive/2019/texmf-dist/fonts/type1/public/amsfonts/cm/cmssbx10.pfb><c:/texlive/2019/texmf-dist/fonts/type1/public/amsfonts/cm/cmsy10.pfb><c:/texlive/2019/texmf-dist/fonts/type1/public/amsfonts/cm/cmsy5.pfb><c:/texlive/2019/texmf-dist/fonts/type1/public/amsfonts/cm/cmsy7.pfb><c:/texlive/2019/texmf-dist/fonts/type1/public/amsfonts/cm/cmtt10.pfb><c:/texlive/2019/texmf-dist/fonts/type1/public/amsfonts/latxfont/line10.pfb><c:/texlive/2019/texmf-dist/fonts/type1/public/amsfonts/symbols/msbm10.pfb>
Output written on "c:/Users/Federico/Desktop/NOTES/FONDAMENTI DI AUTOMATICA/master/master.pdf" (72 pages, 2408630 bytes).
PDF statistics:
 1266 PDF objects out of 1440 (max. 8388607)
 1073 compressed objects within 11 object streams
 223 named destinations out of 1000 (max. 500000)
 1321 words of extra memory for PDF output out of 10000 (max. 10000000)

