\BOOKMARK [0][-]{part.1}{I Prima parte del corso}{}% 1
\BOOKMARK [1][-]{section.1}{SLIDE: Introduzione al corso}{part.1}% 2
\BOOKMARK [2][-]{subsection.1.1}{Informazioni generale}{section.1}% 3
\BOOKMARK [2][-]{subsection.1.2}{Concetti preliminari}{section.1}% 4
\BOOKMARK [2][-]{subsection.1.3}{Prerequisiti, motivazione e collocamento del corso}{section.1}% 5
\BOOKMARK [2][-]{subsection.1.4}{Relazione fra automatica e informatica}{section.1}% 6
\BOOKMARK [1][-]{section.2}{Il problema del controllo}{part.1}% 7
\BOOKMARK [2][-]{subsection.2.1}{Concetti fondamentali}{section.2}% 8
\BOOKMARK [2][-]{subsection.2.2}{Strategie di controllo}{section.2}% 9
\BOOKMARK [3][-]{subsubsection.2.2.1}{Controllo in anello aperto \(AA\)}{subsection.2.2}% 10
\BOOKMARK [3][-]{subsubsection.2.2.2}{Controllo in anello aperto \(AA\) con compensazione del disturbo misurabile}{subsection.2.2}% 11
\BOOKMARK [3][-]{subsubsection.2.2.3}{Controllo in anello chiuso \(AC\) o in retroazione o Feedback}{subsection.2.2}% 12
\BOOKMARK [3][-]{subsubsection.2.2.4}{Controllo in anello chiuso \(AC\) con compensazione del disturbo}{subsection.2.2}% 13
\BOOKMARK [3][-]{subsubsection.2.2.5}{Esempio}{subsection.2.2}% 14
\BOOKMARK [1][-]{section.3}{Sistemi dinamici \(SD\)}{part.1}% 15
\BOOKMARK [2][-]{subsection.3.1}{Introduzione}{section.3}% 16
\BOOKMARK [2][-]{subsection.3.2}{Esempi}{section.3}% 17
\BOOKMARK [2][-]{subsection.3.3}{Sistema dinamico \(SD\) a tempo continuo \(TC\)}{section.3}% 18
\BOOKMARK [3][-]{subsubsection.3.3.1}{Espressione del sistema}{subsection.3.3}% 19
\BOOKMARK [3][-]{subsubsection.3.3.2}{Definizioni}{subsection.3.3}% 20
\BOOKMARK [3][-]{subsubsection.3.3.3}{Esempi}{subsection.3.3}% 21
\BOOKMARK [2][-]{subsection.3.4}{Sistema dinamico \(SD\) a tempo discreto \(TD\)}{section.3}% 22
\BOOKMARK [3][-]{subsubsection.3.4.1}{Espressione del sistema}{subsection.3.4}% 23
\BOOKMARK [3][-]{subsubsection.3.4.2}{Definizioni}{subsection.3.4}% 24
\BOOKMARK [3][-]{subsubsection.3.4.3}{Esempi}{subsection.3.4}% 25
\BOOKMARK [2][-]{subsection.3.5}{Sistemi dinamici \(SD\) lineari tempo invarianti \(LTI\)}{section.3}% 26
\BOOKMARK [1][-]{section.4}{Equilibrio}{part.1}% 27
\BOOKMARK [2][-]{subsection.4.1}{Definizione}{section.4}% 28
\BOOKMARK [2][-]{subsection.4.2}{Calcolo degli equilibri}{section.4}% 29
\BOOKMARK [2][-]{subsection.4.3}{Esempi}{section.4}% 30
\BOOKMARK [1][-]{section.5}{Movimento}{part.1}% 31
\BOOKMARK [2][-]{subsection.5.1}{Definizione}{section.5}% 32
\BOOKMARK [2][-]{subsection.5.2}{Formule di Lagrange \(TD LTI\)}{section.5}% 33
\BOOKMARK [3][-]{subsubsection.5.2.1}{Caso a tempo discreto \(TD\) lineare tempo invariante \(LTI\)}{subsection.5.2}% 34
\BOOKMARK [3][-]{subsubsection.5.2.2}{Caso a tempo continuo \(TC\) lineare tempo invariante \(LTI\)}{subsection.5.2}% 35
\BOOKMARK [2][-]{subsection.5.3}{Esempi}{section.5}% 36
\BOOKMARK [2][-]{subsection.5.4}{Esponenziale di matrice}{section.5}% 37
\BOOKMARK [3][-]{subsubsection.5.4.1}{Dimostrazione}{subsection.5.4}% 38
\BOOKMARK [3][-]{subsubsection.5.4.2}{Metodo pratico}{subsection.5.4}% 39
\BOOKMARK [1][-]{section.6}{Linearizzazione di sistemi dinamici non lineari \(SD, NL, SISO, TC\) nell'intorno di un equilibrio}{part.1}% 40
\BOOKMARK [2][-]{subsection.6.1}{Per l'equazione di stato}{section.6}% 41
\BOOKMARK [2][-]{subsection.6.2}{Per l'equazione d'uscita}{section.6}% 42
\BOOKMARK [2][-]{subsection.6.3}{Sistema linearizzato nell'intorno dell'equilibrio , , }{section.6}% 43
\BOOKMARK [2][-]{subsection.6.4}{Interpretazione}{section.6}% 44
\BOOKMARK [1][-]{section.7}{Stabilit\340}{part.1}% 45
\BOOKMARK [2][-]{subsection.7.1}{Stabilit\340 di un equilibrio}{section.7}% 46
\BOOKMARK [3][-]{subsubsection.7.1.1}{Equilibrio stabile \(S\)}{subsection.7.1}% 47
\BOOKMARK [3][-]{subsubsection.7.1.2}{Equilibrio asintoticamente stabile \(AS\)}{subsection.7.1}% 48
\BOOKMARK [3][-]{subsubsection.7.1.3}{Equilibrio instabile \(I\)}{subsection.7.1}% 49
\BOOKMARK [2][-]{subsection.7.2}{Stabilit\340 nei sistemi dinamici \(SD\) lineari tempo invarianti \(LTI\) a tempo continuo \(TC\)}{section.7}% 50
\BOOKMARK [3][-]{subsubsection.7.2.1}{Stabilit\340 come propriet\340 di sistema \(SD LTI a TC\)}{subsection.7.2}% 51
\BOOKMARK [3][-]{subsubsection.7.2.2}{Propriet\340 di sistemi asintoticamente stabili \(SD LTI a TC\)}{subsection.7.2}% 52
\BOOKMARK [3][-]{subsubsection.7.2.3}{Matrice A e Stabilit\340 \(SD LTI\)}{subsection.7.2}% 53
\BOOKMARK [2][-]{subsection.7.3}{Criteri di stabilit\340}{section.7}% 54
\BOOKMARK [3][-]{subsubsection.7.3.1}{Criteri di stabilit\340 dedotti dalla matrice A \(SD LTI a TC\)}{subsection.7.3}% 55
\BOOKMARK [3][-]{subsubsection.7.3.2}{Criterio di stabilit\340 secondo Routh \(SD LTI a TC\)}{subsection.7.3}% 56
\BOOKMARK [1][-]{section.8}{Segnali e trasformate}{part.1}% 57
\BOOKMARK [2][-]{subsection.8.1}{Serie di Fourier}{section.8}% 58
\BOOKMARK [2][-]{subsection.8.2}{Trasformata di Fourier}{section.8}% 59
\BOOKMARK [2][-]{subsection.8.3}{Trasformata di Laplace}{section.8}% 60
\BOOKMARK [3][-]{subsubsection.8.3.1}{Esempi}{subsection.8.3}% 61
\BOOKMARK [3][-]{subsubsection.8.3.2}{Propriet\340 della trasformata di Laplace}{subsection.8.3}% 62
\BOOKMARK [2][-]{subsection.8.4}{Teorema del valore iniziale}{section.8}% 63
\BOOKMARK [2][-]{subsection.8.5}{Teorema del valore finale}{section.8}% 64
\BOOKMARK [2][-]{subsection.8.6}{Trasformate di Laplace notevoli}{section.8}% 65
\BOOKMARK [2][-]{subsection.8.7}{Antitrasformazione secondo Heaviside}{section.8}% 66
\BOOKMARK [1][-]{section.9}{Funzione di trasferimento}{part.1}% 67
\BOOKMARK [2][-]{subsection.9.1}{Definizioni e nuovi concetti}{section.9}% 68
\BOOKMARK [3][-]{subsubsection.9.1.1}{Equazione di stato}{subsection.9.1}% 69
\BOOKMARK [3][-]{subsubsection.9.1.2}{Equazione d'uscita}{subsection.9.1}% 70
\BOOKMARK [2][-]{subsection.9.2}{Calcolo e aspetto di una funzione di trasferimento}{section.9}% 71
\BOOKMARK [2][-]{subsection.9.3}{Esempi}{section.9}% 72
\BOOKMARK [1][-]{section.10}{Esercizi di ricapitolazione degli argomenti fino ad ora trattati}{part.1}% 73
\BOOKMARK [2][-]{subsection.10.1}{Es. Equilibri e stabilit\340 in un sistema non lineare, TDE 06/05/2014 E1}{section.10}% 74
\BOOKMARK [2][-]{subsection.10.2}{Es. Stabilit\340, funzione di trasferimento e calcolo del movimento forzato con Heaviside, TDE 04/05/2015 E1}{section.10}% 75
\BOOKMARK [2][-]{subsection.10.3}{Es Applicazione reale}{section.10}% 76
\BOOKMARK [1][-]{section.11}{Raggiungibilit\340 e osservabilit\340}{part.1}% 77
\BOOKMARK [2][-]{subsection.11.1}{Raggiungibilit\340 \(SD LTI a TC SISO\)}{section.11}% 78
\BOOKMARK [3][-]{subsubsection.11.1.1}{Definizioni}{subsection.11.1}% 79
\BOOKMARK [3][-]{subsubsection.11.1.2}{Criterio di raggiungibilit\340}{subsection.11.1}% 80
\BOOKMARK [3][-]{subsubsection.11.1.3}{Esempi}{subsection.11.1}% 81
\BOOKMARK [2][-]{subsection.11.2}{Osservabilit\340 \(SD LTI a TC SISO\)}{section.11}% 82
\BOOKMARK [3][-]{subsubsection.11.2.1}{Definizioni}{subsection.11.2}% 83
\BOOKMARK [3][-]{subsubsection.11.2.2}{Criterio di osservabilit\340}{subsection.11.2}% 84
\BOOKMARK [3][-]{subsubsection.11.2.3}{Esempi}{subsection.11.2}% 85
\BOOKMARK [2][-]{subsection.11.3}{Osservazioni}{section.11}% 86
\BOOKMARK [1][-]{section.12}{Realizzazione}{part.1}% 87
\BOOKMARK [2][-]{subsection.12.1}{Forma canonica di raggiungibilit\340}{section.12}% 88
\BOOKMARK [3][-]{subsubsection.12.1.1}{Riassunto}{subsection.12.1}% 89
\BOOKMARK [2][-]{subsection.12.2}{Esempi}{section.12}% 90
\BOOKMARK [1][-]{section.13}{Sistemi interconnessi \(LTI a TC\)}{part.1}% 91
\BOOKMARK [2][-]{subsection.13.1}{Elaborazione degli schemi a blocchi}{section.13}% 92
\BOOKMARK [3][-]{subsubsection.13.1.1}{Blocchi in serie o cascata}{subsection.13.1}% 93
\BOOKMARK [3][-]{subsubsection.13.1.2}{Blocchi in parallelo}{subsection.13.1}% 94
\BOOKMARK [3][-]{subsubsection.13.1.3}{Blocchi in retroazione o feedback}{subsection.13.1}% 95
\BOOKMARK [1][-]{section.14}{Risposta esponenziale \(SD LTI a TC, SISO\)}{part.1}% 96
\BOOKMARK [2][-]{subsection.14.1}{Domanda}{section.14}% 97
\BOOKMARK [2][-]{subsection.14.2}{Risposta alla domanda \(dimostrazione\)}{section.14}% 98
\BOOKMARK [2][-]{subsection.14.3}{Generalizzazione della risposta}{section.14}% 99
\BOOKMARK [2][-]{subsection.14.4}{Riassunto e propriet\340}{section.14}% 100
\BOOKMARK [1][-]{section.15}{Risposta sinusoidale \(SD LTI a TC, SISO\)}{part.1}% 101
\BOOKMARK [2][-]{subsection.15.1}{Domanda}{section.15}% 102
\BOOKMARK [2][-]{subsection.15.2}{Risposta alla domanda \(dimostrazione\)}{section.15}% 103
\BOOKMARK [2][-]{subsection.15.3}{Generalizzazione della risposta \(Teorema fondamentale della risposta in frequenza\)}{section.15}% 104
\BOOKMARK [2][-]{subsection.15.4}{Definizione di risposta in frequenza}{section.15}% 105
\BOOKMARK [2][-]{subsection.15.5}{Esempio}{section.15}% 106
\BOOKMARK [1][-]{section.16}{Rappresentazioni della risposta in frequenza di una funzione di trasferimento}{part.1}% 107
\BOOKMARK [2][-]{subsection.16.1}{Diagramma polare}{section.16}% 108
\BOOKMARK [2][-]{subsection.16.2}{Diagrammi cartesiani o di Bode}{section.16}% 109
\BOOKMARK [3][-]{subsubsection.16.2.1}{Diagramma di Bode del modulo}{subsection.16.2}% 110
\BOOKMARK [3][-]{subsubsection.16.2.2}{Diagramma di Bode della fase}{subsection.16.2}% 111
\BOOKMARK [2][-]{subsection.16.3}{Tracciamento dei diagrammi di Bode \(asintotici\)}{section.16}% 112
\BOOKMARK [3][-]{subsubsection.16.3.1}{Forma della funzione di trasferimento per diagrammi di Bode}{subsection.16.3}% 113
\BOOKMARK [3][-]{subsubsection.16.3.2}{Diagrammi di bode di modulo e fase di Ga,b,c,d}{subsection.16.3}% 114
\BOOKMARK [3][-]{subsubsection.16.3.3}{Tracciamento complessivo}{subsection.16.3}% 115
\BOOKMARK [3][-]{subsubsection.16.3.4}{Metodo di tracciamento}{subsection.16.3}% 116
\BOOKMARK [3][-]{subsubsection.16.3.5}{Esempio}{subsection.16.3}% 117
\BOOKMARK [0][-]{part.2}{II Seconda parte del corso}{}% 118
\BOOKMARK [0][-]{part.3}{III Esercitazioni}{}% 119
\BOOKMARK [1][-]{section.17}{Esercitazione 1}{part.3}% 120
\BOOKMARK [1][-]{section.18}{Esercitazione 2}{part.3}% 121
\BOOKMARK [1][-]{section.19}{Esercitazione 3}{part.3}% 122
\BOOKMARK [1][-]{section.20}{Esercitazione 4}{part.3}% 123
\BOOKMARK [1][-]{section.21}{Esercitazione 5}{part.3}% 124
\BOOKMARK [1][-]{section.22}{Esercitazione 6}{part.3}% 125
\BOOKMARK [1][-]{section.23}{Esercitazione 7}{part.3}% 126
