\BOOKMARK [0][-]{part.1}{I Teoria}{}% 1
\BOOKMARK [1][-]{section.1}{L01-Introduzione}{part.1}% 2
\BOOKMARK [2][-]{subsection.1.1}{Introduzione}{section.1}% 3
\BOOKMARK [3][-]{subsubsection.1.1.1}{Sistema termodinamico}{subsection.1.1}% 4
\BOOKMARK [3][-]{subsubsection.1.1.2}{Il sistema semplice}{subsection.1.1}% 5
\BOOKMARK [2][-]{subsection.1.2}{Stato di equilibrio}{section.1}% 6
\BOOKMARK [3][-]{subsubsection.1.2.1}{Variabili termodinamiche}{subsection.1.2}% 7
\BOOKMARK [3][-]{subsubsection.1.2.2}{Regola di Gibbs}{subsection.1.2}% 8
\BOOKMARK [2][-]{subsection.1.3}{Tipologie di sistemi termodinamici}{section.1}% 9
\BOOKMARK [2][-]{subsection.1.4}{Trasformazioni termodinamiche}{section.1}% 10
\BOOKMARK [2][-]{subsection.1.5}{Equazione di stato nelle coordinate P,v,T}{section.1}% 11
\BOOKMARK [3][-]{subsubsection.1.5.1}{Equazione di stato per i gas ideali}{subsection.1.5}% 12
\BOOKMARK [3][-]{subsubsection.1.5.2}{Equazione di stato per i gas reali}{subsection.1.5}% 13
\BOOKMARK [3][-]{subsubsection.1.5.3}{Equazione di stato per liquidi e solidi}{subsection.1.5}% 14
\BOOKMARK [1][-]{section.2}{L02-Principi di conservazione}{part.1}% 15
\BOOKMARK [2][-]{subsection.2.1}{Principi di conservazioni}{section.2}% 16
\BOOKMARK [2][-]{subsection.2.2}{Principio di conservazione della massa}{section.2}% 17
\BOOKMARK [2][-]{subsection.2.3}{Primo principio della termodinamica per sistemi chiusi}{section.2}% 18
\BOOKMARK [2][-]{subsection.2.4}{Secondo principio della termodinamica per sistemi chiusi}{section.2}% 19
\BOOKMARK [2][-]{subsection.2.5}{Osservazioni sul primo e secondo principio}{section.2}% 20
\BOOKMARK [1][-]{section.3}{L03-Trasformazioni}{part.1}% 21
\BOOKMARK [2][-]{subsection.3.1}{Il lavoro termodinamico}{section.3}% 22
\BOOKMARK [3][-]{subsubsection.3.1.1}{Il lavoro termodinamico nelle trasformazioni reversibili e irreversibile}{subsection.3.1}% 23
\BOOKMARK [3][-]{subsubsection.3.1.2}{Il lavoro termodinamico di un ciclo}{subsection.3.1}% 24
\BOOKMARK [2][-]{subsection.3.2}{Il calore}{section.3}% 25
\BOOKMARK [3][-]{subsubsection.3.2.1}{Calori specifici a volume costante cV}{subsection.3.2}% 26
\BOOKMARK [3][-]{subsubsection.3.2.2}{Calori specifici a pressione costante cP}{subsection.3.2}% 27
\BOOKMARK [3][-]{subsubsection.3.2.3}{cV e cP per i gas ideali}{subsection.3.2}% 28
\BOOKMARK [3][-]{subsubsection.3.2.4}{cV e cP per i gas perfetti}{subsection.3.2}% 29
\BOOKMARK [3][-]{subsubsection.3.2.5}{cV e cP per i liqudi \(e solidi\) incomprimibili ideali}{subsection.3.2}% 30
\BOOKMARK [3][-]{subsubsection.3.2.6}{cV e cP per i liqudi \(e solidi\) incomprimibili perfetti}{subsection.3.2}% 31
\BOOKMARK [2][-]{subsection.3.3}{Le trasformazioni politropiche}{section.3}% 32
\BOOKMARK [3][-]{subsubsection.3.3.1}{Trasformazione politropica per un gas ideale}{subsection.3.3}% 33
\BOOKMARK [3][-]{subsubsection.3.3.2}{Trasformazione politropica per un gas perfetto}{subsection.3.3}% 34
\BOOKMARK [3][-]{subsubsection.3.3.3}{Espressioni della politropica}{subsection.3.3}% 35
\BOOKMARK [3][-]{subsubsection.3.3.4}{Politropiche per trasformazioni elementari}{subsection.3.3}% 36
\BOOKMARK [3][-]{subsubsection.3.3.5}{Lavoro di una generica politropica}{subsection.3.3}% 37
\BOOKMARK [3][-]{subsubsection.3.3.6}{Politropiche nel diagramma T-S}{subsection.3.3}% 38
\BOOKMARK [2][-]{subsection.3.4}{Calcolo di grandezze termodinamiche \(u, h, s, l, q\)}{section.3}% 39
\BOOKMARK [1][-]{section.4}{L04-Sistemi bifase}{part.1}% 40
\BOOKMARK [2][-]{subsection.4.1}{Sistema eterogeneo}{section.4}% 41
\BOOKMARK [3][-]{subsubsection.4.1.1}{Regola di gibs per sistemi eterogenei}{subsection.4.1}% 42
\BOOKMARK [3][-]{subsubsection.4.1.2}{Transizione di fase}{subsection.4.1}% 43
\BOOKMARK [3][-]{subsubsection.4.1.3}{Sistemi eterogenei monocomponente}{subsection.4.1}% 44
\BOOKMARK [2][-]{subsection.4.2}{Diagramma di stato P-v-T}{section.4}% 45
\BOOKMARK [3][-]{subsubsection.4.2.1}{terminologia}{subsection.4.2}% 46
\BOOKMARK [3][-]{subsubsection.4.2.2}{Proiezione del diagramma P-v-T in un grafico P-T}{subsection.4.2}% 47
\BOOKMARK [3][-]{subsubsection.4.2.3}{Gas}{subsection.4.2}% 48
\BOOKMARK [3][-]{subsubsection.4.2.4}{Trasformazione isobara}{subsection.4.2}% 49
\BOOKMARK [3][-]{subsubsection.4.2.5}{Traformazione isoterma}{subsection.4.2}% 50
\BOOKMARK [3][-]{subsubsection.4.2.6}{Proiezione del diagramma P-v-T in un grafico P-s e P-h}{subsection.4.2}% 51
\BOOKMARK [2][-]{subsection.4.3}{Propriet\340 termodinamiche dei sistemi eterogenei}{section.4}% 52
\BOOKMARK [3][-]{subsubsection.4.3.1}{Entalpia di transizione di fase}{subsection.4.3}% 53
\BOOKMARK [3][-]{subsubsection.4.3.2}{Titoli}{subsection.4.3}% 54
\BOOKMARK [2][-]{subsection.4.4}{Tabelle termodinamiche}{section.4}% 55
\BOOKMARK [3][-]{subsubsection.4.4.1}{Tabella di saturazione in pressione}{subsection.4.4}% 56
\BOOKMARK [3][-]{subsubsection.4.4.2}{Tabella di saturazione in temperatura}{subsection.4.4}% 57
\BOOKMARK [3][-]{subsubsection.4.4.3}{Tabella del vapore surriscaldato}{subsection.4.4}% 58
\BOOKMARK [3][-]{subsubsection.4.4.4}{Interpolazione lineare}{subsection.4.4}% 59
\BOOKMARK [3][-]{subsubsection.4.4.5}{interpolazione bilineare}{subsection.4.4}% 60
\BOOKMARK [3][-]{subsubsection.4.4.6}{Formule per l'acqua sottoraffreddata}{subsection.4.4}% 61
\BOOKMARK [2][-]{subsection.4.5}{Relazioni semplificate vicino al punto triplo per l'acqua}{section.4}% 62
\BOOKMARK [3][-]{subsubsection.4.5.1}{Stato solido}{subsection.4.5}% 63
\BOOKMARK [3][-]{subsubsection.4.5.2}{Stato liquido}{subsection.4.5}% 64
\BOOKMARK [3][-]{subsubsection.4.5.3}{Stato vapore}{subsection.4.5}% 65
\BOOKMARK [1][-]{section.5}{L05-Macchine termodinamiche}{part.1}% 66
\BOOKMARK [2][-]{subsection.5.1}{Macchina termodinamica}{section.5}% 67
\BOOKMARK [3][-]{subsubsection.5.1.1}{Serbatoio di calore}{subsection.5.1}% 68
\BOOKMARK [3][-]{subsubsection.5.1.2}{Serbatoio di lavoro}{subsection.5.1}% 69
\BOOKMARK [2][-]{subsection.5.2}{Macchina motrice}{section.5}% 70
\BOOKMARK [3][-]{subsubsection.5.2.1}{Rendimento}{subsection.5.2}% 71
\BOOKMARK [2][-]{subsection.5.3}{Macchina operatrice}{section.5}% 72
\BOOKMARK [3][-]{subsubsection.5.3.1}{Efficienza o COP \(coefficient of performance\)}{subsection.5.3}% 73
\BOOKMARK [2][-]{subsection.5.4}{Macchina motrice con serbatoio caldo a massa finita}{section.5}% 74
\BOOKMARK [3][-]{subsubsection.5.4.1}{Rendimento di secondo principio}{subsection.5.4}% 75
\BOOKMARK [1][-]{section.6}{L06-Sistemi aperti}{part.1}% 76
\BOOKMARK [2][-]{subsection.6.1}{Sistema aperto}{section.6}% 77
\BOOKMARK [2][-]{subsection.6.2}{Equazioni di bilancio}{section.6}% 78
\BOOKMARK [3][-]{subsubsection.6.2.1}{Bilancio di massa}{subsection.6.2}% 79
\BOOKMARK [3][-]{subsubsection.6.2.2}{Bilancio di energia}{subsection.6.2}% 80
\BOOKMARK [3][-]{subsubsection.6.2.3}{Calore scambiato}{subsection.6.2}% 81
\BOOKMARK [3][-]{subsubsection.6.2.4}{Lavoro scambiato}{subsection.6.2}% 82
\BOOKMARK [3][-]{subsubsection.6.2.5}{Lavoro di pulsione}{subsection.6.2}% 83
\BOOKMARK [3][-]{subsubsection.6.2.6}{Energia associata al trasporto di massa}{subsection.6.2}% 84
\BOOKMARK [3][-]{subsubsection.6.2.7}{Bilancio energetico}{subsection.6.2}% 85
\BOOKMARK [3][-]{subsubsection.6.2.8}{Bilancio entropico}{subsection.6.2}% 86
\BOOKMARK [3][-]{subsubsection.6.2.9}{Regime stazionario}{subsection.6.2}% 87
\BOOKMARK [2][-]{subsection.6.3}{Macchina aperta}{section.6}% 88
\BOOKMARK [2][-]{subsection.6.4}{Scambiatore di calore}{section.6}% 89
\BOOKMARK [2][-]{subsection.6.5}{Diffusore e ugello}{section.6}% 90
\BOOKMARK [2][-]{subsection.6.6}{Valvola di laminazione}{section.6}% 91
\BOOKMARK [2][-]{subsection.6.7}{Rendimento isoentropico di una macchina aperta}{section.6}% 92
\BOOKMARK [3][-]{subsubsection.6.7.1}{Turbina}{subsection.6.7}% 93
\BOOKMARK [3][-]{subsubsection.6.7.2}{Compressore e pompa}{subsection.6.7}% 94
\BOOKMARK [2][-]{subsection.6.8}{Irreversibilit\340 interna e lavoro specifico}{section.6}% 95
\BOOKMARK [3][-]{subsubsection.6.8.1}{Irreversibilit\340 interna associata al moto del fluido}{subsection.6.8}% 96
\BOOKMARK [1][-]{section.7}{L07-Cicli a gas}{part.1}% 97
\BOOKMARK [2][-]{subsection.7.1}{Cicli termodinamici a gas}{section.7}% 98
\BOOKMARK [3][-]{subsubsection.7.1.1}{Propriet\340 dei cicli simmetrici}{subsection.7.1}% 99
\BOOKMARK [2][-]{subsection.7.2}{Ciclo di Carnot}{section.7}% 100
\BOOKMARK [3][-]{subsubsection.7.2.1}{Rendimento del ciclo}{subsection.7.2}% 101
\BOOKMARK [2][-]{subsection.7.3}{Ciclo di Joule-Bryton}{section.7}% 102
\BOOKMARK [3][-]{subsubsection.7.3.1}{Rendimento del ciclo J-B \(gas perfetto, ciclo ideale simmetrico\)}{subsection.7.3}% 103
\BOOKMARK [3][-]{subsubsection.7.3.2}{Lavoro specifico del ciclo J-B \(gas perfetto, ciclo ideale simmetrico\)}{subsection.7.3}% 104
\BOOKMARK [3][-]{subsubsection.7.3.3}{Ciclo Joule-Brayton con rigenerazione}{subsection.7.3}% 105
\BOOKMARK [3][-]{subsubsection.7.3.4}{Rendimento del ciclo rigenerato ideale}{subsection.7.3}% 106
\BOOKMARK [3][-]{subsubsection.7.3.5}{Ciclo J-B aperto}{subsection.7.3}% 107
\BOOKMARK [2][-]{subsection.7.4}{Ciclo otto}{section.7}% 108
\BOOKMARK [3][-]{subsubsection.7.4.1}{Studio termodinamico del ciclo Otto}{subsection.7.4}% 109
\BOOKMARK [3][-]{subsubsection.7.4.2}{Rendimento termodinamico del ciclo Otto}{subsection.7.4}% 110
\BOOKMARK [3][-]{subsubsection.7.4.3}{Lavoro specifico del ciclo otto}{subsection.7.4}% 111
\BOOKMARK [2][-]{subsection.7.5}{Ciclo Diesel}{section.7}% 112
\BOOKMARK [3][-]{subsubsection.7.5.1}{Rendimento termodinamico del ciclo Diesel}{subsection.7.5}% 113
\BOOKMARK [3][-]{subsubsection.7.5.2}{Vantaggi del motore Otto rispetto al motore Diesel}{subsection.7.5}% 114
\BOOKMARK [2][-]{subsection.7.6}{Ciclo Joule-Brayton inverso}{section.7}% 115
\BOOKMARK [3][-]{subsubsection.7.6.1}{Efficienza del ciclo}{subsection.7.6}% 116
\BOOKMARK [2][-]{subsection.7.7}{Ciclo Stirling}{section.7}% 117
\BOOKMARK [2][-]{subsection.7.8}{Ciclo Ericsson}{section.7}% 118
\BOOKMARK [2][-]{subsection.7.9}{Riassunto dei cicli}{section.7}% 119
\BOOKMARK [1][-]{section.8}{L08-Cicli a vapore}{part.1}% 120
\BOOKMARK [2][-]{subsection.8.1}{Cicli termodinamici a vapore}{section.8}% 121
\BOOKMARK [3][-]{subsubsection.8.1.1}{Ciclo di Carnot a vapore}{subsection.8.1}% 122
\BOOKMARK [3][-]{subsubsection.8.1.2}{Caratteristiche di un fluido di lavoro per il ciclo a vapore}{subsection.8.1}% 123
\BOOKMARK [2][-]{subsection.8.2}{Ciclo Rankine}{section.8}% 124
\BOOKMARK [3][-]{subsubsection.8.2.1}{Ciclo Rankine semplice \(a vapore saturo\)}{subsection.8.2}% 125
\BOOKMARK [3][-]{subsubsection.8.2.2}{Ciclo Rankine}{subsection.8.2}% 126
\BOOKMARK [2][-]{subsection.8.3}{Ciclo frigorifero a vapore}{section.8}% 127
\BOOKMARK [3][-]{subsubsection.8.3.1}{Ciclo di Carnot inverso a vapore}{subsection.8.3}% 128
\BOOKMARK [3][-]{subsubsection.8.3.2}{Ciclo frigorifero a vapore teorico}{subsection.8.3}% 129
\BOOKMARK [3][-]{subsubsection.8.3.3}{Ciclo frigorifero a vapore}{subsection.8.3}% 130
\BOOKMARK [1][-]{section.9}{L09-Trasmissione del calore}{part.1}% 131
\BOOKMARK [2][-]{subsection.9.1}{Concetti base}{section.9}% 132
\BOOKMARK [3][-]{subsubsection.9.1.1}{Calore scambiato}{subsection.9.1}% 133
\BOOKMARK [3][-]{subsubsection.9.1.2}{Flusso termico}{subsection.9.1}% 134
\BOOKMARK [3][-]{subsubsection.9.1.3}{La conduzione}{subsection.9.1}% 135
\BOOKMARK [3][-]{subsubsection.9.1.4}{La convezione}{subsection.9.1}% 136
\BOOKMARK [3][-]{subsubsection.9.1.5}{L'irraggiamento}{subsection.9.1}% 137
\BOOKMARK [1][-]{section.10}{L10-Conduzione}{part.1}% 138
\BOOKMARK [2][-]{subsection.10.1}{Strumeti matematici}{section.10}% 139
\BOOKMARK [3][-]{subsubsection.10.1.1}{Operatore nabla}{subsection.10.1}% 140
\BOOKMARK [3][-]{subsubsection.10.1.2}{Teorema della divergenza \(o di Gauss\)}{subsection.10.1}% 141
\BOOKMARK [2][-]{subsection.10.2}{Equazione generale della conduzione}{section.10}% 142
\BOOKMARK [2][-]{subsection.10.3}{Condizioni al contorno}{section.10}% 143
\BOOKMARK [2][-]{subsection.10.4}{Sistema di coordinate}{section.10}% 144
\BOOKMARK [2][-]{subsection.10.5}{Conduzione in una dimensione con generazione interna}{section.10}% 145
\BOOKMARK [3][-]{subsubsection.10.5.1}{Parete piana indefinita}{subsection.10.5}% 146
\BOOKMARK [3][-]{subsubsection.10.5.2}{Barra cilindrica piena \(con generazione di potenza\)}{subsection.10.5}% 147
\BOOKMARK [3][-]{subsubsection.10.5.3}{Cilindro cavo \(senza generazione di potenza\)}{subsection.10.5}% 148
\BOOKMARK [3][-]{subsubsection.10.5.4}{Parete sferica cava \(senza generazione di potenza\)}{subsection.10.5}% 149
\BOOKMARK [2][-]{subsection.10.6}{Conduttivit\340 termica}{section.10}% 150
\BOOKMARK [2][-]{subsection.10.7}{Coefficiente convettivo}{section.10}% 151
\BOOKMARK [1][-]{section.11}{L11-Convezione}{part.1}% 152
\BOOKMARK [2][-]{subsection.11.1}{Introduzione}{section.11}% 153
\BOOKMARK [3][-]{subsubsection.11.1.1}{Fluidodinamica}{subsection.11.1}% 154
\BOOKMARK [3][-]{subsubsection.11.1.2}{Legge di Newton}{subsection.11.1}% 155
\BOOKMARK [3][-]{subsubsection.11.1.3}{coefficiente di scambio termico convettivo}{subsection.11.1}% 156
\BOOKMARK [3][-]{subsubsection.11.1.4}{Temperatura del fluido}{subsection.11.1}% 157
\BOOKMARK [3][-]{subsubsection.11.1.5}{Il moto dei fluidi: esempio della lastra piana}{subsection.11.1}% 158
\BOOKMARK [2][-]{subsection.11.2}{Convezione forzata}{section.11}% 159
\BOOKMARK [3][-]{subsubsection.11.2.1}{L'analisi dimensionale}{subsection.11.2}% 160
\BOOKMARK [3][-]{subsubsection.11.2.2}{Numero di Nusselt}{subsection.11.2}% 161
\BOOKMARK [3][-]{subsubsection.11.2.3}{Numero di Reynolds}{subsection.11.2}% 162
\BOOKMARK [3][-]{subsubsection.11.2.4}{Numero di Prandtl}{subsection.11.2}% 163
\BOOKMARK [3][-]{subsubsection.11.2.5}{Forma monomia}{subsection.11.2}% 164
\BOOKMARK [3][-]{subsubsection.11.2.6}{Temperature}{subsection.11.2}% 165
\BOOKMARK [3][-]{subsubsection.11.2.7}{Alcune correlazioni}{subsection.11.2}% 166
\BOOKMARK [3][-]{subsubsection.11.2.8}{Flusso all'interno di tubi}{subsection.11.2}% 167
\BOOKMARK [2][-]{subsection.11.3}{Convezione naturale}{section.11}% 168
\BOOKMARK [3][-]{subsubsection.11.3.1}{L'analisi dimensionale}{subsection.11.3}% 169
\BOOKMARK [3][-]{subsubsection.11.3.2}{Numero di Grashoff}{subsection.11.3}% 170
\BOOKMARK [3][-]{subsubsection.11.3.3}{Peclet e Rayleigh}{subsection.11.3}% 171
\BOOKMARK [3][-]{subsubsection.11.3.4}{Considerazioni}{subsection.11.3}% 172
\BOOKMARK [3][-]{subsubsection.11.3.5}{Alcune correlazioni}{subsection.11.3}% 173
\BOOKMARK [1][-]{section.12}{L12-Irraggiamento}{part.1}% 174
\BOOKMARK [2][-]{subsection.12.1}{Introduzione}{section.12}% 175
\BOOKMARK [0][-]{part.2}{II NOTE SUGLI ESERCIZI}{}% 176
\BOOKMARK [1][-]{section.13}{Linee guida per gli esercizi}{part.2}% 177
\BOOKMARK [2][-]{subsection.13.1}{Impostazione del problem}{section.13}% 178
\BOOKMARK [2][-]{subsection.13.2}{Soluzione del problema}{section.13}% 179
\BOOKMARK [2][-]{subsection.13.3}{Unit\340 di misura}{section.13}% 180
\BOOKMARK [1][-]{section.14}{Equazioni di bilancio per i sistemi chiusi}{part.2}% 181
\BOOKMARK [1][-]{section.15}{Stati monofase: equazioni di stato e trasformazioni}{part.2}% 182
\BOOKMARK [2][-]{subsection.15.1}{Gas ideali}{section.15}% 183
\BOOKMARK [2][-]{subsection.15.2}{Liquidi e solidi incomprimibili ideali}{section.15}% 184
\BOOKMARK [2][-]{subsection.15.3}{Gas reali}{section.15}% 185
\BOOKMARK [2][-]{subsection.15.4}{Liquidi e solidi reali}{section.15}% 186
\BOOKMARK [2][-]{subsection.15.5}{Trasformazioni politropiche}{section.15}% 187
\BOOKMARK [1][-]{section.16}{Stati bifase: grandezze di stato e trasformazioni}{part.2}% 188
\BOOKMARK [2][-]{subsection.16.1}{Propriet\340 termodinamiche estensive}{section.16}% 189
\BOOKMARK [2][-]{subsection.16.2}{Tabelle}{section.16}% 190
\BOOKMARK [1][-]{section.17}{Equazioni di bilancio per sistemi aperti}{part.2}% 191
\BOOKMARK [2][-]{subsection.17.1}{Sistemi aperti notevoli}{section.17}% 192
\BOOKMARK [3][-]{subsubsection.17.1.1}{Macchina aperta}{subsection.17.1}% 193
\BOOKMARK [3][-]{subsubsection.17.1.2}{Scambiatori di calore}{subsection.17.1}% 194
\BOOKMARK [3][-]{subsubsection.17.1.3}{Casi minori}{subsection.17.1}% 195
\BOOKMARK [1][-]{section.18}{Macchine termodinamiche}{part.2}% 196
\BOOKMARK [2][-]{subsection.18.1}{macchina motrice con sorgenti a temperatura cosante}{section.18}% 197
\BOOKMARK [2][-]{subsection.18.2}{macchina operatrice con sorgenti a temperatura costante}{section.18}% 198
\BOOKMARK [2][-]{subsection.18.3}{Macchina motrice con serbatoio caldo a massa finita}{section.18}% 199
\BOOKMARK [2][-]{subsection.18.4}{Rendimento di secondo principio}{section.18}% 200
\BOOKMARK [1][-]{section.19}{Cicli a gas e a vapore}{part.2}% 201
\BOOKMARK [2][-]{subsection.19.1}{Cicli a gas}{section.19}% 202
\BOOKMARK [3][-]{subsubsection.19.1.1}{Ciclo di Carnot}{subsection.19.1}% 203
\BOOKMARK [3][-]{subsubsection.19.1.2}{Ciclo Joule-Brayton}{subsection.19.1}% 204
\BOOKMARK [3][-]{subsubsection.19.1.3}{Ciclo Otto}{subsection.19.1}% 205
\BOOKMARK [3][-]{subsubsection.19.1.4}{Ciclo Diesel}{subsection.19.1}% 206
\BOOKMARK [3][-]{subsubsection.19.1.5}{Ciclo Joule-Brayton inverso}{subsection.19.1}% 207
\BOOKMARK [2][-]{subsection.19.2}{Cicli a vapore}{section.19}% 208
\BOOKMARK [3][-]{subsubsection.19.2.1}{Ciclo Rankine}{subsection.19.2}% 209
\BOOKMARK [3][-]{subsubsection.19.2.2}{Ciclo frigorifero a vapore}{subsection.19.2}% 210
\BOOKMARK [2][-]{subsection.19.3}{Osservazioni}{section.19}% 211
