This is pdfTeX, Version 3.14159265-2.6-1.40.20 (TeX Live 2019/W32TeX) (preloaded format=pdflatex 2020.3.12)  26 MAY 2020 23:22
entering extended mode
 restricted \write18 enabled.
 file:line:error style messages enabled.
 %&-line parsing enabled.
**"c:/Users/enric/Desktop/NOTES/FISICA TECNICA/riassunto/riassunto.tex"
(c:/Users/enric/Desktop/NOTES/FISICA TECNICA/riassunto/riassunto.tex
LaTeX2e <2020-02-02> patch level 5
L3 programming layer <2020-02-25> (c:/texlive/2019/texmf-dist/tex/latex/base/article.cls
Document Class: article 2019/12/20 v1.4l Standard LaTeX document class
(c:/texlive/2019/texmf-dist/tex/latex/base/size10.clo
File: size10.clo 2019/12/20 v1.4l Standard LaTeX file (size option)
)
\c@part=\count167
\c@section=\count168
\c@subsection=\count169
\c@subsubsection=\count170
\c@paragraph=\count171
\c@subparagraph=\count172
\c@figure=\count173
\c@table=\count174
\abovecaptionskip=\skip47
\belowcaptionskip=\skip48
\bibindent=\dimen134
) (c:/Users/enric/Desktop/NOTES/FISICA TECNICA/riassunto/../../preamble/preamble.tex (c:/texlive/2019/texmf-dist/tex/latex/amsmath/amsmath.sty
Package: amsmath 2020/01/20 v2.17e AMS math features
\@mathmargin=\skip49

For additional information on amsmath, use the `?' option.
(c:/texlive/2019/texmf-dist/tex/latex/amsmath/amstext.sty
Package: amstext 2000/06/29 v2.01 AMS text
 (c:/texlive/2019/texmf-dist/tex/latex/amsmath/amsgen.sty
File: amsgen.sty 1999/11/30 v2.0 generic functions
\@emptytoks=\toks15
\ex@=\dimen135
)) (c:/texlive/2019/texmf-dist/tex/latex/amsmath/amsbsy.sty
Package: amsbsy 1999/11/29 v1.2d Bold Symbols
\pmbraise@=\dimen136
) (c:/texlive/2019/texmf-dist/tex/latex/amsmath/amsopn.sty
Package: amsopn 2016/03/08 v2.02 operator names
)
\inf@bad=\count175
LaTeX Info: Redefining \frac on input line 227.
\uproot@=\count176
\leftroot@=\count177
LaTeX Info: Redefining \overline on input line 389.
\classnum@=\count178
\DOTSCASE@=\count179
LaTeX Info: Redefining \ldots on input line 486.
LaTeX Info: Redefining \dots on input line 489.
LaTeX Info: Redefining \cdots on input line 610.
\Mathstrutbox@=\box45
\strutbox@=\box46
\big@size=\dimen137
LaTeX Font Info:    Redeclaring font encoding OML on input line 733.
LaTeX Font Info:    Redeclaring font encoding OMS on input line 734.
\macc@depth=\count180
\c@MaxMatrixCols=\count181
\dotsspace@=\muskip16
\c@parentequation=\count182
\dspbrk@lvl=\count183
\tag@help=\toks16
\row@=\count184
\column@=\count185
\maxfields@=\count186
\andhelp@=\toks17
\eqnshift@=\dimen138
\alignsep@=\dimen139
\tagshift@=\dimen140
\tagwidth@=\dimen141
\totwidth@=\dimen142
\lineht@=\dimen143
\@envbody=\toks18
\multlinegap=\skip50
\multlinetaggap=\skip51
\mathdisplay@stack=\toks19
LaTeX Info: Redefining \[ on input line 2859.
LaTeX Info: Redefining \] on input line 2860.
) (c:/texlive/2019/texmf-dist/tex/latex/amsfonts/amssymb.sty
Package: amssymb 2013/01/14 v3.01 AMS font symbols
 (c:/texlive/2019/texmf-dist/tex/latex/amsfonts/amsfonts.sty
Package: amsfonts 2013/01/14 v3.01 Basic AMSFonts support
\symAMSa=\mathgroup4
\symAMSb=\mathgroup5
LaTeX Font Info:    Redeclaring math symbol \hbar on input line 98.
LaTeX Font Info:    Overwriting math alphabet `\mathfrak' in version `bold'
(Font)                  U/euf/m/n --> U/euf/b/n on input line 106.
)) (c:/texlive/2019/texmf-dist/tex/latex/graphics/graphicx.sty
Package: graphicx 2019/11/30 v1.2a Enhanced LaTeX Graphics (DPC,SPQR)
 (c:/texlive/2019/texmf-dist/tex/latex/graphics/keyval.sty
Package: keyval 2014/10/28 v1.15 key=value parser (DPC)
\KV@toks@=\toks20
) (c:/texlive/2019/texmf-dist/tex/latex/graphics/graphics.sty
Package: graphics 2019/11/30 v1.4a Standard LaTeX Graphics (DPC,SPQR)
 (c:/texlive/2019/texmf-dist/tex/latex/graphics/trig.sty
Package: trig 2016/01/03 v1.10 sin cos tan (DPC)
) (c:/texlive/2019/texmf-dist/tex/latex/graphics-cfg/graphics.cfg
File: graphics.cfg 2016/06/04 v1.11 sample graphics configuration
)
Package graphics Info: Driver file: pdftex.def on input line 105.
 (c:/texlive/2019/texmf-dist/tex/latex/graphics-def/pdftex.def
File: pdftex.def 2018/01/08 v1.0l Graphics/color driver for pdftex
))
\Gin@req@height=\dimen144
\Gin@req@width=\dimen145
) (c:/texlive/2019/texmf-dist/tex/generic/babel/babel.sty
Package: babel 2020/02/28 3.41 The Babel package
 (c:/texlive/2019/texmf-dist/tex/generic/babel/switch.def
File: switch.def 2020/02/28 3.41 Babel switching mechanism
) (c:/texlive/2019/texmf-dist/tex/generic/babel-italian/italian.ldf
Language: italian 2019/11/16 v.1.4.03 Italian support for the babel system
 (c:/texlive/2019/texmf-dist/tex/generic/babel/babel.def
File: babel.def 2020/02/28 3.41 Babel common definitions
\babel@savecnt=\count187
\U@D=\dimen146
 (c:/texlive/2019/texmf-dist/tex/generic/babel/txtbabel.def)
\bbl@readstream=\read2
\bbl@dirlevel=\count188
)
\it@lettering=\count189
\it@doublequoteactive=\count190
\it@ISOcompliance=\count191
)) (c:/texlive/2019/texmf-dist/tex/latex/etoolbox/etoolbox.sty
Package: etoolbox 2019/09/21 v2.5h e-TeX tools for LaTeX (JAW)
\etb@tempcnta=\count192
) (c:/texlive/2019/texmf-dist/tex/latex/import/import.sty
Package: import 2020/01/22  v 6.0
) (c:/texlive/2019/texmf-dist/tex/latex/xifthen/xifthen.sty
Package: xifthen 2015/11/05 v1.4.0 Extended ifthen features
 (c:/texlive/2019/texmf-dist/tex/latex/tools/calc.sty
Package: calc 2017/05/25 v4.3 Infix arithmetic (KKT,FJ)
\calc@Acount=\count193
\calc@Bcount=\count194
\calc@Adimen=\dimen147
\calc@Bdimen=\dimen148
\calc@Askip=\skip52
\calc@Bskip=\skip53
LaTeX Info: Redefining \setlength on input line 80.
LaTeX Info: Redefining \addtolength on input line 81.
\calc@Ccount=\count195
\calc@Cskip=\skip54
) (c:/texlive/2019/texmf-dist/tex/latex/base/ifthen.sty
Package: ifthen 2014/09/29 v1.1c Standard LaTeX ifthen package (DPC)
) (c:/texlive/2019/texmf-dist/tex/latex/ifmtarg/ifmtarg.sty
Package: ifmtarg 2018/04/16 v1.2b check for an empty argument
)) (c:/texlive/2019/texmf-dist/tex/latex/pdfpages/pdfpages.sty
Package: pdfpages 2020/01/28 v0.5q Insert pages of external PDF documents (AM)
 (c:/texlive/2019/texmf-dist/tex/latex/eso-pic/eso-pic.sty
Package: eso-pic 2018/04/12 v2.0h eso-pic (RN)
 (c:/texlive/2019/texmf-dist/tex/generic/atbegshi/atbegshi.sty
Package: atbegshi 2019/12/05 v1.19 At begin shipout hook (HO)
 (c:/texlive/2019/texmf-dist/tex/generic/infwarerr/infwarerr.sty
Package: infwarerr 2019/12/03 v1.5 Providing info/warning/error messages (HO)
) (c:/texlive/2019/texmf-dist/tex/generic/ltxcmds/ltxcmds.sty
Package: ltxcmds 2019/12/15 v1.24 LaTeX kernel commands for general use (HO)
) (c:/texlive/2019/texmf-dist/tex/generic/iftex/iftex.sty
Package: iftex 2019/11/07 v1.0c TeX engine tests
)) (c:/texlive/2019/texmf-dist/tex/latex/xcolor/xcolor.sty
Package: xcolor 2016/05/11 v2.12 LaTeX color extensions (UK)
 (c:/texlive/2019/texmf-dist/tex/latex/graphics-cfg/color.cfg
File: color.cfg 2016/01/02 v1.6 sample color configuration
)
Package xcolor Info: Driver file: pdftex.def on input line 225.
Package xcolor Info: Model `cmy' substituted by `cmy0' on input line 1348.
Package xcolor Info: Model `hsb' substituted by `rgb' on input line 1352.
Package xcolor Info: Model `RGB' extended on input line 1364.
Package xcolor Info: Model `HTML' substituted by `rgb' on input line 1366.
Package xcolor Info: Model `Hsb' substituted by `hsb' on input line 1367.
Package xcolor Info: Model `tHsb' substituted by `hsb' on input line 1368.
Package xcolor Info: Model `HSB' substituted by `hsb' on input line 1369.
Package xcolor Info: Model `Gray' substituted by `gray' on input line 1370.
Package xcolor Info: Model `wave' substituted by `hsb' on input line 1371.
))
\AM@pagewidth=\dimen149
\AM@pageheight=\dimen150
 (c:/texlive/2019/texmf-dist/tex/latex/pdfpages/pppdftex.def
File: pppdftex.def 2020/01/28 v0.5q Pdfpages driver for pdfTeX (AM)
)
\AM@pagebox=\box47
\AM@global@opts=\toks21
\AM@pagecnt=\count196
\AM@toc@title=\toks22
\c@AM@survey=\count197
\AM@templatesizebox=\box48
) (c:/texlive/2019/texmf-dist/tex/latex/transparent/transparent.sty
Package: transparent 2019/11/29 v1.4 Transparency via pdfTeX's color stack (HO)
 (c:/texlive/2019/texmf-dist/tex/latex/auxhook/auxhook.sty
Package: auxhook 2019-12-17 v1.6 Hooks for auxiliary files (HO)
)) (c:/texlive/2019/texmf-dist/tex/latex/cancel/cancel.sty
Package: cancel 2013/04/12 v2.2 Cancel math terms
) (c:/texlive/2019/texmf-dist/tex/latex/geometry/geometry.sty
Package: geometry 2020/01/02 v5.9 Page Geometry
 (c:/texlive/2019/texmf-dist/tex/generic/iftex/ifvtex.sty
Package: ifvtex 2019/10/25 v1.7 ifvtex legacy package. Use iftex instead.
)
\Gm@cnth=\count198
\Gm@cntv=\count199
\c@Gm@tempcnt=\count266
\Gm@bindingoffset=\dimen151
\Gm@wd@mp=\dimen152
\Gm@odd@mp=\dimen153
\Gm@even@mp=\dimen154
\Gm@layoutwidth=\dimen155
\Gm@layoutheight=\dimen156
\Gm@layouthoffset=\dimen157
\Gm@layoutvoffset=\dimen158
\Gm@dimlist=\toks23
) (c:/texlive/2019/texmf-dist/tex/latex/tcolorbox/tcolorbox.sty
Package: tcolorbox 2019/11/15 version 4.22 text color boxes
 (c:/texlive/2019/texmf-dist/tex/latex/pgf/basiclayer/pgf.sty (c:/texlive/2019/texmf-dist/tex/latex/pgf/utilities/pgfrcs.sty (c:/texlive/2019/texmf-dist/tex/generic/pgf/utilities/pgfutil-common.tex
\pgfutil@everybye=\toks24
\pgfutil@tempdima=\dimen159
\pgfutil@tempdimb=\dimen160
 (c:/texlive/2019/texmf-dist/tex/generic/pgf/utilities/pgfutil-common-lists.tex)) (c:/texlive/2019/texmf-dist/tex/generic/pgf/utilities/pgfutil-latex.def
\pgfutil@abb=\box49
 (c:/texlive/2019/texmf-dist/tex/latex/ms/everyshi.sty
Package: everyshi 2001/05/15 v3.00 EveryShipout Package (MS)
)) (c:/texlive/2019/texmf-dist/tex/generic/pgf/utilities/pgfrcs.code.tex (c:/texlive/2019/texmf-dist/tex/generic/pgf/pgf.revision.tex)
Package: pgfrcs 2020/01/08 v3.1.5b (3.1.5b)
))
Package: pgf 2020/01/08 v3.1.5b (3.1.5b)
 (c:/texlive/2019/texmf-dist/tex/latex/pgf/basiclayer/pgfcore.sty (c:/texlive/2019/texmf-dist/tex/latex/pgf/systemlayer/pgfsys.sty (c:/texlive/2019/texmf-dist/tex/generic/pgf/systemlayer/pgfsys.code.tex
Package: pgfsys 2020/01/08 v3.1.5b (3.1.5b)
 (c:/texlive/2019/texmf-dist/tex/generic/pgf/utilities/pgfkeys.code.tex
\pgfkeys@pathtoks=\toks25
\pgfkeys@temptoks=\toks26
 (c:/texlive/2019/texmf-dist/tex/generic/pgf/utilities/pgfkeysfiltered.code.tex
\pgfkeys@tmptoks=\toks27
))
\pgf@x=\dimen161
\pgf@y=\dimen162
\pgf@xa=\dimen163
\pgf@ya=\dimen164
\pgf@xb=\dimen165
\pgf@yb=\dimen166
\pgf@xc=\dimen167
\pgf@yc=\dimen168
\pgf@xd=\dimen169
\pgf@yd=\dimen170
\w@pgf@writea=\write3
\r@pgf@reada=\read3
\c@pgf@counta=\count267
\c@pgf@countb=\count268
\c@pgf@countc=\count269
\c@pgf@countd=\count270
\t@pgf@toka=\toks28
\t@pgf@tokb=\toks29
\t@pgf@tokc=\toks30
\pgf@sys@id@count=\count271
 (c:/texlive/2019/texmf-dist/tex/generic/pgf/systemlayer/pgf.cfg
File: pgf.cfg 2020/01/08 v3.1.5b (3.1.5b)
)
Driver file for pgf: pgfsys-pdftex.def
 (c:/texlive/2019/texmf-dist/tex/generic/pgf/systemlayer/pgfsys-pdftex.def
File: pgfsys-pdftex.def 2020/01/08 v3.1.5b (3.1.5b)
 (c:/texlive/2019/texmf-dist/tex/generic/pgf/systemlayer/pgfsys-common-pdf.def
File: pgfsys-common-pdf.def 2020/01/08 v3.1.5b (3.1.5b)
))) (c:/texlive/2019/texmf-dist/tex/generic/pgf/systemlayer/pgfsyssoftpath.code.tex
File: pgfsyssoftpath.code.tex 2020/01/08 v3.1.5b (3.1.5b)
\pgfsyssoftpath@smallbuffer@items=\count272
\pgfsyssoftpath@bigbuffer@items=\count273
) (c:/texlive/2019/texmf-dist/tex/generic/pgf/systemlayer/pgfsysprotocol.code.tex
File: pgfsysprotocol.code.tex 2020/01/08 v3.1.5b (3.1.5b)
)) (c:/texlive/2019/texmf-dist/tex/generic/pgf/basiclayer/pgfcore.code.tex
Package: pgfcore 2020/01/08 v3.1.5b (3.1.5b)
 (c:/texlive/2019/texmf-dist/tex/generic/pgf/math/pgfmath.code.tex (c:/texlive/2019/texmf-dist/tex/generic/pgf/math/pgfmathcalc.code.tex (c:/texlive/2019/texmf-dist/tex/generic/pgf/math/pgfmathutil.code.tex) (c:/texlive/2019/texmf-dist/tex/generic/pgf/math/pgfmathparser.code.tex
\pgfmath@dimen=\dimen171
\pgfmath@count=\count274
\pgfmath@box=\box50
\pgfmath@toks=\toks31
\pgfmath@stack@operand=\toks32
\pgfmath@stack@operation=\toks33
) (c:/texlive/2019/texmf-dist/tex/generic/pgf/math/pgfmathfunctions.code.tex (c:/texlive/2019/texmf-dist/tex/generic/pgf/math/pgfmathfunctions.basic.code.tex) (c:/texlive/2019/texmf-dist/tex/generic/pgf/math/pgfmathfunctions.trigonometric.code.tex) (c:/texlive/2019/texmf-dist/tex/generic/pgf/math/pgfmathfunctions.random.code.tex) (c:/texlive/2019/texmf-dist/tex/generic/pgf/math/pgfmathfunctions.comparison.code.tex) (c:/texlive/2019/texmf-dist/tex/generic/pgf/math/pgfmathfunctions.base.code.tex) (c:/texlive/2019/texmf-dist/tex/generic/pgf/math/pgfmathfunctions.round.code.tex) (c:/texlive/2019/texmf-dist/tex/generic/pgf/math/pgfmathfunctions.misc.code.tex) (c:/texlive/2019/texmf-dist/tex/generic/pgf/math/pgfmathfunctions.integerarithmetics.code.tex))) (c:/texlive/2019/texmf-dist/tex/generic/pgf/math/pgfmathfloat.code.tex
\c@pgfmathroundto@lastzeros=\count275
)) (c:/texlive/2019/texmf-dist/tex/generic/pgf/math/pgfint.code.tex) (c:/texlive/2019/texmf-dist/tex/generic/pgf/basiclayer/pgfcorepoints.code.tex
File: pgfcorepoints.code.tex 2020/01/08 v3.1.5b (3.1.5b)
\pgf@picminx=\dimen172
\pgf@picmaxx=\dimen173
\pgf@picminy=\dimen174
\pgf@picmaxy=\dimen175
\pgf@pathminx=\dimen176
\pgf@pathmaxx=\dimen177
\pgf@pathminy=\dimen178
\pgf@pathmaxy=\dimen179
\pgf@xx=\dimen180
\pgf@xy=\dimen181
\pgf@yx=\dimen182
\pgf@yy=\dimen183
\pgf@zx=\dimen184
\pgf@zy=\dimen185
) (c:/texlive/2019/texmf-dist/tex/generic/pgf/basiclayer/pgfcorepathconstruct.code.tex
File: pgfcorepathconstruct.code.tex 2020/01/08 v3.1.5b (3.1.5b)
\pgf@path@lastx=\dimen186
\pgf@path@lasty=\dimen187
) (c:/texlive/2019/texmf-dist/tex/generic/pgf/basiclayer/pgfcorepathusage.code.tex
File: pgfcorepathusage.code.tex 2020/01/08 v3.1.5b (3.1.5b)
\pgf@shorten@end@additional=\dimen188
\pgf@shorten@start@additional=\dimen189
) (c:/texlive/2019/texmf-dist/tex/generic/pgf/basiclayer/pgfcorescopes.code.tex
File: pgfcorescopes.code.tex 2020/01/08 v3.1.5b (3.1.5b)
\pgfpic=\box51
\pgf@hbox=\box52
\pgf@layerbox@main=\box53
\pgf@picture@serial@count=\count276
) (c:/texlive/2019/texmf-dist/tex/generic/pgf/basiclayer/pgfcoregraphicstate.code.tex
File: pgfcoregraphicstate.code.tex 2020/01/08 v3.1.5b (3.1.5b)
\pgflinewidth=\dimen190
) (c:/texlive/2019/texmf-dist/tex/generic/pgf/basiclayer/pgfcoretransformations.code.tex
File: pgfcoretransformations.code.tex 2020/01/08 v3.1.5b (3.1.5b)
\pgf@pt@x=\dimen191
\pgf@pt@y=\dimen192
\pgf@pt@temp=\dimen193
) (c:/texlive/2019/texmf-dist/tex/generic/pgf/basiclayer/pgfcorequick.code.tex
File: pgfcorequick.code.tex 2020/01/08 v3.1.5b (3.1.5b)
) (c:/texlive/2019/texmf-dist/tex/generic/pgf/basiclayer/pgfcoreobjects.code.tex
File: pgfcoreobjects.code.tex 2020/01/08 v3.1.5b (3.1.5b)
) (c:/texlive/2019/texmf-dist/tex/generic/pgf/basiclayer/pgfcorepathprocessing.code.tex
File: pgfcorepathprocessing.code.tex 2020/01/08 v3.1.5b (3.1.5b)
) (c:/texlive/2019/texmf-dist/tex/generic/pgf/basiclayer/pgfcorearrows.code.tex
File: pgfcorearrows.code.tex 2020/01/08 v3.1.5b (3.1.5b)
\pgfarrowsep=\dimen194
) (c:/texlive/2019/texmf-dist/tex/generic/pgf/basiclayer/pgfcoreshade.code.tex
File: pgfcoreshade.code.tex 2020/01/08 v3.1.5b (3.1.5b)
\pgf@max=\dimen195
\pgf@sys@shading@range@num=\count277
\pgf@shadingcount=\count278
) (c:/texlive/2019/texmf-dist/tex/generic/pgf/basiclayer/pgfcoreimage.code.tex
File: pgfcoreimage.code.tex 2020/01/08 v3.1.5b (3.1.5b)
 (c:/texlive/2019/texmf-dist/tex/generic/pgf/basiclayer/pgfcoreexternal.code.tex
File: pgfcoreexternal.code.tex 2020/01/08 v3.1.5b (3.1.5b)
\pgfexternal@startupbox=\box54
)) (c:/texlive/2019/texmf-dist/tex/generic/pgf/basiclayer/pgfcorelayers.code.tex
File: pgfcorelayers.code.tex 2020/01/08 v3.1.5b (3.1.5b)
) (c:/texlive/2019/texmf-dist/tex/generic/pgf/basiclayer/pgfcoretransparency.code.tex
File: pgfcoretransparency.code.tex 2020/01/08 v3.1.5b (3.1.5b)
) (c:/texlive/2019/texmf-dist/tex/generic/pgf/basiclayer/pgfcorepatterns.code.tex
File: pgfcorepatterns.code.tex 2020/01/08 v3.1.5b (3.1.5b)
) (c:/texlive/2019/texmf-dist/tex/generic/pgf/basiclayer/pgfcorerdf.code.tex
File: pgfcorerdf.code.tex 2020/01/08 v3.1.5b (3.1.5b)
))) (c:/texlive/2019/texmf-dist/tex/generic/pgf/modules/pgfmoduleshapes.code.tex
File: pgfmoduleshapes.code.tex 2020/01/08 v3.1.5b (3.1.5b)
\pgfnodeparttextbox=\box55
) (c:/texlive/2019/texmf-dist/tex/generic/pgf/modules/pgfmoduleplot.code.tex
File: pgfmoduleplot.code.tex 2020/01/08 v3.1.5b (3.1.5b)
) (c:/texlive/2019/texmf-dist/tex/latex/pgf/compatibility/pgfcomp-version-0-65.sty
Package: pgfcomp-version-0-65 2020/01/08 v3.1.5b (3.1.5b)
\pgf@nodesepstart=\dimen196
\pgf@nodesepend=\dimen197
) (c:/texlive/2019/texmf-dist/tex/latex/pgf/compatibility/pgfcomp-version-1-18.sty
Package: pgfcomp-version-1-18 2020/01/08 v3.1.5b (3.1.5b)
)) (c:/texlive/2019/texmf-dist/tex/latex/tools/verbatim.sty
Package: verbatim 2019/11/10 v1.5r LaTeX2e package for verbatim enhancements
\every@verbatim=\toks34
\verbatim@line=\toks35
\verbatim@in@stream=\read4
) (c:/texlive/2019/texmf-dist/tex/latex/environ/environ.sty
Package: environ 2014/05/04 v0.3 A new way to define environments
 (c:/texlive/2019/texmf-dist/tex/latex/trimspaces/trimspaces.sty
Package: trimspaces 2009/09/17 v1.1 Trim spaces around a token list
))
\tcb@titlebox=\box56
\tcb@upperbox=\box57
\tcb@lowerbox=\box58
\tcb@phantombox=\box59
\c@tcbbreakpart=\count279
\c@tcblayer=\count280
\tcolorbox@number=\count281
\tcb@temp=\box60
\tcb@temp=\box61
\tcb@temp=\box62
\tcb@temp=\box63
\tcb@out=\write4
\tcb@record@out=\write5
) (c:/texlive/2019/texmf-dist/tex/latex/hyperref/hyperref.sty
Package: hyperref 2020/01/14 v7.00d Hypertext links for LaTeX
 (c:/texlive/2019/texmf-dist/tex/latex/pdftexcmds/pdftexcmds.sty
Package: pdftexcmds 2019/11/24 v0.31 Utility functions of pdfTeX for LuaTeX (HO)
Package pdftexcmds Info: \pdf@primitive is available.
Package pdftexcmds Info: \pdf@ifprimitive is available.
Package pdftexcmds Info: \pdfdraftmode found.
) (c:/texlive/2019/texmf-dist/tex/generic/kvsetkeys/kvsetkeys.sty
Package: kvsetkeys 2019/12/15 v1.18 Key value parser (HO)
) (c:/texlive/2019/texmf-dist/tex/generic/kvdefinekeys/kvdefinekeys.sty
Package: kvdefinekeys 2019-12-19 v1.6 Define keys (HO)
) (c:/texlive/2019/texmf-dist/tex/generic/pdfescape/pdfescape.sty
Package: pdfescape 2019/12/09 v1.15 Implements pdfTeX's escape features (HO)
) (c:/texlive/2019/texmf-dist/tex/latex/hycolor/hycolor.sty
Package: hycolor 2020-01-27 v1.10 Color options for hyperref/bookmark (HO)
) (c:/texlive/2019/texmf-dist/tex/latex/letltxmacro/letltxmacro.sty
Package: letltxmacro 2019/12/03 v1.6 Let assignment for LaTeX macros (HO)
) (c:/texlive/2019/texmf-dist/tex/latex/kvoptions/kvoptions.sty
Package: kvoptions 2019/11/29 v3.13 Key value format for package options (HO)
)
\@linkdim=\dimen198
\Hy@linkcounter=\count282
\Hy@pagecounter=\count283
 (c:/texlive/2019/texmf-dist/tex/latex/hyperref/pd1enc.def
File: pd1enc.def 2020/01/14 v7.00d Hyperref: PDFDocEncoding definition (HO)
Now handling font encoding PD1 ...
... no UTF-8 mapping file for font encoding PD1
) (c:/texlive/2019/texmf-dist/tex/generic/intcalc/intcalc.sty
Package: intcalc 2019/12/15 v1.3 Expandable calculations with integers (HO)
) (c:/texlive/2019/texmf-dist/tex/generic/etexcmds/etexcmds.sty
Package: etexcmds 2019/12/15 v1.7 Avoid name clashes with e-TeX commands (HO)
)
\Hy@SavedSpaceFactor=\count284
\pdfmajorversion=\count285
Package hyperref Info: Hyper figures OFF on input line 4547.
Package hyperref Info: Link nesting OFF on input line 4552.
Package hyperref Info: Hyper index ON on input line 4555.
Package hyperref Info: Plain pages OFF on input line 4562.
Package hyperref Info: Backreferencing OFF on input line 4567.
Package hyperref Info: Implicit mode ON; LaTeX internals redefined.
Package hyperref Info: Bookmarks ON on input line 4800.
\c@Hy@tempcnt=\count286
 (c:/texlive/2019/texmf-dist/tex/latex/url/url.sty
\Urlmuskip=\muskip17
Package: url 2013/09/16  ver 3.4  Verb mode for urls, etc.
)
LaTeX Info: Redefining \url on input line 5159.
\XeTeXLinkMargin=\dimen199
 (c:/texlive/2019/texmf-dist/tex/generic/bitset/bitset.sty
Package: bitset 2019/12/09 v1.3 Handle bit-vector datatype (HO)
 (c:/texlive/2019/texmf-dist/tex/generic/bigintcalc/bigintcalc.sty
Package: bigintcalc 2019/12/15 v1.5 Expandable calculations on big integers (HO)
))
\Fld@menulength=\count287
\Field@Width=\dimen256
\Fld@charsize=\dimen257
Package hyperref Info: Hyper figures OFF on input line 6430.
Package hyperref Info: Link nesting OFF on input line 6435.
Package hyperref Info: Hyper index ON on input line 6438.
Package hyperref Info: backreferencing OFF on input line 6445.
Package hyperref Info: Link coloring OFF on input line 6450.
Package hyperref Info: Link coloring with OCG OFF on input line 6455.
Package hyperref Info: PDF/A mode OFF on input line 6460.
LaTeX Info: Redefining \ref on input line 6500.
LaTeX Info: Redefining \pageref on input line 6504.
\Hy@abspage=\count288
\c@Item=\count289
\c@Hfootnote=\count290
)
Package hyperref Info: Driver (autodetected): hpdftex.
 (c:/texlive/2019/texmf-dist/tex/latex/hyperref/hpdftex.def
File: hpdftex.def 2020/01/14 v7.00d Hyperref driver for pdfTeX
 (c:/texlive/2019/texmf-dist/tex/latex/atveryend/atveryend.sty
Package: atveryend 2019-12-11 v1.11 Hooks at the very end of document (HO)
)
\Fld@listcount=\count291
\c@bookmark@seq@number=\count292
 (c:/texlive/2019/texmf-dist/tex/latex/rerunfilecheck/rerunfilecheck.sty
Package: rerunfilecheck 2019/12/05 v1.9 Rerun checks for auxiliary files (HO)
 (c:/texlive/2019/texmf-dist/tex/generic/uniquecounter/uniquecounter.sty
Package: uniquecounter 2019/12/15 v1.4 Provide unlimited unique counter (HO)
)
Package uniquecounter Info: New unique counter `rerunfilecheck' on input line 286.
)
\Hy@SectionHShift=\skip55
) (c:/texlive/2019/texmf-dist/tex/latex/base/makeidx.sty
Package: makeidx 2014/09/29 v1.0m Standard LaTeX package
)
\@indexfile=\write6
\openout6 = `riassunto.idx'.


Writing index file riassunto.idx
) (c:/texlive/2019/texmf-dist/tex/latex/sectsty/sectsty.sty
Package: sectsty 2002/02/25 v2.0.2 Commands to change all sectional heading styles


LaTeX Warning: Command \underbar  has changed.
               Check if current package is valid.


LaTeX Warning: Command \underline  has changed.
               Check if current package is valid.

) (c:/texlive/2019/texmf-dist/tex/latex/l3backend/l3backend-pdfmode.def
File: l3backend-pdfmode.def 2020-02-23 L3 backend support: PDF mode
\l__kernel_color_stack_int=\count293
\l__pdf_internal_box=\box64
)

LaTeX Warning: Unused global option(s):
    [9pt].

(c:/Users/enric/Desktop/NOTES/FISICA TECNICA/riassunto/riassunto.aux)
\openout1 = `riassunto.aux'.

LaTeX Font Info:    Checking defaults for OML/cmm/m/it on input line 10.
LaTeX Font Info:    ... okay on input line 10.
LaTeX Font Info:    Checking defaults for OMS/cmsy/m/n on input line 10.
LaTeX Font Info:    ... okay on input line 10.
LaTeX Font Info:    Checking defaults for OT1/cmr/m/n on input line 10.
LaTeX Font Info:    ... okay on input line 10.
LaTeX Font Info:    Checking defaults for T1/cmr/m/n on input line 10.
LaTeX Font Info:    ... okay on input line 10.
LaTeX Font Info:    Checking defaults for TS1/cmr/m/n on input line 10.
LaTeX Font Info:    ... okay on input line 10.
LaTeX Font Info:    Checking defaults for OMX/cmex/m/n on input line 10.
LaTeX Font Info:    ... okay on input line 10.
LaTeX Font Info:    Checking defaults for U/cmr/m/n on input line 10.
LaTeX Font Info:    ... okay on input line 10.
LaTeX Font Info:    Checking defaults for PD1/pdf/m/n on input line 10.
LaTeX Font Info:    ... okay on input line 10.
 (c:/texlive/2019/texmf-dist/tex/context/base/mkii/supp-pdf.mkii
[Loading MPS to PDF converter (version 2006.09.02).]
\scratchcounter=\count294
\scratchdimen=\dimen258
\scratchbox=\box65
\nofMPsegments=\count295
\nofMParguments=\count296
\everyMPshowfont=\toks36
\MPscratchCnt=\count297
\MPscratchDim=\dimen259
\MPnumerator=\count298
\makeMPintoPDFobject=\count299
\everyMPtoPDFconversion=\toks37
) (c:/texlive/2019/texmf-dist/tex/latex/epstopdf-pkg/epstopdf-base.sty
Package: epstopdf-base 2020-01-24 v2.11 Base part for package epstopdf
Package epstopdf-base Info: Redefining graphics rule for `.eps' on input line 485.
 (c:/texlive/2019/texmf-dist/tex/latex/latexconfig/epstopdf-sys.cfg
File: epstopdf-sys.cfg 2010/07/13 v1.3 Configuration of (r)epstopdf for TeX Live
))
LaTeX Info: Redefining \it@ocap on input line 10.
LaTeX Info: Redefining \it@ccap on input line 10.


File italian.ldf warning: 
italian.ldf    With OT1 encoding guillemets are poorly faked
italian.ldf    Use T1 encoding
italian.ldf    or specify a font with command \CaporaliFrom
italian.ldf    See the documentation concerning the babel-italian typesetting 
italian.ldf    on input line 10.

\AtBeginShipoutBox=\box66
(c:/texlive/2019/texmf-dist/tex/latex/pdflscape/pdflscape.sty
Package: pdflscape 2019/12/05 v0.12 Display of landscape pages in PDF (HO)
 (c:/texlive/2019/texmf-dist/tex/latex/graphics/lscape.sty
Package: lscape 2000/10/22 v3.01 Landscape Pages (DPC)
)
Package pdflscape Info: Auto-detected driver: pdftex on input line 81.
)
*geometry* driver: auto-detecting
*geometry* detected driver: pdftex
*geometry* verbose mode - [ preamble ] result:
* driver: pdftex
* paper: a4paper
* layout: <same size as paper>
* layoutoffset:(h,v)=(0.0pt,0.0pt)
* modes: 
* h-part:(L,W,R)=(99.58464pt, 423.94608pt, 73.97716pt)
* v-part:(T,H,B)=(73.97716pt, 728.39056pt, 42.67912pt)
* \paperwidth=597.50787pt
* \paperheight=845.04684pt
* \textwidth=423.94608pt
* \textheight=728.39056pt
* \oddsidemargin=27.31465pt
* \evensidemargin=27.31465pt
* \topmargin=-35.29283pt
* \headheight=12.0pt
* \headsep=25.0pt
* \topskip=10.0pt
* \footskip=30.0pt
* \marginparwidth=57.0pt
* \marginparsep=11.0pt
* \columnsep=10.0pt
* \skip\footins=9.0pt plus 4.0pt minus 2.0pt
* \hoffset=0.0pt
* \voffset=0.0pt
* \mag=1000
* \@twocolumnfalse
* \@twosidefalse
* \@mparswitchfalse
* \@reversemarginfalse
* (1in=72.27pt=25.4mm, 1cm=28.453pt)

ABD: EveryShipout initializing macros
Package hyperref Info: Link coloring OFF on input line 10.
 (c:/texlive/2019/texmf-dist/tex/latex/hyperref/nameref.sty
Package: nameref 2019/09/16 v2.46 Cross-referencing by name of section
 (c:/texlive/2019/texmf-dist/tex/latex/refcount/refcount.sty
Package: refcount 2019/12/15 v3.6 Data extraction from label references (HO)
) (c:/texlive/2019/texmf-dist/tex/generic/gettitlestring/gettitlestring.sty
Package: gettitlestring 2019/12/15 v1.6 Cleanup title references (HO)
)
\c@section@level=\count300
)
LaTeX Info: Redefining \ref on input line 10.
LaTeX Info: Redefining \pageref on input line 10.
LaTeX Info: Redefining \nameref on input line 10.
 (c:/Users/enric/Desktop/NOTES/FISICA TECNICA/riassunto/riassunto.out) (c:/Users/enric/Desktop/NOTES/FISICA TECNICA/riassunto/riassunto.out)
\@outlinefile=\write7
\openout7 = `riassunto.out'.

LaTeX Font Info:    Trying to load font information for U+msa on input line 12.
 (c:/texlive/2019/texmf-dist/tex/latex/amsfonts/umsa.fd
File: umsa.fd 2013/01/14 v3.01 AMS symbols A
)
LaTeX Font Info:    Trying to load font information for U+msb on input line 12.
 (c:/texlive/2019/texmf-dist/tex/latex/amsfonts/umsb.fd
File: umsb.fd 2013/01/14 v3.01 AMS symbols B
) (c:/Users/enric/Desktop/NOTES/FISICA TECNICA/riassunto/riassunto.toc [1

{c:/texlive/2019/texmf-var/fonts/map/pdftex/updmap/pdftex.map}] [2] [3] [4])
\tf@toc=\write8
\openout8 = `riassunto.toc'.

 [5] [6] (c:/Users/enric/Desktop/NOTES/FISICA TECNICA/riassunto/../L01/L01.tex
Underfull \hbox (badness 10000) in paragraph at lines 5--16

 []


Underfull \hbox (badness 10000) in paragraph at lines 5--16

 []


Underfull \hbox (badness 10000) in paragraph at lines 5--16

 []


Underfull \hbox (badness 10000) in paragraph at lines 5--16

 []


Underfull \hbox (badness 10000) in paragraph at lines 5--16

 []

LaTeX Font Info:    Trying to load font information for TS1+cmss on input line 18.
(c:/texlive/2019/texmf-dist/tex/latex/base/ts1cmss.fd
File: ts1cmss.fd 2019/12/16 v2.5j Standard LaTeX font definitions
)
Underfull \hbox (badness 10000) in paragraph at lines 24--27

 []


Underfull \hbox (badness 10000) in paragraph at lines 28--31

 []

<../L01/img1.PNG, id=1101, 673.76718pt x 129.48375pt>
File: ../L01/img1.PNG Graphic file (type png)
<use ../L01/img1.PNG>
Package pdftex.def Info: ../L01/img1.PNG  used on input line 40.
(pdftex.def)             Requested size: 296.10892pt x 56.9055pt.
[7]
Underfull \hbox (badness 10000) in paragraph at lines 42--48

 []


Underfull \hbox (badness 10000) in paragraph at lines 42--48

 []


Underfull \hbox (badness 10000) in paragraph at lines 52--58

 []

<../L01/img2.PNG, id=1111, 599.23875pt x 260.47313pt>
File: ../L01/img2.PNG Graphic file (type png)
<use ../L01/img2.PNG>
Package pdftex.def Info: ../L01/img2.PNG  used on input line 61.
(pdftex.def)             Requested size: 261.82799pt x 113.81102pt.
<../L01/img3.PNG, id=1112, 637.63219pt x 257.46187pt>
File: ../L01/img3.PNG Graphic file (type png)
<use ../L01/img3.PNG>
Package pdftex.def Info: ../L01/img3.PNG  used on input line 67.
(pdftex.def)             Requested size: 211.39221pt x 85.35826pt.

Underfull \hbox (badness 10000) in paragraph at lines 70--73

 []

[8 <../L01/img1.PNG> <../L01/img2.PNG> <../L01/img3.PNG>]
Overfull \hbox (7.89763pt too wide) in paragraph at lines 85--85
[]\OT1/cmss/bx/n/20.74 Equazione di sta-to nel-le coor-di-na-te P,v,T 
 []


Underfull \hbox (badness 10000) in paragraph at lines 89--93

 []

<../L01/img4.PNG, id=1122, 338.76563pt x 274.77657pt>
File: ../L01/img4.PNG Graphic file (type png)
<use ../L01/img4.PNG>
Package pdftex.def Info: ../L01/img4.PNG  used on input line 94.
(pdftex.def)             Requested size: 175.39926pt x 142.26378pt.
[9 <../L01/img4.PNG>]
<../L01/img5.PNG, id=1129, 321.45094pt x 276.28218pt>
File: ../L01/img5.PNG Graphic file (type png)
<use ../L01/img5.PNG>
Package pdftex.def Info: ../L01/img5.PNG  used on input line 116.
(pdftex.def)             Requested size: 165.5221pt x 142.26378pt.

Underfull \hbox (badness 10000) in paragraph at lines 119--122

 []

<../L01/img8.PNG, id=1130, 508.90125pt x 225.84375pt>
File: ../L01/img8.PNG Graphic file (type png)
<use ../L01/img8.PNG>
Package pdftex.def Info: ../L01/img8.PNG  used on input line 127.
(pdftex.def)             Requested size: 192.34395pt x 85.35826pt.
<../L01/img6.PNG, id=1131, 319.94531pt x 271.0125pt>
File: ../L01/img6.PNG Graphic file (type png)
<use ../L01/img6.PNG>
Package pdftex.def Info: ../L01/img6.PNG  used on input line 130.
(pdftex.def)             Requested size: 167.95427pt x 142.26378pt.
<../L01/img9.PNG, id=1132, 395.97937pt x 131.74219pt>
File: ../L01/img9.PNG Graphic file (type png)
<use ../L01/img9.PNG>
Package pdftex.def Info: ../L01/img9.PNG  used on input line 144.
(pdftex.def)             Requested size: 256.5739pt x 85.35826pt.
[10 <../L01/img5.PNG> <../L01/img8.PNG> <../L01/img6.PNG>]
<../L01/img7.PNG, id=1143, 350.81062pt x 300.3722pt>
File: ../L01/img7.PNG Graphic file (type png)
<use ../L01/img7.PNG>
Package pdftex.def Info: ../L01/img7.PNG  used on input line 147.
(pdftex.def)             Requested size: 166.155pt x 142.26378pt.
) [11 <../L01/img9.PNG> <../L01/img7.PNG>] (c:/Users/enric/Desktop/NOTES/FISICA TECNICA/riassunto/../L02/L02.tex
Underfull \hbox (badness 10000) in paragraph at lines 9--12

 []


Underfull \hbox (badness 10000) in paragraph at lines 21--31

 []


Underfull \hbox (badness 10000) in paragraph at lines 21--31

 []


Underfull \hbox (badness 10000) in paragraph at lines 21--31

 []

[12]
Underfull \hbox (badness 10000) in paragraph at lines 84--89

 []

) [13] (c:/Users/enric/Desktop/NOTES/FISICA TECNICA/riassunto/../L03/L03.tex
<../L03/img1.PNG, id=1162, 265.74281pt x 149.8097pt>
File: ../L03/img1.PNG Graphic file (type png)
<use ../L03/img1.PNG>
Package pdftex.def Info: ../L03/img1.PNG  used on input line 9.
(pdftex.def)             Requested size: 151.4182pt x 85.35826pt.
<../L03/img2.PNG, id=1163, 267.24844pt x 147.55125pt>
File: ../L03/img2.PNG Graphic file (type png)
<use ../L03/img2.PNG>
Package pdftex.def Info: ../L03/img2.PNG  used on input line 24.
(pdftex.def)             Requested size: 103.06834pt x 56.9055pt.
<../L03/img3.PNG, id=1164, 324.46219pt x 149.8097pt>
File: ../L03/img3.PNG Graphic file (type png)
<use ../L03/img3.PNG>
Package pdftex.def Info: ../L03/img3.PNG  used on input line 28.
(pdftex.def)             Requested size: 123.24739pt x 56.9055pt.

Underfull \hbox (badness 10000) in paragraph at lines 30--33

 []

<../L03/img4.PNG, id=1165, 284.56313pt x 296.60812pt>
File: ../L03/img4.PNG Graphic file (type png)
<use ../L03/img4.PNG>
Package pdftex.def Info: ../L03/img4.PNG  used on input line 34.
(pdftex.def)             Requested size: 136.48888pt x 142.26378pt.
[14 <../L03/img1.PNG> <../L03/img2.PNG> <../L03/img3.PNG>]
<../L03/img5.PNG, id=1174, 598.48593pt x 262.73157pt>
File: ../L03/img5.PNG Graphic file (type png)
<use ../L03/img5.PNG>
Package pdftex.def Info: ../L03/img5.PNG  used on input line 41.
(pdftex.def)             Requested size: 194.4417pt x 85.35826pt.

Underfull \hbox (badness 10000) in paragraph at lines 51--55

 []


Package hyperref Warning: Token not allowed in a PDF string (PDFDocEncoding):
(hyperref)                removing `math shift' on input line 55.


Package hyperref Warning: Token not allowed in a PDF string (PDFDocEncoding):
(hyperref)                removing `subscript' on input line 55.


Package hyperref Warning: Token not allowed in a PDF string (PDFDocEncoding):
(hyperref)                removing `math shift' on input line 55.

[15 <../L03/img4.PNG> <../L03/img5.PNG>]

Package hyperref Warning: Token not allowed in a PDF string (PDFDocEncoding):
(hyperref)                removing `math shift' on input line 67.


Package hyperref Warning: Token not allowed in a PDF string (PDFDocEncoding):
(hyperref)                removing `subscript' on input line 67.


Package hyperref Warning: Token not allowed in a PDF string (PDFDocEncoding):
(hyperref)                removing `math shift' on input line 67.


Package hyperref Warning: Token not allowed in a PDF string (PDFDocEncoding):
(hyperref)                removing `math shift' on input line 83.


Package hyperref Warning: Token not allowed in a PDF string (PDFDocEncoding):
(hyperref)                removing `subscript' on input line 83.


Package hyperref Warning: Token not allowed in a PDF string (PDFDocEncoding):
(hyperref)                removing `math shift' on input line 83.


Package hyperref Warning: Token not allowed in a PDF string (PDFDocEncoding):
(hyperref)                removing `math shift' on input line 83.


Package hyperref Warning: Token not allowed in a PDF string (PDFDocEncoding):
(hyperref)                removing `subscript' on input line 83.


Package hyperref Warning: Token not allowed in a PDF string (PDFDocEncoding):
(hyperref)                removing `math shift' on input line 83.


Package hyperref Warning: Token not allowed in a PDF string (PDFDocEncoding):
(hyperref)                removing `math shift' on input line 95.


Package hyperref Warning: Token not allowed in a PDF string (PDFDocEncoding):
(hyperref)                removing `subscript' on input line 95.


Package hyperref Warning: Token not allowed in a PDF string (PDFDocEncoding):
(hyperref)                removing `math shift' on input line 95.


Package hyperref Warning: Token not allowed in a PDF string (PDFDocEncoding):
(hyperref)                removing `math shift' on input line 95.


Package hyperref Warning: Token not allowed in a PDF string (PDFDocEncoding):
(hyperref)                removing `subscript' on input line 95.


Package hyperref Warning: Token not allowed in a PDF string (PDFDocEncoding):
(hyperref)                removing `math shift' on input line 95.


Underfull \hbox (badness 10000) in paragraph at lines 96--99

 []


Package hyperref Warning: Token not allowed in a PDF string (PDFDocEncoding):
(hyperref)                removing `math shift' on input line 113.


Package hyperref Warning: Token not allowed in a PDF string (PDFDocEncoding):
(hyperref)                removing `subscript' on input line 113.


Package hyperref Warning: Token not allowed in a PDF string (PDFDocEncoding):
(hyperref)                removing `math shift' on input line 113.


Package hyperref Warning: Token not allowed in a PDF string (PDFDocEncoding):
(hyperref)                removing `math shift' on input line 113.


Package hyperref Warning: Token not allowed in a PDF string (PDFDocEncoding):
(hyperref)                removing `subscript' on input line 113.


Package hyperref Warning: Token not allowed in a PDF string (PDFDocEncoding):
(hyperref)                removing `math shift' on input line 113.

[16]

Package hyperref Warning: Token not allowed in a PDF string (PDFDocEncoding):
(hyperref)                removing `math shift' on input line 117.


Package hyperref Warning: Token not allowed in a PDF string (PDFDocEncoding):
(hyperref)                removing `subscript' on input line 117.


Package hyperref Warning: Token not allowed in a PDF string (PDFDocEncoding):
(hyperref)                removing `math shift' on input line 117.


Package hyperref Warning: Token not allowed in a PDF string (PDFDocEncoding):
(hyperref)                removing `math shift' on input line 117.


Package hyperref Warning: Token not allowed in a PDF string (PDFDocEncoding):
(hyperref)                removing `subscript' on input line 117.


Package hyperref Warning: Token not allowed in a PDF string (PDFDocEncoding):
(hyperref)                removing `math shift' on input line 117.


Underfull \hbox (badness 10000) in paragraph at lines 122--125

 []

<../L03/img6.PNG, id=1187, 285.31593pt x 243.15843pt>
File: ../L03/img6.PNG Graphic file (type png)
<use ../L03/img6.PNG>
Package pdftex.def Info: ../L03/img6.PNG  used on input line 135.
(pdftex.def)             Requested size: 100.15375pt x 85.35826pt.
<../L03/img7.PNG, id=1188, 526.96875pt x 284.56313pt>
File: ../L03/img7.PNG Graphic file (type png)
<use ../L03/img7.PNG>
Package pdftex.def Info: ../L03/img7.PNG  used on input line 140.
(pdftex.def)             Requested size: 158.06772pt x 85.35826pt.
[17 <../L03/img6.PNG> <../L03/img7.PNG>]
<../L03/img8.PNG, id=1196, 525.46312pt x 338.01282pt>
File: ../L03/img8.PNG Graphic file (type png)
<use ../L03/img8.PNG>
Package pdftex.def Info: ../L03/img8.PNG  used on input line 197.
(pdftex.def)             Requested size: 132.69643pt x 85.35826pt.
<../L03/img9.PNG, id=1197, 653.44125pt x 266.49562pt>
File: ../L03/img9.PNG Graphic file (type png)
<use ../L03/img9.PNG>
Package pdftex.def Info: ../L03/img9.PNG  used on input line 201.
(pdftex.def)             Requested size: 209.2949pt x 85.35826pt.
<../L03/img10.PNG, id=1198, 684.30656pt x 372.64218pt>
File: ../L03/img10.PNG Graphic file (type png)
<use ../L03/img10.PNG>
Package pdftex.def Info: ../L03/img10.PNG  used on input line 213.
(pdftex.def)             Requested size: 261.23997pt x 142.26378pt.
 [18 <../L03/img8.PNG> <../L03/img9.PNG>]
Overfull \hbox (83.54456pt too wide) in paragraph at lines 215--215
[]\OT1/cmss/bx/n/20.74 Calcolo di gran-dez-ze ter-mo-di-na-mi-che ($\OML/cmm/m/it/20.74 u; h; s; l; q$\OT1/cmss/bx/n/20.74 ) 
 []


Package hyperref Warning: Token not allowed in a PDF string (PDFDocEncoding):
(hyperref)                removing `math shift' on input line 215.


Package hyperref Warning: Token not allowed in a PDF string (PDFDocEncoding):
(hyperref)                removing `math shift' on input line 215.


Underfull \hbox (badness 10000) in paragraph at lines 221--224

 []


Underfull \hbox (badness 10000) in paragraph at lines 227--230

 []

<../L03/img11.PNG, id=1205, 466.74374pt x 403.5075pt>
File: ../L03/img11.PNG Graphic file (type png)
<use ../L03/img11.PNG>
Package pdftex.def Info: ../L03/img11.PNG  used on input line 231.
(pdftex.def)             Requested size: 230.38008pt x 199.16928pt.

Underfull \hbox (badness 10000) in paragraph at lines 238--239

 []

[19 <../L03/img10.PNG> <../L03/img11.PNG>]) [20] (c:/Users/enric/Desktop/NOTES/FISICA TECNICA/riassunto/../L04/L04.tex
Underfull \hbox (badness 10000) in paragraph at lines 3--12

 []


Underfull \hbox (badness 10000) in paragraph at lines 3--12

 []


Underfull \hbox (badness 10000) in paragraph at lines 3--12

 []


Underfull \hbox (badness 10000) in paragraph at lines 3--12

 []


Overfull \hbox (4.78375pt too wide) in paragraph at lines 38--40
\OT1/cmr/m/n/10 (\OML/cmm/m/it/10 P; v\OT1/cmr/m/n/10 )  (\OML/cmm/m/it/10 T; v\OT1/cmr/m/n/10 )  (\OML/cmm/m/it/10 P; u\OT1/cmr/m/n/10 )  (\OML/cmm/m/it/10 T; u\OT1/cmr/m/n/10 )  (\OML/cmm/m/it/10 P; h\OT1/cmr/m/n/10 )  (\OML/cmm/m/it/10 T; h\OT1/cmr/m/n/10 )  (\OML/cmm/m/it/10 P; s\OT1/cmr/m/n/10 )  (\OML/cmm/m/it/10 T; s\OT1/cmr/m/n/10 )  (\OML/cmm/m/it/10 v; u\OT1/cmr/m/n/10 )  (\OML/cmm/m/it/10 v; h\OT1/cmr/m/n/10 )  (\OML/cmm/m/it/10 v; s\OT1/cmr/m/n/10 )  (\OML/cmm/m/it/10 u; h\OT1/cmr/m/n/10 )  (\OML/cmm/m/it/10 u; s\OT1/cmr/m/n/10 )  (\OML/cmm/m/it/10 h; s\OT1/cmr/m/n/10 )$ 
 []

[21]
<../L04/img2.PNG, id=1222, 472.76625pt x 270.25969pt>
File: ../L04/img2.PNG Graphic file (type png)
<use ../L04/img2.PNG>
Package pdftex.def Info: ../L04/img2.PNG  used on input line 85.
(pdftex.def)             Requested size: 248.86966pt x 142.26378pt.
<../L04/img1.PNG, id=1223, 713.66624pt x 297.36093pt>
File: ../L04/img1.PNG Graphic file (type png)
<use ../L04/img1.PNG>
Package pdftex.def Info: ../L04/img1.PNG  used on input line 88.
(pdftex.def)             Requested size: 341.42337pt x 142.26378pt.
<../L04/img3.PNG, id=1224, 337.26pt x 351.56343pt>
File: ../L04/img3.PNG Graphic file (type png)
<use ../L04/img3.PNG>
Package pdftex.def Info: ../L04/img3.PNG  used on input line 92.
(pdftex.def)             Requested size: 191.06172pt x 199.16928pt.
 [22 <../L04/img2.PNG> <../L04/img1.PNG>]
<../L04/img4.PNG, id=1231, 632.3625pt x 281.55188pt>
File: ../L04/img4.PNG Graphic file (type png)
<use ../L04/img4.PNG>
Package pdftex.def Info: ../L04/img4.PNG  used on input line 97.
(pdftex.def)             Requested size: 447.33054pt x 199.16928pt.

Overfull \hbox (23.38446pt too wide) in paragraph at lines 97--98
 [] 
 []

<../L04/img6.PNG, id=1232, 675.27281pt x 292.09125pt>
File: ../L04/img6.PNG Graphic file (type png)
<use ../L04/img6.PNG>
Package pdftex.def Info: ../L04/img6.PNG  used on input line 101.
(pdftex.def)             Requested size: 394.68782pt x 170.71652pt.
<../L04/img5.PNG, id=1233, 666.99188pt x 308.65312pt>
File: ../L04/img5.PNG Graphic file (type png)
<use ../L04/img5.PNG>
Package pdftex.def Info: ../L04/img5.PNG  used on input line 104.
(pdftex.def)             Requested size: 430.4151pt x 199.16928pt.

Overfull \hbox (6.46902pt too wide) in paragraph at lines 104--105
 [] 
 []

[23 <../L04/img3.PNG> <../L04/img4.PNG> <../L04/img6.PNG>]
<../L04/img7.PNG, id=1241, 676.02562pt x 303.38344pt>
File: ../L04/img7.PNG Graphic file (type png)
<use ../L04/img7.PNG>
Package pdftex.def Info: ../L04/img7.PNG  used on input line 108.
(pdftex.def)             Requested size: 380.40788pt x 170.71652pt.
<../L04/img8.PNG, id=1242, 694.09312pt x 333.49594pt>
File: ../L04/img8.PNG Graphic file (type png)
<use ../L04/img8.PNG>
Package pdftex.def Info: ../L04/img8.PNG  used on input line 113.
(pdftex.def)             Requested size: 355.31728pt x 170.71652pt.
<../L04/img9.PNG, id=1243, 394.47375pt x 281.55188pt>
File: ../L04/img9.PNG Graphic file (type png)
<use ../L04/img9.PNG>
Package pdftex.def Info: ../L04/img9.PNG  used on input line 117.
(pdftex.def)             Requested size: 239.18402pt x 170.71652pt.
 [24 <../L04/img5.PNG> <../L04/img7.PNG> <../L04/img8.PNG>]
Overfull \hbox (17.50725pt too wide) in paragraph at lines 120--120
[]\OT1/cmss/bx/n/20.74 Propriet^^Ra ter-mo-di-na-mi-che dei si-ste-mi ete-
 []


Underfull \hbox (badness 10000) in paragraph at lines 146--154

 []


Underfull \hbox (badness 10000) in paragraph at lines 146--154

 []


Underfull \hbox (badness 10000) in paragraph at lines 146--154

 []

[25 <../L04/img9.PNG>]
<../L04/img10.PNG, id=1257, 545.03625pt x 341.02406pt>
File: ../L04/img10.PNG Graphic file (type png)
<use ../L04/img10.PNG>
Package pdftex.def Info: ../L04/img10.PNG  used on input line 161.
(pdftex.def)             Requested size: 318.32513pt x 199.16928pt.

Underfull \hbox (badness 10000) in paragraph at lines 164--168

 []

<../L04/img11.PNG, id=1258, 547.2947pt x 336.50719pt>
File: ../L04/img11.PNG Graphic file (type png)
<use ../L04/img11.PNG>
Package pdftex.def Info: ../L04/img11.PNG  used on input line 169.
(pdftex.def)             Requested size: 323.92824pt x 199.16928pt.

Underfull \hbox (badness 10000) in paragraph at lines 172--179

 []


Underfull \hbox (badness 10000) in paragraph at lines 172--179

 []


Underfull \hbox (badness 10000) in paragraph at lines 172--179

 []

[26 <../L04/img10.PNG> <../L04/img11.PNG>]
<../L04/img12.PNG, id=1265, 608.2725pt x 349.305pt>
File: ../L04/img12.PNG Graphic file (type png)
<use ../L04/img12.PNG>
Package pdftex.def Info: ../L04/img12.PNG  used on input line 180.
(pdftex.def)             Requested size: 346.8303pt x 199.16928pt.

Underfull \hbox (badness 10000) in paragraph at lines 202--206

 []


Underfull \hbox (badness 10000) in paragraph at lines 211--216

 []

[27 <../L04/img12.PNG>]
Underfull \hbox (badness 10000) in paragraph at lines 225--231

 []


Underfull \hbox (badness 10000) in paragraph at lines 225--231

 []

<../L04/img13.PNG, id=1271, 243.91125pt x 252.945pt>
File: ../L04/img13.PNG Graphic file (type png)
<use ../L04/img13.PNG>
Package pdftex.def Info: ../L04/img13.PNG  used on input line 232.
(pdftex.def)             Requested size: 137.18484pt x 142.26378pt.
File: ../L04/img13.PNG Graphic file (type png)
<use ../L04/img13.PNG>
Package pdftex.def Info: ../L04/img13.PNG  used on input line 256.
(pdftex.def)             Requested size: 137.18484pt x 142.26378pt.
[28 <../L04/img13.PNG>]
Underfull \hbox (badness 10000) in paragraph at lines 265--270

 []


Underfull \hbox (badness 10000) in paragraph at lines 265--270

 []


Underfull \hbox (badness 10000) in paragraph at lines 272--277

 []


Overfull \hbox (4.03767pt too wide) in paragraph at lines 277--277
[]\OT1/cmss/bx/n/20.74 Relazioni sem-pli-fi-ca-te vi-ci-no al pun-to tri-
 []

<../L04/img15.PNG, id=1277, 283.0575pt x 283.0575pt>
File: ../L04/img15.PNG Graphic file (type png)
<use ../L04/img15.PNG>
Package pdftex.def Info: ../L04/img15.PNG  used on input line 280.
(pdftex.def)             Requested size: 142.26695pt x 142.26378pt.
[29 <../L04/img15.PNG>]) [30] (c:/Users/enric/Desktop/NOTES/FISICA TECNICA/riassunto/../L05/L05.tex
<../L05/img1.PNG, id=1288, 670.75594pt x 364.36125pt>
File: ../L05/img1.PNG Graphic file (type png)
<use ../L05/img1.PNG>
Package pdftex.def Info: ../L05/img1.PNG  used on input line 5.
(pdftex.def)             Requested size: 261.89056pt x 142.26378pt.

Underfull \hbox (badness 10000) in paragraph at lines 14--19

 []


Underfull \hbox (badness 10000) in paragraph at lines 14--19

 []


Underfull \hbox (badness 10000) in paragraph at lines 20--23

 []


Underfull \hbox (badness 10000) in paragraph at lines 24--30

 []


Underfull \hbox (badness 10000) in paragraph at lines 24--30

 []

[31 <../L05/img1.PNG>]
<../L05/img2.PNG, id=1296, 664.73344pt x 335.75438pt>
File: ../L05/img2.PNG Graphic file (type png)
<use ../L05/img2.PNG>
Package pdftex.def Info: ../L05/img2.PNG  used on input line 31.
(pdftex.def)             Requested size: 281.6509pt x 142.26378pt.
<../L05/img3.PNG, id=1297, 663.22781pt x 335.00156pt>
File: ../L05/img3.PNG Graphic file (type png)
<use ../L05/img3.PNG>
Package pdftex.def Info: ../L05/img3.PNG  used on input line 79.
(pdftex.def)             Requested size: 281.65051pt x 142.26378pt.
 [32 <../L05/img2.PNG>]
Underfull \hbox (badness 10000) in paragraph at lines 112--115

 []


Underfull \hbox (badness 10000) in paragraph at lines 112--115

 []


Underfull \hbox (badness 10000) in paragraph at lines 129--136

 []


Underfull \hbox (badness 10000) in paragraph at lines 129--136

 []


Underfull \hbox (badness 10000) in paragraph at lines 140--145

 []


Underfull \hbox (badness 10000) in paragraph at lines 140--145

 []

[33 <../L05/img3.PNG>]
Underfull \hbox (badness 10000) in paragraph at lines 173--185

 []


Underfull \hbox (badness 10000) in paragraph at lines 173--185

 []


Underfull \hbox (badness 10000) in paragraph at lines 173--185

 []

) [34] (c:/Users/enric/Desktop/NOTES/FISICA TECNICA/riassunto/../L06/L06.tex
<../L06/img1.PNG, id=1313, 487.06969pt x 253.69781pt>
File: ../L06/img1.PNG Graphic file (type png)
<use ../L06/img1.PNG>
Package pdftex.def Info: ../L06/img1.PNG  used on input line 4.
(pdftex.def)             Requested size: 163.87726pt x 85.35826pt.

Underfull \hbox (badness 10000) in paragraph at lines 6--9

 []


Underfull \hbox (badness 10000) in paragraph at lines 43--48

 []

[35 <../L06/img1.PNG>]
<../L06/img2.PNG, id=1319, 492.33937pt x 186.6975pt>
File: ../L06/img2.PNG Graphic file (type png)
<use ../L06/img2.PNG>
Package pdftex.def Info: ../L06/img2.PNG  used on input line 61.
(pdftex.def)             Requested size: 225.09654pt x 85.35826pt.

Underfull \hbox (badness 10000) in paragraph at lines 63--66

 []


Underfull \hbox (badness 10000) in paragraph at lines 68--72

 []


Underfull \hbox (badness 10000) in paragraph at lines 74--82

 []


Underfull \hbox (badness 10000) in paragraph at lines 83--86

 []

[36 <../L06/img2.PNG>]
Underfull \hbox (badness 10000) in paragraph at lines 103--113

 []


Underfull \hbox (badness 10000) in paragraph at lines 137--140

 []

[37]
<../L06/img3.PNG, id=1330, 213.79875pt x 238.64156pt>
File: ../L06/img3.PNG Graphic file (type png)
<use ../L06/img3.PNG>
Package pdftex.def Info: ../L06/img3.PNG  used on input line 145.
(pdftex.def)             Requested size: 101.96324pt x 113.81102pt.

Underfull \hbox (badness 10000) in paragraph at lines 147--150

 []

<../L06/img4.PNG, id=1331, 699.36281pt x 270.25969pt>
File: ../L06/img4.PNG Graphic file (type png)
<use ../L06/img4.PNG>
Package pdftex.def Info: ../L06/img4.PNG  used on input line 151.
(pdftex.def)             Requested size: 294.50938pt x 113.81102pt.
<../L06/img5.PNG, id=1332, 325.96782pt x 147.55125pt>
File: ../L06/img5.PNG Graphic file (type png)
<use ../L06/img5.PNG>
Package pdftex.def Info: ../L06/img5.PNG  used on input line 159.
(pdftex.def)             Requested size: 188.57402pt x 85.35826pt.
[38 <../L06/img3.PNG> <../L06/img4.PNG> <../L06/img5.PNG>]
<../L06/img6.PNG, id=1340, 254.45062pt x 99.37125pt>
File: ../L06/img6.PNG Graphic file (type png)
<use ../L06/img6.PNG>
Package pdftex.def Info: ../L06/img6.PNG  used on input line 169.
(pdftex.def)             Requested size: 218.57478pt x 85.35826pt.
<../L06/img7.PNG, id=1341, 277.035pt x 105.39375pt>
File: ../L06/img7.PNG Graphic file (type png)
<use ../L06/img7.PNG>
Package pdftex.def Info: ../L06/img7.PNG  used on input line 182.
(pdftex.def)             Requested size: 224.37598pt x 85.35826pt.
<../L06/img8.PNG, id=1342, 417.81094pt x 338.76563pt>
File: ../L06/img8.PNG Graphic file (type png)
<use ../L06/img8.PNG>
Package pdftex.def Info: ../L06/img8.PNG  used on input line 196.
(pdftex.def)             Requested size: 140.3644pt x 113.81102pt.
 [39 <../L06/img6.PNG> <../L06/img7.PNG>]
<../L06/img9.PNG, id=1349, 383.18156pt x 338.76563pt>
File: ../L06/img9.PNG Graphic file (type png)
<use ../L06/img9.PNG>
Package pdftex.def Info: ../L06/img9.PNG  used on input line 205.
(pdftex.def)             Requested size: 128.73058pt x 113.81102pt.
 [40 <../L06/img8.PNG> <../L06/img9.PNG>]
Underfull \hbox (badness 10000) in paragraph at lines 236--246

 []


Underfull \hbox (badness 10000) in paragraph at lines 236--246

 []


Underfull \hbox (badness 10000) in paragraph at lines 248--255

 []

<../L06/img10.PNG, id=1356, 837.88031pt x 261.97874pt>
File: ../L06/img10.PNG Graphic file (type png)
<use ../L06/img10.PNG>
Package pdftex.def Info: ../L06/img10.PNG  used on input line 260.
(pdftex.def)             Requested size: 272.99826pt x 85.35826pt.
)
Underfull \hbox (badness 10000) in paragraph at lines 266--33

 []

[41 <../L06/img10.PNG>] (c:/Users/enric/Desktop/NOTES/FISICA TECNICA/riassunto/../L07/L07.tex
Underfull \hbox (badness 10000) in paragraph at lines 3--8

 []


Underfull \hbox (badness 10000) in paragraph at lines 3--8

 []

<../L07/img1.PNG, id=1363, 251.43938pt x 249.93375pt>
File: ../L07/img1.PNG Graphic file (type png)
<use ../L07/img1.PNG>
Package pdftex.def Info: ../L07/img1.PNG  used on input line 19.
(pdftex.def)             Requested size: 85.87192pt x 85.35826pt.

Underfull \hbox (badness 10000) in paragraph at lines 28--36

 []


Underfull \hbox (badness 10000) in paragraph at lines 28--36

 []


Underfull \hbox (badness 10000) in paragraph at lines 28--36

 []

[42 <../L07/img1.PNG>]
<../L07/img2.PNG, id=1369, 460.72125pt x 210.03468pt>
File: ../L07/img2.PNG Graphic file (type png)
<use ../L07/img2.PNG>
Package pdftex.def Info: ../L07/img2.PNG  used on input line 39.
(pdftex.def)             Requested size: 249.65047pt x 113.81102pt.

Underfull \hbox (badness 10000) in paragraph at lines 41--47

 []


Underfull \hbox (badness 10000) in paragraph at lines 41--47

 []


Underfull \hbox (badness 10000) in paragraph at lines 41--47

 []


Underfull \hbox (badness 10000) in paragraph at lines 41--47

 []


Underfull \hbox (badness 10000) in paragraph at lines 50--54

 []

<../L07/img3.PNG, id=1370, 394.47375pt x 207.02344pt>
File: ../L07/img3.PNG Graphic file (type png)
<use ../L07/img3.PNG>
Package pdftex.def Info: ../L07/img3.PNG  used on input line 58.
(pdftex.def)             Requested size: 162.65019pt x 85.35826pt.
[43 <../L07/img2.PNG> <../L07/img3.PNG>]
<../L07/img4.PNG, id=1378, 243.15843pt x 204.01219pt>
File: ../L07/img4.PNG Graphic file (type png)
<use ../L07/img4.PNG>
Package pdftex.def Info: ../L07/img4.PNG  used on input line 81.
(pdftex.def)             Requested size: 101.73625pt x 85.35826pt.
<../L07/img5.PNG, id=1379, 450.18187pt x 219.82124pt>
File: ../L07/img5.PNG Graphic file (type png)
<use ../L07/img5.PNG>
Package pdftex.def Info: ../L07/img5.PNG  used on input line 105.
(pdftex.def)             Requested size: 233.0724pt x 113.81102pt.
<../L07/img6.PNG, id=1380, 458.46281pt x 259.7203pt>
File: ../L07/img6.PNG Graphic file (type png)
<use ../L07/img6.PNG>
Package pdftex.def Info: ../L07/img6.PNG  used on input line 109.
(pdftex.def)             Requested size: 251.12697pt x 142.26378pt.
 [44 <../L07/img4.PNG> <../L07/img5.PNG>]
Underfull \hbox (badness 10000) in paragraph at lines 111--118

 []


Underfull \hbox (badness 10000) in paragraph at lines 111--118

 []


Underfull \hbox (badness 10000) in paragraph at lines 145--149

 []

[45 <../L07/img6.PNG>]
Underfull \hbox (badness 10000) in paragraph at lines 179--183

 []

<../L07/img7.PNG, id=1392, 539.76656pt x 231.11343pt>
File: ../L07/img7.PNG Graphic file (type png)
<use ../L07/img7.PNG>
Package pdftex.def Info: ../L07/img7.PNG  used on input line 184.
(pdftex.def)             Requested size: 265.80571pt x 113.81102pt.
<../L07/img8.PNG, id=1393, 494.59781pt x 278.54062pt>
File: ../L07/img8.PNG Graphic file (type png)
<use ../L07/img8.PNG>
Package pdftex.def Info: ../L07/img8.PNG  used on input line 190.
(pdftex.def)             Requested size: 303.14568pt x 170.71652pt.
[46 <../L07/img7.PNG>]
Underfull \hbox (badness 10000) in paragraph at lines 192--196

 []


Underfull \hbox (badness 10000) in paragraph at lines 192--196

 []


Underfull \hbox (badness 10000) in paragraph at lines 192--196

 []

<../L07/img9.PNG, id=1399, 487.06969pt x 230.36063pt>
File: ../L07/img9.PNG Graphic file (type png)
<use ../L07/img9.PNG>
Package pdftex.def Info: ../L07/img9.PNG  used on input line 210.
(pdftex.def)             Requested size: 180.47307pt x 85.35826pt.
<../L07/img10.PNG, id=1400, 466.74374pt x 202.50656pt>
File: ../L07/img10.PNG Graphic file (type png)
<use ../L07/img10.PNG>
Package pdftex.def Info: ../L07/img10.PNG  used on input line 215.
(pdftex.def)             Requested size: 196.7361pt x 85.35826pt.
[47 <../L07/img8.PNG> <../L07/img9.PNG>]
Underfull \hbox (badness 10000) in paragraph at lines 217--224

 []


Underfull \hbox (badness 10000) in paragraph at lines 217--224

 []


Underfull \hbox (badness 10000) in paragraph at lines 217--224

 []

<../L07/img11.PNG, id=1407, 554.82281pt x 207.02344pt>
File: ../L07/img11.PNG Graphic file (type png)
<use ../L07/img11.PNG>
Package pdftex.def Info: ../L07/img11.PNG  used on input line 233.
(pdftex.def)             Requested size: 228.76564pt x 85.35826pt.

Underfull \hbox (badness 10000) in paragraph at lines 235--238

 []

<../L07/img12.PNG, id=1408, 463.7325pt x 226.59656pt>
File: ../L07/img12.PNG Graphic file (type png)
<use ../L07/img12.PNG>
Package pdftex.def Info: ../L07/img12.PNG  used on input line 239.
(pdftex.def)             Requested size: 174.68468pt x 85.35826pt.
[48 <../L07/img10.PNG> <../L07/img11.PNG> <../L07/img12.PNG>]
Underfull \hbox (badness 10000) in paragraph at lines 273--277

 []

<../L07/img13.PNG, id=1416, 491.58656pt x 210.7875pt>
File: ../L07/img13.PNG Graphic file (type png)
<use ../L07/img13.PNG>
Package pdftex.def Info: ../L07/img13.PNG  used on input line 296.
(pdftex.def)             Requested size: 265.43028pt x 113.81102pt.
[49 <../L07/img13.PNG>]
<../L07/img14.PNG, id=1424, 441.14813pt x 226.59656pt>
File: ../L07/img14.PNG Graphic file (type png)
<use ../L07/img14.PNG>
Package pdftex.def Info: ../L07/img14.PNG  used on input line 329.
(pdftex.def)             Requested size: 221.56976pt x 113.81102pt.
 [50 <../L07/img14.PNG>]
<../L07/img15.PNG, id=1430, 545.03625pt x 339.51843pt>
File: ../L07/img15.PNG Graphic file (type png)
<use ../L07/img15.PNG>
Package pdftex.def Info: ../L07/img15.PNG  used on input line 352.
(pdftex.def)             Requested size: 274.05602pt x 170.71652pt.
) [51 <../L07/img15.PNG>] (c:/Users/enric/Desktop/NOTES/FISICA TECNICA/riassunto/../L08/L08.tex
Underfull \hbox (badness 10000) in paragraph at lines 5--12

 []


Underfull \hbox (badness 10000) in paragraph at lines 5--12

 []


Underfull \hbox (badness 10000) in paragraph at lines 5--12

 []

<../L08/img1.PNG, id=1437, 475.02469pt x 391.4625pt>
File: ../L08/img1.PNG Graphic file (type png)
<use ../L08/img1.PNG>
Package pdftex.def Info: ../L08/img1.PNG  used on input line 13.
(pdftex.def)             Requested size: 138.10155pt x 113.81102pt.
[52 <../L08/img1.PNG>]
Underfull \hbox (badness 10000) in paragraph at lines 63--69

 []


Underfull \hbox (badness 10000) in paragraph at lines 63--69

 []


Overfull \hbox (0.70526pt too wide) in paragraph at lines 72--73
[]\OT1/cmss/m/n/10 Clorofluoroidrocarburi (HC-FC) e Fluo-roi-dro-car-bu-ri (HFC) (so-no me-no dan-no-si per l'o-zo-no) (esem-
 []

<../L08/img2.PNG, id=1443, 761.09344pt x 465.99094pt>
File: ../L08/img2.PNG Graphic file (type png)
<use ../L08/img2.PNG>
Package pdftex.def Info: ../L08/img2.PNG  used on input line 77.
(pdftex.def)             Requested size: 278.82458pt x 170.71652pt.
<../L08/img3.PNG, id=1444, 484.81125pt x 363.60844pt>
File: ../L08/img3.PNG Graphic file (type png)
<use ../L08/img3.PNG>
Package pdftex.def Info: ../L08/img3.PNG  used on input line 81.
(pdftex.def)             Requested size: 189.68962pt x 142.26378pt.
[53 <../L08/img2.PNG>]
<../L08/img4.PNG, id=1450, 973.38657pt x 509.65407pt>
File: ../L08/img4.PNG Graphic file (type png)
<use ../L08/img4.PNG>
Package pdftex.def Info: ../L08/img4.PNG  used on input line 90.
(pdftex.def)             Requested size: 271.71463pt x 142.26378pt.
<../L08/img5.PNG, id=1451, 322.95656pt x 207.02344pt>
File: ../L08/img5.PNG Graphic file (type png)
<use ../L08/img5.PNG>
Package pdftex.def Info: ../L08/img5.PNG  used on input line 101.
(pdftex.def)             Requested size: 177.5478pt x 113.81102pt.
 [54 <../L08/img3.PNG> <../L08/img4.PNG> <../L08/img5.PNG>]
<../L08/img6.PNG, id=1459, 632.3625pt x 332.74312pt>
File: ../L08/img6.PNG Graphic file (type png)
<use ../L08/img6.PNG>
Package pdftex.def Info: ../L08/img6.PNG  used on input line 106.
(pdftex.def)             Requested size: 270.36673pt x 142.26378pt.

Underfull \hbox (badness 10000) in paragraph at lines 108--113

 []


Underfull \hbox (badness 10000) in paragraph at lines 108--113

 []

<../L08/img7.PNG, id=1460, 663.98062pt x 409.53pt>
File: ../L08/img7.PNG Graphic file (type png)
<use ../L08/img7.PNG>
Package pdftex.def Info: ../L08/img7.PNG  used on input line 116.
(pdftex.def)             Requested size: 184.52528pt x 113.81102pt.

Underfull \hbox (badness 10000) in paragraph at lines 118--123

 []


Underfull \hbox (badness 10000) in paragraph at lines 118--123

 []

<../L08/img8.PNG, id=1461, 642.90187pt x 328.22626pt>
File: ../L08/img8.PNG Graphic file (type png)
<use ../L08/img8.PNG>
Package pdftex.def Info: ../L08/img8.PNG  used on input line 129.
(pdftex.def)             Requested size: 278.65944pt x 142.26378pt.
[55 <../L08/img6.PNG> <../L08/img7.PNG>]
Underfull \hbox (badness 10000) in paragraph at lines 131--133

 []

<../L08/img9.PNG, id=1469, 340.27126pt x 232.61906pt>
File: ../L08/img9.PNG Graphic file (type png)
<use ../L08/img9.PNG>
Package pdftex.def Info: ../L08/img9.PNG  used on input line 137.
(pdftex.def)             Requested size: 124.85995pt x 85.35826pt.

Underfull \hbox (badness 10000) in paragraph at lines 139--146

 []


Underfull \hbox (badness 10000) in paragraph at lines 139--146

 []


Underfull \hbox (badness 10000) in paragraph at lines 139--146

 []


Underfull \hbox (badness 10000) in paragraph at lines 146--147

 []

<../L08/img10.PNG, id=1470, 350.05782pt x 225.84375pt>
File: ../L08/img10.PNG Graphic file (type png)
<use ../L08/img10.PNG>
Package pdftex.def Info: ../L08/img10.PNG  used on input line 148.
(pdftex.def)             Requested size: 132.30759pt x 85.35826pt.

Underfull \hbox (badness 10000) in paragraph at lines 150--155

 []


Underfull \hbox (badness 10000) in paragraph at lines 150--155

 []

<../L08/img11.PNG, id=1471, 367.3725pt x 227.34938pt>
File: ../L08/img11.PNG Graphic file (type png)
<use ../L08/img11.PNG>
Package pdftex.def Info: ../L08/img11.PNG  used on input line 157.
(pdftex.def)             Requested size: 137.93251pt x 85.35826pt.
[56 <../L08/img8.PNG> <../L08/img9.PNG> <../L08/img10.PNG>]
Underfull \hbox (badness 10000) in paragraph at lines 159--168

 []


Underfull \hbox (badness 10000) in paragraph at lines 159--168

 []


Underfull \hbox (badness 10000) in paragraph at lines 159--168

 []


Underfull \hbox (badness 10000) in paragraph at lines 159--168

 []

<../L08/img12.PNG, id=1479, 353.82187pt x 230.36063pt>
File: ../L08/img12.PNG Graphic file (type png)
<use ../L08/img12.PNG>
Package pdftex.def Info: ../L08/img12.PNG  used on input line 170.
(pdftex.def)             Requested size: 131.101pt x 85.35826pt.

Underfull \hbox (badness 10000) in paragraph at lines 172--177

 []


Underfull \hbox (badness 10000) in paragraph at lines 172--177

 []

<../L08/img13.PNG, id=1480, 498.36188pt x 245.41687pt>
File: ../L08/img13.PNG Graphic file (type png)
<use ../L08/img13.PNG>
Package pdftex.def Info: ../L08/img13.PNG  used on input line 178.
(pdftex.def)             Requested size: 231.11232pt x 113.81102pt.

Underfull \hbox (badness 10000) in paragraph at lines 181--182

 []

<../L08/img14.PNG, id=1481, 367.3725pt x 227.34938pt>
File: ../L08/img14.PNG Graphic file (type png)
<use ../L08/img14.PNG>
Package pdftex.def Info: ../L08/img14.PNG  used on input line 186.
(pdftex.def)             Requested size: 183.91pt x 113.81102pt.
[57 <../L08/img11.PNG> <../L08/img12.PNG> <../L08/img13.PNG>]
<../L08/img15.PNG, id=1489, 340.27126pt x 221.32687pt>
File: ../L08/img15.PNG Graphic file (type png)
<use ../L08/img15.PNG>
Package pdftex.def Info: ../L08/img15.PNG  used on input line 191.
(pdftex.def)             Requested size: 174.97945pt x 113.81102pt.

Underfull \hbox (badness 10000) in paragraph at lines 193--196

 []

<../L08/img16.PNG, id=1490, 461.47406pt x 196.48407pt>
File: ../L08/img16.PNG Graphic file (type png)
<use ../L08/img16.PNG>
Package pdftex.def Info: ../L08/img16.PNG  used on input line 198.
(pdftex.def)             Requested size: 267.31009pt x 113.81102pt.
<../L08/img17.PNG, id=1491, 447.17062pt x 269.50688pt>
File: ../L08/img17.PNG Graphic file (type png)
<use ../L08/img17.PNG>
Package pdftex.def Info: ../L08/img17.PNG  used on input line 202.
(pdftex.def)             Requested size: 236.05086pt x 142.26378pt.
[58 <../L08/img14.PNG> <../L08/img15.PNG> <../L08/img16.PNG>])
Underfull \hbox (badness 10000) in paragraph at lines 204--39

 []

[59 <../L08/img17.PNG>] (c:/Users/enric/Desktop/NOTES/FISICA TECNICA/riassunto/../L09/L09.tex
Underfull \hbox (badness 10000) in paragraph at lines 2--5

 []


Underfull \hbox (badness 10000) in paragraph at lines 27--31

 []


Underfull \hbox (badness 10000) in paragraph at lines 32--37

 []


Underfull \hbox (badness 10000) in paragraph at lines 47--51

 []

[60]
Underfull \hbox (badness 10000) in paragraph at lines 62--70

 []


Underfull \hbox (badness 10000) in paragraph at lines 62--70

 []


Underfull \hbox (badness 10000) in paragraph at lines 72--76

 []

<../L09/img1.PNG, id=1509, 481.8pt x 106.89937pt>
File: ../L09/img1.PNG Graphic file (type png)
<use ../L09/img1.PNG>
Package pdftex.def Info: ../L09/img1.PNG  used on input line 77.
(pdftex.def)             Requested size: 384.71269pt x 85.35826pt.

Underfull \hbox (badness 10000) in paragraph at lines 80--85

 []


Underfull \hbox (badness 10000) in paragraph at lines 80--85

 []

[61 <../L09/img1.PNG>]
Underfull \hbox (badness 10000) in paragraph at lines 95--101

 []


Underfull \hbox (badness 10000) in paragraph at lines 103--111

 []


Underfull \hbox (badness 10000) in paragraph at lines 103--111

 []

) [62] (c:/Users/enric/Desktop/NOTES/FISICA TECNICA/riassunto/../L10/L10.tex
<../L10/img2.PNG, id=1521, 248.42813pt x 114.4275pt>
File: ../L10/img2.PNG Graphic file (type png)
<use ../L10/img2.PNG>
Package pdftex.def Info: ../L10/img2.PNG  used on input line 29.
(pdftex.def)             Requested size: 247.10077pt x 113.81102pt.
 [63 <../L10/img2.PNG>]
Underfull \hbox (badness 10000) in paragraph at lines 65--70

 []

[64]
Underfull \hbox (badness 10000) in paragraph at lines 101--105

 []


Underfull \hbox (badness 10000) in paragraph at lines 112--116

 []


Underfull \hbox (badness 10000) in paragraph at lines 119--125

 []


Underfull \hbox (badness 10000) in paragraph at lines 119--125

 []

[65]
<../L10/img1.PNG, id=1535, 217.5628pt x 281.55188pt>
File: ../L10/img1.PNG Graphic file (type png)
<use ../L10/img1.PNG>
Package pdftex.def Info: ../L10/img1.PNG  used on input line 189.
(pdftex.def)             Requested size: 87.94315pt x 113.81102pt.
 [66]
Underfull \hbox (badness 10000) in paragraph at lines 206--210

 []


Underfull \hbox (badness 10000) in paragraph at lines 216--221

 []

<../L10/img3.PNG, id=1540, 353.82187pt x 297.36093pt>
File: ../L10/img3.PNG Graphic file (type png)
<use ../L10/img3.PNG>
Package pdftex.def Info: ../L10/img3.PNG  used on input line 222.
(pdftex.def)             Requested size: 135.4201pt x 113.81102pt.
[67 <../L10/img1.PNG> <../L10/img3.PNG>]
Underfull \hbox (badness 10000) in paragraph at lines 239--244

 []

<../L10/img4.PNG, id=1548, 410.2828pt x 332.74312pt>
File: ../L10/img4.PNG Graphic file (type png)
<use ../L10/img4.PNG>
Package pdftex.def Info: ../L10/img4.PNG  used on input line 248.
(pdftex.def)             Requested size: 175.4165pt x 142.26378pt.
<../L10/img6.PNG, id=1549, 159.59625pt x 261.22594pt>
File: ../L10/img6.PNG Graphic file (type png)
<use ../L10/img6.PNG>
Package pdftex.def Info: ../L10/img6.PNG  used on input line 288.
(pdftex.def)             Requested size: 69.53339pt x 113.81102pt.
[68 <../L10/img4.PNG>]
<../L10/img7.PNG, id=1555, 147.55125pt x 357.58594pt>
File: ../L10/img7.PNG Graphic file (type png)
<use ../L10/img7.PNG>
Package pdftex.def Info: ../L10/img7.PNG  used on input line 315.
(pdftex.def)             Requested size: 35.22163pt x 85.35826pt.
 [69 <../L10/img6.PNG> <../L10/img7.PNG>]
<../L10/img8.PNG, id=1563, 338.76563pt x 221.32687pt>
File: ../L10/img8.PNG Graphic file (type png)
<use ../L10/img8.PNG>
Package pdftex.def Info: ../L10/img8.PNG  used on input line 350.
(pdftex.def)             Requested size: 130.65001pt x 85.35826pt.

Underfull \hbox (badness 10000) in paragraph at lines 352--356

 []

<../L10/img9.PNG, id=1564, 207.02344pt x 233.37187pt>
File: ../L10/img9.PNG Graphic file (type png)
<use ../L10/img9.PNG>
Package pdftex.def Info: ../L10/img9.PNG  used on input line 369.
(pdftex.def)             Requested size: 75.71928pt x 85.35826pt.
<../L10/img10.PNG, id=1565, 363.60844pt x 194.97844pt>
File: ../L10/img10.PNG Graphic file (type png)
<use ../L10/img10.PNG>
Package pdftex.def Info: ../L10/img10.PNG  used on input line 381.
(pdftex.def)             Requested size: 159.17816pt x 85.35826pt.
[70 <../L10/img8.PNG> <../L10/img9.PNG>]
<../L10/img11.PNG, id=1572, 152.82094pt x 151.3153pt>
File: ../L10/img11.PNG Graphic file (type png)
<use ../L10/img11.PNG>
Package pdftex.def Info: ../L10/img11.PNG  used on input line 392.
(pdftex.def)             Requested size: 143.67966pt x 142.26378pt.
<../L10/img12.PNG, id=1573, 499.8675pt x 227.34938pt>
File: ../L10/img12.PNG Graphic file (type png)
<use ../L10/img12.PNG>
Package pdftex.def Info: ../L10/img12.PNG  used on input line 425.
(pdftex.def)             Requested size: 250.23822pt x 113.81102pt.
 [71 <../L10/img10.PNG> <../L10/img11.PNG> <../L10/img12.PNG>]
<../L10/img13.PNG, id=1581, 486.31688pt x 505.89pt>
File: ../L10/img13.PNG Graphic file (type png)
<use ../L10/img13.PNG>
Package pdftex.def Info: ../L10/img13.PNG  used on input line 430.
(pdftex.def)             Requested size: 191.46602pt x 199.16928pt.

Underfull \hbox (badness 10000) in paragraph at lines 433--436

 []

) [72 <../L10/img13.PNG>] (c:/Users/enric/Desktop/NOTES/FISICA TECNICA/riassunto/../L11/L11.tex
Underfull \hbox (badness 10000) in paragraph at lines 13--17

 []


Underfull \hbox (badness 10000) in paragraph at lines 46--48

 []

[73]
<../L11/img1.PNG, id=1593, 891.33pt x 353.06906pt>
File: ../L11/img1.PNG Graphic file (type png)
<use ../L11/img1.PNG>
Package pdftex.def Info: ../L11/img1.PNG  used on input line 93.
(pdftex.def)             Requested size: 359.1506pt x 142.26378pt.
 [74]
Underfull \hbox (badness 10000) in paragraph at lines 95--106

 []


Underfull \hbox (badness 10000) in paragraph at lines 95--106

 []


Underfull \hbox (badness 10000) in paragraph at lines 95--106

 []


Underfull \hbox (badness 10000) in paragraph at lines 95--106

 []


Underfull \hbox (badness 10000) in paragraph at lines 95--106

 []

[75 <../L11/img1.PNG>]
Underfull \hbox (badness 10000) in paragraph at lines 127--135

 []


Underfull \hbox (badness 10000) in paragraph at lines 127--135

 []


Underfull \hbox (badness 10000) in paragraph at lines 127--135

 []


Underfull \hbox (badness 10000) in paragraph at lines 151--159

 []


Underfull \hbox (badness 10000) in paragraph at lines 161--166

 []

[76]
Underfull \hbox (badness 10000) in paragraph at lines 195--202

 []


Underfull \hbox (badness 10000) in paragraph at lines 206--213

 []

[77]
Underfull \hbox (badness 10000) in paragraph at lines 237--243

 []

<../L11/img2.PNG, id=1613, 255.95625pt x 130.23656pt>
File: ../L11/img2.PNG Graphic file (type png)
<use ../L11/img2.PNG>
Package pdftex.def Info: ../L11/img2.PNG  used on input line 247.
(pdftex.def)             Requested size: 167.75606pt x 85.35826pt.

Underfull \hbox (badness 10000) in paragraph at lines 249--252

 []


Overfull \hbox (36.94974pt too wide) detected at line 264
\OML/cmm/m/it/10 Nu[] \OT1/cmr/m/n/10 = 0\OML/cmm/m/it/10 ; \OT1/cmr/m/n/10 23\OML/cmm/m/it/10 Re[]Pr[]     []  []
 []


Overfull \hbox (26.84836pt too wide) detected at line 271
\OML/cmm/m/it/10 Nu[] \OT1/cmr/m/n/10 = 0\OML/cmm/m/it/10 ; \OT1/cmr/m/n/10 027\OML/cmm/m/it/10 Re[]Pr[] [][]      []  []
 []


Underfull \hbox (badness 10000) in paragraph at lines 274--284

 []


Underfull \hbox (badness 10000) in paragraph at lines 274--284

 []


Underfull \hbox (badness 10000) in paragraph at lines 274--284

 []

[78 <../L11/img2.PNG>]
Underfull \hbox (badness 10000) in paragraph at lines 294--299

 []


Underfull \hbox (badness 10000) in paragraph at lines 294--299

 []

<../L11/img3.PNG, id=1619, 331.99031pt x 210.7875pt>
File: ../L11/img3.PNG Graphic file (type png)
<use ../L11/img3.PNG>
Package pdftex.def Info: ../L11/img3.PNG  used on input line 300.
(pdftex.def)             Requested size: 134.44012pt x 85.35826pt.
<../L11/img4.PNG, id=1620, 329.73187pt x 206.27063pt>
File: ../L11/img4.PNG Graphic file (type png)
<use ../L11/img4.PNG>
Package pdftex.def Info: ../L11/img4.PNG  used on input line 314.
(pdftex.def)             Requested size: 136.44876pt x 85.35826pt.

Underfull \hbox (badness 10000) in paragraph at lines 330--336

 []


Underfull \hbox (badness 10000) in paragraph at lines 330--336

 []

[79 <../L11/img3.PNG> <../L11/img4.PNG>]
Underfull \hbox (badness 10000) in paragraph at lines 366--370

 []

<../L11/img5.PNG, id=1628, 581.92406pt x 449.42906pt>
File: ../L11/img5.PNG Graphic file (type png)
<use ../L11/img5.PNG>
Package pdftex.def Info: ../L11/img5.PNG  used on input line 384.
(pdftex.def)             Requested size: 221.04465pt x 170.71652pt.
[80]) [81 <../L11/img5.PNG>] (c:/Users/enric/Desktop/NOTES/FISICA TECNICA/riassunto/../L12/L12.tex
Underfull \hbox (badness 10000) in paragraph at lines 3--9

 []

) [82] [83] (c:/Users/enric/Desktop/NOTES/FISICA TECNICA/riassunto/../NOTE SUGLI ESERCIZI/note-sugli-esercizi.tex (c:/Users/enric/Desktop/NOTES/FISICA TECNICA/riassunto/../NOTE SUGLI ESERCIZI/linee guida per gli esercizi.tex
<../L01/img10.PNG, id=1648, 475.7775pt x 192.72pt>
File: ../L01/img10.PNG Graphic file (type png)
<use ../L01/img10.PNG>
Package pdftex.def Info: ../L01/img10.PNG  used on input line 26.
(pdftex.def)             Requested size: 351.21317pt x 142.26378pt.
<../L01/img11.PNG, id=1649, 474.27188pt x 305.64188pt>
File: ../L01/img11.PNG Graphic file (type png)
<use ../L01/img11.PNG>
Package pdftex.def Info: ../L01/img11.PNG  used on input line 29.
(pdftex.def)             Requested size: 309.05464pt x 199.16928pt.
 [84 <../L01/img10.PNG>]
<../L01/img12.PNG, id=1655, 475.02469pt x 321.45094pt>
File: ../L01/img12.PNG Graphic file (type png)
<use ../L01/img12.PNG>
Package pdftex.def Info: ../L01/img12.PNG  used on input line 32.
(pdftex.def)             Requested size: 210.23647pt x 142.26378pt.
<../L01/img13.PNG, id=1656, 475.7775pt x 160.34906pt>
File: ../L01/img13.PNG Graphic file (type png)
<use ../L01/img13.PNG>
Package pdftex.def Info: ../L01/img13.PNG  used on input line 35.
(pdftex.def)             Requested size: 422.1266pt x 142.26378pt.
) [85 <../L01/img11.PNG> <../L01/img12.PNG> <../L01/img13.PNG>] (c:/Users/enric/Desktop/NOTES/FISICA TECNICA/riassunto/../NOTE SUGLI ESERCIZI/equazioni di bilancio per i sistemi chiusi.tex
Underfull \hbox (badness 10000) in paragraph at lines 2--5

 []


Underfull \hbox (badness 10000) in paragraph at lines 10--14

 []


Underfull \hbox (badness 10000) in paragraph at lines 16--20

 []


Underfull \hbox (badness 10000) in paragraph at lines 41--44

 []


Underfull \hbox (badness 10000) in paragraph at lines 46--58

 []

[86])
Underfull \hbox (badness 10000) in paragraph at lines 75--4

 []

[87] (c:/Users/enric/Desktop/NOTES/FISICA TECNICA/riassunto/../NOTE SUGLI ESERCIZI/stati monofase.tex
<../NOTE SUGLI ESERCIZI/img1.PNG, id=1673, 319.94531pt x 174.6525pt>
File: ../NOTE SUGLI ESERCIZI/img1.PNG Graphic file (type png)
<use ../NOTE SUGLI ESERCIZI/img1.PNG>
Package pdftex.def Info: ../NOTE SUGLI ESERCIZI/img1.PNG  used on input line 21.
(pdftex.def)             Requested size: 156.36935pt x 85.35826pt.
<../NOTE SUGLI ESERCIZI/img2.PNG, id=1674, 467.49657pt x 330.48468pt>
File: ../NOTE SUGLI ESERCIZI/img2.PNG Graphic file (type png)
<use ../NOTE SUGLI ESERCIZI/img2.PNG>
Package pdftex.def Info: ../NOTE SUGLI ESERCIZI/img2.PNG  used on input line 45.
(pdftex.def)             Requested size: 201.24786pt x 142.26378pt.
 [88 <../NOTE SUGLI ESERCIZI/img1.PNG>]
<../NOTE SUGLI ESERCIZI/img3.PNG, id=1680, 615.80063pt x 203.25937pt>
File: ../NOTE SUGLI ESERCIZI/img3.PNG Graphic file (type png)
<use ../NOTE SUGLI ESERCIZI/img3.PNG>
Package pdftex.def Info: ../NOTE SUGLI ESERCIZI/img3.PNG  used on input line 60.
(pdftex.def)             Requested size: 258.59691pt x 85.35826pt.

Underfull \hbox (badness 10000) in paragraph at lines 63--67

 []

[89 <../NOTE SUGLI ESERCIZI/img2.PNG> <../NOTE SUGLI ESERCIZI/img3.PNG>]) [90] (c:/Users/enric/Desktop/NOTES/FISICA TECNICA/riassunto/../NOTE SUGLI ESERCIZI/stati bifase.tex
Underfull \hbox (badness 10000) in paragraph at lines 2--17

 []


Underfull \hbox (badness 10000) in paragraph at lines 2--17

 []


Underfull \hbox (badness 10000) in paragraph at lines 2--17

 []


Underfull \hbox (badness 10000) in paragraph at lines 19--26

 []


Underfull \hbox (badness 10000) in paragraph at lines 27--30

 []


Underfull \hbox (badness 10000) in paragraph at lines 36--40

 []


Underfull \hbox (badness 10000) in paragraph at lines 47--54

 []

[91]
Underfull \hbox (badness 10000) in paragraph at lines 57--60

 []


Underfull \hbox (badness 10000) in paragraph at lines 82--98

 []

[92]) [93] (c:/Users/enric/Desktop/NOTES/FISICA TECNICA/riassunto/../NOTE SUGLI ESERCIZI/sistemi aperti.tex
Underfull \hbox (badness 10000) in paragraph at lines 2--5

 []


Underfull \hbox (badness 10000) in paragraph at lines 7--13

 []


Underfull \hbox (badness 10000) in paragraph at lines 25--34

 []


Underfull \hbox (badness 10000) in paragraph at lines 25--34

 []


Underfull \hbox (badness 10000) in paragraph at lines 25--34

 []


Underfull \hbox (badness 10000) in paragraph at lines 49--52

 []

[94]
Underfull \hbox (badness 10000) in paragraph at lines 59--67

 []


Underfull \hbox (badness 10000) in paragraph at lines 59--67

 []


Underfull \hbox (badness 10000) in paragraph at lines 59--67

 []


Underfull \hbox (badness 10000) in paragraph at lines 71--79

 []


Underfull \hbox (badness 10000) in paragraph at lines 71--79

 []


Underfull \hbox (badness 10000) in paragraph at lines 71--79

 []


Underfull \hbox (badness 10000) in paragraph at lines 85--88

 []


Underfull \hbox (badness 10000) in paragraph at lines 96--100

 []


Underfull \hbox (badness 10000) in paragraph at lines 106--110

 []

[95]) [96] (c:/Users/enric/Desktop/NOTES/FISICA TECNICA/riassunto/../NOTE SUGLI ESERCIZI/macchine termodinamiche.tex
Underfull \hbox (badness 10000) in paragraph at lines 2--12

 []


Underfull \hbox (badness 10000) in paragraph at lines 2--12

 []

<../NOTE SUGLI ESERCIZI/img4.PNG, id=1717, 234.1247pt x 182.93344pt>
File: ../NOTE SUGLI ESERCIZI/img4.PNG Graphic file (type png)
<use ../NOTE SUGLI ESERCIZI/img4.PNG>
Package pdftex.def Info: ../NOTE SUGLI ESERCIZI/img4.PNG  used on input line 14.
(pdftex.def)             Requested size: 182.08423pt x 142.26378pt.
[97 <../NOTE SUGLI ESERCIZI/img4.PNG>]
Overfull \hbox (11.61359pt too wide) in paragraph at lines 76--76
[]\OT1/cmss/bx/n/20.74 macchina ope-ra-tri-ce con sor-gen-ti a tem-
 []

<../NOTE SUGLI ESERCIZI/img5.PNG, id=1724, 248.42813pt x 185.19188pt>
File: ../NOTE SUGLI ESERCIZI/img5.PNG Graphic file (type png)
<use ../NOTE SUGLI ESERCIZI/img5.PNG>
Package pdftex.def Info: ../NOTE SUGLI ESERCIZI/img5.PNG  used on input line 78.
(pdftex.def)             Requested size: 190.84294pt x 142.26378pt.

Underfull \hbox (badness 10000) in paragraph at lines 113--122

 []


Underfull \hbox (badness 10000) in paragraph at lines 124--132

 []

[98 <../NOTE SUGLI ESERCIZI/img5.PNG>]
Underfull \hbox (badness 10000) in paragraph at lines 134--141

 []


Underfull \hbox (badness 10000) in paragraph at lines 134--141

 []


Underfull \hbox (badness 10000) in paragraph at lines 156--166

 []

) [99] (c:/Users/enric/Desktop/NOTES/FISICA TECNICA/riassunto/../NOTE SUGLI ESERCIZI/cicli.tex
Underfull \hbox (badness 10000) in paragraph at lines 7--12

 []


Underfull \hbox (badness 10000) in paragraph at lines 7--12

 []

File: ../L07/img1.PNG Graphic file (type png)
<use ../L07/img1.PNG>
Package pdftex.def Info: ../L07/img1.PNG  used on input line 13.
(pdftex.def)             Requested size: 114.49716pt x 113.81102pt.

Underfull \hbox (badness 10000) in paragraph at lines 22--28

 []


Underfull \hbox (badness 10000) in paragraph at lines 22--28

 []


Underfull \hbox (badness 10000) in paragraph at lines 29--34

 []


Underfull \hbox (badness 10000) in paragraph at lines 29--34

 []


Underfull \hbox (badness 10000) in paragraph at lines 44--48

 []

[100]
Underfull \hbox (badness 10000) in paragraph at lines 54--59

 []


Underfull \hbox (badness 10000) in paragraph at lines 64--71

 []


Underfull \hbox (badness 10000) in paragraph at lines 64--71

 []


Underfull \hbox (badness 10000) in paragraph at lines 64--71

 []


Underfull \hbox (badness 10000) in paragraph at lines 82--86

 []

[101]
Underfull \hbox (badness 10000) in paragraph at lines 109--114

 []


Underfull \hbox (badness 10000) in paragraph at lines 125--128

 []


Underfull \hbox (badness 10000) in paragraph at lines 133--138

 []


Underfull \hbox (badness 10000) in paragraph at lines 142--147

 []

[102])) [103]
Package atveryend Info: Empty hook `BeforeClearDocument' on input line 56.
Package atveryend Info: Empty hook `AfterLastShipout' on input line 56.
 (c:/Users/enric/Desktop/NOTES/FISICA TECNICA/riassunto/riassunto.aux)
Package atveryend Info: Executing hook `AtVeryEndDocument' on input line 56.
Package atveryend Info: Executing hook `AtEndAfterFileList' on input line 56.
Package rerunfilecheck Info: File `riassunto.out' has not changed.
(rerunfilecheck)             Checksum: 0268407B7479DF4344C066B9B426444C;17414.
 ) 
Here is how much of TeX's memory you used:
 19418 strings out of 480994
 356899 string characters out of 5916032
 608939 words of memory out of 5000000
 34112 multiletter control sequences out of 15000+600000
 546471 words of font info for 78 fonts, out of 8000000 for 9000
 1141 hyphenation exceptions out of 8191
 62i,9n,77p,1421b,494s stack positions out of 5000i,500n,10000p,200000b,80000s
{c:/texlive/2019/texmf-dist/fonts/enc/dvips/cm-super/cm-super-ts1.enc}<c:/texlive/2019/texmf-dist/fonts/type1/public/amsfonts/cm/cmex10.pfb><c:/texlive/2019/texmf-dist/fonts/type1/public/amsfonts/cmextra/cmex7.pfb><c:/texlive/2019/texmf-dist/fonts/type1/public/amsfonts/cm/cmmi10.pfb><c:/texlive/2019/texmf-dist/fonts/type1/public/amsfonts/cm/cmmi12.pfb><c:/texlive/2019/texmf-dist/fonts/type1/public/amsfonts/cm/cmmi5.pfb><c:/texlive/2019/texmf-dist/fonts/type1/public/amsfonts/cm/cmmi7.pfb><c:/texlive/2019/texmf-dist/fonts/type1/public/amsfonts/cm/cmmi8.pfb><c:/texlive/2019/texmf-dist/fonts/type1/public/amsfonts/cm/cmr10.pfb><c:/texlive/2019/texmf-dist/fonts/type1/public/amsfonts/cm/cmr5.pfb><c:/texlive/2019/texmf-dist/fonts/type1/public/amsfonts/cm/cmr7.pfb><c:/texlive/2019/texmf-dist/fonts/type1/public/amsfonts/cm/cmss10.pfb><c:/texlive/2019/texmf-dist/fonts/type1/public/amsfonts/cm/cmss12.pfb><c:/texlive/2019/texmf-dist/fonts/type1/public/amsfonts/cm/cmss17.pfb><c:/texlive/2019/texmf-dist/fonts/type1/public/amsfonts/cm/cmss8.pfb><c:/texlive/2019/texmf-dist/fonts/type1/public/amsfonts/cm/cmssbx10.pfb><c:/texlive/2019/texmf-dist/fonts/type1/public/amsfonts/cm/cmsy10.pfb><c:/texlive/2019/texmf-dist/fonts/type1/public/amsfonts/cm/cmsy5.pfb><c:/texlive/2019/texmf-dist/fonts/type1/public/amsfonts/cm/cmsy7.pfb><c:/texlive/2019/texmf-dist/fonts/type1/public/amsfonts/cm/cmtt10.pfb><c:/texlive/2019/texmf-dist/fonts/type1/public/cm-super/sfss1000.pfb>
Output written on "c:/Users/enric/Desktop/NOTES/FISICA TECNICA/riassunto/riassunto.pdf" (103 pages, 5724412 bytes).
PDF statistics:
 1889 PDF objects out of 2073 (max. 8388607)
 1536 compressed objects within 16 object streams
 316 named destinations out of 1000 (max. 500000)
 2231 words of extra memory for PDF output out of 10000 (max. 10000000)

