This is pdfTeX, Version 3.14159265-2.6-1.40.20 (TeX Live 2019/W32TeX) (preloaded format=pdflatex 2019.10.4)  9 JAN 2020 03:42
entering extended mode
 restricted \write18 enabled.
 file:line:error style messages enabled.
 %&-line parsing enabled.
**"c:/Users/Federico/Desktop/NOTES/NOTES/analisi1/secondo parziale/master/master.tex"
(c:/Users/Federico/Desktop/NOTES/NOTES/analisi1/secondo parziale/master/master.tex
LaTeX2e <2018-12-01>
(c:/texlive/2019/texmf-dist/tex/latex/base/report.cls
Document Class: report 2018/09/03 v1.4i Standard LaTeX document class
(c:/texlive/2019/texmf-dist/tex/latex/base/size10.clo
File: size10.clo 2018/09/03 v1.4i Standard LaTeX file (size option)
)
\c@part=\count80
\c@chapter=\count81
\c@section=\count82
\c@subsection=\count83
\c@subsubsection=\count84
\c@paragraph=\count85
\c@subparagraph=\count86
\c@figure=\count87
\c@table=\count88
\abovecaptionskip=\skip41
\belowcaptionskip=\skip42
\bibindent=\dimen102
) (c:/Users/Federico/Desktop/NOTES/NOTES/analisi1/secondo parziale/master/../preamble/preamble.tex (c:/texlive/2019/texmf-dist/tex/latex/amsmath/amsmath.sty
Package: amsmath 2018/12/01 v2.17b AMS math features
\@mathmargin=\skip43

For additional information on amsmath, use the `?' option.
(c:/texlive/2019/texmf-dist/tex/latex/amsmath/amstext.sty
Package: amstext 2000/06/29 v2.01 AMS text
 (c:/texlive/2019/texmf-dist/tex/latex/amsmath/amsgen.sty
File: amsgen.sty 1999/11/30 v2.0 generic functions
\@emptytoks=\toks14
\ex@=\dimen103
)) (c:/texlive/2019/texmf-dist/tex/latex/amsmath/amsbsy.sty
Package: amsbsy 1999/11/29 v1.2d Bold Symbols
\pmbraise@=\dimen104
) (c:/texlive/2019/texmf-dist/tex/latex/amsmath/amsopn.sty
Package: amsopn 2016/03/08 v2.02 operator names
)
\inf@bad=\count89
LaTeX Info: Redefining \frac on input line 223.
\uproot@=\count90
\leftroot@=\count91
LaTeX Info: Redefining \overline on input line 385.
\classnum@=\count92
\DOTSCASE@=\count93
LaTeX Info: Redefining \ldots on input line 482.
LaTeX Info: Redefining \dots on input line 485.
LaTeX Info: Redefining \cdots on input line 606.
\Mathstrutbox@=\box27
\strutbox@=\box28
\big@size=\dimen105
LaTeX Font Info:    Redeclaring font encoding OML on input line 729.
LaTeX Font Info:    Redeclaring font encoding OMS on input line 730.
\macc@depth=\count94
\c@MaxMatrixCols=\count95
\dotsspace@=\muskip10
\c@parentequation=\count96
\dspbrk@lvl=\count97
\tag@help=\toks15
\row@=\count98
\column@=\count99
\maxfields@=\count100
\andhelp@=\toks16
\eqnshift@=\dimen106
\alignsep@=\dimen107
\tagshift@=\dimen108
\tagwidth@=\dimen109
\totwidth@=\dimen110
\lineht@=\dimen111
\@envbody=\toks17
\multlinegap=\skip44
\multlinetaggap=\skip45
\mathdisplay@stack=\toks18
LaTeX Info: Redefining \[ on input line 2844.
LaTeX Info: Redefining \] on input line 2845.
) (c:/texlive/2019/texmf-dist/tex/latex/amsfonts/amssymb.sty
Package: amssymb 2013/01/14 v3.01 AMS font symbols
 (c:/texlive/2019/texmf-dist/tex/latex/amsfonts/amsfonts.sty
Package: amsfonts 2013/01/14 v3.01 Basic AMSFonts support
\symAMSa=\mathgroup4
\symAMSb=\mathgroup5
LaTeX Font Info:    Overwriting math alphabet `\mathfrak' in version `bold'
(Font)                  U/euf/m/n --> U/euf/b/n on input line 106.
)) (c:/texlive/2019/texmf-dist/tex/latex/graphics/graphicx.sty
Package: graphicx 2017/06/01 v1.1a Enhanced LaTeX Graphics (DPC,SPQR)
 (c:/texlive/2019/texmf-dist/tex/latex/graphics/keyval.sty
Package: keyval 2014/10/28 v1.15 key=value parser (DPC)
\KV@toks@=\toks19
) (c:/texlive/2019/texmf-dist/tex/latex/graphics/graphics.sty
Package: graphics 2017/06/25 v1.2c Standard LaTeX Graphics (DPC,SPQR)
 (c:/texlive/2019/texmf-dist/tex/latex/graphics/trig.sty
Package: trig 2016/01/03 v1.10 sin cos tan (DPC)
) (c:/texlive/2019/texmf-dist/tex/latex/graphics-cfg/graphics.cfg
File: graphics.cfg 2016/06/04 v1.11 sample graphics configuration
)
Package graphics Info: Driver file: pdftex.def on input line 99.
 (c:/texlive/2019/texmf-dist/tex/latex/graphics-def/pdftex.def
File: pdftex.def 2018/01/08 v1.0l Graphics/color driver for pdftex
))
\Gin@req@height=\dimen112
\Gin@req@width=\dimen113
) (c:/texlive/2019/texmf-dist/tex/generic/babel/babel.sty
Package: babel 2019/09/27 3.34 The Babel package
 (c:/texlive/2019/texmf-dist/tex/generic/babel/switch.def
File: switch.def 2019/09/27 3.34 Babel switching mechanism
) (c:/texlive/2019/texmf-dist/tex/generic/babel-italian/italian.ldf
Language: italian 2019/01/05 v.1.4.01 Italian support for the babel system
 (c:/texlive/2019/texmf-dist/tex/generic/babel/babel.def
File: babel.def 2019/09/27 3.34 Babel common definitions
\babel@savecnt=\count101
\U@D=\dimen114
 (c:/texlive/2019/texmf-dist/tex/generic/babel/txtbabel.def)
\bbl@dirlevel=\count102
)
\it@lettering=\count103
\it@doublequoteactive=\count104
\it@ISOcompliance=\count105
)) (c:/texlive/2019/texmf-dist/tex/latex/etoolbox/etoolbox.sty
Package: etoolbox 2019/09/21 v2.5h e-TeX tools for LaTeX (JAW)
\etb@tempcnta=\count106
) (c:/texlive/2019/texmf-dist/tex/latex/import/import.sty
Package: import 2009/03/23  v 5.1
) (c:/texlive/2019/texmf-dist/tex/latex/xifthen/xifthen.sty
Package: xifthen 2015/11/05 v1.4.0 Extended ifthen features
 (c:/texlive/2019/texmf-dist/tex/latex/tools/calc.sty
Package: calc 2017/05/25 v4.3 Infix arithmetic (KKT,FJ)
\calc@Acount=\count107
\calc@Bcount=\count108
\calc@Adimen=\dimen115
\calc@Bdimen=\dimen116
\calc@Askip=\skip46
\calc@Bskip=\skip47
LaTeX Info: Redefining \setlength on input line 80.
LaTeX Info: Redefining \addtolength on input line 81.
\calc@Ccount=\count109
\calc@Cskip=\skip48
) (c:/texlive/2019/texmf-dist/tex/latex/base/ifthen.sty
Package: ifthen 2014/09/29 v1.1c Standard LaTeX ifthen package (DPC)
) (c:/texlive/2019/texmf-dist/tex/latex/ifmtarg/ifmtarg.sty
Package: ifmtarg 2018/04/16 v1.2b check for an empty argument
)) (c:/texlive/2019/texmf-dist/tex/latex/pdfpages/pdfpages.sty
Package: pdfpages 2019/09/21 v0.5n Insert pages of external PDF documents (AM)
 (c:/texlive/2019/texmf-dist/tex/latex/eso-pic/eso-pic.sty
Package: eso-pic 2018/04/12 v2.0h eso-pic (RN)
 (c:/texlive/2019/texmf-dist/tex/generic/oberdiek/atbegshi.sty
Package: atbegshi 2016/06/09 v1.18 At begin shipout hook (HO)
 (c:/texlive/2019/texmf-dist/tex/generic/oberdiek/infwarerr.sty
Package: infwarerr 2016/05/16 v1.4 Providing info/warning/error messages (HO)
) (c:/texlive/2019/texmf-dist/tex/generic/oberdiek/ltxcmds.sty
Package: ltxcmds 2016/05/16 v1.23 LaTeX kernel commands for general use (HO)
) (c:/texlive/2019/texmf-dist/tex/generic/oberdiek/ifpdf.sty
Package: ifpdf 2018/09/07 v3.3 Provides the ifpdf switch
)) (c:/texlive/2019/texmf-dist/tex/latex/xcolor/xcolor.sty
Package: xcolor 2016/05/11 v2.12 LaTeX color extensions (UK)
 (c:/texlive/2019/texmf-dist/tex/latex/graphics-cfg/color.cfg
File: color.cfg 2016/01/02 v1.6 sample color configuration
)
Package xcolor Info: Driver file: pdftex.def on input line 225.
Package xcolor Info: Model `cmy' substituted by `cmy0' on input line 1348.
Package xcolor Info: Model `hsb' substituted by `rgb' on input line 1352.
Package xcolor Info: Model `RGB' extended on input line 1364.
Package xcolor Info: Model `HTML' substituted by `rgb' on input line 1366.
Package xcolor Info: Model `Hsb' substituted by `hsb' on input line 1367.
Package xcolor Info: Model `tHsb' substituted by `hsb' on input line 1368.
Package xcolor Info: Model `HSB' substituted by `hsb' on input line 1369.
Package xcolor Info: Model `Gray' substituted by `gray' on input line 1370.
Package xcolor Info: Model `wave' substituted by `hsb' on input line 1371.
))
\AM@pagewidth=\dimen117
\AM@pageheight=\dimen118
 (c:/texlive/2019/texmf-dist/tex/latex/pdfpages/pppdftex.def
File: pppdftex.def 2019/09/21 v0.5n Pdfpages driver for pdfTeX (AM)
)
\AM@pagebox=\box29
\AM@global@opts=\toks20
\AM@toc@title=\toks21
\c@AM@survey=\count110
\AM@templatesizebox=\box30
) (c:/texlive/2019/texmf-dist/tex/latex/oberdiek/transparent.sty
Package: transparent 2018/11/18 v1.3 Transparency via pdfTeX's color stack (HO)
 (c:/texlive/2019/texmf-dist/tex/latex/oberdiek/auxhook.sty
Package: auxhook 2016/05/16 v1.4 Hooks for auxiliary files (HO)
)) (c:/texlive/2019/texmf-dist/tex/latex/geometry/geometry.sty
Package: geometry 2018/04/16 v5.8 Page Geometry
 (c:/texlive/2019/texmf-dist/tex/generic/oberdiek/ifvtex.sty
Package: ifvtex 2016/05/16 v1.6 Detect VTeX and its facilities (HO)
Package ifvtex Info: VTeX not detected.
) (c:/texlive/2019/texmf-dist/tex/generic/ifxetex/ifxetex.sty
Package: ifxetex 2010/09/12 v0.6 Provides ifxetex conditional
)
\Gm@cnth=\count111
\Gm@cntv=\count112
\c@Gm@tempcnt=\count113
\Gm@bindingoffset=\dimen119
\Gm@wd@mp=\dimen120
\Gm@odd@mp=\dimen121
\Gm@even@mp=\dimen122
\Gm@layoutwidth=\dimen123
\Gm@layoutheight=\dimen124
\Gm@layouthoffset=\dimen125
\Gm@layoutvoffset=\dimen126
\Gm@dimlist=\toks22
))

LaTeX Warning: Unused global option(s):
    [9pt].

(c:/Users/Federico/Desktop/NOTES/NOTES/analisi1/secondo parziale/master/master.aux)
\openout1 = `master.aux'.

LaTeX Font Info:    Checking defaults for OML/cmm/m/it on input line 3.
LaTeX Font Info:    ... okay on input line 3.
LaTeX Font Info:    Checking defaults for T1/cmr/m/n on input line 3.
LaTeX Font Info:    ... okay on input line 3.
LaTeX Font Info:    Checking defaults for OT1/cmr/m/n on input line 3.
LaTeX Font Info:    ... okay on input line 3.
LaTeX Font Info:    Checking defaults for OMS/cmsy/m/n on input line 3.
LaTeX Font Info:    ... okay on input line 3.
LaTeX Font Info:    Checking defaults for OMX/cmex/m/n on input line 3.
LaTeX Font Info:    ... okay on input line 3.
LaTeX Font Info:    Checking defaults for U/cmr/m/n on input line 3.
LaTeX Font Info:    ... okay on input line 3.
 (c:/texlive/2019/texmf-dist/tex/context/base/mkii/supp-pdf.mkii
[Loading MPS to PDF converter (version 2006.09.02).]
\scratchcounter=\count114
\scratchdimen=\dimen127
\scratchbox=\box31
\nofMPsegments=\count115
\nofMParguments=\count116
\everyMPshowfont=\toks23
\MPscratchCnt=\count117
\MPscratchDim=\dimen128
\MPnumerator=\count118
\makeMPintoPDFobject=\count119
\everyMPtoPDFconversion=\toks24
) (c:/texlive/2019/texmf-dist/tex/latex/oberdiek/epstopdf-base.sty
Package: epstopdf-base 2016/05/15 v2.6 Base part for package epstopdf
 (c:/texlive/2019/texmf-dist/tex/latex/oberdiek/grfext.sty
Package: grfext 2016/05/16 v1.2 Manage graphics extensions (HO)
 (c:/texlive/2019/texmf-dist/tex/generic/oberdiek/kvdefinekeys.sty
Package: kvdefinekeys 2016/05/16 v1.4 Define keys (HO)
)) (c:/texlive/2019/texmf-dist/tex/latex/oberdiek/kvoptions.sty
Package: kvoptions 2016/05/16 v3.12 Key value format for package options (HO)
 (c:/texlive/2019/texmf-dist/tex/generic/oberdiek/kvsetkeys.sty
Package: kvsetkeys 2016/05/16 v1.17 Key value parser (HO)
 (c:/texlive/2019/texmf-dist/tex/generic/oberdiek/etexcmds.sty
Package: etexcmds 2016/05/16 v1.6 Avoid name clashes with e-TeX commands (HO)
 (c:/texlive/2019/texmf-dist/tex/generic/oberdiek/ifluatex.sty
Package: ifluatex 2016/05/16 v1.4 Provides the ifluatex switch (HO)
Package ifluatex Info: LuaTeX not detected.
)))) (c:/texlive/2019/texmf-dist/tex/generic/oberdiek/pdftexcmds.sty
Package: pdftexcmds 2019/07/25 v0.30 Utility functions of pdfTeX for LuaTeX (HO)
Package pdftexcmds Info: LuaTeX not detected.
Package pdftexcmds Info: \pdf@primitive is available.
Package pdftexcmds Info: \pdf@ifprimitive is available.
Package pdftexcmds Info: \pdfdraftmode found.
)
Package epstopdf-base Info: Redefining graphics rule for `.eps' on input line 438.
Package grfext Info: Graphics extension search list:
(grfext)             [.pdf,.png,.jpg,.mps,.jpeg,.jbig2,.jb2,.PDF,.PNG,.JPG,.JPEG,.JBIG2,.JB2,.eps]
(grfext)             \AppendGraphicsExtensions on input line 456.
 (c:/texlive/2019/texmf-dist/tex/latex/latexconfig/epstopdf-sys.cfg
File: epstopdf-sys.cfg 2010/07/13 v1.3 Configuration of (r)epstopdf for TeX Live
))
LaTeX Info: Redefining \it@ocap on input line 3.
LaTeX Info: Redefining \it@ccap on input line 3.


File italian.ldf warning: 
italian.ldf    With OT1 encoding guillemets are poorly faked
italian.ldf    Use T1 encoding
italian.ldf    or specify a font with command \CaporaliFrom
italian.ldf    See the documentation concerning the babel-italian typesetting 
italian.ldf    on input line 3.

\AtBeginShipoutBox=\box32
(c:/texlive/2019/texmf-dist/tex/latex/oberdiek/pdflscape.sty
Package: pdflscape 2016/05/14 v0.11 Display of landscape pages in PDF (HO)
 (c:/texlive/2019/texmf-dist/tex/latex/graphics/lscape.sty
Package: lscape 2000/10/22 v3.01 Landscape Pages (DPC)
)
Package pdflscape Info: Auto-detected driver: pdftex on input line 81.
)
*geometry* driver: auto-detecting
*geometry* detected driver: pdftex
*geometry* verbose mode - [ preamble ] result:
* driver: pdftex
* paper: a4paper
* layout: <same size as paper>
* layoutoffset:(h,v)=(0.0pt,0.0pt)
* modes: 
* h-part:(L,W,R)=(99.58464pt, 423.94608pt, 73.97716pt)
* v-part:(T,H,B)=(73.97716pt, 728.39056pt, 42.67912pt)
* \paperwidth=597.50787pt
* \paperheight=845.04684pt
* \textwidth=423.94608pt
* \textheight=728.39056pt
* \oddsidemargin=27.31465pt
* \evensidemargin=27.31465pt
* \topmargin=-35.29283pt
* \headheight=12.0pt
* \headsep=25.0pt
* \topskip=10.0pt
* \footskip=30.0pt
* \marginparwidth=57.0pt
* \marginparsep=11.0pt
* \columnsep=10.0pt
* \skip\footins=9.0pt plus 4.0pt minus 2.0pt
* \hoffset=0.0pt
* \voffset=0.0pt
* \mag=1000
* \@twocolumnfalse
* \@twosidefalse
* \@mparswitchfalse
* \@reversemarginfalse
* (1in=72.27pt=25.4mm, 1cm=28.453pt)

LaTeX Font Info:    Try loading font information for U+msa on input line 5.
(c:/texlive/2019/texmf-dist/tex/latex/amsfonts/umsa.fd
File: umsa.fd 2013/01/14 v3.01 AMS symbols A
)
LaTeX Font Info:    Try loading font information for U+msb on input line 5.
 (c:/texlive/2019/texmf-dist/tex/latex/amsfonts/umsb.fd
File: umsb.fd 2013/01/14 v3.01 AMS symbols B
)
Overfull \hbox (54.79594pt too wide) detected at line 56
\OML/cmm/m/it/10 Sh\OT1/cmr/m/n/10 (\OML/cmm/m/it/10 SettCh\OT1/cmr/m/n/10 (\OML/cmm/m/it/10 a\OT1/cmr/m/n/10 )) = []    \OML/cmm/m/it/10 ottenuta da \OT1/cmr/m/n/10 [\OML/cmm/m/it/10 Ch[]\OT1/cmr/m/n/10 (\OML/cmm/m/it/10 x\OT1/cmr/m/n/10 ) \OMS/cmsy/m/n/10 ^^@ \OML/cmm/m/it/10 Sh[]\OT1/cmr/m/n/10 (\OML/cmm/m/it/10 x\OT1/cmr/m/n/10 ) = 1] \OMS/cmsy/m/n/10 ! \OT1/cmr/m/n/10 [\OML/cmm/m/it/10 Sh\OT1/cmr/m/n/10 (\OML/cmm/m/it/10 x\OT1/cmr/m/n/10 ) = []] \OMS/cmsy/m/n/10 ! \OT1/cmr/m/n/10 [\OML/cmm/m/it/10 x \OT1/cmr/m/n/10 = \OML/cmm/m/it/10 SettCh\OT1/cmr/m/n/10 (\OML/cmm/m/it/10 a\OT1/cmr/m/n/10 )]
 []


Overfull \hbox (53.64177pt too wide) detected at line 59
\OML/cmm/m/it/10 Ch\OT1/cmr/m/n/10 (\OML/cmm/m/it/10 SettSh\OT1/cmr/m/n/10 (\OML/cmm/m/it/10 a\OT1/cmr/m/n/10 )) = []    \OML/cmm/m/it/10 ottenuta da \OT1/cmr/m/n/10 [\OML/cmm/m/it/10 Ch[]\OT1/cmr/m/n/10 (\OML/cmm/m/it/10 x\OT1/cmr/m/n/10 ) \OMS/cmsy/m/n/10 ^^@ \OML/cmm/m/it/10 Sh[]\OT1/cmr/m/n/10 (\OML/cmm/m/it/10 x\OT1/cmr/m/n/10 ) = 1] \OMS/cmsy/m/n/10 ! \OT1/cmr/m/n/10 [\OML/cmm/m/it/10 Ch\OT1/cmr/m/n/10 (\OML/cmm/m/it/10 x\OT1/cmr/m/n/10 ) = []] \OMS/cmsy/m/n/10 ! \OT1/cmr/m/n/10 [\OML/cmm/m/it/10 x \OT1/cmr/m/n/10 = \OML/cmm/m/it/10 SettSh\OT1/cmr/m/n/10 (\OML/cmm/m/it/10 a\OT1/cmr/m/n/10 )]
 []

[1

{c:/texlive/2019/texmf-var/fonts/map/pdftex/updmap/pdftex.map}] [2]
Underfull \hbox (badness 10000) in paragraph at lines 162--170

 []


Underfull \hbox (badness 10000) in paragraph at lines 162--170

 []


Underfull \hbox (badness 10000) in paragraph at lines 162--170

 []

LaTeX Font Info:    Try loading font information for OMS+cmss on input line 171.
LaTeX Font Info:    No file OMScmss.fd. on input line 171.

LaTeX Font Warning: Font shape `OMS/cmss/m/n' undefined
(Font)              using `OMS/cmsy/m/n' instead
(Font)              for symbol `textbullet' on input line 171.


Underfull \hbox (badness 10000) in paragraph at lines 174--177

 []


Underfull \hbox (badness 10000) in paragraph at lines 195--199

 []


Underfull \hbox (badness 10000) in paragraph at lines 201--213

 []


Underfull \hbox (badness 10000) in paragraph at lines 201--213

 []


Underfull \hbox (badness 10000) in paragraph at lines 201--213

 []


Underfull \hbox (badness 10000) in paragraph at lines 201--213

 []

[3] [4]
Overfull \hbox (62.67398pt too wide) detected at line 300
[] \OML/cmm/m/it/10 sin[]\OT1/cmr/m/n/10 (\OML/cmm/m/it/10 x\OT1/cmr/m/n/10 )\OML/cmm/m/it/10 dx \OT1/cmr/m/n/10 = [\OML/cmm/m/it/10 integrato una volta per parti e sostituzione con cos[]\OT1/cmr/m/n/10 (\OML/cmm/m/it/10 x\OT1/cmr/m/n/10 ) + \OML/cmm/m/it/10 sin[]\OT1/cmr/m/n/10 (\OML/cmm/m/it/10 x\OT1/cmr/m/n/10 ) = 1] = [](\OML/cmm/m/it/10 x \OMS/cmss/m/n/10 ^^@ \OML/cmm/m/it/10 sin\OT1/cmr/m/n/10 (\OML/cmm/m/it/10 x\OT1/cmr/m/n/10 )\OML/cmm/m/it/10 cos\OT1/cmr/m/n/10 (\OML/cmm/m/it/10 x\OT1/cmr/m/n/10 )) + \OML/cmm/m/it/10 c
 []


Overfull \hbox (62.40129pt too wide) detected at line 303
[] \OML/cmm/m/it/10 cos[]\OT1/cmr/m/n/10 (\OML/cmm/m/it/10 x\OT1/cmr/m/n/10 )\OML/cmm/m/it/10 dx \OT1/cmr/m/n/10 = [\OML/cmm/m/it/10 integrato una volta per parti e sostituzione con cos[]\OT1/cmr/m/n/10 (\OML/cmm/m/it/10 x\OT1/cmr/m/n/10 ) + \OML/cmm/m/it/10 sin[]\OT1/cmr/m/n/10 (\OML/cmm/m/it/10 x\OT1/cmr/m/n/10 ) = 1] = [](\OML/cmm/m/it/10 x \OT1/cmr/m/n/10 + \OML/cmm/m/it/10 sin\OT1/cmr/m/n/10 (\OML/cmm/m/it/10 x\OT1/cmr/m/n/10 )\OML/cmm/m/it/10 cos\OT1/cmr/m/n/10 (\OML/cmm/m/it/10 x\OT1/cmr/m/n/10 )) + \OML/cmm/m/it/10 c
 []


Overfull \hbox (40.08517pt too wide) detected at line 312
[] \OML/cmm/m/it/10 Sh[]\OT1/cmr/m/n/10 (\OML/cmm/m/it/10 x\OT1/cmr/m/n/10 )\OML/cmm/m/it/10 dx \OT1/cmr/m/n/10 = [\OML/cmm/m/it/10 integrato una volta per parti e sostituzione con Ch[]\OT1/cmr/m/n/10 (\OML/cmm/m/it/10 x\OT1/cmr/m/n/10 ) \OMS/cmss/m/n/10 ^^@ \OML/cmm/m/it/10 Sh[]\OT1/cmr/m/n/10 (\OML/cmm/m/it/10 x\OT1/cmr/m/n/10 ) = 1] = [](\OML/cmm/m/it/10 Sh\OT1/cmr/m/n/10 (2\OML/cmm/m/it/10 x\OT1/cmr/m/n/10 ) \OMS/cmss/m/n/10 ^^@ \OT1/cmr/m/n/10 2\OML/cmm/m/it/10 x\OT1/cmr/m/n/10 ) + \OML/cmm/m/it/10 c
 []


Overfull \hbox (58.35646pt too wide) detected at line 315
[] \OML/cmm/m/it/10 Ch[]\OT1/cmr/m/n/10 (\OML/cmm/m/it/10 x\OT1/cmr/m/n/10 )\OML/cmm/m/it/10 dx \OT1/cmr/m/n/10 = [\OML/cmm/m/it/10 integrato una volta per parti e sostituzione con Ch[]\OT1/cmr/m/n/10 (\OML/cmm/m/it/10 x\OT1/cmr/m/n/10 ) \OMS/cmss/m/n/10 ^^@ \OML/cmm/m/it/10 Sh[]\OT1/cmr/m/n/10 (\OML/cmm/m/it/10 x\OT1/cmr/m/n/10 ) = 1] = [](\OML/cmm/m/it/10 x \OT1/cmr/m/n/10 + \OML/cmm/m/it/10 Sh\OT1/cmr/m/n/10 (\OML/cmm/m/it/10 x\OT1/cmr/m/n/10 )\OML/cmm/m/it/10 Ch\OT1/cmr/m/n/10 (\OML/cmm/m/it/10 x\OT1/cmr/m/n/10 )) + \OML/cmm/m/it/10 c
 []

[5] [6] [7] [8]
Overfull \hbox (14.84547pt too wide) detected at line 558
[] \OML/cmm/m/it/10 R\OT1/cmr/m/n/10 (\OML/cmm/m/it/10 x\OT1/cmr/m/n/10 )[]\OML/cmm/m/it/10 dx \OT1/cmr/m/n/10 = [\OML/cmm/m/it/10 x \OT1/cmr/m/n/10 = \OML/cmm/m/it/10 a \OMS/cmss/m/n/10 ^^A \OML/cmm/m/it/10 sin\OT1/cmr/m/n/10 (\OML/cmm/m/it/10 t\OT1/cmr/m/n/10 )\OML/cmm/m/it/10 ; dx \OT1/cmr/m/n/10 = \OML/cmm/m/it/10 a \OMS/cmss/m/n/10 ^^A \OML/cmm/m/it/10 cos\OT1/cmr/m/n/10 (\OML/cmm/m/it/10 t\OT1/cmr/m/n/10 )\OML/cmm/m/it/10 dt\OT1/cmr/m/n/10 ] = [] []\OML/cmm/m/it/10 dx \OT1/cmr/m/n/10 = [] \OMS/cmss/m/n/10 j\OML/cmm/m/it/10 a \OMS/cmss/m/n/10 ^^A \OML/cmm/m/it/10 cos\OT1/cmr/m/n/10 (\OML/cmm/m/it/10 t\OT1/cmr/m/n/10 )\OMS/cmss/m/n/10 j\OML/cmm/m/it/10 dx
 []

[9]
Overfull \hbox (0.11873pt too wide) detected at line 564
[] \OML/cmm/m/it/10 R\OT1/cmr/m/n/10 (\OML/cmm/m/it/10 x\OT1/cmr/m/n/10 )[] = [\OML/cmm/m/it/10 x \OT1/cmr/m/n/10 = \OML/cmm/m/it/10 a \OMS/cmss/m/n/10 ^^A \OML/cmm/m/it/10 Ch\OT1/cmr/m/n/10 (\OML/cmm/m/it/10 t\OT1/cmr/m/n/10 )\OML/cmm/m/it/10 ; dx \OT1/cmr/m/n/10 = \OML/cmm/m/it/10 a \OMS/cmss/m/n/10 ^^A \OML/cmm/m/it/10 Sh\OT1/cmr/m/n/10 (\OML/cmm/m/it/10 t\OT1/cmr/m/n/10 )\OML/cmm/m/it/10 dt\OT1/cmr/m/n/10 ] = [] []\OML/cmm/m/it/10 dx \OT1/cmr/m/n/10 = [] \OMS/cmss/m/n/10 j\OML/cmm/m/it/10 a \OMS/cmss/m/n/10 ^^A \OML/cmm/m/it/10 Sh\OT1/cmr/m/n/10 (\OML/cmm/m/it/10 t\OT1/cmr/m/n/10 )\OMS/cmss/m/n/10 j\OML/cmm/m/it/10 dx
 []

[10] [11] [12] [13] [14]
<../dim/Rolle.PNG, id=62, 475.02469pt x 545.03625pt>
File: ../dim/Rolle.PNG Graphic file (type png)
<use ../dim/Rolle.PNG>
Package pdftex.def Info: ../dim/Rolle.PNG  used on input line 797.
(pdftex.def)             Requested size: 423.94608pt x 486.45297pt.
 [15 <../dim/Rolle.PNG>]
<../dim/lagrange.PNG, id=68, 697.10437pt x 536.75531pt>
File: ../dim/lagrange.PNG Graphic file (type png)
<use ../dim/lagrange.PNG>
Package pdftex.def Info: ../dim/lagrange.PNG  used on input line 808.
(pdftex.def)             Requested size: 423.94608pt x 326.42923pt.
 [16 <../dim/Lagrange.PNG>]
<../dim/monotonia1.PNG, id=73, 804.75656pt x 114.4275pt>
File: ../dim/monotonia1.PNG Graphic file (type png)
<use ../dim/monotonia1.PNG>
Package pdftex.def Info: ../dim/monotonia1.PNG  used on input line 822.
(pdftex.def)             Requested size: 423.94608pt x 60.27962pt.
<../dim/monotonia2.PNG, id=74, 817.55438pt x 362.85562pt>
File: ../dim/monotonia2.PNG Graphic file (type png)
<use ../dim/monotonia2.PNG>
Package pdftex.def Info: ../dim/monotonia2.PNG  used on input line 825.
(pdftex.def)             Requested size: 423.94608pt x 188.16002pt.
 [17 <../dim/monotonia1.PNG> <../dim/monotonia2.PNG>]
<../dim/cauchy.PNG, id=80, 453.19313pt x 635.37375pt>
File: ../dim/cauchy.PNG Graphic file (type png)
<use ../dim/cauchy.PNG>
Package pdftex.def Info: ../dim/cauchy.PNG  used on input line 830.
(pdftex.def)             Requested size: 423.94608pt x 594.37198pt.
 [18 <../dim/cauchy.PNG>] [19]
<../dim/taylorpeano1.PNG, id=89, 339.51843pt x 712.16063pt>
File: ../dim/taylorpeano1.PNG Graphic file (type png)
<use ../dim/taylorpeano1.PNG>
Package pdftex.def Info: ../dim/taylorpeano1.PNG  used on input line 877.
(pdftex.def)             Requested size: 301.1261pt x 631.6585pt.
 [20 <../dim/taylorpeano1.PNG>]
<../dim/taylorpeano2.PNG, id=94, 335.75438pt x 697.8572pt>
File: ../dim/taylorpeano2.PNG Graphic file (type png)
<use ../dim/taylorpeano2.PNG>
Package pdftex.def Info: ../dim/taylorpeano2.PNG  used on input line 881.
(pdftex.def)             Requested size: 301.1261pt x 625.88274pt.
 [21 <../dim/taylorpeano2.PNG>]
<../dim/taylorpeano3.PNG, id=99, 323.70938pt x 439.6425pt>
File: ../dim/taylorpeano3.PNG Graphic file (type png)
<use ../dim/taylorpeano3.PNG>
Package pdftex.def Info: ../dim/taylorpeano3.PNG  used on input line 885.
(pdftex.def)             Requested size: 301.1261pt x 408.99747pt.
 [22 <../dim/taylorpeano3.PNG>]
<../dim/taylorlagrange1.PNG, id=104, 621.07031pt x 173.89969pt>
File: ../dim/taylorlagrange1.PNG Graphic file (type png)
<use ../dim/taylorlagrange1.PNG>
Package pdftex.def Info: ../dim/taylorlagrange1.PNG  used on input line 891.
(pdftex.def)             Requested size: 423.94608pt x 118.70395pt.
<../dim/taylorlagrange2.PNG, id=105, 410.2828pt x 613.54219pt>
File: ../dim/taylorlagrange2.PNG Graphic file (type png)
<use ../dim/taylorlagrange2.PNG>
Package pdftex.def Info: ../dim/taylorlagrange2.PNG  used on input line 895.
(pdftex.def)             Requested size: 301.1261pt x 450.30681pt.

Underfull \hbox (badness 10000) in paragraph at lines 889--898

 []

[23 <../dim/taylorlagrange1.PNG> <../dim/taylorlagrange2.PNG>]
<../dim/integrale1.PNG, id=111, 710.655pt x 129.48375pt>
File: ../dim/integrale1.PNG Graphic file (type png)
<use ../dim/integrale1.PNG>
Package pdftex.def Info: ../dim/integrale1.PNG  used on input line 901.
(pdftex.def)             Requested size: 423.94608pt x 77.24629pt.
<../dim/integrale2.PNG, id=112, 785.18344pt x 49.68562pt>
File: ../dim/integrale2.PNG Graphic file (type png)
<use ../dim/integrale2.PNG>
Package pdftex.def Info: ../dim/integrale2.PNG  used on input line 905.
(pdftex.def)             Requested size: 423.94608pt x 26.82756pt.
<../dim/integrale3.PNG, id=113, 778.40813pt x 582.67688pt>
File: ../dim/integrale3.PNG Graphic file (type png)
<use ../dim/integrale3.PNG>
Package pdftex.def Info: ../dim/integrale3.PNG  used on input line 908.
(pdftex.def)             Requested size: 423.94608pt x 317.35255pt.
 [24 <../dim/integrale1.PNG> <../dim/integrale2.PNG> <../dim/integrale3.PNG>]
<../dim/convserie.PNG, id=120, 635.37375pt x 593.21625pt>
File: ../dim/convserie.PNG Graphic file (type png)
<use ../dim/convserie.PNG>
Package pdftex.def Info: ../dim/convserie.PNG  used on input line 912.
(pdftex.def)             Requested size: 423.94608pt x 395.83257pt.
 [25 <../dim/convserie.PNG>]
<../dim/rapporto1.PNG, id=126, 554.07pt x 121.95563pt>
File: ../dim/rapporto1.PNG Graphic file (type png)
<use ../dim/rapporto1.PNG>
Package pdftex.def Info: ../dim/rapporto1.PNG  used on input line 917.
(pdftex.def)             Requested size: 423.94608pt x 93.31433pt.
<../dim/rapporto2.PNG, id=127, 768.62157pt x 569.87906pt>
File: ../dim/rapporto2.PNG Graphic file (type png)
<use ../dim/rapporto2.PNG>
Package pdftex.def Info: ../dim/rapporto2.PNG  used on input line 921.
(pdftex.def)             Requested size: 423.94608pt x 314.3301pt.
 [26 <../dim/rapporto1.PNG> <../dim/rapporto2.PNG>]
<../dim/confronto1.PNG, id=133, 568.37344pt x 79.04532pt>
File: ../dim/confronto1.PNG Graphic file (type png)
<use ../dim/confronto1.PNG>
Package pdftex.def Info: ../dim/confronto1.PNG  used on input line 926.
(pdftex.def)             Requested size: 423.94608pt x 58.96178pt.
<../dim/confronto2.PNG, id=134, 596.98032pt x 118.94438pt>
File: ../dim/confronto2.PNG Graphic file (type png)
<use ../dim/confronto2.PNG>
Package pdftex.def Info: ../dim/confronto2.PNG  used on input line 929.
(pdftex.def)             Requested size: 423.94608pt x 84.46924pt.
<../dim/confronto3.PNG, id=135, 772.38562pt x 325.215pt>
File: ../dim/confronto3.PNG Graphic file (type png)
<use ../dim/confronto3.PNG>
Package pdftex.def Info: ../dim/confronto3.PNG  used on input line 933.
(pdftex.def)             Requested size: 423.94608pt x 178.50159pt.
 [27 <../dim/confronto1.PNG> <../dim/confronto2.PNG> <../dim/confronto3.PNG>]
<../dim/radice1.PNG, id=142, 553.31718pt x 116.68594pt>
File: ../dim/radice1.PNG Graphic file (type png)
<use ../dim/radice1.PNG>
Package pdftex.def Info: ../dim/radice1.PNG  used on input line 938.
(pdftex.def)             Requested size: 423.94608pt x 89.4033pt.
<../dim/radice2.PNG, id=143, 685.05937pt x 243.15843pt>
File: ../dim/radice2.PNG Graphic file (type png)
<use ../dim/radice2.PNG>
Package pdftex.def Info: ../dim/radice2.PNG  used on input line 942.
(pdftex.def)             Requested size: 423.94608pt x 150.4821pt.
<../dim/radice3.PNG, id=144, 767.86874pt x 300.3722pt>
File: ../dim/radice3.PNG Graphic file (type png)
<use ../dim/radice3.PNG>
Package pdftex.def Info: ../dim/radice3.PNG  used on input line 946.
(pdftex.def)             Requested size: 423.94608pt x 165.84229pt.
 [28 <../dim/radice1.PNG> <../dim/radice2.PNG> <../dim/radice3.PNG>]
<../dim/eulero1.PNG, id=151, 383.18156pt x 51.94406pt>
File: ../dim/eulero1.PNG Graphic file (type png)
<use ../dim/eulero1.PNG>
Package pdftex.def Info: ../dim/eulero1.PNG  used on input line 952.
(pdftex.def)             Requested size: 423.94608pt x 57.4731pt.
<../dim/eulero2.PNG, id=152, 1135.99406pt x 587.94656pt>
File: ../dim/eulero2.PNG Graphic file (type png)
<use ../dim/eulero2.PNG>
Package pdftex.def Info: ../dim/eulero2.PNG  used on input line 956.
(pdftex.def)             Requested size: 423.94608pt x 219.42079pt.

Underfull \hbox (badness 10000) in paragraph at lines 950--959

 []

[29 <../dim/eulero1.PNG> <../dim/eulero2.PNG>] (c:/Users/Federico/Desktop/NOTES/NOTES/analisi1/secondo parziale/master/master.aux)

LaTeX Font Warning: Some font shapes were not available, defaults substituted.

 ) 
Here is how much of TeX's memory you used:
 5320 strings out of 492609
 73914 string characters out of 6132818
 171684 words of memory out of 5000000
 9094 multiletter control sequences out of 15000+600000
 11184 words of font info for 44 fonts, out of 8000000 for 9000
 1141 hyphenation exceptions out of 8191
 41i,13n,39p,896b,234s stack positions out of 5000i,500n,10000p,200000b,80000s
<c:/texlive/2019/texmf-dist/fonts/type1/public/amsfonts/cm/cmex10.pfb><c:/texlive/2019/texmf-dist/fonts/type1/public/amsfonts/cm/cmmi10.pfb><c:/texlive/2019/texmf-dist/fonts/type1/public/amsfonts/cm/cmmi12.pfb><c:/texlive/2019/texmf-dist/fonts/type1/public/amsfonts/cm/cmmi5.pfb><c:/texlive/2019/texmf-dist/fonts/type1/public/amsfonts/cm/cmmi7.pfb><c:/texlive/2019/texmf-dist/fonts/type1/public/amsfonts/cm/cmmi8.pfb><c:/texlive/2019/texmf-dist/fonts/type1/public/amsfonts/cm/cmr10.pfb><c:/texlive/2019/texmf-dist/fonts/type1/public/amsfonts/cm/cmr5.pfb><c:/texlive/2019/texmf-dist/fonts/type1/public/amsfonts/cm/cmr7.pfb><c:/texlive/2019/texmf-dist/fonts/type1/public/amsfonts/cm/cmss10.pfb><c:/texlive/2019/texmf-dist/fonts/type1/public/amsfonts/cm/cmssbx10.pfb><c:/texlive/2019/texmf-dist/fonts/type1/public/amsfonts/cm/cmsy10.pfb><c:/texlive/2019/texmf-dist/fonts/type1/public/amsfonts/cm/cmsy5.pfb><c:/texlive/2019/texmf-dist/fonts/type1/public/amsfonts/cm/cmsy7.pfb><c:/texlive/2019/texmf-dist/fonts/type1/public/amsfonts/symbols/msbm10.pfb>
Output written on "c:/Users/Federico/Desktop/NOTES/NOTES/analisi1/secondo parziale/master/master.pdf" (29 pages, 3134479 bytes).
PDF statistics:
 207 PDF objects out of 1000 (max. 8388607)
 111 compressed objects within 2 object streams
 0 named destinations out of 1000 (max. 500000)
 121 words of extra memory for PDF output out of 10000 (max. 10000000)

