\BOOKMARK [0][-]{part.1}{I LEZIONI}{}% 1
\BOOKMARK [1][-]{section.1}{Informazioni sul corso}{part.1}% 2
\BOOKMARK [2][-]{subsection.1.1}{Libro di testo}{section.1}% 3
\BOOKMARK [2][-]{subsection.1.2}{Argomenti del corso}{section.1}% 4
\BOOKMARK [1][-]{section.2}{Cinematica di un punto}{part.1}% 5
\BOOKMARK [2][-]{subsection.2.1}{Gradi di libert\340}{section.2}% 6
\BOOKMARK [2][-]{subsection.2.2}{Moto}{section.2}% 7
\BOOKMARK [2][-]{subsection.2.3}{Velocit\340}{section.2}% 8
\BOOKMARK [2][-]{subsection.2.4}{Accellerazione}{section.2}% 9
\BOOKMARK [1][-]{section.3}{Cinematica di un corpo}{part.1}% 10
\BOOKMARK [2][-]{subsection.3.1}{Definizioni}{section.3}% 11
\BOOKMARK [2][-]{subsection.3.2}{Corpo rigido}{section.3}% 12
\BOOKMARK [2][-]{subsection.3.3}{Moto in grande}{section.3}% 13
\BOOKMARK [3][-]{subsubsection.3.3.1}{Traslazione}{subsection.3.3}% 14
\BOOKMARK [3][-]{subsubsection.3.3.2}{Rotazione}{subsection.3.3}% 15
\BOOKMARK [3][-]{subsubsection.3.3.3}{Rototraslazione}{subsection.3.3}% 16
\BOOKMARK [2][-]{subsection.3.4}{Moto in piccolo \(Atto di moto\)}{section.3}% 17
\BOOKMARK [2][-]{subsection.3.5}{Cinematica del corpo rigido}{section.3}% 18
\BOOKMARK [3][-]{subsubsection.3.5.1}{Posizone}{subsection.3.5}% 19
\BOOKMARK [3][-]{subsubsection.3.5.2}{Velocit\340}{subsection.3.5}% 20
\BOOKMARK [3][-]{subsubsection.3.5.3}{Accellerazione}{subsection.3.5}% 21
\BOOKMARK [1][-]{section.4}{Analisi cinematica mediante osservatori in moto relativo}{part.1}% 22
\BOOKMARK [2][-]{subsection.4.1}{Posizione}{section.4}% 23
\BOOKMARK [2][-]{subsection.4.2}{Velocit\340}{section.4}% 24
\BOOKMARK [2][-]{subsection.4.3}{Accellerazione}{section.4}% 25
\BOOKMARK [1][-]{section.5}{Sistemi meccanici}{part.1}% 26
\BOOKMARK [2][-]{subsection.5.1}{Vincoli elementari}{section.5}% 27
\BOOKMARK [3][-]{subsubsection.5.1.1}{Vincoli tripli}{subsection.5.1}% 28
\BOOKMARK [3][-]{subsubsection.5.1.2}{Vincoli doppi}{subsection.5.1}% 29
\BOOKMARK [3][-]{subsubsection.5.1.3}{Vincoli singoli}{subsection.5.1}% 30
\BOOKMARK [2][-]{subsection.5.2}{Vincoli di contatto}{section.5}% 31
\BOOKMARK [2][-]{subsection.5.3}{Vincolo di puro rotolamento}{section.5}% 32
\BOOKMARK [1][-]{section.6}{Cinematica dei sistemi meccanici}{part.1}% 33
\BOOKMARK [2][-]{subsection.6.1}{Classificazione dei sistemi meccanici}{section.6}% 34
\BOOKMARK [3][-]{subsubsection.6.1.1}{Regola di Grublen}{subsection.6.1}% 35
\BOOKMARK [2][-]{subsection.6.2}{Cinematica del manipolatore SCARA}{section.6}% 36
\BOOKMARK [0][-]{part.2}{II ESERCITAZIONI}{}% 37
\BOOKMARK [1][-]{section.7}{Esercitazione I}{part.2}% 38
\BOOKMARK [2][-]{subsection.7.1}{Vettori}{section.7}% 39
\BOOKMARK [3][-]{subsubsection.7.1.1}{Operazioni fra vettori}{subsection.7.1}% 40
\BOOKMARK [2][-]{subsection.7.2}{Cinematica del punto}{section.7}% 41
\BOOKMARK [3][-]{subsubsection.7.2.1}{Legge oraria e traiettoria}{subsection.7.2}% 42
\BOOKMARK [3][-]{subsubsection.7.2.2}{Numeri complessi}{subsection.7.2}% 43
\BOOKMARK [1][-]{section.8}{Esercitazione II}{part.2}% 44
