This is pdfTeX, Version 3.14159265-2.6-1.40.20 (TeX Live 2019/W32TeX) (preloaded format=pdflatex 2019.10.4)  22 AUG 2020 18:20
entering extended mode
 restricted \write18 enabled.
 file:line:error style messages enabled.
 %&-line parsing enabled.
**c:/Users/Federico/Desktop/NOTES/MECCANICA/master/master.tex
(c:/Users/Federico/Desktop/NOTES/MECCANICA/master/master.tex
LaTeX2e <2018-12-01>
(c:/texlive/2019/texmf-dist/tex/latex/base/article.cls
Document Class: article 2018/09/03 v1.4i Standard LaTeX document class
(c:/texlive/2019/texmf-dist/tex/latex/base/size10.clo
File: size10.clo 2018/09/03 v1.4i Standard LaTeX file (size option)
)
\c@part=\count80
\c@section=\count81
\c@subsection=\count82
\c@subsubsection=\count83
\c@paragraph=\count84
\c@subparagraph=\count85
\c@figure=\count86
\c@table=\count87
\abovecaptionskip=\skip41
\belowcaptionskip=\skip42
\bibindent=\dimen102
) (c:/Users/Federico/Desktop/NOTES/MECCANICA/master/../../preamble/preamble.tex (c:/texlive/2019/texmf-dist/tex/latex/amsmath/amsmath.sty
Package: amsmath 2018/12/01 v2.17b AMS math features
\@mathmargin=\skip43

For additional information on amsmath, use the `?' option.
(c:/texlive/2019/texmf-dist/tex/latex/amsmath/amstext.sty
Package: amstext 2000/06/29 v2.01 AMS text
 (c:/texlive/2019/texmf-dist/tex/latex/amsmath/amsgen.sty
File: amsgen.sty 1999/11/30 v2.0 generic functions
\@emptytoks=\toks14
\ex@=\dimen103
)) (c:/texlive/2019/texmf-dist/tex/latex/amsmath/amsbsy.sty
Package: amsbsy 1999/11/29 v1.2d Bold Symbols
\pmbraise@=\dimen104
) (c:/texlive/2019/texmf-dist/tex/latex/amsmath/amsopn.sty
Package: amsopn 2016/03/08 v2.02 operator names
)
\inf@bad=\count88
LaTeX Info: Redefining \frac on input line 223.
\uproot@=\count89
\leftroot@=\count90
LaTeX Info: Redefining \overline on input line 385.
\classnum@=\count91
\DOTSCASE@=\count92
LaTeX Info: Redefining \ldots on input line 482.
LaTeX Info: Redefining \dots on input line 485.
LaTeX Info: Redefining \cdots on input line 606.
\Mathstrutbox@=\box27
\strutbox@=\box28
\big@size=\dimen105
LaTeX Font Info:    Redeclaring font encoding OML on input line 729.
LaTeX Font Info:    Redeclaring font encoding OMS on input line 730.
\macc@depth=\count93
\c@MaxMatrixCols=\count94
\dotsspace@=\muskip10
\c@parentequation=\count95
\dspbrk@lvl=\count96
\tag@help=\toks15
\row@=\count97
\column@=\count98
\maxfields@=\count99
\andhelp@=\toks16
\eqnshift@=\dimen106
\alignsep@=\dimen107
\tagshift@=\dimen108
\tagwidth@=\dimen109
\totwidth@=\dimen110
\lineht@=\dimen111
\@envbody=\toks17
\multlinegap=\skip44
\multlinetaggap=\skip45
\mathdisplay@stack=\toks18
LaTeX Info: Redefining \[ on input line 2844.
LaTeX Info: Redefining \] on input line 2845.
) (c:/texlive/2019/texmf-dist/tex/latex/amsfonts/amssymb.sty
Package: amssymb 2013/01/14 v3.01 AMS font symbols
 (c:/texlive/2019/texmf-dist/tex/latex/amsfonts/amsfonts.sty
Package: amsfonts 2013/01/14 v3.01 Basic AMSFonts support
\symAMSa=\mathgroup4
\symAMSb=\mathgroup5
LaTeX Font Info:    Overwriting math alphabet `\mathfrak' in version `bold'
(Font)                  U/euf/m/n --> U/euf/b/n on input line 106.
)) (c:/texlive/2019/texmf-dist/tex/latex/graphics/graphicx.sty
Package: graphicx 2017/06/01 v1.1a Enhanced LaTeX Graphics (DPC,SPQR)
 (c:/texlive/2019/texmf-dist/tex/latex/graphics/keyval.sty
Package: keyval 2014/10/28 v1.15 key=value parser (DPC)
\KV@toks@=\toks19
) (c:/texlive/2019/texmf-dist/tex/latex/graphics/graphics.sty
Package: graphics 2017/06/25 v1.2c Standard LaTeX Graphics (DPC,SPQR)
 (c:/texlive/2019/texmf-dist/tex/latex/graphics/trig.sty
Package: trig 2016/01/03 v1.10 sin cos tan (DPC)
) (c:/texlive/2019/texmf-dist/tex/latex/graphics-cfg/graphics.cfg
File: graphics.cfg 2016/06/04 v1.11 sample graphics configuration
)
Package graphics Info: Driver file: pdftex.def on input line 99.
 (c:/texlive/2019/texmf-dist/tex/latex/graphics-def/pdftex.def
File: pdftex.def 2018/01/08 v1.0l Graphics/color driver for pdftex
))
\Gin@req@height=\dimen112
\Gin@req@width=\dimen113
) (c:/texlive/2019/texmf-dist/tex/generic/babel/babel.sty
Package: babel 2019/09/27 3.34 The Babel package
 (c:/texlive/2019/texmf-dist/tex/generic/babel/switch.def
File: switch.def 2019/09/27 3.34 Babel switching mechanism
) (c:/texlive/2019/texmf-dist/tex/generic/babel-italian/italian.ldf
Language: italian 2019/01/05 v.1.4.01 Italian support for the babel system
 (c:/texlive/2019/texmf-dist/tex/generic/babel/babel.def
File: babel.def 2019/09/27 3.34 Babel common definitions
\babel@savecnt=\count100
\U@D=\dimen114
 (c:/texlive/2019/texmf-dist/tex/generic/babel/txtbabel.def)
\bbl@dirlevel=\count101
)
\it@lettering=\count102
\it@doublequoteactive=\count103
\it@ISOcompliance=\count104
)) (c:/texlive/2019/texmf-dist/tex/latex/etoolbox/etoolbox.sty
Package: etoolbox 2019/09/21 v2.5h e-TeX tools for LaTeX (JAW)
\etb@tempcnta=\count105
) (c:/texlive/2019/texmf-dist/tex/latex/import/import.sty
Package: import 2009/03/23  v 5.1
) (c:/texlive/2019/texmf-dist/tex/latex/xifthen/xifthen.sty
Package: xifthen 2015/11/05 v1.4.0 Extended ifthen features
 (c:/texlive/2019/texmf-dist/tex/latex/tools/calc.sty
Package: calc 2017/05/25 v4.3 Infix arithmetic (KKT,FJ)
\calc@Acount=\count106
\calc@Bcount=\count107
\calc@Adimen=\dimen115
\calc@Bdimen=\dimen116
\calc@Askip=\skip46
\calc@Bskip=\skip47
LaTeX Info: Redefining \setlength on input line 80.
LaTeX Info: Redefining \addtolength on input line 81.
\calc@Ccount=\count108
\calc@Cskip=\skip48
) (c:/texlive/2019/texmf-dist/tex/latex/base/ifthen.sty
Package: ifthen 2014/09/29 v1.1c Standard LaTeX ifthen package (DPC)
) (c:/texlive/2019/texmf-dist/tex/latex/ifmtarg/ifmtarg.sty
Package: ifmtarg 2018/04/16 v1.2b check for an empty argument
)) (c:/texlive/2019/texmf-dist/tex/latex/pdfpages/pdfpages.sty
Package: pdfpages 2019/09/21 v0.5n Insert pages of external PDF documents (AM)
 (c:/texlive/2019/texmf-dist/tex/latex/eso-pic/eso-pic.sty
Package: eso-pic 2018/04/12 v2.0h eso-pic (RN)
 (c:/texlive/2019/texmf-dist/tex/generic/oberdiek/atbegshi.sty
Package: atbegshi 2016/06/09 v1.18 At begin shipout hook (HO)
 (c:/texlive/2019/texmf-dist/tex/generic/oberdiek/infwarerr.sty
Package: infwarerr 2016/05/16 v1.4 Providing info/warning/error messages (HO)
) (c:/texlive/2019/texmf-dist/tex/generic/oberdiek/ltxcmds.sty
Package: ltxcmds 2016/05/16 v1.23 LaTeX kernel commands for general use (HO)
) (c:/texlive/2019/texmf-dist/tex/generic/oberdiek/ifpdf.sty
Package: ifpdf 2018/09/07 v3.3 Provides the ifpdf switch
)) (c:/texlive/2019/texmf-dist/tex/latex/xcolor/xcolor.sty
Package: xcolor 2016/05/11 v2.12 LaTeX color extensions (UK)
 (c:/texlive/2019/texmf-dist/tex/latex/graphics-cfg/color.cfg
File: color.cfg 2016/01/02 v1.6 sample color configuration
)
Package xcolor Info: Driver file: pdftex.def on input line 225.
Package xcolor Info: Model `cmy' substituted by `cmy0' on input line 1348.
Package xcolor Info: Model `hsb' substituted by `rgb' on input line 1352.
Package xcolor Info: Model `RGB' extended on input line 1364.
Package xcolor Info: Model `HTML' substituted by `rgb' on input line 1366.
Package xcolor Info: Model `Hsb' substituted by `hsb' on input line 1367.
Package xcolor Info: Model `tHsb' substituted by `hsb' on input line 1368.
Package xcolor Info: Model `HSB' substituted by `hsb' on input line 1369.
Package xcolor Info: Model `Gray' substituted by `gray' on input line 1370.
Package xcolor Info: Model `wave' substituted by `hsb' on input line 1371.
))
\AM@pagewidth=\dimen117
\AM@pageheight=\dimen118
 (c:/texlive/2019/texmf-dist/tex/latex/pdfpages/pppdftex.def
File: pppdftex.def 2019/09/21 v0.5n Pdfpages driver for pdfTeX (AM)
)
\AM@pagebox=\box29
\AM@global@opts=\toks20
\AM@toc@title=\toks21
\c@AM@survey=\count109
\AM@templatesizebox=\box30
) (c:/texlive/2019/texmf-dist/tex/latex/oberdiek/transparent.sty
Package: transparent 2018/11/18 v1.3 Transparency via pdfTeX's color stack (HO)
 (c:/texlive/2019/texmf-dist/tex/latex/oberdiek/auxhook.sty
Package: auxhook 2016/05/16 v1.4 Hooks for auxiliary files (HO)
)) (c:/texlive/2019/texmf-dist/tex/latex/cancel/cancel.sty
Package: cancel 2013/04/12 v2.2 Cancel math terms
) (c:/texlive/2019/texmf-dist/tex/latex/geometry/geometry.sty
Package: geometry 2018/04/16 v5.8 Page Geometry
 (c:/texlive/2019/texmf-dist/tex/generic/oberdiek/ifvtex.sty
Package: ifvtex 2016/05/16 v1.6 Detect VTeX and its facilities (HO)
Package ifvtex Info: VTeX not detected.
) (c:/texlive/2019/texmf-dist/tex/generic/ifxetex/ifxetex.sty
Package: ifxetex 2010/09/12 v0.6 Provides ifxetex conditional
)
\Gm@cnth=\count110
\Gm@cntv=\count111
\c@Gm@tempcnt=\count112
\Gm@bindingoffset=\dimen119
\Gm@wd@mp=\dimen120
\Gm@odd@mp=\dimen121
\Gm@even@mp=\dimen122
\Gm@layoutwidth=\dimen123
\Gm@layoutheight=\dimen124
\Gm@layouthoffset=\dimen125
\Gm@layoutvoffset=\dimen126
\Gm@dimlist=\toks22
) (c:/texlive/2019/texmf-dist/tex/latex/tcolorbox/tcolorbox.sty
Package: tcolorbox 2019/09/19 version 4.21 text color boxes
 (c:/texlive/2019/texmf-dist/tex/latex/pgf/basiclayer/pgf.sty (c:/texlive/2019/texmf-dist/tex/latex/pgf/utilities/pgfrcs.sty (c:/texlive/2019/texmf-dist/tex/generic/pgf/utilities/pgfutil-common.tex
\pgfutil@everybye=\toks23
\pgfutil@tempdima=\dimen127
\pgfutil@tempdimb=\dimen128
 (c:/texlive/2019/texmf-dist/tex/generic/pgf/utilities/pgfutil-common-lists.tex)) (c:/texlive/2019/texmf-dist/tex/generic/pgf/utilities/pgfutil-latex.def
\pgfutil@abb=\box31
 (c:/texlive/2019/texmf-dist/tex/latex/ms/everyshi.sty
Package: everyshi 2001/05/15 v3.00 EveryShipout Package (MS)
)) (c:/texlive/2019/texmf-dist/tex/generic/pgf/utilities/pgfrcs.code.tex (c:/texlive/2019/texmf-dist/tex/generic/pgf/pgf.revision.tex)
Package: pgfrcs 2019/08/03 v3.1.4b (3.1.4b)
))
Package: pgf 2019/08/03 v3.1.4b (3.1.4b)
 (c:/texlive/2019/texmf-dist/tex/latex/pgf/basiclayer/pgfcore.sty (c:/texlive/2019/texmf-dist/tex/latex/pgf/systemlayer/pgfsys.sty (c:/texlive/2019/texmf-dist/tex/generic/pgf/systemlayer/pgfsys.code.tex
Package: pgfsys 2019/08/03 v3.1.4b (3.1.4b)
 (c:/texlive/2019/texmf-dist/tex/generic/pgf/utilities/pgfkeys.code.tex
\pgfkeys@pathtoks=\toks24
\pgfkeys@temptoks=\toks25
 (c:/texlive/2019/texmf-dist/tex/generic/pgf/utilities/pgfkeysfiltered.code.tex
\pgfkeys@tmptoks=\toks26
))
\pgf@x=\dimen129
\pgf@y=\dimen130
\pgf@xa=\dimen131
\pgf@ya=\dimen132
\pgf@xb=\dimen133
\pgf@yb=\dimen134
\pgf@xc=\dimen135
\pgf@yc=\dimen136
\pgf@xd=\dimen137
\pgf@yd=\dimen138
\w@pgf@writea=\write3
\r@pgf@reada=\read1
\c@pgf@counta=\count113
\c@pgf@countb=\count114
\c@pgf@countc=\count115
\c@pgf@countd=\count116
\t@pgf@toka=\toks27
\t@pgf@tokb=\toks28
\t@pgf@tokc=\toks29
\pgf@sys@id@count=\count117
 (c:/texlive/2019/texmf-dist/tex/generic/pgf/systemlayer/pgf.cfg
File: pgf.cfg 2019/08/03 v3.1.4b (3.1.4b)
)
Driver file for pgf: pgfsys-pdftex.def
 (c:/texlive/2019/texmf-dist/tex/generic/pgf/systemlayer/pgfsys-pdftex.def
File: pgfsys-pdftex.def 2019/08/03 v3.1.4b (3.1.4b)
 (c:/texlive/2019/texmf-dist/tex/generic/pgf/systemlayer/pgfsys-common-pdf.def
File: pgfsys-common-pdf.def 2019/08/03 v3.1.4b (3.1.4b)
))) (c:/texlive/2019/texmf-dist/tex/generic/pgf/systemlayer/pgfsyssoftpath.code.tex
File: pgfsyssoftpath.code.tex 2019/08/03 v3.1.4b (3.1.4b)
\pgfsyssoftpath@smallbuffer@items=\count118
\pgfsyssoftpath@bigbuffer@items=\count119
) (c:/texlive/2019/texmf-dist/tex/generic/pgf/systemlayer/pgfsysprotocol.code.tex
File: pgfsysprotocol.code.tex 2019/08/03 v3.1.4b (3.1.4b)
)) (c:/texlive/2019/texmf-dist/tex/generic/pgf/basiclayer/pgfcore.code.tex
Package: pgfcore 2019/08/03 v3.1.4b (3.1.4b)
 (c:/texlive/2019/texmf-dist/tex/generic/pgf/math/pgfmath.code.tex (c:/texlive/2019/texmf-dist/tex/generic/pgf/math/pgfmathcalc.code.tex (c:/texlive/2019/texmf-dist/tex/generic/pgf/math/pgfmathutil.code.tex) (c:/texlive/2019/texmf-dist/tex/generic/pgf/math/pgfmathparser.code.tex
\pgfmath@dimen=\dimen139
\pgfmath@count=\count120
\pgfmath@box=\box32
\pgfmath@toks=\toks30
\pgfmath@stack@operand=\toks31
\pgfmath@stack@operation=\toks32
) (c:/texlive/2019/texmf-dist/tex/generic/pgf/math/pgfmathfunctions.code.tex (c:/texlive/2019/texmf-dist/tex/generic/pgf/math/pgfmathfunctions.basic.code.tex) (c:/texlive/2019/texmf-dist/tex/generic/pgf/math/pgfmathfunctions.trigonometric.code.tex) (c:/texlive/2019/texmf-dist/tex/generic/pgf/math/pgfmathfunctions.random.code.tex) (c:/texlive/2019/texmf-dist/tex/generic/pgf/math/pgfmathfunctions.comparison.code.tex) (c:/texlive/2019/texmf-dist/tex/generic/pgf/math/pgfmathfunctions.base.code.tex) (c:/texlive/2019/texmf-dist/tex/generic/pgf/math/pgfmathfunctions.round.code.tex) (c:/texlive/2019/texmf-dist/tex/generic/pgf/math/pgfmathfunctions.misc.code.tex) (c:/texlive/2019/texmf-dist/tex/generic/pgf/math/pgfmathfunctions.integerarithmetics.code.tex))) (c:/texlive/2019/texmf-dist/tex/generic/pgf/math/pgfmathfloat.code.tex
\c@pgfmathroundto@lastzeros=\count121
)) (c:/texlive/2019/texmf-dist/tex/generic/pgf/math/pgfint.code.tex) (c:/texlive/2019/texmf-dist/tex/generic/pgf/basiclayer/pgfcorepoints.code.tex
File: pgfcorepoints.code.tex 2019/08/03 v3.1.4b (3.1.4b)
\pgf@picminx=\dimen140
\pgf@picmaxx=\dimen141
\pgf@picminy=\dimen142
\pgf@picmaxy=\dimen143
\pgf@pathminx=\dimen144
\pgf@pathmaxx=\dimen145
\pgf@pathminy=\dimen146
\pgf@pathmaxy=\dimen147
\pgf@xx=\dimen148
\pgf@xy=\dimen149
\pgf@yx=\dimen150
\pgf@yy=\dimen151
\pgf@zx=\dimen152
\pgf@zy=\dimen153
) (c:/texlive/2019/texmf-dist/tex/generic/pgf/basiclayer/pgfcorepathconstruct.code.tex
File: pgfcorepathconstruct.code.tex 2019/08/03 v3.1.4b (3.1.4b)
\pgf@path@lastx=\dimen154
\pgf@path@lasty=\dimen155
) (c:/texlive/2019/texmf-dist/tex/generic/pgf/basiclayer/pgfcorepathusage.code.tex
File: pgfcorepathusage.code.tex 2019/08/03 v3.1.4b (3.1.4b)
\pgf@shorten@end@additional=\dimen156
\pgf@shorten@start@additional=\dimen157
) (c:/texlive/2019/texmf-dist/tex/generic/pgf/basiclayer/pgfcorescopes.code.tex
File: pgfcorescopes.code.tex 2019/08/03 v3.1.4b (3.1.4b)
\pgfpic=\box33
\pgf@hbox=\box34
\pgf@layerbox@main=\box35
\pgf@picture@serial@count=\count122
) (c:/texlive/2019/texmf-dist/tex/generic/pgf/basiclayer/pgfcoregraphicstate.code.tex
File: pgfcoregraphicstate.code.tex 2019/08/03 v3.1.4b (3.1.4b)
\pgflinewidth=\dimen158
) (c:/texlive/2019/texmf-dist/tex/generic/pgf/basiclayer/pgfcoretransformations.code.tex
File: pgfcoretransformations.code.tex 2019/08/03 v3.1.4b (3.1.4b)
\pgf@pt@x=\dimen159
\pgf@pt@y=\dimen160
\pgf@pt@temp=\dimen161
) (c:/texlive/2019/texmf-dist/tex/generic/pgf/basiclayer/pgfcorequick.code.tex
File: pgfcorequick.code.tex 2019/08/03 v3.1.4b (3.1.4b)
) (c:/texlive/2019/texmf-dist/tex/generic/pgf/basiclayer/pgfcoreobjects.code.tex
File: pgfcoreobjects.code.tex 2019/08/03 v3.1.4b (3.1.4b)
) (c:/texlive/2019/texmf-dist/tex/generic/pgf/basiclayer/pgfcorepathprocessing.code.tex
File: pgfcorepathprocessing.code.tex 2019/08/03 v3.1.4b (3.1.4b)
) (c:/texlive/2019/texmf-dist/tex/generic/pgf/basiclayer/pgfcorearrows.code.tex
File: pgfcorearrows.code.tex 2019/08/03 v3.1.4b (3.1.4b)
\pgfarrowsep=\dimen162
) (c:/texlive/2019/texmf-dist/tex/generic/pgf/basiclayer/pgfcoreshade.code.tex
File: pgfcoreshade.code.tex 2019/08/03 v3.1.4b (3.1.4b)
\pgf@max=\dimen163
\pgf@sys@shading@range@num=\count123
\pgf@shadingcount=\count124
) (c:/texlive/2019/texmf-dist/tex/generic/pgf/basiclayer/pgfcoreimage.code.tex
File: pgfcoreimage.code.tex 2019/08/03 v3.1.4b (3.1.4b)
 (c:/texlive/2019/texmf-dist/tex/generic/pgf/basiclayer/pgfcoreexternal.code.tex
File: pgfcoreexternal.code.tex 2019/08/03 v3.1.4b (3.1.4b)
\pgfexternal@startupbox=\box36
)) (c:/texlive/2019/texmf-dist/tex/generic/pgf/basiclayer/pgfcorelayers.code.tex
File: pgfcorelayers.code.tex 2019/08/03 v3.1.4b (3.1.4b)
) (c:/texlive/2019/texmf-dist/tex/generic/pgf/basiclayer/pgfcoretransparency.code.tex
File: pgfcoretransparency.code.tex 2019/08/03 v3.1.4b (3.1.4b)
) (c:/texlive/2019/texmf-dist/tex/generic/pgf/basiclayer/pgfcorepatterns.code.tex
File: pgfcorepatterns.code.tex 2019/08/03 v3.1.4b (3.1.4b)
) (c:/texlive/2019/texmf-dist/tex/generic/pgf/basiclayer/pgfcorerdf.code.tex
File: pgfcorerdf.code.tex 2019/08/03 v3.1.4b (3.1.4b)
))) (c:/texlive/2019/texmf-dist/tex/generic/pgf/modules/pgfmoduleshapes.code.tex
File: pgfmoduleshapes.code.tex 2019/08/03 v3.1.4b (3.1.4b)
\pgfnodeparttextbox=\box37
) (c:/texlive/2019/texmf-dist/tex/generic/pgf/modules/pgfmoduleplot.code.tex
File: pgfmoduleplot.code.tex 2019/08/03 v3.1.4b (3.1.4b)
) (c:/texlive/2019/texmf-dist/tex/latex/pgf/compatibility/pgfcomp-version-0-65.sty
Package: pgfcomp-version-0-65 2019/08/03 v3.1.4b (3.1.4b)
\pgf@nodesepstart=\dimen164
\pgf@nodesepend=\dimen165
) (c:/texlive/2019/texmf-dist/tex/latex/pgf/compatibility/pgfcomp-version-1-18.sty
Package: pgfcomp-version-1-18 2019/08/03 v3.1.4b (3.1.4b)
)) (c:/texlive/2019/texmf-dist/tex/latex/tools/verbatim.sty
Package: verbatim 2014/10/28 v1.5q LaTeX2e package for verbatim enhancements
\every@verbatim=\toks33
\verbatim@line=\toks34
\verbatim@in@stream=\read2
) (c:/texlive/2019/texmf-dist/tex/latex/environ/environ.sty
Package: environ 2014/05/04 v0.3 A new way to define environments
 (c:/texlive/2019/texmf-dist/tex/latex/trimspaces/trimspaces.sty
Package: trimspaces 2009/09/17 v1.1 Trim spaces around a token list
))
\tcb@titlebox=\box38
\tcb@upperbox=\box39
\tcb@lowerbox=\box40
\tcb@phantombox=\box41
\c@tcbbreakpart=\count125
\c@tcblayer=\count126
\tcolorbox@number=\count127
\tcb@temp=\box42
\tcb@temp=\box43
\tcb@temp=\box44
\tcb@temp=\box45
\tcb@out=\write4
\tcb@record@out=\write5
) (c:/texlive/2019/texmf-dist/tex/latex/hyperref/hyperref.sty
Package: hyperref 2019/09/12 v6.88i Hypertext links for LaTeX
 (c:/texlive/2019/texmf-dist/tex/generic/oberdiek/hobsub-hyperref.sty
Package: hobsub-hyperref 2016/05/16 v1.14 Bundle oberdiek, subset hyperref (HO)
 (c:/texlive/2019/texmf-dist/tex/generic/oberdiek/hobsub-generic.sty
Package: hobsub-generic 2016/05/16 v1.14 Bundle oberdiek, subset generic (HO)
Package: hobsub 2016/05/16 v1.14 Construct package bundles (HO)
Package hobsub Info: Skipping package `infwarerr' (already loaded).
Package hobsub Info: Skipping package `ltxcmds' (already loaded).
Package: ifluatex 2016/05/16 v1.4 Provides the ifluatex switch (HO)
Package ifluatex Info: LuaTeX not detected.
Package hobsub Info: Skipping package `ifvtex' (already loaded).
Package: intcalc 2016/05/16 v1.2 Expandable calculations with integers (HO)
Package hobsub Info: Skipping package `ifpdf' (already loaded).
Package: etexcmds 2016/05/16 v1.6 Avoid name clashes with e-TeX commands (HO)
Package: kvsetkeys 2016/05/16 v1.17 Key value parser (HO)
Package: kvdefinekeys 2016/05/16 v1.4 Define keys (HO)
Package: pdftexcmds 2019/07/25 v0.30 Utility functions of pdfTeX for LuaTeX (HO)
Package pdftexcmds Info: LuaTeX not detected.
Package pdftexcmds Info: \pdf@primitive is available.
Package pdftexcmds Info: \pdf@ifprimitive is available.
Package pdftexcmds Info: \pdfdraftmode found.
Package: pdfescape 2016/05/16 v1.14 Implements pdfTeX's escape features (HO)
Package: bigintcalc 2016/05/16 v1.4 Expandable calculations on big integers (HO)
Package: bitset 2016/05/16 v1.2 Handle bit-vector datatype (HO)
Package: uniquecounter 2016/05/16 v1.3 Provide unlimited unique counter (HO)
)
Package hobsub Info: Skipping package `hobsub' (already loaded).
Package: letltxmacro 2016/05/16 v1.5 Let assignment for LaTeX macros (HO)
Package: hopatch 2016/05/16 v1.3 Wrapper for package hooks (HO)
Package: xcolor-patch 2016/05/16 xcolor patch
Package: atveryend 2016/05/16 v1.9 Hooks at the very end of document (HO)
Package hobsub Info: Skipping package `atbegshi' (already loaded).
Package: refcount 2016/05/16 v3.5 Data extraction from label references (HO)
Package: hycolor 2016/05/16 v1.8 Color options for hyperref/bookmark (HO)
) (c:/texlive/2019/texmf-dist/tex/latex/oberdiek/kvoptions.sty
Package: kvoptions 2016/05/16 v3.12 Key value format for package options (HO)
)
\@linkdim=\dimen166
\Hy@linkcounter=\count128
\Hy@pagecounter=\count129
 (c:/texlive/2019/texmf-dist/tex/latex/hyperref/pd1enc.def
File: pd1enc.def 2019/09/12 v6.88i Hyperref: PDFDocEncoding definition (HO)
Now handling font encoding PD1 ...
... no UTF-8 mapping file for font encoding PD1
)
\Hy@SavedSpaceFactor=\count130
 (c:/texlive/2019/texmf-dist/tex/latex/latexconfig/hyperref.cfg
File: hyperref.cfg 2002/06/06 v1.2 hyperref configuration of TeXLive
)
Package hyperref Info: Hyper figures OFF on input line 4550.
Package hyperref Info: Link nesting OFF on input line 4555.
Package hyperref Info: Hyper index ON on input line 4558.
Package hyperref Info: Plain pages OFF on input line 4565.
Package hyperref Info: Backreferencing OFF on input line 4570.
Package hyperref Info: Implicit mode ON; LaTeX internals redefined.
Package hyperref Info: Bookmarks ON on input line 4803.
\c@Hy@tempcnt=\count131
 (c:/texlive/2019/texmf-dist/tex/latex/url/url.sty
\Urlmuskip=\muskip11
Package: url 2013/09/16  ver 3.4  Verb mode for urls, etc.
)
LaTeX Info: Redefining \url on input line 5156.
\XeTeXLinkMargin=\dimen167
\Fld@menulength=\count132
\Field@Width=\dimen168
\Fld@charsize=\dimen169
Package hyperref Info: Hyper figures OFF on input line 6411.
Package hyperref Info: Link nesting OFF on input line 6416.
Package hyperref Info: Hyper index ON on input line 6419.
Package hyperref Info: backreferencing OFF on input line 6426.
Package hyperref Info: Link coloring OFF on input line 6431.
Package hyperref Info: Link coloring with OCG OFF on input line 6436.
Package hyperref Info: PDF/A mode OFF on input line 6441.
LaTeX Info: Redefining \ref on input line 6481.
LaTeX Info: Redefining \pageref on input line 6485.
\Hy@abspage=\count133
\c@Item=\count134
\c@Hfootnote=\count135
)
Package hyperref Info: Driver (autodetected): hpdftex.
 (c:/texlive/2019/texmf-dist/tex/latex/hyperref/hpdftex.def
File: hpdftex.def 2019/09/12 v6.88i Hyperref driver for pdfTeX
\Fld@listcount=\count136
\c@bookmark@seq@number=\count137
 (c:/texlive/2019/texmf-dist/tex/latex/oberdiek/rerunfilecheck.sty
Package: rerunfilecheck 2016/05/16 v1.8 Rerun checks for auxiliary files (HO)
Package uniquecounter Info: New unique counter `rerunfilecheck' on input line 282.
)
\Hy@SectionHShift=\skip49
) (c:/texlive/2019/texmf-dist/tex/latex/base/makeidx.sty
Package: makeidx 2014/09/29 v1.0m Standard LaTeX package
) (c:/texlive/2019/texmf-dist/tex/latex/soul/soul.sty
Package: soul 2003/11/17 v2.4 letterspacing/underlining (mf)
\SOUL@word=\toks35
\SOUL@lasttoken=\toks36
\SOUL@cmds=\toks37
\SOUL@buffer=\toks38
\SOUL@token=\toks39
\SOUL@spaceskip=\skip50
\SOUL@ttwidth=\dimen170
\SOUL@uldp=\dimen171
\SOUL@ulht=\dimen172
) (c:/texlive/2019/texmf-dist/tex/latex/tools/multicol.sty
Package: multicol 2018/12/27 v1.8v multicolumn formatting (FMi)
\c@tracingmulticols=\count138
\mult@box=\box46
\multicol@leftmargin=\dimen173
\c@unbalance=\count139
\c@collectmore=\count140
\doublecol@number=\count141
\multicoltolerance=\count142
\multicolpretolerance=\count143
\full@width=\dimen174
\page@free=\dimen175
\premulticols=\dimen176
\postmulticols=\dimen177
\multicolsep=\skip51
\multicolbaselineskip=\skip52
\partial@page=\box47
\last@line=\box48
\maxbalancingoverflow=\dimen178
\mult@rightbox=\box49
\mult@grightbox=\box50
\mult@gfirstbox=\box51
\mult@firstbox=\box52
\@tempa=\box53
\@tempa=\box54
\@tempa=\box55
\@tempa=\box56
\@tempa=\box57
\@tempa=\box58
\@tempa=\box59
\@tempa=\box60
\@tempa=\box61
\@tempa=\box62
\@tempa=\box63
\@tempa=\box64
\@tempa=\box65
\@tempa=\box66
\@tempa=\box67
\@tempa=\box68
\@tempa=\box69
\c@columnbadness=\count144
\c@finalcolumnbadness=\count145
\last@try=\dimen179
\multicolovershoot=\dimen180
\multicolundershoot=\dimen181
\mult@nat@firstbox=\box70
\colbreak@box=\box71
\mc@col@check@num=\count146
) (c:/texlive/2019/texmf-dist/tex/latex/oberdiek/pdflscape.sty
Package: pdflscape 2016/05/14 v0.11 Display of landscape pages in PDF (HO)
 (c:/texlive/2019/texmf-dist/tex/latex/graphics/lscape.sty
Package: lscape 2000/10/22 v3.01 Landscape Pages (DPC)
)
Package pdflscape Info: Auto-detected driver: pdftex on input line 81.
)
\@indexfile=\write6
\openout6 = `master.idx'.


Writing index file master.idx
)

LaTeX Warning: Unused global option(s):
    [9pt].

(c:/Users/Federico/Desktop/NOTES/MECCANICA/master/master.aux)
\openout1 = `master.aux'.

LaTeX Font Info:    Checking defaults for OML/cmm/m/it on input line 4.
LaTeX Font Info:    ... okay on input line 4.
LaTeX Font Info:    Checking defaults for T1/cmr/m/n on input line 4.
LaTeX Font Info:    ... okay on input line 4.
LaTeX Font Info:    Checking defaults for OT1/cmr/m/n on input line 4.
LaTeX Font Info:    ... okay on input line 4.
LaTeX Font Info:    Checking defaults for OMS/cmsy/m/n on input line 4.
LaTeX Font Info:    ... okay on input line 4.
LaTeX Font Info:    Checking defaults for OMX/cmex/m/n on input line 4.
LaTeX Font Info:    ... okay on input line 4.
LaTeX Font Info:    Checking defaults for U/cmr/m/n on input line 4.
LaTeX Font Info:    ... okay on input line 4.
LaTeX Font Info:    Checking defaults for PD1/pdf/m/n on input line 4.
LaTeX Font Info:    ... okay on input line 4.
 (c:/texlive/2019/texmf-dist/tex/context/base/mkii/supp-pdf.mkii
[Loading MPS to PDF converter (version 2006.09.02).]
\scratchcounter=\count147
\scratchdimen=\dimen182
\scratchbox=\box72
\nofMPsegments=\count148
\nofMParguments=\count149
\everyMPshowfont=\toks40
\MPscratchCnt=\count150
\MPscratchDim=\dimen183
\MPnumerator=\count151
\makeMPintoPDFobject=\count152
\everyMPtoPDFconversion=\toks41
) (c:/texlive/2019/texmf-dist/tex/latex/oberdiek/epstopdf-base.sty
Package: epstopdf-base 2016/05/15 v2.6 Base part for package epstopdf
 (c:/texlive/2019/texmf-dist/tex/latex/oberdiek/grfext.sty
Package: grfext 2016/05/16 v1.2 Manage graphics extensions (HO)
)
Package epstopdf-base Info: Redefining graphics rule for `.eps' on input line 438.
Package grfext Info: Graphics extension search list:
(grfext)             [.pdf,.png,.jpg,.mps,.jpeg,.jbig2,.jb2,.PDF,.PNG,.JPG,.JPEG,.JBIG2,.JB2,.eps]
(grfext)             \AppendGraphicsExtensions on input line 456.
 (c:/texlive/2019/texmf-dist/tex/latex/latexconfig/epstopdf-sys.cfg
File: epstopdf-sys.cfg 2010/07/13 v1.3 Configuration of (r)epstopdf for TeX Live
))
LaTeX Info: Redefining \it@ocap on input line 4.
LaTeX Info: Redefining \it@ccap on input line 4.


File italian.ldf warning: 
italian.ldf    With OT1 encoding guillemets are poorly faked
italian.ldf    Use T1 encoding
italian.ldf    or specify a font with command \CaporaliFrom
italian.ldf    See the documentation concerning the babel-italian typesetting 
italian.ldf    on input line 4.

\AtBeginShipoutBox=\box73
*geometry* driver: auto-detecting
*geometry* detected driver: pdftex
*geometry* verbose mode - [ preamble ] result:
* driver: pdftex
* paper: a4paper
* layout: <same size as paper>
* layoutoffset:(h,v)=(0.0pt,0.0pt)
* modes: 
* h-part:(L,W,R)=(99.58464pt, 423.94608pt, 73.97716pt)
* v-part:(T,H,B)=(73.97716pt, 728.39056pt, 42.67912pt)
* \paperwidth=597.50787pt
* \paperheight=845.04684pt
* \textwidth=423.94608pt
* \textheight=728.39056pt
* \oddsidemargin=27.31465pt
* \evensidemargin=27.31465pt
* \topmargin=-35.29283pt
* \headheight=12.0pt
* \headsep=25.0pt
* \topskip=10.0pt
* \footskip=30.0pt
* \marginparwidth=57.0pt
* \marginparsep=11.0pt
* \columnsep=10.0pt
* \skip\footins=9.0pt plus 4.0pt minus 2.0pt
* \hoffset=0.0pt
* \voffset=0.0pt
* \mag=1000
* \@twocolumnfalse
* \@twosidefalse
* \@mparswitchfalse
* \@reversemarginfalse
* (1in=72.27pt=25.4mm, 1cm=28.453pt)

ABD: EveryShipout initializing macros
Package hyperref Info: Link coloring OFF on input line 4.
 (c:/texlive/2019/texmf-dist/tex/latex/hyperref/nameref.sty
Package: nameref 2019/09/12 v2.45 Cross-referencing by name of section
 (c:/texlive/2019/texmf-dist/tex/generic/oberdiek/gettitlestring.sty
Package: gettitlestring 2016/05/16 v1.5 Cleanup title references (HO)
)
\c@section@level=\count153
)
LaTeX Info: Redefining \ref on input line 4.
LaTeX Info: Redefining \pageref on input line 4.
LaTeX Info: Redefining \nameref on input line 4.
 (c:/Users/Federico/Desktop/NOTES/MECCANICA/master/master.out) (c:/Users/Federico/Desktop/NOTES/MECCANICA/master/master.out)
\@outlinefile=\write7
\openout7 = `master.out'.

LaTeX Font Info:    Try loading font information for U+msa on input line 6.
 (c:/texlive/2019/texmf-dist/tex/latex/amsfonts/umsa.fd
File: umsa.fd 2013/01/14 v3.01 AMS symbols A
)
LaTeX Font Info:    Try loading font information for U+msb on input line 6.
 (c:/texlive/2019/texmf-dist/tex/latex/amsfonts/umsb.fd
File: umsb.fd 2013/01/14 v3.01 AMS symbols B
) (c:/Users/Federico/Desktop/NOTES/MECCANICA/master/master.toc [1

{c:/texlive/2019/texmf-var/fonts/map/pdftex/updmap/pdftex.map}])
\tf@toc=\write8
\openout8 = `master.toc'.

 [2] (c:/Users/Federico/Desktop/NOTES/MECCANICA/master/../lezione1/lezione1.tex
LaTeX Font Info:    Try loading font information for OMS+cmss on input line 20.
LaTeX Font Info:    No file OMScmss.fd. on input line 20.


LaTeX Font Warning: Font shape `OMS/cmss/m/n' undefined
(Font)              using `OMS/cmsy/m/n' instead
(Font)              for symbol `textbullet' on input line 20.


Underfull \hbox (badness 10000) in paragraph at lines 25--31

 []


Underfull \hbox (badness 10000) in paragraph at lines 25--31

 []

[3]
<../lezione1/img1.JPG, id=444, 435.87843pt x 418.56375pt>
File: ../lezione1/img1.JPG Graphic file (type jpg)
<use ../lezione1/img1.JPG>
Package pdftex.def Info: ../lezione1/img1.JPG  used on input line 53.
(pdftex.def)             Requested size: 88.88344pt x 85.35826pt.

Underfull \hbox (badness 10000) in paragraph at lines 71--75

 []


Underfull \hbox (badness 10000) in paragraph at lines 77--79

 []

<../lezione1/img2.JPG, id=445, 634.62094pt x 374.90062pt>
File: ../lezione1/img2.JPG Graphic file (type jpg)
<use ../lezione1/img2.JPG>
Package pdftex.def Info: ../lezione1/img2.JPG  used on input line 80.
(pdftex.def)             Requested size: 144.48784pt x 85.35826pt.

Underfull \hbox (badness 10000) in paragraph at lines 82--88

 []


Underfull \hbox (badness 10000) in paragraph at lines 82--88

 []

[4 <../lezione1/img1.JPG> <../lezione1/img2.JPG>]
<../lezione1/img3.JPG, id=452, 659.46375pt x 389.20406pt>
File: ../lezione1/img3.JPG Graphic file (type jpg)
<use ../lezione1/img3.JPG>
Package pdftex.def Info: ../lezione1/img3.JPG  used on input line 109.
(pdftex.def)             Requested size: 144.62965pt x 85.35826pt.

Underfull \hbox (badness 10000) in paragraph at lines 111--118

 []


Underfull \hbox (badness 10000) in paragraph at lines 111--118

 []


Underfull \hbox (badness 10000) in paragraph at lines 111--118

 []


Underfull \hbox (badness 10000) in paragraph at lines 111--118

 []

[5 <../lezione1/img3.JPG>]
<../lezione1/img4.JPG, id=460, 719.68875pt x 356.83313pt>
File: ../lezione1/img4.JPG Graphic file (type jpg)
<use ../lezione1/img4.JPG>
Package pdftex.def Info: ../lezione1/img4.JPG  used on input line 119.
(pdftex.def)             Requested size: 172.15779pt x 85.35826pt.

Underfull \hbox (badness 10000) in paragraph at lines 121--128

 []


Underfull \hbox (badness 10000) in paragraph at lines 121--128

 []


Underfull \hbox (badness 10000) in paragraph at lines 121--128

 []

<../lezione1/img5.JPG, id=461, 584.93532pt x 382.42876pt>
File: ../lezione1/img5.JPG Graphic file (type jpg)
<use ../lezione1/img5.JPG>
Package pdftex.def Info: ../lezione1/img5.JPG  used on input line 137.
(pdftex.def)             Requested size: 130.55156pt x 85.35826pt.
) [6 <../lezione1/img4.JPG> <../lezione1/img5.JPG>] (c:/Users/Federico/Desktop/NOTES/MECCANICA/master/../lezione2/lezione2.tex
<../lezione2/img1.JPG, id=468, 568.37344pt x 250.68657pt>
File: ../lezione2/img1.JPG Graphic file (type jpg)
<use ../lezione2/img1.JPG>
Package pdftex.def Info: ../lezione2/img1.JPG  used on input line 20.
(pdftex.def)             Requested size: 193.53061pt x 85.35826pt.

Underfull \hbox (badness 10000) in paragraph at lines 22--26

 []

[7 <../lezione2/img1.JPG>]
<../lezione2/img2.JPG, id=474, 522.45187pt x 350.05782pt>
File: ../lezione2/img2.JPG Graphic file (type jpg)
<use ../lezione2/img2.JPG>
Package pdftex.def Info: ../lezione2/img2.JPG  used on input line 40.
(pdftex.def)             Requested size: 127.39197pt x 85.35826pt.
<../lezione2/img3.JPG, id=475, 753.5653pt x 527.72156pt>
File: ../lezione2/img3.JPG Graphic file (type jpg)
<use ../lezione2/img3.JPG>
Package pdftex.def Info: ../lezione2/img3.JPG  used on input line 47.
(pdftex.def)             Requested size: 121.88373pt x 85.35826pt.
<../lezione2/img4.JPG, id=476, 719.68875pt x 501.37312pt>
File: ../lezione2/img4.JPG Graphic file (type jpg)
<use ../lezione2/img4.JPG>
Package pdftex.def Info: ../lezione2/img4.JPG  used on input line 53.
(pdftex.def)             Requested size: 122.52116pt x 85.35826pt.
 [8 <../lezione2/img2.JPG> <../lezione2/img3.JPG> <../lezione2/img4.JPG>]
<../lezione2/img5.JPG, id=481, 752.0597pt x 546.54187pt>
File: ../lezione2/img5.JPG Graphic file (type jpg)
<use ../lezione2/img5.JPG>
Package pdftex.def Info: ../lezione2/img5.JPG  used on input line 59.
(pdftex.def)             Requested size: 117.45166pt x 85.35826pt.

Underfull \hbox (badness 10000) in paragraph at lines 62--68

 []


Underfull \hbox (badness 10000) in paragraph at lines 62--68

 []

<../lezione2/img6.JPG, id=482, 795.72281pt x 450.9347pt>
File: ../lezione2/img6.JPG Graphic file (type jpg)
<use ../lezione2/img6.JPG>
Package pdftex.def Info: ../lezione2/img6.JPG  used on input line 69.
(pdftex.def)             Requested size: 150.61824pt x 85.35826pt.

Underfull \hbox (badness 10000) in paragraph at lines 71--79

 []


Underfull \hbox (badness 10000) in paragraph at lines 71--79

 []

<../lezione2/img7.JPG, id=483, 778.40813pt x 447.92343pt>
File: ../lezione2/img7.JPG Graphic file (type jpg)
<use ../lezione2/img7.JPG>
Package pdftex.def Info: ../lezione2/img7.JPG  used on input line 80.
(pdftex.def)             Requested size: 148.32668pt x 85.35826pt.
[9 <../lezione2/img5.JPG> <../lezione2/img6.JPG>]
Underfull \hbox (badness 10000) in paragraph at lines 82--87

 []

<../lezione2/img8.JPG, id=488, 662.475pt x 421.575pt>
File: ../lezione2/img8.JPG Graphic file (type jpg)
<use ../lezione2/img8.JPG>
Package pdftex.def Info: ../lezione2/img8.JPG  used on input line 88.
(pdftex.def)             Requested size: 134.13023pt x 85.35826pt.

Underfull \hbox (badness 10000) in paragraph at lines 90--95

 []

<../lezione2/img9.JPG, id=489, 666.23906pt x 483.30562pt>
File: ../lezione2/img9.JPG Graphic file (type jpg)
<use ../lezione2/img9.JPG>
Package pdftex.def Info: ../lezione2/img9.JPG  used on input line 96.
(pdftex.def)             Requested size: 117.661pt x 85.35826pt.

Underfull \hbox (badness 10000) in paragraph at lines 98--103

 []

<../lezione2/img10.JPG, id=490, 593.21625pt x 366.61969pt>
File: ../lezione2/img10.JPG Graphic file (type jpg)
<use ../lezione2/img10.JPG>
Package pdftex.def Info: ../lezione2/img10.JPG  used on input line 104.
(pdftex.def)             Requested size: 138.11143pt x 85.35826pt.
[10 <../lezione2/img7.JPG> <../lezione2/img8.JPG> <../lezione2/img9.JPG> <../lezione2/img10.JPG>]
<../lezione2/img11.JPG, id=495, 575.14874pt x 420.82219pt>
File: ../lezione2/img11.JPG Graphic file (type jpg)
<use ../lezione2/img11.JPG>
Package pdftex.def Info: ../lezione2/img11.JPG  used on input line 111.
(pdftex.def)             Requested size: 116.66005pt x 85.35826pt.

Underfull \hbox (badness 10000) in paragraph at lines 113--120

 []


Underfull \hbox (badness 10000) in paragraph at lines 113--120

 []


Underfull \hbox (badness 10000) in paragraph at lines 113--120

 []


Underfull \hbox (badness 10000) in paragraph at lines 129--135

 []


Underfull \hbox (badness 10000) in paragraph at lines 129--135

 []

[11 <../lezione2/img11.JPG>]
Underfull \hbox (badness 10000) in paragraph at lines 155--159

 []


Underfull \hbox (badness 10000) in paragraph at lines 161--165

 []

) [12] (c:/Users/Federico/Desktop/NOTES/MECCANICA/master/../lezione3/lezione3.tex
Underfull \hbox (badness 10000) in paragraph at lines 4--8

 []

<../lezione3/img1.JPG, id=506, 347.79938pt x 252.19218pt>
File: ../lezione3/img1.JPG Graphic file (type jpg)
<use ../lezione3/img1.JPG>
Package pdftex.def Info: ../lezione3/img1.JPG  used on input line 9.
(pdftex.def)             Requested size: 117.71951pt x 85.35826pt.
<../lezione3/img2.JPG, id=507, 494.59781pt x 265.74281pt>
File: ../lezione3/img2.JPG Graphic file (type jpg)
<use ../lezione3/img2.JPG>
Package pdftex.def Info: ../lezione3/img2.JPG  used on input line 17.
(pdftex.def)             Requested size: 158.87073pt x 85.35826pt.
<../lezione3/img3.JPG, id=508, 522.45187pt x 391.4625pt>
File: ../lezione3/img3.JPG Graphic file (type jpg)
<use ../lezione3/img3.JPG>
Package pdftex.def Info: ../lezione3/img3.JPG  used on input line 24.
(pdftex.def)             Requested size: 189.86824pt x 142.26378pt.

Underfull \hbox (badness 10000) in paragraph at lines 26--33

 []


Underfull \hbox (badness 10000) in paragraph at lines 26--33

 []

[13 <../lezione3/img1.JPG> <../lezione3/img2.JPG> <../lezione3/img3.JPG>]
Underfull \hbox (badness 10000) in paragraph at lines 50--60

 []


Underfull \hbox (badness 10000) in paragraph at lines 50--60

 []

<../lezione3/img4.JPG, id=514, 411.03563pt x 258.9675pt>
File: ../lezione3/img4.JPG Graphic file (type jpg)
<use ../lezione3/img4.JPG>
Package pdftex.def Info: ../lezione3/img4.JPG  used on input line 61.
(pdftex.def)             Requested size: 135.4791pt x 85.35826pt.

Underfull \hbox (badness 10000) in paragraph at lines 73--77

 []

[14 <../lezione3/img4.JPG>]
Underfull \hbox (badness 10000) in paragraph at lines 108--112

 []


Underfull \hbox (badness 10000) in paragraph at lines 121--124

 []

[15] [16]
<../lezione3/img5.JPG, id=528, 215.30438pt x 80.55093pt>
File: ../lezione3/img5.JPG Graphic file (type jpg)
<use ../lezione3/img5.JPG>
Package pdftex.def Info: ../lezione3/img5.JPG  used on input line 168.
(pdftex.def)             Requested size: 114.0812pt x 42.67912pt.
<../lezione3/img6.JPG, id=529, 219.82124pt x 170.13562pt>
File: ../lezione3/img6.JPG Graphic file (type jpg)
<use ../lezione3/img6.JPG>
Package pdftex.def Info: ../lezione3/img6.JPG  used on input line 177.
(pdftex.def)             Requested size: 110.28601pt x 85.35826pt.
<../lezione3/img7.JPG, id=530, 158.84344pt x 191.9672pt>
File: ../lezione3/img7.JPG Graphic file (type jpg)
<use ../lezione3/img7.JPG>
Package pdftex.def Info: ../lezione3/img7.JPG  used on input line 182.
(pdftex.def)             Requested size: 70.63057pt x 85.35826pt.
<../lezione3/img8.JPG, id=531, 304.13625pt x 118.94438pt>
File: ../lezione3/img8.JPG Graphic file (type jpg)
<use ../lezione3/img8.JPG>
Package pdftex.def Info: ../lezione3/img8.JPG  used on input line 187.
(pdftex.def)             Requested size: 145.50574pt x 56.9055pt.
 [17 <../lezione3/img5.JPG> <../lezione3/img6.JPG> <../lezione3/img7.JPG>]
<../lezione3/img9.JPG, id=536, 232.61906pt x 231.11343pt>
File: ../lezione3/img9.JPG Graphic file (type jpg)
<use ../lezione3/img9.JPG>
Package pdftex.def Info: ../lezione3/img9.JPG  used on input line 196.
(pdftex.def)             Requested size: 85.91507pt x 85.35826pt.
) (c:/Users/Federico/Desktop/NOTES/MECCANICA/master/../lezione4/lezione4.tex
<../lezione4/img1.JPG, id=538, 481.8pt x 188.95593pt>
File: ../lezione4/img1.JPG Graphic file (type jpg)
<use ../lezione4/img1.JPG>
Package pdftex.def Info: ../lezione4/img1.JPG  used on input line 7.
(pdftex.def)             Requested size: 217.64607pt x 85.35826pt.

Underfull \hbox (badness 10000) in paragraph at lines 9--16

 []


Underfull \hbox (badness 10000) in paragraph at lines 9--16

 []


Underfull \hbox (badness 10000) in paragraph at lines 9--16

 []


Underfull \hbox (badness 10000) in paragraph at lines 30--38

 []


Underfull \hbox (badness 10000) in paragraph at lines 30--38

 []

[18 <../lezione3/img8.JPG> <../lezione3/img9.JPG> <../lezione4/img1.JPG>]
<../lezione4/img2.JPG, id=543, 683.55376pt x 291.33844pt>
File: ../lezione4/img2.JPG Graphic file (type jpg)
<use ../lezione4/img2.JPG>
Package pdftex.def Info: ../lezione4/img2.JPG  used on input line 39.
(pdftex.def)             Requested size: 267.02296pt x 113.81102pt.
<../lezione4/img3.JPG, id=544, 944.7797pt x 360.59718pt>
File: ../lezione4/img3.JPG Graphic file (type jpg)
<use ../lezione4/img3.JPG>
Package pdftex.def Info: ../lezione4/img3.JPG  used on input line 71.
(pdftex.def)             Requested size: 298.18382pt x 113.81102pt.
<../lezione4/img4.JPG, id=545, 453.94594pt x 152.82094pt>
File: ../lezione4/img4.JPG Graphic file (type jpg)
<use ../lezione4/img4.JPG>
Package pdftex.def Info: ../lezione4/img4.JPG  used on input line 76.
(pdftex.def)             Requested size: 338.06892pt x 113.81102pt.
 [19 <../lezione4/img2.JPG> <../lezione4/img3.JPG>]
<../lezione4/img5.JPG, id=551, 280.79906pt x 191.9672pt>
File: ../lezione4/img5.JPG Graphic file (type jpg)
<use ../lezione4/img5.JPG>
Package pdftex.def Info: ../lezione4/img5.JPG  used on input line 88.
(pdftex.def)             Requested size: 124.85878pt x 85.35826pt.
 [20 <../lezione4/img4.JPG> <../lezione4/img5.JPG>]
Underfull \hbox (badness 10000) in paragraph at lines 100--103

 []


Underfull \hbox (badness 10000) in paragraph at lines 107--110

 []


Underfull \hbox (badness 10000) in paragraph at lines 111--114

 []


Underfull \hbox (badness 10000) in paragraph at lines 116--122

 []


Underfull \hbox (badness 10000) in paragraph at lines 116--122

 []

[21]
<../lezione4/img7.JPG, id=560, 420.06938pt x 427.5975pt>
File: ../lezione4/img7.JPG Graphic file (type jpg)
<use ../lezione4/img7.JPG>
Package pdftex.def Info: ../lezione4/img7.JPG  used on input line 127.
(pdftex.def)             Requested size: 83.85214pt x 85.35826pt.
<../lezione4/img8.JPG, id=561, 392.21532pt x 345.54094pt>
File: ../lezione4/img8.JPG Graphic file (type jpg)
<use ../lezione4/img8.JPG>
Package pdftex.def Info: ../lezione4/img8.JPG  used on input line 130.
(pdftex.def)             Requested size: 96.88657pt x 85.35826pt.

Underfull \hbox (badness 10000) in paragraph at lines 132--134

 []


Underfull \hbox (badness 10000) in paragraph at lines 132--134

 []

<../lezione4/img9.JPG, id=562, 642.90187pt x 381.67593pt>
File: ../lezione4/img9.JPG Graphic file (type jpg)
<use ../lezione4/img9.JPG>
Package pdftex.def Info: ../lezione4/img9.JPG  used on input line 138.
(pdftex.def)             Requested size: 191.70467pt x 113.81102pt.
<../lezione4/img10.JPG, id=563, 453.94594pt x 307.1475pt>
File: ../lezione4/img10.JPG Graphic file (type jpg)
<use ../lezione4/img10.JPG>
Package pdftex.def Info: ../lezione4/img10.JPG  used on input line 163.
(pdftex.def)             Requested size: 126.15504pt x 85.35826pt.
[22 <../lezione4/img7.JPG> <../lezione4/img8.JPG> <../lezione4/img9.JPG>]
Underfull \hbox (badness 10000) in paragraph at lines 168--172

 []

<../lezione4/img11.JPG, id=568, 452.4403pt x 372.64218pt>
File: ../lezione4/img11.JPG Graphic file (type jpg)
<use ../lezione4/img11.JPG>
Package pdftex.def Info: ../lezione4/img11.JPG  used on input line 179.
(pdftex.def)             Requested size: 138.17703pt x 113.81102pt.

Underfull \hbox (badness 10000) in paragraph at lines 183--186

 []

<../lezione4/img12.JPG, id=569, 490.83376pt x 296.60812pt>
File: ../lezione4/img12.JPG Graphic file (type jpg)
<use ../lezione4/img12.JPG>
Package pdftex.def Info: ../lezione4/img12.JPG  used on input line 187.
(pdftex.def)             Requested size: 141.25215pt x 85.35826pt.

Underfull \hbox (badness 10000) in paragraph at lines 189--198

 []


Underfull \hbox (badness 10000) in paragraph at lines 189--198

 []


Underfull \hbox (badness 10000) in paragraph at lines 189--198

 []

[23 <../lezione4/img10.JPG> <../lezione4/img11.JPG> <../lezione4/img12.JPG>]
Underfull \hbox (badness 10000) in paragraph at lines 199--202

 []

<../lezione4/img13.JPG, id=574, 512.66531pt x 335.75438pt>
File: ../lezione4/img13.JPG Graphic file (type jpg)
<use ../lezione4/img13.JPG>
Package pdftex.def Info: ../lezione4/img13.JPG  used on input line 203.
(pdftex.def)             Requested size: 130.33287pt x 85.35826pt.
)
Underfull \hbox (badness 10000) in paragraph at lines 205--15

 []


Underfull \hbox (badness 10000) in paragraph at lines 205--15

 []


Underfull \hbox (badness 10000) in paragraph at lines 205--15

 []

[24 <../lezione4/img13.JPG>] (c:/Users/Federico/Desktop/NOTES/MECCANICA/master/../lezione5/lezione5.tex
<../lezione5/img1.JPG, id=580, 600.74437pt x 191.9672pt>
File: ../lezione5/img1.JPG Graphic file (type jpg)
<use ../lezione5/img1.JPG>
Package pdftex.def Info: ../lezione5/img1.JPG  used on input line 7.
(pdftex.def)             Requested size: 267.12415pt x 85.35826pt.

Underfull \hbox (badness 10000) in paragraph at lines 9--20

 []


Underfull \hbox (badness 10000) in paragraph at lines 9--20

 []


Underfull \hbox (badness 10000) in paragraph at lines 9--20

 []


Underfull \hbox (badness 10000) in paragraph at lines 9--20

 []


Underfull \hbox (badness 10000) in paragraph at lines 9--20

 []


Underfull \hbox (badness 10000) in paragraph at lines 26--30

 []

<../lezione5/img2.JPG, id=581, 482.55281pt x 197.23688pt>
File: ../lezione5/img2.JPG Graphic file (type jpg)
<use ../lezione5/img2.JPG>
Package pdftex.def Info: ../lezione5/img2.JPG  used on input line 31.
(pdftex.def)             Requested size: 208.83376pt x 85.35826pt.
[25 <../lezione5/img1.JPG> <../lezione5/img2.JPG>]
Underfull \hbox (badness 10000) in paragraph at lines 47--51

 []


Underfull \hbox (badness 10000) in paragraph at lines 67--79

 []


Underfull \hbox (badness 10000) in paragraph at lines 67--79

 []


Underfull \hbox (badness 10000) in paragraph at lines 67--79

 []


Underfull \hbox (badness 10000) in paragraph at lines 67--79

 []

<../lezione5/img3.JPG, id=587, 527.72156pt x 277.78781pt>
File: ../lezione5/img3.JPG Graphic file (type jpg)
<use ../lezione5/img3.JPG>
Package pdftex.def Info: ../lezione5/img3.JPG  used on input line 80.
(pdftex.def)             Requested size: 216.21425pt x 113.81102pt.
[26 <../lezione5/img3.JPG>]
Underfull \hbox (badness 10000) in paragraph at lines 116--119

 []

<../lezione5/img4.JPG, id=592, 547.2947pt x 225.09094pt>
File: ../lezione5/img4.JPG Graphic file (type jpg)
<use ../lezione5/img4.JPG>
Package pdftex.def Info: ../lezione5/img4.JPG  used on input line 132.
(pdftex.def)             Requested size: 207.53989pt x 85.35826pt.
<../lezione5/img5.JPG, id=593, 490.08093pt x 210.03468pt>
File: ../lezione5/img5.JPG Graphic file (type jpg)
<use ../lezione5/img5.JPG>
Package pdftex.def Info: ../lezione5/img5.JPG  used on input line 166.
(pdftex.def)             Requested size: 199.16966pt x 85.35826pt.
[27 <../lezione5/img4.JPG>]) [28 <../lezione5/img5.JPG>] (c:/Users/Federico/Desktop/NOTES/MECCANICA/master/../lezione6/lezione6.tex
Underfull \hbox (badness 10000) in paragraph at lines 5--12

 []


Underfull \hbox (badness 10000) in paragraph at lines 5--12

 []


Underfull \hbox (badness 10000) in paragraph at lines 5--12

 []


Underfull \hbox (badness 10000) in paragraph at lines 30--35

 []

<../lezione6/img1.JPG, id=603, 327.47343pt x 106.89937pt>
File: ../lezione6/img1.JPG Graphic file (type jpg)
<use ../lezione6/img1.JPG>
Package pdftex.def Info: ../lezione6/img1.JPG  used on input line 36.
(pdftex.def)             Requested size: 261.48442pt x 85.35826pt.

Underfull \hbox (badness 10000) in paragraph at lines 38--41

 []


Underfull \hbox (badness 10000) in paragraph at lines 46--49

 []


Underfull \hbox (badness 10000) in paragraph at lines 50--53

 []

[29 <../lezione6/img1.JPG>]
<../lezione6/img2.JPG, id=608, 246.9225pt x 84.315pt>
File: ../lezione6/img2.JPG Graphic file (type jpg)
<use ../lezione6/img2.JPG>
Package pdftex.def Info: ../lezione6/img2.JPG  used on input line 56.
(pdftex.def)             Requested size: 249.98126pt x 85.35826pt.
<../lezione6/img3.JPG, id=609, 223.58531pt x 79.04532pt>
File: ../lezione6/img3.JPG Graphic file (type jpg)
<use ../lezione6/img3.JPG>
Package pdftex.def Info: ../lezione6/img3.JPG  used on input line 62.
(pdftex.def)             Requested size: 241.45828pt x 85.35826pt.
<../lezione6/img4.JPG, id=610, 228.10219pt x 88.83188pt>
File: ../lezione6/img4.JPG Graphic file (type jpg)
<use ../lezione6/img4.JPG>
Package pdftex.def Info: ../lezione6/img4.JPG  used on input line 68.
(pdftex.def)             Requested size: 219.1879pt x 85.35826pt.
<../lezione6/img5.JPG, id=611, 293.59688pt x 53.44969pt>
File: ../lezione6/img5.JPG Graphic file (type jpg)
<use ../lezione6/img5.JPG>
Package pdftex.def Info: ../lezione6/img5.JPG  used on input line 74.
(pdftex.def)             Requested size: 468.90443pt x 85.35826pt.

Overfull \hbox (44.95836pt too wide) in paragraph at lines 74--75
 [] 
 []

[30 <../lezione6/img2.JPG> <../lezione6/img3.JPG> <../lezione6/img4.JPG> <../lezione6/img5.JPG>]
<../lezione6/img6.JPG, id=616, 199.49532pt x 83.5622pt>
File: ../lezione6/img6.JPG Graphic file (type jpg)
<use ../lezione6/img6.JPG>
Package pdftex.def Info: ../lezione6/img6.JPG  used on input line 80.
(pdftex.def)             Requested size: 203.79909pt x 85.35826pt.

Underfull \hbox (badness 10000) in paragraph at lines 82--87

 []

<../lezione6/img7.JPG, id=617, 222.8325pt x 100.87688pt>
File: ../lezione6/img7.JPG Graphic file (type jpg)
<use ../lezione6/img7.JPG>
Package pdftex.def Info: ../lezione6/img7.JPG  used on input line 88.
(pdftex.def)             Requested size: 188.55508pt x 85.35826pt.

Underfull \hbox (badness 10000) in paragraph at lines 90--94

 []

<../lezione6/img8.JPG, id=618, 196.48407pt x 179.16937pt>
File: ../lezione6/img8.JPG Graphic file (type jpg)
<use ../lezione6/img8.JPG>
Package pdftex.def Info: ../lezione6/img8.JPG  used on input line 95.
(pdftex.def)             Requested size: 93.60672pt x 85.35826pt.

Overfull \hbox (43.55368pt too wide) detected at line 112
[] \OMS/cmss/m/n/10 ! [] ! [] ! []
 []

<../lezione6/img9.JPG, id=619, 187.45032pt x 140.02313pt>
File: ../lezione6/img9.JPG Graphic file (type jpg)
<use ../lezione6/img9.JPG>
Package pdftex.def Info: ../lezione6/img9.JPG  used on input line 116.
(pdftex.def)             Requested size: 114.27301pt x 85.35826pt.
[31 <../lezione6/img6.JPG> <../lezione6/img7.JPG> <../lezione6/img8.JPG> <../lezione6/img9.JPG>]
Underfull \hbox (badness 10000) in paragraph at lines 129--134

 []


Underfull \hbox (badness 10000) in paragraph at lines 129--134

 []


Underfull \hbox (badness 10000) in paragraph at lines 139--143

 []


Underfull \hbox (badness 10000) in paragraph at lines 166--170

 []


Underfull \hbox (badness 10000) in paragraph at lines 175--179

 []

<../lezione6/img10.JPG, id=626, 477.28313pt x 349.305pt>
File: ../lezione6/img10.JPG Graphic file (type jpg)
<use ../lezione6/img10.JPG>
Package pdftex.def Info: ../lezione6/img10.JPG  used on input line 187.
(pdftex.def)             Requested size: 116.63315pt x 85.35826pt.
[32]
Underfull \hbox (badness 10000) in paragraph at lines 189--192

 []


Underfull \hbox (badness 10000) in paragraph at lines 198--204

 []


Underfull \hbox (badness 10000) in paragraph at lines 198--204

 []


Underfull \hbox (badness 10000) in paragraph at lines 205--208

 []

<../lezione6/img11.JPG, id=631, 156.585pt x 235.63031pt>
File: ../lezione6/img11.JPG Graphic file (type jpg)
<use ../lezione6/img11.JPG>
Package pdftex.def Info: ../lezione6/img11.JPG  used on input line 209.
(pdftex.def)             Requested size: 56.72417pt x 85.35826pt.

Underfull \hbox (badness 10000) in paragraph at lines 222--228

 []

<../lezione6/img12.JPG, id=632, 301.8778pt x 197.98969pt>
File: ../lezione6/img12.JPG Graphic file (type jpg)
<use ../lezione6/img12.JPG>
Package pdftex.def Info: ../lezione6/img12.JPG  used on input line 229.
(pdftex.def)             Requested size: 130.14578pt x 85.35826pt.
[33 <../lezione6/img10.JPG> <../lezione6/img11.JPG>]
Underfull \hbox (badness 10000) in paragraph at lines 231--235

 []

<../lezione6/img13.jpg, id=637, 414.79968pt x 164.11313pt>
File: ../lezione6/img13.jpg Graphic file (type jpg)
<use ../lezione6/img13.jpg>
Package pdftex.def Info: ../lezione6/img13.jpg  used on input line 236.
(pdftex.def)             Requested size: 215.74771pt x 85.35826pt.

Underfull \hbox (badness 10000) in paragraph at lines 253--261

 []

<../lezione6/img14.JPG, id=638, 328.22626pt x 239.39438pt>
File: ../lezione6/img14.JPG Graphic file (type jpg)
<use ../lezione6/img14.JPG>
Package pdftex.def Info: ../lezione6/img14.JPG  used on input line 262.
(pdftex.def)             Requested size: 117.02948pt x 85.35826pt.

Underfull \hbox (badness 10000) in paragraph at lines 264--270

 []


Underfull \hbox (badness 10000) in paragraph at lines 264--270

 []

<../lezione6/img15.JPG, id=639, 353.06906pt x 232.61906pt>
File: ../lezione6/img15.JPG Graphic file (type jpg)
<use ../lezione6/img15.JPG>
Package pdftex.def Info: ../lezione6/img15.JPG  used on input line 271.
(pdftex.def)             Requested size: 129.55602pt x 85.35826pt.
[34 <../lezione6/img12.JPG> <../lezione6/img13.JPG> <../lezione6/img14.JPG> <../lezione6/img15.JPG>]
<../lezione6/img16.JPG, id=644, 283.81032pt x 206.27063pt>
File: ../lezione6/img16.JPG Graphic file (type jpg)
<use ../lezione6/img16.JPG>
Package pdftex.def Info: ../lezione6/img16.JPG  used on input line 276.
(pdftex.def)             Requested size: 117.44562pt x 85.35826pt.
<../lezione6/img17.JPG, id=645, 407.27156pt x 273.27094pt>
File: ../lezione6/img17.JPG Graphic file (type jpg)
<use ../lezione6/img17.JPG>
Package pdftex.def Info: ../lezione6/img17.JPG  used on input line 280.
(pdftex.def)             Requested size: 127.21611pt x 85.35826pt.
)
Underfull \hbox (badness 10000) in paragraph at lines 301--19

 []

[35 <../lezione6/img16.JPG> <../lezione6/img17.JPG>] (c:/Users/Federico/Desktop/NOTES/MECCANICA/master/../lezione7/lezione7.tex
Underfull \hbox (badness 10000) in paragraph at lines 5--10

 []


Underfull \hbox (badness 10000) in paragraph at lines 5--10

 []


Underfull \hbox (badness 10000) in paragraph at lines 15--23

 []


Underfull \hbox (badness 10000) in paragraph at lines 15--23

 []


Underfull \hbox (badness 10000) in paragraph at lines 15--23

 []


Underfull \hbox (badness 10000) in paragraph at lines 28--32

 []

<../lezione7/img1.JPG, id=651, 654.94687pt x 443.40656pt>
File: ../lezione7/img1.JPG Graphic file (type jpg)
<use ../lezione7/img1.JPG>
Package pdftex.def Info: ../lezione7/img1.JPG  used on input line 33.
(pdftex.def)             Requested size: 210.13693pt x 142.26378pt.

Underfull \hbox (badness 10000) in paragraph at lines 35--40

 []

<../lezione7/img2.JPG, id=652, 396.7322pt x 252.945pt>
File: ../lezione7/img2.JPG Graphic file (type jpg)
<use ../lezione7/img2.JPG>
Package pdftex.def Info: ../lezione7/img2.JPG  used on input line 41.
(pdftex.def)             Requested size: 133.88225pt x 85.35826pt.
[36 <../lezione7/img1.JPG>]
<../lezione7/img3.JPG, id=657, 327.47343pt x 257.46187pt>
File: ../lezione7/img3.JPG Graphic file (type jpg)
<use ../lezione7/img3.JPG>
Package pdftex.def Info: ../lezione7/img3.JPG  used on input line 46.
(pdftex.def)             Requested size: 108.56625pt x 85.35826pt.

Underfull \hbox (badness 10000) in paragraph at lines 51--56

 []


Underfull \hbox (badness 10000) in paragraph at lines 60--64

 []

<../lezione7/img4.JPG, id=658, 464.4853pt x 325.215pt>
File: ../lezione7/img4.JPG Graphic file (type jpg)
<use ../lezione7/img4.JPG>
Package pdftex.def Info: ../lezione7/img4.JPG  used on input line 65.
(pdftex.def)             Requested size: 121.9115pt x 85.35826pt.
[37 <../lezione7/img2.JPG> <../lezione7/img3.JPG> <../lezione7/img4.JPG>]
<../lezione7/img5.JPG, id=664, 377.91188pt x 232.61906pt>
File: ../lezione7/img5.JPG Graphic file (type jpg)
<use ../lezione7/img5.JPG>
Package pdftex.def Info: ../lezione7/img5.JPG  used on input line 88.
(pdftex.def)             Requested size: 138.6719pt x 85.35826pt.
<../lezione7/img6.JPG, id=665, 747.54282pt x 234.1247pt>
File: ../lezione7/img6.JPG Graphic file (type jpg)
<use ../lezione7/img6.JPG>
Package pdftex.def Info: ../lezione7/img6.JPG  used on input line 91.
(pdftex.def)             Requested size: 272.54858pt x 85.35826pt.

Underfull \hbox (badness 10000) in paragraph at lines 95--100

 []


Underfull \hbox (badness 10000) in paragraph at lines 95--100

 []

<../lezione7/img7.JPG, id=666, 359.84438pt x 196.48407pt>
File: ../lezione7/img7.JPG Graphic file (type jpg)
<use ../lezione7/img7.JPG>
Package pdftex.def Info: ../lezione7/img7.JPG  used on input line 101.
(pdftex.def)             Requested size: 156.32788pt x 85.35826pt.
<../lezione7/img8.JPG, id=667, 450.18187pt x 168.63pt>
File: ../lezione7/img8.JPG Graphic file (type jpg)
<use ../lezione7/img8.JPG>
Package pdftex.def Info: ../lezione7/img8.JPG  used on input line 106.
(pdftex.def)             Requested size: 227.87927pt x 85.35826pt.

Underfull \hbox (badness 10000) in paragraph at lines 108--114

 []


Underfull \hbox (badness 10000) in paragraph at lines 108--114

 []

<../lezione7/img9.JPG, id=668, 393.72093pt x 354.57469pt>
File: ../lezione7/img9.JPG Graphic file (type jpg)
<use ../lezione7/img9.JPG>
Package pdftex.def Info: ../lezione7/img9.JPG  used on input line 115.
(pdftex.def)             Requested size: 94.77731pt x 85.35826pt.
[38 <../lezione7/img5.JPG> <../lezione7/img6.JPG> <../lezione7/img7.JPG> <../lezione7/img8.JPG>]
<../lezione7/img10.JPG, id=673, 365.86688pt x 155.83218pt>
File: ../lezione7/img10.JPG Graphic file (type jpg)
<use ../lezione7/img10.JPG>
Package pdftex.def Info: ../lezione7/img10.JPG  used on input line 126.
(pdftex.def)             Requested size: 200.40675pt x 85.35826pt.
<../lezione7/img11.JPG, id=674, 391.4625pt x 153.57375pt>
File: ../lezione7/img11.JPG Graphic file (type jpg)
<use ../lezione7/img11.JPG>
Package pdftex.def Info: ../lezione7/img11.JPG  used on input line 144.
(pdftex.def)             Requested size: 217.58083pt x 85.35826pt.
<../lezione7/img12.JPG, id=675, 901.11656pt x 341.02406pt>
File: ../lezione7/img12.JPG Graphic file (type jpg)
<use ../lezione7/img12.JPG>
Package pdftex.def Info: ../lezione7/img12.JPG  used on input line 162.
(pdftex.def)             Requested size: 300.73811pt x 113.81102pt.
 [39 <../lezione7/img9.JPG> <../lezione7/img10.JPG> <../lezione7/img11.JPG>])
Underfull \hbox (badness 10000) in paragraph at lines 164--21

 []


Underfull \hbox (badness 10000) in paragraph at lines 164--21

 []

[40 <../lezione7/img12.JPG>] (c:/Users/Federico/Desktop/NOTES/MECCANICA/master/../lezione8/lezione8.tex
<../lezione8/img1.JPG, id=685, 375.65344pt x 242.40562pt>
File: ../lezione8/img1.JPG Graphic file (type jpg)
<use ../lezione8/img1.JPG>
Package pdftex.def Info: ../lezione8/img1.JPG  used on input line 9.
(pdftex.def)             Requested size: 132.27742pt x 85.35826pt.

Underfull \hbox (badness 10000) in paragraph at lines 17--21

 []


Underfull \hbox (badness 10000) in paragraph at lines 26--29

 []


Underfull \hbox (badness 10000) in paragraph at lines 30--33

 []

<../lezione8/img2.JPG, id=686, 541.27219pt x 320.69812pt>
File: ../lezione8/img2.JPG Graphic file (type jpg)
<use ../lezione8/img2.JPG>
Package pdftex.def Info: ../lezione8/img2.JPG  used on input line 34.
(pdftex.def)             Requested size: 144.06413pt x 85.35826pt.

Underfull \hbox (badness 10000) in paragraph at lines 42--46

 []

[41 <../lezione8/img1.JPG> <../lezione8/img2.JPG>]
Underfull \hbox (badness 10000) in paragraph at lines 58--61

 []

<../lezione8/img3.JPG, id=692, 220.57407pt x 315.42844pt>
File: ../lezione8/img3.JPG Graphic file (type jpg)
<use ../lezione8/img3.JPG>
Package pdftex.def Info: ../lezione8/img3.JPG  used on input line 62.
(pdftex.def)             Requested size: 79.58498pt x 113.81102pt.

Underfull \hbox (badness 10000) in paragraph at lines 67--71

 []

<../lezione8/img4.JPG, id=693, 524.71031pt x 304.88907pt>
File: ../lezione8/img4.JPG Graphic file (type jpg)
<use ../lezione8/img4.JPG>
Package pdftex.def Info: ../lezione8/img4.JPG  used on input line 75.
(pdftex.def)             Requested size: 146.90187pt x 85.35826pt.

Underfull \hbox (badness 10000) in paragraph at lines 77--80

 []

[42 <../lezione8/img3.JPG> <../lezione8/img4.JPG>]
Underfull \hbox (badness 10000) in paragraph at lines 87--94

 []


Underfull \hbox (badness 10000) in paragraph at lines 96--102

 []

<../lezione8/img5.JPG, id=698, 566.86781pt x 370.38374pt>
File: ../lezione8/img5.JPG Graphic file (type jpg)
<use ../lezione8/img5.JPG>
Package pdftex.def Info: ../lezione8/img5.JPG  used on input line 103.
(pdftex.def)             Requested size: 130.63634pt x 85.35826pt.
<../lezione8/img6.JPG, id=699, 532.23843pt x 222.07968pt>
File: ../lezione8/img6.JPG Graphic file (type jpg)
<use ../lezione8/img6.JPG>
Package pdftex.def Info: ../lezione8/img6.JPG  used on input line 118.
(pdftex.def)             Requested size: 204.56726pt x 85.35826pt.
[43 <../lezione8/img5.JPG> <../lezione8/img6.JPG>]
Underfull \hbox (badness 10000) in paragraph at lines 135--139

 []


Underfull \hbox (badness 10000) in paragraph at lines 141--150

 []


Underfull \hbox (badness 10000) in paragraph at lines 141--150

 []

<../lezione8/img7.JPG, id=705, 910.90312pt x 344.78813pt>
File: ../lezione8/img7.JPG Graphic file (type jpg)
<use ../lezione8/img7.JPG>
Package pdftex.def Info: ../lezione8/img7.JPG  used on input line 151.
(pdftex.def)             Requested size: 225.50134pt x 85.35826pt.
)
Underfull \hbox (badness 10000) in paragraph at lines 173--23

 []


Underfull \hbox (badness 10000) in paragraph at lines 173--23

 []

[44 <../lezione8/img7.JPG>] (c:/Users/Federico/Desktop/NOTES/MECCANICA/master/../esercitazione1/esercitazione1.tex
Underfull \hbox (badness 10000) in paragraph at lines 4--9

 []


Underfull \hbox (badness 10000) in paragraph at lines 4--9

 []


Overfull \hbox (4.0924pt too wide) in paragraph at lines 4--9
\OT1/cmss/m/n/10 ESERCITAZIONE -2 (An-no scor-so): []$\OT1/cmtt/m/n/10 . . /esercitazione1 / pdf / 01-[]Eseaggiuntivocinematica . pdf$[]\OT1/cmss/m/n/10 . 
 []


Underfull \hbox (badness 10000) in paragraph at lines 10--19

 []

)
Underfull \hbox (badness 10000) in paragraph at lines 49--26

 []


Underfull \hbox (badness 10000) in paragraph at lines 49--26

 []


Underfull \hbox (badness 10000) in paragraph at lines 49--26

 []


Underfull \hbox (badness 10000) in paragraph at lines 49--26

 []

[45] [46] (c:/Users/Federico/Desktop/NOTES/MECCANICA/master/../esercitazione2/esercitazione2.tex
Underfull \hbox (badness 10000) in paragraph at lines 4--6

 []


Underfull \hbox (badness 10000) in paragraph at lines 10--16

 []


Underfull \hbox (badness 10000) in paragraph at lines 10--16

 []

<../esercitazione2/img1.JPG, id=727, 493.845pt x 344.78813pt>
File: ../esercitazione2/img1.JPG Graphic file (type jpg)
<use ../esercitazione2/img1.JPG>
Package pdftex.def Info: ../esercitazione2/img1.JPG  used on input line 24.
(pdftex.def)             Requested size: 122.25526pt x 85.35826pt.

Underfull \hbox (badness 10000) in paragraph at lines 29--33

 []

) [47 <../esercitazione2/img1.JPG>] (c:/Users/Federico/Desktop/NOTES/MECCANICA/master/../esercitazione3/esercitazione3.tex) [48] (c:/Users/Federico/Desktop/NOTES/MECCANICA/master/../esercitazione4/esercitazione4.tex) [49]
Package atveryend Info: Empty hook `BeforeClearDocument' on input line 32.
Package atveryend Info: Empty hook `AfterLastShipout' on input line 32.
 (c:/Users/Federico/Desktop/NOTES/MECCANICA/master/master.aux)
Package atveryend Info: Executing hook `AtVeryEndDocument' on input line 32.
Package atveryend Info: Executing hook `AtEndAfterFileList' on input line 32.
Package rerunfilecheck Info: File `master.out' has not changed.
(rerunfilecheck)             Checksum: 31BE7E7F3EC0018A55F72DFF653238C3;5991.


LaTeX Font Warning: Some font shapes were not available, defaults substituted.

 ) 
Here is how much of TeX's memory you used:
 18466 strings out of 492609
 338412 string characters out of 6132818
 436916 words of memory out of 5000000
 21822 multiletter control sequences out of 15000+600000
 13466 words of font info for 52 fonts, out of 8000000 for 9000
 1141 hyphenation exceptions out of 8191
 56i,18n,73p,1049b,502s stack positions out of 5000i,500n,10000p,200000b,80000s
<c:/texlive/2019/texmf-dist/fonts/type1/public/amsfonts/cm/cmex10.pfb><c:/texlive/2019/texmf-dist/fonts/type1/public/amsfonts/cmextra/cmex7.pfb><c:/texlive/2019/texmf-dist/fonts/type1/public/amsfonts/cm/cmmi10.pfb><c:/texlive/2019/texmf-dist/fonts/type1/public/amsfonts/cm/cmmi5.pfb><c:/texlive/2019/texmf-dist/fonts/type1/public/amsfonts/cm/cmmi7.pfb><c:/texlive/2019/texmf-dist/fonts/type1/public/amsfonts/cm/cmr10.pfb><c:/texlive/2019/texmf-dist/fonts/type1/public/amsfonts/cm/cmr5.pfb><c:/texlive/2019/texmf-dist/fonts/type1/public/amsfonts/cm/cmr7.pfb><c:/texlive/2019/texmf-dist/fonts/type1/public/amsfonts/cm/cmss10.pfb><c:/texlive/2019/texmf-dist/fonts/type1/public/amsfonts/cm/cmss12.pfb><c:/texlive/2019/texmf-dist/fonts/type1/public/amsfonts/cm/cmss17.pfb><c:/texlive/2019/texmf-dist/fonts/type1/public/amsfonts/cm/cmss8.pfb><c:/texlive/2019/texmf-dist/fonts/type1/public/amsfonts/cm/cmssbx10.pfb><c:/texlive/2019/texmf-dist/fonts/type1/public/amsfonts/cm/cmsy10.pfb><c:/texlive/2019/texmf-dist/fonts/type1/public/amsfonts/cm/cmsy5.pfb><c:/texlive/2019/texmf-dist/fonts/type1/public/amsfonts/cm/cmsy7.pfb><c:/texlive/2019/texmf-dist/fonts/type1/public/amsfonts/cm/cmtt10.pfb><c:/texlive/2019/texmf-dist/fonts/type1/public/amsfonts/latxfont/line10.pfb>
Output written on c:/Users/Federico/Desktop/NOTES/MECCANICA/master/master.pdf (49 pages, 2373118 bytes).
PDF statistics:
 839 PDF objects out of 1000 (max. 8388607)
 684 compressed objects within 7 object streams
 134 named destinations out of 1000 (max. 500000)
 1064 words of extra memory for PDF output out of 10000 (max. 10000000)

