This is pdfTeX, Version 3.14159265-2.6-1.40.20 (TeX Live 2019/W32TeX) (preloaded format=pdflatex 2019.10.4)  3 NOV 2019 02:06
entering extended mode
 restricted \write18 enabled.
 file:line:error style messages enabled.
 %&-line parsing enabled.
**c:/Users/Federico/Desktop/NOTES/NOTES/analisi1/notes/master/master.tex
(c:/Users/Federico/Desktop/NOTES/NOTES/analisi1/notes/master/master.tex
LaTeX2e <2018-12-01>
(c:/texlive/2019/texmf-dist/tex/latex/base/report.cls
Document Class: report 2018/09/03 v1.4i Standard LaTeX document class
(c:/texlive/2019/texmf-dist/tex/latex/base/size10.clo
File: size10.clo 2018/09/03 v1.4i Standard LaTeX file (size option)
)
\c@part=\count80
\c@chapter=\count81
\c@section=\count82
\c@subsection=\count83
\c@subsubsection=\count84
\c@paragraph=\count85
\c@subparagraph=\count86
\c@figure=\count87
\c@table=\count88
\abovecaptionskip=\skip41
\belowcaptionskip=\skip42
\bibindent=\dimen102
) (c:/Users/Federico/Desktop/NOTES/NOTES/analisi1/notes/master/../preamble/preamble.tex (c:/texlive/2019/texmf-dist/tex/latex/amsmath/amsmath.sty
Package: amsmath 2018/12/01 v2.17b AMS math features
\@mathmargin=\skip43

For additional information on amsmath, use the `?' option.
(c:/texlive/2019/texmf-dist/tex/latex/amsmath/amstext.sty
Package: amstext 2000/06/29 v2.01 AMS text
 (c:/texlive/2019/texmf-dist/tex/latex/amsmath/amsgen.sty
File: amsgen.sty 1999/11/30 v2.0 generic functions
\@emptytoks=\toks14
\ex@=\dimen103
)) (c:/texlive/2019/texmf-dist/tex/latex/amsmath/amsbsy.sty
Package: amsbsy 1999/11/29 v1.2d Bold Symbols
\pmbraise@=\dimen104
) (c:/texlive/2019/texmf-dist/tex/latex/amsmath/amsopn.sty
Package: amsopn 2016/03/08 v2.02 operator names
)
\inf@bad=\count89
LaTeX Info: Redefining \frac on input line 223.
\uproot@=\count90
\leftroot@=\count91
LaTeX Info: Redefining \overline on input line 385.
\classnum@=\count92
\DOTSCASE@=\count93
LaTeX Info: Redefining \ldots on input line 482.
LaTeX Info: Redefining \dots on input line 485.
LaTeX Info: Redefining \cdots on input line 606.
\Mathstrutbox@=\box27
\strutbox@=\box28
\big@size=\dimen105
LaTeX Font Info:    Redeclaring font encoding OML on input line 729.
LaTeX Font Info:    Redeclaring font encoding OMS on input line 730.
\macc@depth=\count94
\c@MaxMatrixCols=\count95
\dotsspace@=\muskip10
\c@parentequation=\count96
\dspbrk@lvl=\count97
\tag@help=\toks15
\row@=\count98
\column@=\count99
\maxfields@=\count100
\andhelp@=\toks16
\eqnshift@=\dimen106
\alignsep@=\dimen107
\tagshift@=\dimen108
\tagwidth@=\dimen109
\totwidth@=\dimen110
\lineht@=\dimen111
\@envbody=\toks17
\multlinegap=\skip44
\multlinetaggap=\skip45
\mathdisplay@stack=\toks18
LaTeX Info: Redefining \[ on input line 2844.
LaTeX Info: Redefining \] on input line 2845.
) (c:/texlive/2019/texmf-dist/tex/latex/amsfonts/amssymb.sty
Package: amssymb 2013/01/14 v3.01 AMS font symbols
 (c:/texlive/2019/texmf-dist/tex/latex/amsfonts/amsfonts.sty
Package: amsfonts 2013/01/14 v3.01 Basic AMSFonts support
\symAMSa=\mathgroup4
\symAMSb=\mathgroup5
LaTeX Font Info:    Overwriting math alphabet `\mathfrak' in version `bold'
(Font)                  U/euf/m/n --> U/euf/b/n on input line 106.
)) (c:/texlive/2019/texmf-dist/tex/latex/graphics/graphicx.sty
Package: graphicx 2017/06/01 v1.1a Enhanced LaTeX Graphics (DPC,SPQR)
 (c:/texlive/2019/texmf-dist/tex/latex/graphics/keyval.sty
Package: keyval 2014/10/28 v1.15 key=value parser (DPC)
\KV@toks@=\toks19
) (c:/texlive/2019/texmf-dist/tex/latex/graphics/graphics.sty
Package: graphics 2017/06/25 v1.2c Standard LaTeX Graphics (DPC,SPQR)
 (c:/texlive/2019/texmf-dist/tex/latex/graphics/trig.sty
Package: trig 2016/01/03 v1.10 sin cos tan (DPC)
) (c:/texlive/2019/texmf-dist/tex/latex/graphics-cfg/graphics.cfg
File: graphics.cfg 2016/06/04 v1.11 sample graphics configuration
)
Package graphics Info: Driver file: pdftex.def on input line 99.
 (c:/texlive/2019/texmf-dist/tex/latex/graphics-def/pdftex.def
File: pdftex.def 2018/01/08 v1.0l Graphics/color driver for pdftex
))
\Gin@req@height=\dimen112
\Gin@req@width=\dimen113
) (c:/texlive/2019/texmf-dist/tex/generic/babel/babel.sty
Package: babel 2019/09/27 3.34 The Babel package
 (c:/texlive/2019/texmf-dist/tex/generic/babel/switch.def
File: switch.def 2019/09/27 3.34 Babel switching mechanism
) (c:/texlive/2019/texmf-dist/tex/generic/babel-italian/italian.ldf
Language: italian 2019/01/05 v.1.4.01 Italian support for the babel system
 (c:/texlive/2019/texmf-dist/tex/generic/babel/babel.def
File: babel.def 2019/09/27 3.34 Babel common definitions
\babel@savecnt=\count101
\U@D=\dimen114
 (c:/texlive/2019/texmf-dist/tex/generic/babel/txtbabel.def)
\bbl@dirlevel=\count102
)
\it@lettering=\count103
\it@doublequoteactive=\count104
\it@ISOcompliance=\count105
)) (c:/texlive/2019/texmf-dist/tex/latex/etoolbox/etoolbox.sty
Package: etoolbox 2019/09/21 v2.5h e-TeX tools for LaTeX (JAW)
\etb@tempcnta=\count106
) (c:/texlive/2019/texmf-dist/tex/latex/import/import.sty
Package: import 2009/03/23  v 5.1
) (c:/texlive/2019/texmf-dist/tex/latex/xifthen/xifthen.sty
Package: xifthen 2015/11/05 v1.4.0 Extended ifthen features
 (c:/texlive/2019/texmf-dist/tex/latex/tools/calc.sty
Package: calc 2017/05/25 v4.3 Infix arithmetic (KKT,FJ)
\calc@Acount=\count107
\calc@Bcount=\count108
\calc@Adimen=\dimen115
\calc@Bdimen=\dimen116
\calc@Askip=\skip46
\calc@Bskip=\skip47
LaTeX Info: Redefining \setlength on input line 80.
LaTeX Info: Redefining \addtolength on input line 81.
\calc@Ccount=\count109
\calc@Cskip=\skip48
) (c:/texlive/2019/texmf-dist/tex/latex/base/ifthen.sty
Package: ifthen 2014/09/29 v1.1c Standard LaTeX ifthen package (DPC)
) (c:/texlive/2019/texmf-dist/tex/latex/ifmtarg/ifmtarg.sty
Package: ifmtarg 2018/04/16 v1.2b check for an empty argument
)) (c:/texlive/2019/texmf-dist/tex/latex/pdfpages/pdfpages.sty
Package: pdfpages 2019/09/21 v0.5n Insert pages of external PDF documents (AM)
 (c:/texlive/2019/texmf-dist/tex/latex/eso-pic/eso-pic.sty
Package: eso-pic 2018/04/12 v2.0h eso-pic (RN)
 (c:/texlive/2019/texmf-dist/tex/generic/oberdiek/atbegshi.sty
Package: atbegshi 2016/06/09 v1.18 At begin shipout hook (HO)
 (c:/texlive/2019/texmf-dist/tex/generic/oberdiek/infwarerr.sty
Package: infwarerr 2016/05/16 v1.4 Providing info/warning/error messages (HO)
) (c:/texlive/2019/texmf-dist/tex/generic/oberdiek/ltxcmds.sty
Package: ltxcmds 2016/05/16 v1.23 LaTeX kernel commands for general use (HO)
) (c:/texlive/2019/texmf-dist/tex/generic/oberdiek/ifpdf.sty
Package: ifpdf 2018/09/07 v3.3 Provides the ifpdf switch
)) (c:/texlive/2019/texmf-dist/tex/latex/xcolor/xcolor.sty
Package: xcolor 2016/05/11 v2.12 LaTeX color extensions (UK)
 (c:/texlive/2019/texmf-dist/tex/latex/graphics-cfg/color.cfg
File: color.cfg 2016/01/02 v1.6 sample color configuration
)
Package xcolor Info: Driver file: pdftex.def on input line 225.
Package xcolor Info: Model `cmy' substituted by `cmy0' on input line 1348.
Package xcolor Info: Model `hsb' substituted by `rgb' on input line 1352.
Package xcolor Info: Model `RGB' extended on input line 1364.
Package xcolor Info: Model `HTML' substituted by `rgb' on input line 1366.
Package xcolor Info: Model `Hsb' substituted by `hsb' on input line 1367.
Package xcolor Info: Model `tHsb' substituted by `hsb' on input line 1368.
Package xcolor Info: Model `HSB' substituted by `hsb' on input line 1369.
Package xcolor Info: Model `Gray' substituted by `gray' on input line 1370.
Package xcolor Info: Model `wave' substituted by `hsb' on input line 1371.
))
\AM@pagewidth=\dimen117
\AM@pageheight=\dimen118
 (c:/texlive/2019/texmf-dist/tex/latex/pdfpages/pppdftex.def
File: pppdftex.def 2019/09/21 v0.5n Pdfpages driver for pdfTeX (AM)
)
\AM@pagebox=\box29
\AM@global@opts=\toks20
\AM@toc@title=\toks21
\c@AM@survey=\count110
\AM@templatesizebox=\box30
) (c:/texlive/2019/texmf-dist/tex/latex/oberdiek/transparent.sty
Package: transparent 2018/11/18 v1.3 Transparency via pdfTeX's color stack (HO)
 (c:/texlive/2019/texmf-dist/tex/latex/oberdiek/auxhook.sty
Package: auxhook 2016/05/16 v1.4 Hooks for auxiliary files (HO)
)) (c:/texlive/2019/texmf-dist/tex/latex/geometry/geometry.sty
Package: geometry 2018/04/16 v5.8 Page Geometry
 (c:/texlive/2019/texmf-dist/tex/generic/oberdiek/ifvtex.sty
Package: ifvtex 2016/05/16 v1.6 Detect VTeX and its facilities (HO)
Package ifvtex Info: VTeX not detected.
) (c:/texlive/2019/texmf-dist/tex/generic/ifxetex/ifxetex.sty
Package: ifxetex 2010/09/12 v0.6 Provides ifxetex conditional
)
\Gm@cnth=\count111
\Gm@cntv=\count112
\c@Gm@tempcnt=\count113
\Gm@bindingoffset=\dimen119
\Gm@wd@mp=\dimen120
\Gm@odd@mp=\dimen121
\Gm@even@mp=\dimen122
\Gm@layoutwidth=\dimen123
\Gm@layoutheight=\dimen124
\Gm@layouthoffset=\dimen125
\Gm@layoutvoffset=\dimen126
\Gm@dimlist=\toks22
))

LaTeX Warning: Unused global option(s):
    [9pt].

(c:/Users/Federico/Desktop/NOTES/NOTES/analisi1/notes/master/master.aux)
\openout1 = `master.aux'.

LaTeX Font Info:    Checking defaults for OML/cmm/m/it on input line 3.
LaTeX Font Info:    ... okay on input line 3.
LaTeX Font Info:    Checking defaults for T1/cmr/m/n on input line 3.
LaTeX Font Info:    ... okay on input line 3.
LaTeX Font Info:    Checking defaults for OT1/cmr/m/n on input line 3.
LaTeX Font Info:    ... okay on input line 3.
LaTeX Font Info:    Checking defaults for OMS/cmsy/m/n on input line 3.
LaTeX Font Info:    ... okay on input line 3.
LaTeX Font Info:    Checking defaults for OMX/cmex/m/n on input line 3.
LaTeX Font Info:    ... okay on input line 3.
LaTeX Font Info:    Checking defaults for U/cmr/m/n on input line 3.
LaTeX Font Info:    ... okay on input line 3.
 (c:/texlive/2019/texmf-dist/tex/context/base/mkii/supp-pdf.mkii
[Loading MPS to PDF converter (version 2006.09.02).]
\scratchcounter=\count114
\scratchdimen=\dimen127
\scratchbox=\box31
\nofMPsegments=\count115
\nofMParguments=\count116
\everyMPshowfont=\toks23
\MPscratchCnt=\count117
\MPscratchDim=\dimen128
\MPnumerator=\count118
\makeMPintoPDFobject=\count119
\everyMPtoPDFconversion=\toks24
) (c:/texlive/2019/texmf-dist/tex/latex/oberdiek/epstopdf-base.sty
Package: epstopdf-base 2016/05/15 v2.6 Base part for package epstopdf
 (c:/texlive/2019/texmf-dist/tex/latex/oberdiek/grfext.sty
Package: grfext 2016/05/16 v1.2 Manage graphics extensions (HO)
 (c:/texlive/2019/texmf-dist/tex/generic/oberdiek/kvdefinekeys.sty
Package: kvdefinekeys 2016/05/16 v1.4 Define keys (HO)
)) (c:/texlive/2019/texmf-dist/tex/latex/oberdiek/kvoptions.sty
Package: kvoptions 2016/05/16 v3.12 Key value format for package options (HO)
 (c:/texlive/2019/texmf-dist/tex/generic/oberdiek/kvsetkeys.sty
Package: kvsetkeys 2016/05/16 v1.17 Key value parser (HO)
 (c:/texlive/2019/texmf-dist/tex/generic/oberdiek/etexcmds.sty
Package: etexcmds 2016/05/16 v1.6 Avoid name clashes with e-TeX commands (HO)
 (c:/texlive/2019/texmf-dist/tex/generic/oberdiek/ifluatex.sty
Package: ifluatex 2016/05/16 v1.4 Provides the ifluatex switch (HO)
Package ifluatex Info: LuaTeX not detected.
)))) (c:/texlive/2019/texmf-dist/tex/generic/oberdiek/pdftexcmds.sty
Package: pdftexcmds 2019/07/25 v0.30 Utility functions of pdfTeX for LuaTeX (HO)
Package pdftexcmds Info: LuaTeX not detected.
Package pdftexcmds Info: \pdf@primitive is available.
Package pdftexcmds Info: \pdf@ifprimitive is available.
Package pdftexcmds Info: \pdfdraftmode found.
)
Package epstopdf-base Info: Redefining graphics rule for `.eps' on input line 438.
Package grfext Info: Graphics extension search list:
(grfext)             [.pdf,.png,.jpg,.mps,.jpeg,.jbig2,.jb2,.PDF,.PNG,.JPG,.JPEG,.JBIG2,.JB2,.eps]
(grfext)             \AppendGraphicsExtensions on input line 456.
 (c:/texlive/2019/texmf-dist/tex/latex/latexconfig/epstopdf-sys.cfg
File: epstopdf-sys.cfg 2010/07/13 v1.3 Configuration of (r)epstopdf for TeX Live
))
LaTeX Info: Redefining \it@ocap on input line 3.
LaTeX Info: Redefining \it@ccap on input line 3.


File italian.ldf warning: 
italian.ldf    With OT1 encoding guillemets are poorly faked
italian.ldf    Use T1 encoding
italian.ldf    or specify a font with command \CaporaliFrom
italian.ldf    See the documentation concerning the babel-italian typesetting 
italian.ldf    on input line 3.

\AtBeginShipoutBox=\box32
(c:/texlive/2019/texmf-dist/tex/latex/oberdiek/pdflscape.sty
Package: pdflscape 2016/05/14 v0.11 Display of landscape pages in PDF (HO)
 (c:/texlive/2019/texmf-dist/tex/latex/graphics/lscape.sty
Package: lscape 2000/10/22 v3.01 Landscape Pages (DPC)
)
Package pdflscape Info: Auto-detected driver: pdftex on input line 81.
)
*geometry* driver: auto-detecting
*geometry* detected driver: pdftex
*geometry* verbose mode - [ preamble ] result:
* driver: pdftex
* paper: a4paper
* layout: <same size as paper>
* layoutoffset:(h,v)=(0.0pt,0.0pt)
* modes: 
* h-part:(L,W,R)=(99.58464pt, 423.94608pt, 73.97716pt)
* v-part:(T,H,B)=(73.97716pt, 728.39056pt, 42.67912pt)
* \paperwidth=597.50787pt
* \paperheight=845.04684pt
* \textwidth=423.94608pt
* \textheight=728.39056pt
* \oddsidemargin=27.31465pt
* \evensidemargin=27.31465pt
* \topmargin=-35.29283pt
* \headheight=12.0pt
* \headsep=25.0pt
* \topskip=10.0pt
* \footskip=30.0pt
* \marginparwidth=57.0pt
* \marginparsep=11.0pt
* \columnsep=10.0pt
* \skip\footins=9.0pt plus 4.0pt minus 2.0pt
* \hoffset=0.0pt
* \voffset=0.0pt
* \mag=1000
* \@twocolumnfalse
* \@twosidefalse
* \@mparswitchfalse
* \@reversemarginfalse
* (1in=72.27pt=25.4mm, 1cm=28.453pt)

LaTeX Font Info:    Try loading font information for U+msa on input line 4.
(c:/texlive/2019/texmf-dist/tex/latex/amsfonts/umsa.fd
File: umsa.fd 2013/01/14 v3.01 AMS symbols A
)
LaTeX Font Info:    Try loading font information for U+msb on input line 4.
 (c:/texlive/2019/texmf-dist/tex/latex/amsfonts/umsb.fd
File: umsb.fd 2013/01/14 v3.01 AMS symbols B
) [1

{c:/texlive/2019/texmf-var/fonts/map/pdftex/updmap/pdftex.map}]
LaTeX Font Info:    Try loading font information for OMS+cmss on input line 8.
LaTeX Font Info:    No file OMScmss.fd. on input line 8.


LaTeX Font Warning: Font shape `OMS/cmss/m/n' undefined
(Font)              using `OMS/cmsy/m/n' instead
(Font)              for symbol `textbullet' on input line 8.

[1] (c:/Users/Federico/Desktop/NOTES/NOTES/analisi1/notes/master/../lecture0/lecture0.tex [2]) (c:/Users/Federico/Desktop/NOTES/NOTES/analisi1/notes/master/../lecture1/lecture1.tex
Underfull \hbox (badness 10000) in paragraph at lines 6--14

 []


Underfull \hbox (badness 10000) in paragraph at lines 6--14

 []


Underfull \hbox (badness 10000) in paragraph at lines 24--29

 []


Underfull \hbox (badness 10000) in paragraph at lines 31--36

 []


Underfull \hbox (badness 10000) in paragraph at lines 60--68

 []


Underfull \hbox (badness 10000) in paragraph at lines 60--68

 []

[3]

LaTeX Warning: Command \O invalid in math mode on input line 89.


Underfull \hbox (badness 10000) in paragraph at lines 82--100

 []

[4]
Underfull \hbox (badness 10000) in paragraph at lines 141--149

 []


Underfull \hbox (badness 10000) in paragraph at lines 141--149

 []


Underfull \hbox (badness 10000) in paragraph at lines 151--157

 []


Underfull \hbox (badness 10000) in paragraph at lines 151--157

 []


LaTeX Warning: Command \O invalid in math mode on input line 158.


LaTeX Warning: Command \O invalid in math mode on input line 158.


Underfull \hbox (badness 10000) in paragraph at lines 159--163

 []


Underfull \hbox (badness 10000) in paragraph at lines 159--163

 []

[5]) (c:/Users/Federico/Desktop/NOTES/NOTES/analisi1/notes/master/../lecture2/lecture2.tex
Underfull \hbox (badness 10000) in paragraph at lines 8--13

 []


Underfull \hbox (badness 10000) in paragraph at lines 15--22

 []


Underfull \hbox (badness 10000) in paragraph at lines 24--39

 []


Underfull \hbox (badness 10000) in paragraph at lines 50--55

 []


Underfull \hbox (badness 10000) in paragraph at lines 61--86

 []


Underfull \hbox (badness 10000) in paragraph at lines 61--86

 []


Underfull \hbox (badness 10000) in paragraph at lines 61--86

 []


Underfull \hbox (badness 10000) in paragraph at lines 61--86

 []


Underfull \hbox (badness 10000) in paragraph at lines 61--86

 []

[6]
Underfull \hbox (badness 10000) in paragraph at lines 91--95

 []


Underfull \hbox (badness 10000) in paragraph at lines 97--104

 []


Underfull \hbox (badness 10000) in paragraph at lines 97--104

 []


Underfull \hbox (badness 10000) in paragraph at lines 97--104

 []


Underfull \hbox (badness 10000) in paragraph at lines 106--110

 []


Underfull \hbox (badness 10000) in paragraph at lines 115--119

 []


Underfull \hbox (badness 10000) in paragraph at lines 121--127

 []


Underfull \hbox (badness 10000) in paragraph at lines 134--139

 []


Underfull \hbox (badness 10000) in paragraph at lines 146--151

 []

[7]
Underfull \hbox (badness 10000) in paragraph at lines 156--164

 []


Underfull \hbox (badness 10000) in paragraph at lines 156--164

 []


Underfull \hbox (badness 10000) in paragraph at lines 177--181

 []


Underfull \hbox (badness 10000) in paragraph at lines 183--187

 []


Underfull \hbox (badness 10000) in paragraph at lines 189--193

 []


Underfull \hbox (badness 10000) in paragraph at lines 195--199

 []


Underfull \hbox (badness 10000) in paragraph at lines 201--207

 []


Underfull \hbox (badness 10000) in paragraph at lines 209--216

 []


Underfull \hbox (badness 10000) in paragraph at lines 209--216

 []


Underfull \hbox (badness 10000) in paragraph at lines 218--225

 []

[8]
Underfull \hbox (badness 10000) in paragraph at lines 227--230

 []


Underfull \hbox (badness 10000) in paragraph at lines 238--243

 []


Underfull \hbox (badness 10000) in paragraph at lines 245--250

 []


Underfull \hbox (badness 10000) in paragraph at lines 252--259

 []


Underfull \hbox (badness 10000) in paragraph at lines 261--268

 []


Underfull \hbox (badness 10000) in paragraph at lines 270--277

 []


Underfull \hbox (badness 10000) in paragraph at lines 279--284

 []

[9]
Underfull \hbox (badness 10000) in paragraph at lines 309--319

 []


Underfull \hbox (badness 10000) in paragraph at lines 309--319

 []


Underfull \hbox (badness 10000) in paragraph at lines 329--339

 []


Underfull \hbox (badness 10000) in paragraph at lines 329--339

 []


Underfull \hbox (badness 10000) in paragraph at lines 349--370

 []


Underfull \hbox (badness 10000) in paragraph at lines 349--370

 []


Underfull \hbox (badness 10000) in paragraph at lines 349--370

 []


Underfull \hbox (badness 10000) in paragraph at lines 349--370

 []


Underfull \hbox (badness 10000) in paragraph at lines 349--370

 []


Underfull \hbox (badness 10000) in paragraph at lines 349--370

 []


Underfull \hbox (badness 10000) in paragraph at lines 349--370

 []

[10]
Underfull \hbox (badness 10000) in paragraph at lines 372--377

 []

[11]) (c:/Users/Federico/Desktop/NOTES/NOTES/analisi1/notes/master/../lecture3/lecture3.tex
Underfull \hbox (badness 10000) in paragraph at lines 4--6

 []


Underfull \hbox (badness 10000) in paragraph at lines 17--21

 []


Underfull \hbox (badness 10000) in paragraph at lines 42--48

 []

[12]
Underfull \hbox (badness 10000) in paragraph at lines 133--139

 []


Underfull \hbox (badness 10000) in paragraph at lines 141--148

 []

[13]
Underfull \hbox (badness 10000) in paragraph at lines 188--193

 []

[14]
Underfull \hbox (badness 10000) in paragraph at lines 280--285

 []


Underfull \hbox (badness 10000) in paragraph at lines 280--285

 []


Underfull \hbox (badness 10000) in paragraph at lines 325--327

 []


Underfull \hbox (badness 10000) in paragraph at lines 343--347

 []

[15]
Underfull \hbox (badness 10000) in paragraph at lines 383--389

 []


Underfull \hbox (badness 10000) in paragraph at lines 383--389

 []

[16] [17]) (c:/Users/Federico/Desktop/NOTES/NOTES/analisi1/notes/master/../lecture4/lecture4.tex
Underfull \hbox (badness 10000) in paragraph at lines 4--8

 []


Underfull \hbox (badness 10000) in paragraph at lines 19--26

 []


Underfull \hbox (badness 10000) in paragraph at lines 39--45

 []


Underfull \hbox (badness 10000) in paragraph at lines 39--45

 []


Underfull \hbox (badness 10000) in paragraph at lines 46--49

 []


Underfull \hbox (badness 10000) in paragraph at lines 46--49

 []


Underfull \hbox (badness 10000) in paragraph at lines 60--70

 []


Underfull \hbox (badness 10000) in paragraph at lines 60--70

 []


Underfull \hbox (badness 10000) in paragraph at lines 72--79

 []


Underfull \hbox (badness 10000) in paragraph at lines 72--79

 []


Underfull \hbox (badness 10000) in paragraph at lines 72--79

 []

[18]
Underfull \hbox (badness 10000) in paragraph at lines 144--151

 []


Underfull \hbox (badness 10000) in paragraph at lines 144--151

 []


Underfull \hbox (badness 10000) in paragraph at lines 144--151

 []

[19]
Underfull \hbox (badness 10000) in paragraph at lines 213--220

 []


Underfull \hbox (badness 10000) in paragraph at lines 213--220

 []


Underfull \hbox (badness 10000) in paragraph at lines 213--220

 []

[20]
Underfull \hbox (badness 10000) in paragraph at lines 228--240

 []


Underfull \hbox (badness 10000) in paragraph at lines 228--240

 []


Underfull \hbox (badness 10000) in paragraph at lines 228--240

 []


Underfull \hbox (badness 10000) in paragraph at lines 228--240

 []


Underfull \hbox (badness 10000) in paragraph at lines 250--256

 []


Underfull \hbox (badness 10000) in paragraph at lines 250--256

 []


Underfull \hbox (badness 10000) in paragraph at lines 269--274

 []


Underfull \hbox (badness 10000) in paragraph at lines 276--284

 []

[21]
Underfull \hbox (badness 10000) in paragraph at lines 300--307

 []


Underfull \hbox (badness 10000) in paragraph at lines 309--317

 []


Underfull \hbox (badness 10000) in paragraph at lines 309--317

 []


Underfull \hbox (badness 10000) in paragraph at lines 345--349

 []

[22]) (c:/Users/Federico/Desktop/NOTES/NOTES/analisi1/notes/master/../lecture5/lecture5.tex [23]) (c:/Users/Federico/Desktop/NOTES/NOTES/analisi1/notes/master/../lecture6/lecture6.tex
Underfull \hbox (badness 10000) in paragraph at lines 10--13

 []


Underfull \hbox (badness 10000) in paragraph at lines 10--13

 []


Underfull \hbox (badness 10000) in paragraph at lines 14--19

 []


Underfull \hbox (badness 10000) in paragraph at lines 14--19

 []


Underfull \hbox (badness 10000) in paragraph at lines 31--39

 []


Underfull \hbox (badness 10000) in paragraph at lines 49--66

 []


Underfull \hbox (badness 10000) in paragraph at lines 49--66

 []

[24] [25]
Underfull \hbox (badness 10000) in paragraph at lines 145--147

 []


LaTeX Warning: Command \O invalid in math mode on input line 175.

[26] [27]) (c:/Users/Federico/Desktop/NOTES/NOTES/analisi1/notes/master/../lecture7/lecture7.tex
Underfull \hbox (badness 10000) in paragraph at lines 34--38

 []


Underfull \hbox (badness 10000) in paragraph at lines 34--38

 []


Underfull \hbox (badness 10000) in paragraph at lines 34--38

 []


Underfull \hbox (badness 10000) in paragraph at lines 39--42

 []


Underfull \hbox (badness 10000) in paragraph at lines 39--42

 []

[28]
Underfull \hbox (badness 10000) in paragraph at lines 62--87

 []


Underfull \hbox (badness 10000) in paragraph at lines 62--87

 []


Underfull \hbox (badness 10000) in paragraph at lines 62--87

 []


Underfull \hbox (badness 10000) in paragraph at lines 62--87

 []

[29]) (c:/Users/Federico/Desktop/NOTES/NOTES/analisi1/notes/master/../exercise0/exercise0.tex) (c:/Users/Federico/Desktop/NOTES/NOTES/analisi1/notes/master/../exercise1/exercise1.tex [30]
Underfull \hbox (badness 10000) in paragraph at lines 142--147

 []


Underfull \hbox (badness 10000) in paragraph at lines 149--154

 []

[31] [32]
Underfull \hbox (badness 10000) in paragraph at lines 291--298

 []


Underfull \hbox (badness 10000) in paragraph at lines 300--307

 []


Underfull \hbox (badness 10000) in paragraph at lines 300--307

 []


Underfull \hbox (badness 10000) in paragraph at lines 328--332

 []


Underfull \hbox (badness 10000) in paragraph at lines 334--338

 []


Underfull \hbox (badness 10000) in paragraph at lines 345--349

 []

[33]
Underfull \hbox (badness 10000) in paragraph at lines 403--430

 []


Underfull \hbox (badness 10000) in paragraph at lines 403--430

 []

[34]
Underfull \hbox (badness 10000) in paragraph at lines 445--450

 []

[35]) (c:/Users/Federico/Desktop/NOTES/NOTES/analisi1/notes/master/../exercise2/exercise2.tex
Underfull \hbox (badness 10000) in paragraph at lines 7--22

 []


Underfull \hbox (badness 10000) in paragraph at lines 33--38

 []


Underfull \hbox (badness 10000) in paragraph at lines 50--54

 []


Underfull \hbox (badness 10000) in paragraph at lines 63--70

 []


Underfull \hbox (badness 10000) in paragraph at lines 83--93

 []

[36]
Underfull \hbox (badness 10000) in paragraph at lines 114--119

 []


Underfull \hbox (badness 10000) in paragraph at lines 121--126

 []

[37]
Underfull \hbox (badness 10000) in paragraph at lines 244--248

 []

[38]
Underfull \hbox (badness 10000) in paragraph at lines 275--279

 []


Underfull \hbox (badness 10000) in paragraph at lines 313--321

 []


Underfull \hbox (badness 10000) in paragraph at lines 313--321

 []

[39]) (c:/Users/Federico/Desktop/NOTES/NOTES/analisi1/notes/master/../exercise3/exercise3.tex
Underfull \hbox (badness 10000) in paragraph at lines 10--12

 []


Underfull \hbox (badness 10000) in paragraph at lines 14--16

 []


Underfull \hbox (badness 10000) in paragraph at lines 76--80

 []


Underfull \hbox (badness 10000) in paragraph at lines 82--88

 []


Underfull \hbox (badness 10000) in paragraph at lines 82--88

 []

[40]
Underfull \hbox (badness 10000) in paragraph at lines 90--94

 []


Underfull \hbox (badness 10000) in paragraph at lines 100--104

 []


Underfull \hbox (badness 10000) in paragraph at lines 114--118

 []


Underfull \hbox (badness 10000) in paragraph at lines 134--138

 []


Underfull \hbox (badness 10000) in paragraph at lines 150--154

 []

[41]
Underfull \hbox (badness 10000) in paragraph at lines 156--160

 []


Underfull \hbox (badness 10000) in paragraph at lines 173--179

 []


Underfull \hbox (badness 10000) in paragraph at lines 173--179

 []


Underfull \hbox (badness 10000) in paragraph at lines 189--193

 []

[42]
Underfull \hbox (badness 10000) in paragraph at lines 235--239

 []


Underfull \hbox (badness 10000) in paragraph at lines 249--255

 []


Underfull \hbox (badness 10000) in paragraph at lines 249--255

 []


Underfull \hbox (badness 10000) in paragraph at lines 265--269

 []


Underfull \hbox (badness 10000) in paragraph at lines 278--282

 []

[43]
Underfull \hbox (badness 10000) in paragraph at lines 290--296

 []


Underfull \hbox (badness 10000) in paragraph at lines 290--296

 []


Underfull \hbox (badness 10000) in paragraph at lines 309--313

 []


Underfull \hbox (badness 10000) in paragraph at lines 322--326

 []


Underfull \hbox (badness 10000) in paragraph at lines 338--344

 []


Underfull \hbox (badness 10000) in paragraph at lines 338--344

 []

[44] [45]) (c:/Users/Federico/Desktop/NOTES/NOTES/analisi1/notes/master/../exercise4/exercise4.tex
Underfull \hbox (badness 10000) in paragraph at lines 24--30

 []


Underfull \hbox (badness 10000) in paragraph at lines 24--30

 []


Underfull \hbox (badness 10000) in paragraph at lines 45--49

 []


Underfull \hbox (badness 10000) in paragraph at lines 57--61

 []

[46]
Underfull \hbox (badness 10000) in paragraph at lines 79--84

 []


Underfull \hbox (badness 10000) in paragraph at lines 79--84

 []


Underfull \hbox (badness 10000) in paragraph at lines 79--84

 []


Underfull \hbox (badness 10000) in paragraph at lines 85--96

 []


Underfull \hbox (badness 10000) in paragraph at lines 85--96

 []


Underfull \hbox (badness 10000) in paragraph at lines 98--103

 []


Underfull \hbox (badness 10000) in paragraph at lines 98--103

 []


Underfull \hbox (badness 10000) in paragraph at lines 115--119

 []


Underfull \hbox (badness 10000) in paragraph at lines 115--119

 []


Underfull \hbox (badness 10000) in paragraph at lines 115--119

 []


Underfull \hbox (badness 10000) in paragraph at lines 120--131

 []


Underfull \hbox (badness 10000) in paragraph at lines 120--131

 []


Underfull \hbox (badness 10000) in paragraph at lines 133--138

 []


Underfull \hbox (badness 10000) in paragraph at lines 133--138

 []

[47]
Underfull \hbox (badness 10000) in paragraph at lines 160--166

 []


Underfull \hbox (badness 10000) in paragraph at lines 160--166

 []


Underfull \hbox (badness 10000) in paragraph at lines 176--182

 []


Underfull \hbox (badness 10000) in paragraph at lines 176--182

 []


Underfull \hbox (badness 10000) in paragraph at lines 196--202

 []


Underfull \hbox (badness 10000) in paragraph at lines 196--202

 []


Underfull \hbox (badness 10000) in paragraph at lines 215--221

 []


Underfull \hbox (badness 10000) in paragraph at lines 215--221

 []

[48] [49]) (c:/Users/Federico/Desktop/NOTES/NOTES/analisi1/notes/master/../exercise5/exercise5.tex
Underfull \hbox (badness 10000) in paragraph at lines 27--33

 []


Underfull \hbox (badness 10000) in paragraph at lines 27--33

 []


Underfull \hbox (badness 10000) in paragraph at lines 62--68

 []


Underfull \hbox (badness 10000) in paragraph at lines 62--68

 []


Underfull \hbox (badness 10000) in paragraph at lines 87--93

 []


Underfull \hbox (badness 10000) in paragraph at lines 87--93

 []

[50]
Underfull \hbox (badness 10000) in paragraph at lines 102--116

 []


Underfull \hbox (badness 10000) in paragraph at lines 102--116

 []


Underfull \hbox (badness 10000) in paragraph at lines 102--116

 []


Underfull \hbox (badness 10000) in paragraph at lines 135--141

 []


Underfull \hbox (badness 10000) in paragraph at lines 135--141

 []


Underfull \hbox (badness 10000) in paragraph at lines 174--179

 []


Underfull \hbox (badness 10000) in paragraph at lines 174--179

 []

[51]
Underfull \hbox (badness 10000) in paragraph at lines 181--187

 []


Underfull \hbox (badness 10000) in paragraph at lines 181--187

 []


Underfull \hbox (badness 10000) in paragraph at lines 203--209

 []


Underfull \hbox (badness 10000) in paragraph at lines 203--209

 []


Underfull \hbox (badness 10000) in paragraph at lines 217--223

 []


Underfull \hbox (badness 10000) in paragraph at lines 217--223

 []


Underfull \hbox (badness 10000) in paragraph at lines 238--244

 []


Underfull \hbox (badness 10000) in paragraph at lines 238--244

 []


Underfull \hbox (badness 10000) in paragraph at lines 238--244

 []

[52]
Underfull \hbox (badness 10000) in paragraph at lines 286--289

 []

[53]
Underfull \hbox (badness 10000) in paragraph at lines 331--343

 []


Underfull \hbox (badness 10000) in paragraph at lines 331--343

 []

[54]
Underfull \hbox (badness 10000) in paragraph at lines 413--421

 []


Underfull \hbox (badness 10000) in paragraph at lines 413--421

 []


Underfull \hbox (badness 10000) in paragraph at lines 436--444

 []


Underfull \hbox (badness 10000) in paragraph at lines 436--444

 []


Underfull \hbox (badness 10000) in paragraph at lines 459--465

 []


Underfull \hbox (badness 10000) in paragraph at lines 459--465

 []

[55]

c:/Users/Federico/Desktop/NOTES/NOTES/analisi1/notes/master/../exercise5/exercise5.tex:493: Package inputenc Error: Unicode character ∞ (U+221E)
(inputenc)                not set up for use with LaTeX.

See the inputenc package documentation for explanation.
Type  H <return>  for immediate help.
 ...                                              
                                                  
l.493     lim (n -> ∞
                       ) (tg((log(cos((n^2+2)^(1/2)-n)))^(1/3)))/((n-(n-1)^(...
You may provide a definition with
\DeclareUnicodeCharacter 

c:/Users/Federico/Desktop/NOTES/NOTES/analisi1/notes/master/../exercise5/exercise5.tex:493: Missing $ inserted.
<inserted text> 
                $
l.493     lim (n -> ∞) (tg((log(cos((n^
                                         2+2)^(1/2)-n)))^(1/3)))/((n-(n-1)^(...
I've inserted a begin-math/end-math symbol since I think
you left one out. Proceed, with fingers crossed.


c:/Users/Federico/Desktop/NOTES/NOTES/analisi1/notes/master/../exercise5/exercise5.tex:493: Package inputenc Error: Unicode character α (U+03B1)
(inputenc)                not set up for use with LaTeX.

See the inputenc package documentation for explanation.
Type  H <return>  for immediate help.
 ...                                              
                                                  
l.493 ...)^(1/2)-n)))^(1/3)))/((n-(n-1)^(1/2))^(α
                                                  )[cos(log(sin((nπ+2)/(π+...
You may provide a definition with
\DeclareUnicodeCharacter 


c:/Users/Federico/Desktop/NOTES/NOTES/analisi1/notes/master/../exercise5/exercise5.tex:493: Package inputenc Error: Unicode character π (U+03C0)
(inputenc)                not set up for use with LaTeX.

See the inputenc package documentation for explanation.
Type  H <return>  for immediate help.
 ...                                              
                                                  
l.493 ...))/((n-(n-1)^(1/2))^(α)[cos(log(sin((nπ
                                                  +2)/(π+2n))))-1])
You may provide a definition with
\DeclareUnicodeCharacter 


c:/Users/Federico/Desktop/NOTES/NOTES/analisi1/notes/master/../exercise5/exercise5.tex:493: Package inputenc Error: Unicode character π (U+03C0)
(inputenc)                not set up for use with LaTeX.

See the inputenc package documentation for explanation.
Type  H <return>  for immediate help.
 ...                                              
                                                  
l.493 ...(n-1)^(1/2))^(α)[cos(log(sin((nπ+2)/(π
                                                  +2n))))-1])
You may provide a definition with
\DeclareUnicodeCharacter 

c:/Users/Federico/Desktop/NOTES/NOTES/analisi1/notes/master/../exercise5/exercise5.tex:494: Missing $ inserted.
<inserted text> 
                $
l.494 
      
I've inserted a begin-math/end-math symbol since I think
you left one out. Proceed, with fingers crossed.


Overfull \hbox (1.03957pt too wide) in paragraph at lines 492--494
\OT1/cmss/m/n/10 lim (n -> ) (tg((log(cos((n$[] \OT1/cmr/m/n/10 + 2)[]1\OML/cmm/m/it/10 =\OT1/cmr/m/n/10 2) \OMS/cmss/m/n/10 ^^@ \OML/cmm/m/it/10 n\OT1/cmr/m/n/10 )))[]1\OML/cmm/m/it/10 =\OT1/cmr/m/n/10 3)))\OML/cmm/m/it/10 =\OT1/cmr/m/n/10 ((\OML/cmm/m/it/10 n \OMS/cmss/m/n/10 ^^@ \OT1/cmr/m/n/10 (\OML/cmm/m/it/10 n \OMS/cmss/m/n/10 ^^@ \OT1/cmr/m/n/10 1)[]1\OML/cmm/m/it/10 =\OT1/cmr/m/n/10 2))[])[\OML/cmm/m/it/10 cos\OT1/cmr/m/n/10 (\OML/cmm/m/it/10 log\OT1/cmr/m/n/10 (\OML/cmm/m/it/10 sin\OT1/cmr/m/n/10 ((\OML/cmm/m/it/10 n \OT1/cmr/m/n/10 + 2)\OML/cmm/m/it/10 =\OT1/cmr/m/n/10 (+2\OML/cmm/m/it/10 n\OT1/cmr/m/n/10 )))) \OMS/cmss/m/n/10 ^^@
 []

c:/Users/Federico/Desktop/NOTES/NOTES/analisi1/notes/master/../exercise5/exercise5.tex:495: Missing $ inserted.
<inserted text> 
                $
l.495     y=(tg((log(cos((x^
                            2+2)^(1/2)-x)))^(1/3)))/((x-(x-1)^(1/2))[cos(log...
I've inserted a begin-math/end-math symbol since I think
you left one out. Proceed, with fingers crossed.


c:/Users/Federico/Desktop/NOTES/NOTES/analisi1/notes/master/../exercise5/exercise5.tex:495: Package inputenc Error: Unicode character π (U+03C0)
(inputenc)                not set up for use with LaTeX.

See the inputenc package documentation for explanation.
Type  H <return>  for immediate help.
 ...                                              
                                                  
l.495 ...(1/3)))/((x-(x-1)^(1/2))[cos(log(sin((xπ
                                                  +2)/(π+2x))))-1])
You may provide a definition with
\DeclareUnicodeCharacter 


c:/Users/Federico/Desktop/NOTES/NOTES/analisi1/notes/master/../exercise5/exercise5.tex:495: Package inputenc Error: Unicode character π (U+03C0)
(inputenc)                not set up for use with LaTeX.

See the inputenc package documentation for explanation.
Type  H <return>  for immediate help.
 ...                                              
                                                  
l.495 .../((x-(x-1)^(1/2))[cos(log(sin((xπ+2)/(π
                                                  +2x))))-1])
You may provide a definition with
\DeclareUnicodeCharacter 

c:/Users/Federico/Desktop/NOTES/NOTES/analisi1/notes/master/../exercise5/exercise5.tex:496: Missing $ inserted.
<inserted text> 
                $
l.496 \newpage
              
I've inserted a begin-math/end-math symbol since I think
you left one out. Proceed, with fingers crossed.

[56]) (c:/Users/Federico/Desktop/NOTES/NOTES/analisi1/notes/master/../exercise6/exercise6.tex
Underfull \hbox (badness 10000) in paragraph at lines 13--14

 []


Underfull \hbox (badness 10000) in paragraph at lines 50--57

 []


Underfull \hbox (badness 10000) in paragraph at lines 50--57

 []


Underfull \hbox (badness 10000) in paragraph at lines 50--57

 []

[57]
Underfull \hbox (badness 10000) in paragraph at lines 94--101

 []


Underfull \hbox (badness 10000) in paragraph at lines 94--101

 []


Underfull \hbox (badness 10000) in paragraph at lines 94--101

 []


Underfull \hbox (badness 10000) in paragraph at lines 112--114

 []


Underfull \hbox (badness 10000) in paragraph at lines 127--134

 []


Underfull \hbox (badness 10000) in paragraph at lines 127--134

 []


Underfull \hbox (badness 10000) in paragraph at lines 127--134

 []

[58]
Underfull \hbox (badness 10000) in paragraph at lines 136--143

 []


Underfull \hbox (badness 10000) in paragraph at lines 136--143

 []


Underfull \hbox (badness 10000) in paragraph at lines 136--143

 []


Underfull \hbox (badness 10000) in paragraph at lines 145--151

 []


Underfull \hbox (badness 10000) in paragraph at lines 145--151

 []


Underfull \hbox (badness 10000) in paragraph at lines 145--151

 []


Underfull \hbox (badness 10000) in paragraph at lines 170--175

 []


Underfull \hbox (badness 10000) in paragraph at lines 177--182

 []


Underfull \hbox (badness 10000) in paragraph at lines 177--182

 []

[59]
Underfull \hbox (badness 10000) in paragraph at lines 219--224

 []


Underfull \hbox (badness 10000) in paragraph at lines 219--224

 []


Underfull \hbox (badness 10000) in paragraph at lines 226--229

 []


Underfull \hbox (badness 10000) in paragraph at lines 250--256

 []


Underfull \hbox (badness 10000) in paragraph at lines 250--256

 []


Underfull \hbox (badness 10000) in paragraph at lines 250--256

 []

[60] [61]) (c:/Users/Federico/Desktop/NOTES/NOTES/analisi1/notes/master/master.aux)

LaTeX Font Warning: Some font shapes were not available, defaults substituted.

 ) 
Here is how much of TeX's memory you used:
 5285 strings out of 492609
 75110 string characters out of 6132818
 173684 words of memory out of 5000000
 9009 multiletter control sequences out of 15000+600000
 12091 words of font info for 47 fonts, out of 8000000 for 9000
 1141 hyphenation exceptions out of 8191
 41i,11n,39p,883b,197s stack positions out of 5000i,500n,10000p,200000b,80000s
<c:/texlive/2019/texmf-dist/fonts/type1/public/amsfonts/cm/cmex10.pfb><c:/texlive/2019/texmf-dist/fonts/type1/public/amsfonts/cm/cmmi10.pfb><c:/texlive/2019/texmf-dist/fonts/type1/public/amsfonts/cm/cmmi5.pfb><c:/texlive/2019/texmf-dist/fonts/type1/public/amsfonts/cm/cmmi7.pfb><c:/texlive/2019/texmf-dist/fonts/type1/public/amsfonts/cm/cmr10.pfb><c:/texlive/2019/texmf-dist/fonts/type1/public/amsfonts/cm/cmr5.pfb><c:/texlive/2019/texmf-dist/fonts/type1/public/amsfonts/cm/cmr7.pfb><c:/texlive/2019/texmf-dist/fonts/type1/public/amsfonts/cm/cmss10.pfb><c:/texlive/2019/texmf-dist/fonts/type1/public/amsfonts/cm/cmss12.pfb><c:/texlive/2019/texmf-dist/fonts/type1/public/amsfonts/cm/cmss17.pfb><c:/texlive/2019/texmf-dist/fonts/type1/public/amsfonts/cm/cmssbx10.pfb><c:/texlive/2019/texmf-dist/fonts/type1/public/amsfonts/cm/cmsy10.pfb><c:/texlive/2019/texmf-dist/fonts/type1/public/amsfonts/cm/cmsy5.pfb><c:/texlive/2019/texmf-dist/fonts/type1/public/amsfonts/cm/cmsy7.pfb><c:/texlive/2019/texmf-dist/fonts/type1/public/amsfonts/symbols/msbm10.pfb>
Output written on c:/Users/Federico/Desktop/NOTES/NOTES/analisi1/notes/master/master.pdf (62 pages, 327175 bytes).
PDF statistics:
 265 PDF objects out of 1000 (max. 8388607)
 184 compressed objects within 2 object streams
 0 named destinations out of 1000 (max. 500000)
 1 words of extra memory for PDF output out of 10000 (max. 10000000)

